[2021/8/12 - 7:39:41] Duck Emcee da ban thanh cong 500 Ruby voi gia 23000
[2021/8/12 - 11:35:31] nghia pham da ban thanh cong 27 Sat voi gia 216
[2021/8/12 - 11:35:40] nghia pham da ban thanh cong 127 Ruby voi gia 4699
[2021/8/12 - 14:40:23] Duck Emcee da ban thanh cong 4 Vang voi gia 11800
[2021/8/12 - 14:40:45] Duck Emcee da ban thanh cong 283 Ruby voi gia 13301
[2021/8/12 - 16:29:17] Duck Emcee da ban thanh cong 1 Vang voi gia 2905
[2021/8/12 - 16:44:20] nghia pham da ban thanh cong 54 Sat voi gia 432
[2021/8/12 - 16:44:24] nghia pham da ban thanh cong 1 Vang voi gia 2905
[2021/8/12 - 16:44:29] nghia pham da ban thanh cong 23 Ruby voi gia 437
[2021/8/12 - 20:53:54] viet kieu da ban thanh cong 14 Sat voi gia 98
[2021/8/12 - 21:48:02] nghia pham da ban thanh cong 96 Ruby voi gia 3264
[2021/8/12 - 21:48:14] nghia pham da ban thanh cong 264 Sat voi gia 792
[2021/8/13 - 0:19:57] Duck Emcee da ban thanh cong 108 Ruby voi gia 5292
[2021/8/13 - 0:20:14] Duck Emcee da ban thanh cong 300 Ruby voi gia 14700
[2021/8/12 - 21:55:28] Duck Emcee da ban thanh cong 2500 Sat voi gia 22500
[2021/8/12 - 22:43:22] Duck Emcee da ban thanh cong 487 Sat voi gia 4383
[2021/8/13 - 4:47:59] Duck Emcee da ban thanh cong 4 Vang voi gia 11072
[2021/8/13 - 5:30:38] nghia pham da ban thanh cong 683 Sat voi gia 2732
[2021/8/13 - 5:30:50] nghia pham da ban thanh cong 278 Ruby voi gia 6394
[2021/8/13 - 7:38:17] nghia pham da ban thanh cong 18 Vang voi gia 50256
[2021/8/15 - 20:57:59] nghia pham da ban thanh cong 7499 Sat voi gia 29996
[2021/8/15 - 20:58:07] nghia pham da ban thanh cong 2282 Ruby voi gia 84434
[2021/8/15 - 21:19:54] nghia pham da ban thanh cong 14 Ruby voi gia 686
[2021/8/15 - 21:20:04] nghia pham da ban thanh cong 55 Vang voi gia 162800
[2021/8/15 - 21:20:19] nghia pham da ban thanh cong 51 Sat voi gia 204
[2021/8/15 - 22:20:19] nghia pham da ban thanh cong 59 Sat voi gia 472
[2021/8/15 - 22:20:22] nghia pham da ban thanh cong 23 Ruby voi gia 598
[2021/8/16 - 13:24:41] nghia pham da ban thanh cong 2 Vang voi gia 5666
[2021/8/16 - 15:58:08] Duck Emcee da ban thanh cong 1000 Sat voi gia 8000
[2021/8/17 - 12:47:43] nghia pham da ban thanh cong 1257 Ruby voi gia 60336
[2021/8/17 - 15:14:23] nghia pham da ban thanh cong 35 Vang voi gia 91770
[2021/8/17 - 15:14:37] nghia pham da ban thanh cong 3 Kim cuong voi gia 59034
[2021/8/17 - 16:14:49] nghia pham da ban thanh cong 77 Ruby voi gia 3542
[2021/8/17 - 20:50:51] nghia pham da ban thanh cong 12 Vang voi gia 35268
[2021/8/17 - 21:04:55] Duck Emcee da ban thanh cong 39 Vang voi gia 114621
[2021/8/17 - 21:05:31] Duck Emcee da ban thanh cong 5000 Sat voi gia 40000
[2021/8/18 - 0:15:29] nghia pham da ban thanh cong 5 Vang voi gia 14490
[2021/8/18 - 0:54:12] Duck Emcee da ban thanh cong 7 Vang voi gia 20286
[2021/8/18 - 14:21:28] Duck Emcee da ban thanh cong 1 Kim cuong voi gia 19684
[2021/8/18 - 15:59:29] Zuu Zuu da ban thanh cong 30 Ruby voi gia 720
[2021/8/18 - 15:59:34] Zuu Zuu da ban thanh cong 83 Sat voi gia 664
[2021/8/18 - 16:29:13] nghia pham da ban thanh cong 8117 Sat voi gia 73053
[2021/8/18 - 16:36:05] nghia pham da ban thanh cong 500 Sat voi gia 4500
[2021/8/18 - 16:36:12] nghia pham da ban thanh cong 70 Sat voi gia 630
[2021/8/18 - 17:18:08] Zuu Zuu da ban thanh cong 382 Sat voi gia 3438
[2021/8/18 - 17:18:18] Zuu Zuu da ban thanh cong 127 Ruby voi gia 3556
[2021/8/18 - 17:18:21] Zuu Zuu da ban thanh cong 4 Vang voi gia 7100
[2021/8/18 - 17:30:20] nghia pham da ban thanh cong 1616 Ruby voi gia 77568
[2021/8/18 - 17:30:34] nghia pham da ban thanh cong 18 Vang voi gia 52668
[2021/8/18 - 17:30:39] nghia pham da ban thanh cong 1 Vang voi gia 2926
[2021/8/18 - 17:34:32] nghia pham da ban thanh cong 3 Vang voi gia 8778
[2021/8/18 - 17:34:42] nghia pham da ban thanh cong 96 Ruby voi gia 4608
[2021/8/18 - 23:19:37] yangho the sun da ban thanh cong 1 Kim cuong voi gia 19516
[2021/8/19 - 2:17:22] Duck Emcee da ban thanh cong 3400 Ruby voi gia 166600
[2021/8/19 - 2:20:01] yangho the sun da ban thanh cong 450 Ruby voi gia 22050
[2021/8/19 - 2:20:22] yangho the sun da ban thanh cong 100 Ruby voi gia 4900
[2021/8/19 - 2:25:30] Duck Emcee da ban thanh cong 115 Ruby voi gia 5635
[2021/8/19 - 14:30:28] Duck Emcee da ban thanh cong 5800 Sat voi gia 52200
[2021/8/19 - 14:56:32] yangho the sun da ban thanh cong 3900 Sat voi gia 35100
[2021/8/19 - 15:48:45] nghia pham da ban thanh cong 20 Vang voi gia 53520
[2021/8/19 - 17:35:29] nghia pham da ban thanh cong 1 Kim cuong voi gia 19324
[2021/8/19 - 17:36:27] nghia pham da ban thanh cong 3999 Sat voi gia 31992
[2021/8/19 - 19:04:01] yangho the sun da ban thanh cong 30 Vang voi gia 89910
[2021/8/19 - 19:08:26] nghia pham da ban thanh cong 6 Vang voi gia 17982
[2021/8/19 - 19:10:24] Duck Emcee da ban thanh cong 49 Vang voi gia 146853
[2021/8/19 - 20:01:26] Duck Emcee da ban thanh cong 542 Sat voi gia 4878
[2021/8/19 - 20:01:29] nghia pham da ban thanh cong 1049 Sat voi gia 9441
[2021/8/19 - 20:01:52] yangho the sun da ban thanh cong 440 Sat voi gia 3960
[2021/8/19 - 23:31:41] nghia pham da ban thanh cong 1035 Sat voi gia 9315
[2021/8/20 - 11:42:41] nghia pham da ban thanh cong 2159 Ruby voi gia 101473
[2021/8/20 - 11:42:47] nghia pham da ban thanh cong 6 Vang voi gia 17802
[2021/8/20 - 11:48:50] nghia pham da ban thanh cong 4 Vang voi gia 11868
[2021/8/20 - 11:48:58] nghia pham da ban thanh cong 70 Ruby voi gia 3290
[2021/8/20 - 14:21:51] Zuu Zuu da ban thanh cong 1761 Sat voi gia 15849
[2021/8/20 - 14:22:00] Zuu Zuu da ban thanh cong 9 Vang voi gia 26064
[2021/8/20 - 14:22:33] nghia pham da ban thanh cong 380 Sat voi gia 3420
[2021/8/20 - 16:42:04] nghia pham da ban thanh cong 1 Kim cuong voi gia 19597
[2021/8/20 - 18:03:59] nghia pham da ban thanh cong 1689 Sat voi gia 15201
[2021/8/21 - 4:04:12] Duck Emcee da ban thanh cong 3 Kim cuong voi gia 59595
[2021/8/21 - 16:09:04] nghia pham da ban thanh cong 2 Kim cuong voi gia 36942
[2021/8/21 - 16:09:11] nghia pham da ban thanh cong 1716 Ruby voi gia 73788
[2021/8/21 - 16:13:26] nghia pham da ban thanh cong 40 Vang voi gia 88360
[2021/8/21 - 16:13:35] nghia pham da ban thanh cong 3171 Sat voi gia 15855
[2021/8/21 - 16:42:32] nghia pham da ban thanh cong 119 Sat voi gia 714
[2021/8/21 - 16:42:35] nghia pham da ban thanh cong 2 Vang voi gia 4270
[2021/8/21 - 16:42:43] nghia pham da ban thanh cong 40 Ruby voi gia 1640
[2021/8/21 - 23:43:43] Bisp thanhlich da ban thanh cong 20 Sat voi gia 60
[2021/8/21 - 23:43:50] Josh Barro da ban thanh cong 17 Sat voi gia 51
[2021/8/21 - 23:43:59] Bisp thanhlich da ban thanh cong 9 Ruby voi gia 225
[2021/8/21 - 23:44:04] Josh Barro da ban thanh cong 6 Ruby voi gia 150
[2021/8/21 - 23:44:15] Bisp thanhlich da ban thanh cong 1 Vang voi gia 2876
[2021/8/21 - 23:46:52] Phong GoodBoy da ban thanh cong 25 Ruby voi gia 625
[2021/8/21 - 23:46:59] Phong GoodBoy da ban thanh cong 70 Sat voi gia 210
[2021/8/22 - 5:43:53] Phuocc Nhat da ban thanh cong 1 Ruby voi gia 28
[2021/8/22 - 6:00:54] Phuocc Nhat da ban thanh cong 15 Ruby voi gia 420
[2021/8/22 - 6:01:02] Phuocc Nhat da ban thanh cong 4 Vang voi gia 2540
[2021/8/22 - 6:34:52] Phuocc Nhat da ban thanh cong 42 Ruby voi gia 798
[2021/8/22 - 6:34:56] Phuocc Nhat da ban thanh cong 2 Vang voi gia 2576
[2021/8/22 - 9:06:16] Vu Hieu da ban thanh cong 33 Ruby voi gia 495
[2021/8/22 - 9:06:23] Vu Hieu da ban thanh cong 3 Vang voi gia 2397
[2021/8/22 - 18:06:40] Phong GoodBoy da ban thanh cong 3 Vang voi gia 5952
[2021/8/23 - 1:20:16] Phong GoodBoy da ban thanh cong 235 Ruby voi gia 6110
[2021/8/23 - 13:39:35] Black Panther da ban thanh cong 1 Kim cuong voi gia 11949
[2021/8/23 - 13:40:10] Black Panther da ban thanh cong 66 Ruby voi gia 528
[2021/8/23 - 16:49:40] Hoang Anhhh da ban thanh cong 1 Vang voi gia 1603
[2021/8/23 - 16:49:45] Hoang Anhhh da ban thanh cong 13 Ruby voi gia 234
[2021/8/23 - 17:48:03] nghia pham da ban thanh cong 14 Vang voi gia 26460
[2021/8/23 - 17:48:12] nghia pham da ban thanh cong 464 Ruby voi gia 12528
[2021/8/23 - 22:48:21] Anh Khoa da ban thanh cong 2 Ruby voi gia 48
[2021/8/23 - 22:52:06] Lightz Bringer da ban thanh cong 13 Ruby voi gia 312
[2021/8/23 - 22:52:10] Lightz Bringer da ban thanh cong 1 Vang voi gia 766
[2021/8/23 - 22:59:49] nghia pham da ban thanh cong 208 Ruby voi gia 4992
[2021/8/23 - 23:45:26] Con Pun da ban thanh cong 3 Ruby voi gia 51
[2021/8/23 - 23:45:30] Con Pun da ban thanh cong 1 Vang voi gia 1147
[2021/8/24 - 0:23:36] Con Pun da ban thanh cong 37 Ruby voi gia 185
[2021/8/24 - 0:23:40] Con Pun da ban thanh cong 4 Vang voi gia 6560
[2021/8/24 - 1:35:47] Toc Soi da ban thanh cong 8 Vang voi gia 15752
[2021/8/24 - 2:06:13] Lee Tae Yong da ban thanh cong 2 Ruby voi gia 28
[2021/8/24 - 10:51:17] Huu Tung da ban thanh cong 3 Vang voi gia 5760
[2021/8/24 - 10:51:30] Huu Tung da ban thanh cong 68 Ruby voi gia 612
[2021/8/24 - 11:10:59] Black Panther da ban thanh cong 4 Vang voi gia 7680
[2021/8/24 - 11:34:54] Josh Barro da ban thanh cong 24 Ruby voi gia 216
[2021/8/24 - 11:35:01] Josh Barro da ban thanh cong 3 Vang voi gia 5760
[2021/8/24 - 11:43:29] Bich Kay da ban thanh cong 109 Ruby voi gia 2289
[2021/8/24 - 12:11:05] Cosa nostra da ban thanh cong 15 Ruby voi gia 315
[2021/8/24 - 18:47:30] Phong GoodBoy da ban thanh cong 32 Ruby voi gia 928
[2021/8/24 - 20:43:00] Kendrick Lamar da ban thanh cong 1 Vang voi gia 1315
[2021/8/24 - 20:43:06] Kendrick Lamar da ban thanh cong 28 Ruby voi gia 280
[2021/8/24 - 22:14:46] Hieu dtrai da ban thanh cong 2 Ruby voi gia 52
[2021/8/24 - 22:25:16] Huu Tung da ban thanh cong 5 Ruby voi gia 130
[2021/8/24 - 22:25:21] Huu Tung da ban thanh cong 1 Vang voi gia 824
[2021/8/25 - 19:44:21] Huu Tung da ban thanh cong 50 Ruby voi gia 1100
[2021/8/25 - 20:59:54] Chu Ling da ban thanh cong 1 Ruby voi gia 26
[2021/8/26 - 0:21:04] zuu zuu da ban thanh cong 2 Vang voi gia 2422
[2021/8/26 - 11:34:27] Mega eces da ban thanh cong 1 Vang voi gia 1749
[2021/8/26 - 11:34:41] Mega eces da ban thanh cong 17 Ruby voi gia 323
[2021/8/26 - 11:34:48] Mega eces da ban thanh cong 2 Vang voi gia 3498
[2021/8/26 - 16:08:47] Phong GoodBoy da ban thanh cong 349 Ruby voi gia 9772
[2021/8/26 - 16:09:04] Phong GoodBoy da ban thanh cong 12 Vang voi gia 23328
[2021/8/26 - 16:46:07] Duck Emcee da ban thanh cong 100 Ruby voi gia 2800
[2021/8/27 - 0:39:17] Duck Emcee da ban thanh cong 138 Ruby voi gia 4002
[2021/8/27 - 0:45:39] Toc Soi da ban thanh cong 300 Ruby voi gia 8700
[2021/8/28 - 1:16:57] Duck Emcee da ban thanh cong 2 Vang voi gia 3766
[2021/8/29 - 13:33:19] Phong GoodBoy da ban thanh cong 909 Ruby voi gia 26361
[2021/8/29 - 13:35:27] Phong GoodBoy da ban thanh cong 22 Vang voi gia 41976
[2021/8/29 - 15:23:34] Lionel Khem da ban thanh cong 17 Ruby voi gia 204
[2021/8/29 - 18:43:32] Phong GoodBoy da ban thanh cong 13 Vang voi gia 24960
[2021/8/29 - 19:56:09] Phong GoodBoy da ban thanh cong 1 Vang voi gia 1984
[2021/8/29 - 22:55:19] Phong GoodBoy da ban thanh cong 399 Ruby voi gia 11571
[2021/8/30 - 10:13:44] Lionel Khem da ban thanh cong 1 Vang voi gia 1219
[2021/8/30 - 10:13:50] Lionel Khem da ban thanh cong 15 Ruby voi gia 195
[2021/8/30 - 10:14:06] Sir Xuf da ban thanh cong 23 Ruby voi gia 299
[2021/8/30 - 10:14:18] Sir Xuf da ban thanh cong 1 Vang voi gia 1219
[2021/8/30 - 15:25:26] Duck Emcee da ban thanh cong 6 Vang voi gia 10842
[2021/9/1 - 7:01:01] Phong GoodBoy da ban thanh cong 21 Vang voi gia 41832
[2021/9/1 - 7:04:14] Lionel Khem da ban thanh cong 12 Ruby voi gia 288
[2021/12/23 - 10:19:37] Simp lord da ban thanh cong 2 Ruby voi gia 30
[2021/12/26 - 14:47:58] Brian Walker da ban thanh cong 7 Ruby voi gia 91
[2021/12/26 - 14:48:04] Brian Walker da ban thanh cong 1 Vang voi gia 1600
[2021/12/26 - 22:22:52] An SoSad da ban thanh cong 2 Ruby voi gia 22
[2021/12/27 - 12:02:16] An SoSad da ban thanh cong 40 Ruby voi gia 960
[2021/12/27 - 12:02:23] An SoSad da ban thanh cong 1 Vang voi gia 1126
[2021/12/27 - 13:11:58] bao hue da ban thanh cong 12 Ruby voi gia 192
[2021/12/27 - 13:12:05] bao hue da ban thanh cong 4 Ruby voi gia 64
[2021/12/27 - 13:31:12] Thanh pes da ban thanh cong 22 Ruby voi gia 220
[2021/12/27 - 14:35:48] Luong Dang da ban thanh cong 41 Ruby voi gia 902
[2021/12/27 - 14:35:55] Luong Dang da ban thanh cong 2 Vang voi gia 2006
[2021/12/27 - 16:28:09] bao hue da ban thanh cong 12 Ruby voi gia 228
[2021/12/27 - 16:28:16] bao hue da ban thanh cong 1 Ruby voi gia 19
[2021/12/27 - 16:32:27] Rick Williams da ban thanh cong 47 Ruby voi gia 893
[2021/12/27 - 16:44:46] Rick Williams da ban thanh cong 50 Ruby voi gia 950
[2021/12/27 - 17:46:05] An SoSad da ban thanh cong 6 Ruby voi gia 60
[2021/12/27 - 20:26:53] dinh khoi da ban thanh cong 1 Vang voi gia 1244
[2021/12/27 - 20:55:35] bao hue da ban thanh cong 33 Ruby voi gia 660
[2021/12/27 - 20:56:02] An SoSad da ban thanh cong 2 Ruby voi gia 40
[2021/12/27 - 20:56:16] An SoSad da ban thanh cong 1 Vang voi gia 869
[2021/12/28 - 0:13:56] An SoSad da ban thanh cong 27 Ruby voi gia 432
[2021/12/28 - 0:14:05] bao hue da ban thanh cong 5 Vang voi gia 7615
[2021/12/28 - 0:29:41] Ngoc Tham da ban thanh cong 19 Ruby voi gia 304
[2021/12/28 - 1:55:32] bao hue da ban thanh cong 7 Vang voi gia 13503
[2021/12/28 - 1:55:32] An SoSad da ban thanh cong 2 Vang voi gia 3858
[2021/12/28 - 1:55:39] An SoSad da ban thanh cong 33 Ruby voi gia 561
[2021/12/28 - 8:38:37] dinh khoi da ban thanh cong 4 Vang voi gia 2952
[2021/12/28 - 8:38:43] dinh khoi da ban thanh cong 125 Ruby voi gia 2875
[2021/12/28 - 9:25:39] dinh khoi da ban thanh cong 29 Ruby voi gia 667
[2021/12/28 - 11:31:52] Dao Kha Duc da ban thanh cong 6 Ruby voi gia 144
[2021/12/28 - 11:42:40] dinh khoi da ban thanh cong 2 Vang voi gia 2642
[2021/12/28 - 11:42:46] dinh khoi da ban thanh cong 46 Ruby voi gia 1012
[2021/12/28 - 11:52:09] An SoSad da ban thanh cong 13 Ruby voi gia 286
[2021/12/28 - 13:04:15] dinh khoi da ban thanh cong 39 Ruby voi gia 390
[2021/12/28 - 13:22:19] Mafia Hieu da ban thanh cong 15 Ruby voi gia 150
[2021/12/29 - 12:46:27] dinh khoi da ban thanh cong 1 Vang voi gia 1208
[2021/12/29 - 13:48:37] Merci Mercury da ban thanh cong 3 Ruby voi gia 51
[2021/12/29 - 13:49:08] Nguyen Khoipk da ban thanh cong 18 Ruby voi gia 306
[2021/12/29 - 14:52:38] dinh khoi da ban thanh cong 1 Vang voi gia 1159
[2021/12/29 - 14:52:42] dinh khoi da ban thanh cong 1 Kim cuong voi gia 13455
[2021/12/29 - 14:52:51] dinh khoi da ban thanh cong 167 Ruby voi gia 4342
[2021/12/29 - 15:54:07] Nguyen Khoipk da ban thanh cong 3 Vang voi gia 3624
[2021/12/29 - 21:46:09] An SoSad da ban thanh cong 28 Ruby voi gia 644
[2021/12/30 - 1:50:14] Nhan Dz da ban thanh cong 15 Ruby voi gia 90
[2021/12/30 - 8:08:22] Ngoc Tham da ban thanh cong 1 Kim cuong voi gia 12713
[2021/12/30 - 8:08:31] Ngoc Tham da ban thanh cong 1 Vang voi gia 1301
[2021/12/30 - 10:05:23] dinh khoi da ban thanh cong 9 Vang voi gia 13824
[2021/12/30 - 10:05:33] dinh khoi da ban thanh cong 190 Ruby voi gia 950
[2021/12/30 - 12:08:47] Tac Map da ban thanh cong 66 Ruby voi gia 660
[2022/11/27 - 17:41:11] Bankrol Hayden da ban thanh cong 10 Ruby voi gia 240
[2023/5/25 - 11:20:11] Gia Hung da ban thanh cong 2 Ruby voi gia 34
[2023/5/25 - 13:12:30] Gia Hung da ban thanh cong 11 Ruby voi gia 198
[2023/5/25 - 13:13:04] Gia Hung da ban thanh cong 1 Vang voi gia 704
[2023/5/26 - 12:13:04] Rhaegar Targaryen da ban thanh cong 16 Ruby voi gia 240
[2023/5/30 - 15:26:37] Gia Hung da ban thanh cong 1 Ruby voi gia 13
[2023/5/30 - 15:27:19] Gia Hung da ban thanh cong 24 Ruby voi gia 312
[2023/5/31 - 13:52:48] Edward Nguyen da ban thanh cong 10 Ruby voi gia 150
[2023/6/2 - 14:51:57] DaiTuong EL da ban thanh cong 14 Ruby voi gia 182
[2023/6/3 - 8:58:51] Death Eye da ban thanh cong 27 Ruby voi gia 513
[2023/6/3 - 16:52:40] tom premium da ban thanh cong 14 Ruby voi gia 252
[2023/6/4 - 15:46:47] Wiliam Obito da ban thanh cong 4 Ruby voi gia 88
[2023/6/4 - 19:24:30] tom premium da ban thanh cong 24 Ruby voi gia 624
[2023/6/5 - 6:51:29] Death Eye da ban thanh cong 54 Ruby voi gia 1242
[2023/6/5 - 6:51:34] Death Eye da ban thanh cong 3 Vang voi gia 4695
[2023/6/9 - 16:00:19] tom premium da ban thanh cong 1 Vang voi gia 1824
