[2021/2/22 - 11:39:35] ntv pool has deleted BusinessID 7.
[2021/2/23 - 6:46:10] ntv poolll has changed BusinessID 1's Price to $0.
[2021/2/26 - 4:04:42] miles nguyen has changed BusinessID 6's Price to $1000.
[2021/2/26 - 4:04:59] miles nguyen has changed BusinessID 6's Price to $10.
[2021/2/28 - 2:45:35] miles nguyen has changed BusinessID 15's Price to $100.
[2021/7/7 - 7:20:22] NTV NTV has changed BusinessID 2's Type to Khong xac dinh (0).
[2021/7/7 - 7:20:24] NTV NTV has changed BusinessID 2's Type to Tram xang (1).
[2021/7/7 - 7:20:25] NTV NTV has changed BusinessID 2's Type to Shop quan ao (2).
[2021/7/7 - 7:20:27] NTV NTV has changed BusinessID 2's Type to Nha hang (3).
[2021/7/7 - 7:20:28] NTV NTV has changed BusinessID 2's Type to Shop quan ao (2).
[2021/7/7 - 7:20:29] NTV NTV has changed BusinessID 2's Type to Tram xang (1).
[2021/7/21 - 11:39:52] George Reginald has changed BusinessID 6's Exterior to X:1628.686889 Y:-1903.305908 Z:13.553296
[2021/7/21 - 11:41:38] George Reginald has changed BusinessID 6's Type to Shop quan ao (2).
[2021/7/21 - 11:41:41] George Reginald has changed BusinessID 6's Type to Dai ly xe moi (5).
[2021/7/21 - 14:41:33] Anthony Pham has changed BusinessID 6's Exterior to X:1847.706176 Y:-1871.724975 Z:13.578125
[2021/7/21 - 14:45:14] Anthony Pham has changed BusinessID 6's Exterior to X:1828.337524 Y:-1862.885498 Z:13.403584
[2021/7/21 - 14:45:27] Anthony Pham has changed BusinessID 6's Exterior to X:1848.331787 Y:-1871.745239 Z:13.578125
[2021/7/21 - 15:24:59] Anthony Pham has changed BusinessID 6's Inventory to 300.
[2021/7/21 - 15:29:45] George Reginald has changed BusinessID 1's Price to $0.
[2021/7/21 - 15:30:57] George Reginald has changed BusinessID 1's Price to $100000000.
[2021/7/21 - 16:55:42] George Reginald has changed BusinessID 2's Exterior to X:1928.583862 Y:-1776.254638 Z:13.546875
[2021/7/21 - 16:56:03] George Reginald has changed BusinessID 2's Price to $1.
[2021/7/21 - 16:56:06] George Reginald has changed BusinessID 2's Price to $0.
[2021/7/21 - 16:57:00] George Reginald has changed BusinessID 2's Price to $100000000.
[2021/7/21 - 19:19:37] George Reginald has changed BusinessID 7's Exterior to X:1599.770629 Y:-1637.405151 Z:13.718737
[2021/7/21 - 19:19:42] George Reginald has changed BusinessID 7's Type to Tram xang (1).
[2021/7/21 - 19:19:52] George Reginald has changed BusinessID 7's Price to $1.
[2021/7/21 - 19:19:53] George Reginald has changed BusinessID 7's Price to $0.
[2021/7/21 - 19:20:14]  da tao ra mot tram xang cho  ()
[2021/7/21 - 19:20:33] George Reginald thay doi vi tri tram gas 0 cho cua hang 7
[2021/7/21 - 19:21:03] George Reginald thay doi vi tri tram gas 0 cho cua hang 7
[2021/7/21 - 19:21:04] George Reginald thay doi vi tri tram gas 0 cho cua hang 7
[2021/7/21 - 19:21:29] George Reginald thay doi vi tri tram gas 0 cho cua hang 7
[2021/7/21 - 19:21:40] George Reginald thay doi vi tri tram gas 0 cho cua hang 7
[2021/7/21 - 19:21:44] George Reginald thay doi vi tri tram gas 0 cho cua hang 7
[2021/7/21 - 19:21:52] George Reginald thay doi vi tri tram gas 0 cho cua hang 7
[2021/7/21 - 19:21:58] George Reginald thay doi vi tri tram gas 0 cho cua hang 7
[2021/7/21 - 19:22:19] George Reginald thay doi vi tri tram gas 0 cho cua hang 7
[2021/7/21 - 19:22:26] George Reginald thay doi vi tri tram gas 0 cho cua hang 7
[2021/7/21 - 19:22:40] George Reginald has changed BusinessID 7's Exterior to X:1602.704833 Y:-1617.538696 Z:13.494557
[2021/7/21 - 19:23:01] George Reginald thay doi vi tri tram gas 0 cho cua hang 7
[2021/7/21 - 19:23:48] George Reginald da thay doi cong suat tram gas 0 cho  (7) den 10000.00
[2021/7/21 - 19:23:49] George Reginald da thay doi cong suat tram gas 0 cho  (7) den 10000.00
[2021/7/21 - 19:23:51] George Reginald da thay doi cong suat tram gas 0 cho  (7) den 100000.00
[2021/7/21 - 19:23:53] George Reginald da thay doi luong khi gas 0 cho  (7) den 100000.00
[2021/7/21 - 19:24:32] George Reginald thay doi vi tri tram gas 0 cho cua hang 7
[2021/7/21 - 19:25:12]  da tao ra mot tram xang cho  ()
[2021/7/21 - 19:26:02] George Reginald thay doi vi tri tram gas 0 cho cua hang 7
[2021/7/21 - 19:26:25] George Reginald da thay doi cong suat tram gas 1 cho  (7) den 100000.00
[2021/7/21 - 19:26:29] George Reginald da thay doi luong khi gas 1 cho  (7) den 100000.00
[2021/7/21 - 19:26:37] George Reginald has changed BusinessID 7's Exterior to X:1599.790039 Y:-1637.403930 Z:13.718737
[2021/7/22 - 2:52:36] Miles Nguyen has changed BusinessID 10's Exterior to X:1628.688232 Y:-1903.199340 Z:13.553348
[2021/7/22 - 2:53:23] Miles Nguyen has changed BusinessID 10's Type to Dai ly xe moi (5).
[2021/7/22 - 6:32:37] Anthony Pham has changed BusinessID 1's Price to $20000000.
[2021/7/22 - 21:24:30] George Reginald has deleted BusinessID 10.
[2021/7/24 - 13:40:21] George Reginald has changed BusinessID 4's Exterior to X:1352.474365 Y:-1759.242309 Z:13.507812
[2021/7/24 - 13:48:25] George Reginald has changed BusinessID 7's Price to $100000000.
[2021/7/24 - 18:36:35] Miles has changed BusinessID 12's Price to $999999.
[2021/7/24 - 18:36:48] Miles has changed BusinessID 12's Price to $999999999.
[2021/8/3 - 13:17:07] LSG RP has changed BusinessID 10's Exterior to X:1455.623168 Y:-1059.713745 Z:213.382812
[2021/8/3 - 13:17:13] LSG RP has changed BusinessID 10's Type to Nha hang (3).
[2021/8/3 - 13:17:15] LSG RP has changed BusinessID 10's Type to Tram xang (1).
[2021/8/3 - 13:17:15] LSG RP has changed BusinessID 10's Type to Shop quan ao (2).
[2021/8/3 - 13:17:16] LSG RP has changed BusinessID 10's Type to Shop vu khi (4).
[2021/8/3 - 13:17:18] LSG RP has changed BusinessID 10's Type to Dai ly xe moi (5).
[2021/8/3 - 13:17:19] LSG RP has changed BusinessID 10's Type to Dai ly xe cu (6).
[2021/8/3 - 13:17:20] LSG RP has changed BusinessID 10's Type to Dai ly xe moi (5).
[2021/8/3 - 13:18:13] LSG RP has changed BusinessID 10's Price to $1.
[2021/8/3 - 13:20:42] LSG RP has deleted BusinessID 10.
[2021/8/6 - 0:18:59] LSG RP has changed BusinessID 6's safe to 0.
[2021/8/6 - 1:00:44] LSG RP has changed BusinessID 6's safe to 2400.
[2021/8/6 - 1:02:41] LSG RP has changed BusinessID 6's safe to 2400.
[2021/8/6 - 13:14:36] LSG RP has changed BusinessID 10's Exterior to X:1014.692382 Y:-1740.235229 Z:13.468097
[2021/8/6 - 13:14:42] LSG RP has changed BusinessID 10's Price to $10000000.
[2021/8/6 - 13:14:48] LSG RP has changed BusinessID 10's Price to $1.
[2021/8/6 - 13:15:05] LSG RP has changed BusinessID 10's Interior to X:1013.876525 Y:-1740.053466 Z:13.550735
[2021/8/6 - 13:15:16] LSG RP has changed BusinessID 10's Type to Nha hang (3).
[2021/8/6 - 13:15:47] LSG RP has changed BusinessID 10's Type to Shop vu khi (4).
[2021/8/6 - 13:15:49] LSG RP has changed BusinessID 10's Type to Dai ly xe moi (5).
[2021/8/6 - 13:19:18] LSG RP has changed BusinessID 10's vw to 0
[2021/8/6 - 13:19:49] LSG RP has changed BusinessID 10's Interior to X:1013.876525 Y:-1740.053466 Z:13.550735
[2021/8/6 - 13:24:21] LSG RP has edited business ID 10's name to Shop xe pro vjp vjp.
[2021/8/6 - 13:29:37] LSG RP has changed BusinessID 10's vw to 1
[2021/8/6 - 13:30:38] LSG RP has changed BusinessID 3's Interior to X:1013.962707 Y:-1740.138793 Z:13.550735
[2021/8/6 - 13:30:59] LSG RP has changed BusinessID 3's Interior to X:2105.486816 Y:-1806.341308 Z:13.554687
[2021/8/6 - 13:31:39] LSG RP has changed BusinessID 10's Exterior to X:1019.397155 Y:-1742.124755 Z:13.468097
[2021/8/6 - 13:33:45] LSG RP has changed BusinessID 3's Interior to X:362.982391 Y:-75.054855 Z:1001.507812
[2021/8/6 - 13:34:34] LSG RP has changed BusinessID 10's Exterior to X:999.156066 Y:-1763.902221 Z:13.547834
[2021/8/6 - 13:34:40] LSG RP has changed BusinessID 10's Interior to X:999.016479 Y:-1763.796020 Z:13.547834
[2021/8/7 - 0:35:26] co rich has changed BusinessID 15's Exterior to X:1873.874511 Y:-1774.907226 Z:13.777828
[2021/8/7 - 0:35:42] co rich has changed BusinessID 15's Type to Shop quan ao (2).
[2021/8/7 - 0:35:44] co rich has changed BusinessID 15's Type to Nha hang (3).
[2021/8/7 - 0:35:44] co rich has changed BusinessID 15's Type to Shop vu khi (4).
[2021/8/7 - 0:35:45] co rich has changed BusinessID 15's Type to Dai ly xe moi (5).
[2021/8/7 - 0:44:55] Huy 2k8 has changed BusinessID 15's Exterior to X:1897.573852 Y:-1777.334106 Z:14.463769
[2021/8/7 - 0:44:57] Huy 2k8 has changed BusinessID 15's Interior to X:1897.573852 Y:-1777.334106 Z:14.463769
[2021/8/7 - 0:45:44] Huy 2k8 has changed BusinessID 15's Exterior to X:1880.575073 Y:-1777.876098 Z:13.777828
[2021/8/7 - 0:45:48] Huy 2k8 has changed BusinessID 15's Interior to X:1880.575073 Y:-1777.876098 Z:13.777828
[2021/8/7 - 0:52:40] Huy 2k8 has deleted BusinessID 0.
[2021/8/7 - 0:53:01] Huy 2k8 has deleted BusinessID 8.
[2021/8/7 - 0:58:58] Huy 2k8 has deleted BusinessID 15.
[2021/8/7 - 0:59:08] Huy 2k8 has changed BusinessID 0's Exterior to X:1881.500122 Y:-1777.433471 Z:13.777828
[2021/8/7 - 0:59:11] Huy 2k8 has changed BusinessID 0's Interior to X:1881.500122 Y:-1777.433471 Z:13.777828
[2021/8/7 - 0:59:16] Huy 2k8 has changed BusinessID 0's Price to $0.
[2021/8/7 - 0:59:22] Huy 2k8 has changed BusinessID 0's Type to Dai ly xe moi (5).
[2021/8/7 - 1:00:29] co rich has deleted BusinessID 15.
[2021/8/7 - 11:20:05] co rich has changed BusinessID 0's Price to $1.
[2021/8/7 - 20:44:34] Huy 2k8 has changed BusinessID 8's Exterior to X:1558.726928 Y:-1255.039184 Z:17.535457
[2021/8/7 - 20:44:38] Huy 2k8 has changed BusinessID 8's Price to $0.
[2021/8/7 - 20:44:52] Huy 2k8 has changed BusinessID 8's Type to Dai ly xe moi (5).
[2021/8/7 - 20:48:52] Huy 2k8 has changed BusinessID 8's Exterior to X:1569.618896 Y:-1251.611083 Z:17.535457
[2021/8/7 - 20:48:55] Huy 2k8 has changed BusinessID 8's Interior to X:1569.618896 Y:-1251.611083 Z:17.535457
[2021/8/7 - 20:55:31] Huy 2k8 has changed BusinessID 8's Inventory to 0.
[2021/8/7 - 20:55:36] Huy 2k8 has changed BusinessID 8's Inventory to 10.
[2021/8/7 - 22:10:28] Huy 2k8 thay doi vi tri tram gas 0 cho cua hang 0
[2021/8/7 - 22:11:47] Huy 2k8 thay doi vi tri tram gas 0 cho cua hang 0
[2021/8/7 - 22:12:59] Admin  xoa tram ga cua hang 
[2021/8/7 - 22:13:56] Huy 2k8 da thay doi cong suat tram gas 0 cho Idlewood (2) den 1000.00
[2021/8/7 - 22:14:25] Huy 2k8 da thay doi luong khi gas 0 cho Idlewood (2) den 1000.00
[2021/8/7 - 22:14:46] Huy 2k8 da thay doi luong khi gas 1 cho Idlewood (2) den 1000.00
[2021/8/7 - 22:14:53] Huy 2k8 da thay doi cong suat tram gas 1 cho Idlewood (2) den 1000.00
[2021/8/8 - 0:36:28] Huy 2k8 da thay doi cong suat tram gas 0 cho Idlewood (2) den 1000.00
[2021/8/8 - 0:36:33] Huy 2k8 da thay doi cong suat tram gas 1 cho Idlewood (2) den 1000.00
[2021/8/8 - 0:36:37] Huy 2k8 da thay doi cong suat tram gas 1 cho Idlewood (3) den 1000.00
[2021/8/8 - 0:36:41] Huy 2k8 da thay doi cong suat tram gas 0 cho Idlewood (3) den 1000.00
[2021/8/8 - 0:47:57] Huy 2k8 thay doi vi tri tram gas 1 cho cua hang 2
[2021/8/8 - 0:48:10] Huy 2k8 thay doi vi tri tram gas 1 cho cua hang 2
[2021/8/8 - 0:48:56] Huy 2k8 da thay doi luong khi gas 0 cho Idlewood (2) den 1000.00
[2021/8/8 - 0:49:00] Huy 2k8 da thay doi luong khi gas 0 cho Idlewood (2) den 0.00
[2021/8/8 - 0:49:03] Huy 2k8 da thay doi luong khi gas 1 cho Idlewood (2) den 0.00
[2021/8/8 - 0:49:11] Huy 2k8 da thay doi cong suat tram gas 1 cho Idlewood (2) den 1000.00
[2021/8/8 - 0:49:19] Huy 2k8 da thay doi cong suat tram gas 0 cho Idlewood (2) den 1000.00
[2021/8/8 - 0:49:37] Huy 2k8 thay doi vi tri tram gas 0 cho cua hang 2
[2021/8/8 - 0:50:00] Huy 2k8 thay doi vi tri tram gas 1 cho cua hang 2
[2021/8/8 - 1:01:38] Huy 2k8 da thay doi luong khi gas 0 cho Idlewood (2) den 0.00
[2021/8/8 - 1:01:42] Huy 2k8 da thay doi luong khi gas 1 cho Idlewood (2) den 0.00
[2021/8/9 - 10:36:10] Chiu Linh has changed BusinessID 8's Price to $999999999.
[2021/8/9 - 11:13:29] Chiu Linh has changed BusinessID 6's Inventory to 0.
[2021/8/9 - 16:49:25] Huy 2k8 has changed BusinessID 6's safe to 118000.
[2021/8/10 - 23:40:52] Quang Huy has changed BusinessID 6's safe to 150000.
[2021/8/11 - 15:10:22] Quang Huy has changed BusinessID 10's Price to $10000000.
[2021/8/11 - 15:11:09] Quang Huy has changed BusinessID 8's Price to $1.
[2021/8/16 - 14:48:05] Quang Huy has deleted BusinessID 0.
[2021/8/16 - 14:48:07] Quang Huy has deleted BusinessID 10.
[2021/8/18 - 16:01:48] Quang Huy has changed BusinessID 6's Exterior to X:2070.635742 Y:-1793.895385 Z:13.546875
[2021/8/21 - 20:36:01] Quang Huy has changed BusinessID 6's Price to $10000000.
[2021/8/21 - 20:36:03] Quang Huy has changed BusinessID 6's Price to $100000000.
[2021/8/21 - 20:42:30] Quang Huy has changed BusinessID 6's safe to 2000.
[2021/8/21 - 20:42:39] Quang Huy has changed BusinessID 6's Price to $1.
[2021/8/22 - 19:03:36] Quang Huy has changed BusinessID 8's Price to $10000000.
[2021/8/24 - 17:30:58] Quang Huy has deleted BusinessID 16.
[2021/8/24 - 22:02:44] Quang Huy has deleted BusinessID 8.
[2021/12/27 - 10:11:57] Miles Nguyen has changed BusinessID 0's Exterior to X:1628.753417 Y:-1903.769653 Z:13.553053
[2021/12/27 - 10:12:35] Miles Nguyen has changed BusinessID 0's Type to Dai ly xe moi (5).
[2021/12/27 - 10:12:42] Miles Nguyen has changed BusinessID 1's Type to Dai ly xe cu (6).
[2021/12/27 - 10:13:08] Miles Nguyen has changed BusinessID 0's Type to Dai ly xe cu (6).
[2021/12/27 - 10:14:04] Miles Nguyen has changed BusinessID 0's Inventory to 99999.
[2021/12/27 - 10:51:01] Cris Pham has changed BusinessID 0's Type to Khong xac dinh (0).
[2021/12/27 - 10:51:02] Cris Pham has changed BusinessID 0's Type to Tram xang (1).
[2021/12/27 - 10:51:03] Cris Pham has changed BusinessID 0's Type to Shop quan ao (2).
[2021/12/27 - 10:51:03] Cris Pham has changed BusinessID 0's Type to Nha hang (3).
[2021/12/27 - 10:51:04] Cris Pham has changed BusinessID 0's Type to Shop vu khi (4).
[2021/12/27 - 10:51:05] Cris Pham has changed BusinessID 0's Type to Dai ly xe moi (5).
[2021/12/27 - 10:51:07] Cris Pham has changed BusinessID 0's Type to Dai ly xe cu (6).
[2021/12/27 - 10:52:04] Cris Pham has deleted BusinessID 0.
[2021/12/27 - 10:52:11] Cris Pham has changed BusinessID 0's Interior to X:1628.848144 Y:-1903.641845 Z:13.553092
[2021/12/27 - 10:52:16] Cris Pham has changed BusinessID 0's Exterior to X:1628.848144 Y:-1903.641845 Z:13.553092
[2021/12/27 - 10:52:58] Cris Pham has changed BusinessID 0's Type to Dai ly xe moi (5).
[2021/12/27 - 10:52:59] Cris Pham has changed BusinessID 0's Type to Shop vu khi (4).
[2021/12/27 - 10:53:00] Cris Pham has changed BusinessID 0's Type to Dai ly xe cu (6).
[2021/12/27 - 11:54:42] Cris Pham has deleted BusinessID 0.
[2021/12/27 - 11:54:52] Cris Pham has changed BusinessID 0's Exterior to X:1628.867065 Y:-1903.326293 Z:13.553242
[2021/12/27 - 11:54:59] Cris Pham has changed BusinessID 0's Type to Nha hang (3).
[2021/12/27 - 11:55:00] Cris Pham has changed BusinessID 0's Type to Shop vu khi (4).
[2021/12/27 - 11:55:00] Cris Pham has changed BusinessID 0's Type to Dai ly xe moi (5).
[2021/12/27 - 12:00:41] Cris Pham has changed BusinessID 8's Exterior to X:1576.778442 Y:-1903.416259 Z:27.146060
[2021/12/27 - 12:02:01] Cris Pham has changed BusinessID 8's Type to Dai ly xe cu (6).
[2021/12/27 - 15:51:04] cris pham has changed BusinessID 10's Exterior to X:2114.552490 Y:-1790.466186 Z:22.218750
[2021/12/27 - 15:53:42] cris pham has changed BusinessID 10's Exterior to X:2114.735595 Y:-1793.650146 Z:18.135990
[2021/12/27 - 15:54:10] cris pham has changed BusinessID 10's Type to Dai ly xe cu (6).
[2021/12/27 - 15:57:22] cris pham has changed BusinessID 10's Exterior to X:2116.624511 Y:-1784.841308 Z:13.387098
[2021/12/27 - 15:57:25] Quang Huy has changed BusinessID 10's Exterior to X:2113.997314 Y:-1791.233886 Z:22.218750
[2021/12/27 - 15:58:39] cris pham has deleted BusinessID 10.
[2021/12/27 - 16:02:17] cris pham has deleted BusinessID 8.
[2021/12/27 - 16:02:32] cris pham has deleted BusinessID 8.
[2021/12/27 - 18:32:37] Miles Nguyen has deleted BusinessID 6.
[2021/12/28 - 20:42:59] cris pham has changed BusinessID 1's Type to Shop quan ao (2).
[2021/12/28 - 20:43:00] cris pham has changed BusinessID 1's Type to Tram xang (1).
[2021/12/28 - 20:43:01] cris pham has changed BusinessID 1's Type to Nha hang (3).
[2021/12/28 - 20:43:02] cris pham has changed BusinessID 1's Type to Shop vu khi (4).
[2021/12/28 - 20:43:04] cris pham has changed BusinessID 1's Type to Dai ly xe moi (5).
[2021/12/28 - 20:43:06] cris pham has changed BusinessID 1's Type to Dai ly xe cu (6).
[2021/12/28 - 20:43:07] cris pham has changed BusinessID 1's Type to Tram sua xe (7).
[2021/12/28 - 20:43:09] cris pham has changed BusinessID 1's Type to 24/7 (8).
[2021/12/28 - 20:43:10] cris pham has changed BusinessID 1's Type to 24/7 (8).
[2021/12/29 - 11:27:06] Cris Pham has changed BusinessID 6's Exterior to X:1850.385131 Y:-1855.946166 Z:13.382812
[2021/12/29 - 11:27:17] Cris Pham has changed BusinessID 6's Type to Dai ly xe cu (6).
[2021/12/29 - 11:32:22] Thuan Bede has changed BusinessID 6's Exterior to X:1846.185913 Y:-1862.798339 Z:13.578125
[2021/12/29 - 11:32:26] Thuan Bede has changed BusinessID 6's Interior to X:1846.243530 Y:-1862.116455 Z:13.578125
[2021/12/29 - 11:36:13] Miles Nguyen has changed BusinessID 6's Exterior to X:1846.811035 Y:-1871.441040 Z:13.578125
[2021/12/29 - 13:00:35] Cris Pham has edited business ID 6's name to Dai ly.
[2021/12/29 - 13:02:45] Cris Pham has changed BusinessID 6's Inventory to 1.
[2021/12/29 - 13:02:47] Cris Pham has changed BusinessID 6's Inventory to 2.
[2021/12/29 - 13:03:27] Cris Pham has changed BusinessID 2's Inventory to 6.
[2021/12/29 - 16:00:03] Miles Nguyen has changed BusinessID 6's Inventory to 99999.
[2021/12/30 - 12:15:39] Cris Phams has changed BusinessID 0's Inventory to 6.
[2021/12/30 - 12:15:57] Cris Phams has changed BusinessID 0's Type to Dai ly xe cu (6).
[2021/12/30 - 12:21:00] Cris Phams has deleted BusinessID 0.
[2021/12/30 - 12:21:08] Cris Phams has changed BusinessID 8's Exterior to X:1628.687744 Y:-1903.265258 Z:13.553316
[2021/12/30 - 12:21:18] Cris Phams has changed BusinessID 8's Interior to X:1628.707641 Y:-1903.096557 Z:13.553394
[2021/12/30 - 12:21:51] Cris Phams has changed BusinessID 8's Type to Dai ly xe moi (5).
[2021/12/30 - 12:26:00] Miles Nguyen has deleted BusinessID 8.
[2021/12/30 - 12:27:37] Miles Nguyen has changed BusinessID 8's Exterior to X:1628.688110 Y:-1903.376953 Z:13.553261
[2021/12/30 - 12:28:23] Miles Nguyen has changed BusinessID 8's Price to $999999.
[2021/12/30 - 12:28:44] Miles Nguyen has changed BusinessID 8's Price to $9999999.
[2021/12/30 - 12:29:20] Miles Nguyen has changed BusinessID 8's Type to Shop quan ao (2).
[2021/12/30 - 12:29:28] Miles Nguyen has changed BusinessID 8's Type to Tram xang (1).
[2021/12/30 - 12:29:31] Miles Nguyen has changed BusinessID 8's Type to Shop vu khi (4).
[2021/12/30 - 12:29:34] Miles Nguyen has changed BusinessID 8's Type to Dai ly xe moi (5).
[2021/12/30 - 12:29:39] Miles Nguyen has changed BusinessID 8's Type to Dai ly xe cu (6).
[2021/12/30 - 12:32:23] Miles Nguyen has changed BusinessID 8's Inventory to 999999.
[2021/12/30 - 12:35:44] Miles Nguyen has changed BusinessID 8's Price to $0.
[2021/12/30 - 17:02:53] Cris Pham has deleted BusinessID 8.
[2022/9/18 - 3:48:42] Script Z has changed BusinessID 5's Price to $0.
[2022/9/18 - 3:50:56] Script Z has changed BusinessID 5's Inventory to 100.
[2022/9/18 - 3:51:20] Script Z has changed BusinessID 5's Inventory Capacity to 100.
[2022/9/18 - 3:51:54] Script Z has changed BusinessID 5's Supply Point to X:1364.802001 Y:-1285.806884 Z:13.546875
[2022/9/18 - 3:55:43] Script Z has changed BusinessID 5's safe to 999999.
[2022/9/18 - 4:05:06] Script Z has changed BusinessID 5's safe to 1.
[2022/9/18 - 4:05:22] Script Z has changed BusinessID 5's Inventory Capacity to 1.
[2022/9/18 - 4:05:24] Script Z has changed BusinessID 5's Inventory Capacity to 100.
[2022/9/18 - 4:05:32] Script Z has changed BusinessID 5's Inventory to 100.
[2022/9/18 - 4:20:46] Tu Le has changed BusinessID 8's Exterior to X:1361.563476 Y:-1278.584594 Z:13.382812
[2022/9/18 - 4:20:53] Tu Le has changed BusinessID 8's Type to Shop quan ao (2).
[2022/9/18 - 4:20:55] Tu Le has changed BusinessID 8's Type to Nha hang (3).
[2022/9/18 - 4:20:56] Tu Le has changed BusinessID 8's Type to Shop vu khi (4).
[2022/9/18 - 4:21:03] Tu Le has changed BusinessID 8's Price to $1.
[2022/9/18 - 23:16:34] Pandaz has changed BusinessID 10's Exterior to X:1553.376708 Y:-1246.914184 Z:17.535457
[2022/9/18 - 23:16:40] Pandaz has changed BusinessID 10's Type to Shop quan ao (2).
[2022/9/18 - 23:16:41] Pandaz has changed BusinessID 10's Type to Tram xang (1).
[2022/9/18 - 23:16:42] Pandaz has changed BusinessID 10's Type to Nha hang (3).
[2022/9/18 - 23:16:44] Pandaz has changed BusinessID 10's Type to Shop vu khi (4).
[2022/9/18 - 23:16:45] Pandaz has changed BusinessID 10's Type to Dai ly xe moi (5).
[2022/9/18 - 23:16:53] Pandaz has changed BusinessID 10's Price to $5.
[2022/9/18 - 23:17:06] Pandaz has changed BusinessID 10's Type to Dai ly xe cu (6).
[2022/9/18 - 23:17:15] Pandaz has changed BusinessID 10's Type to Tram sua xe (7).
[2022/9/18 - 23:17:17] Pandaz has changed BusinessID 10's Type to 24/7 (8).
[2022/9/18 - 23:17:18] Pandaz has changed BusinessID 10's Type to Bar (9).
[2022/9/18 - 23:17:20] Pandaz has changed BusinessID 10's Type to Club (10).
[2022/9/18 - 23:17:21] Pandaz has changed BusinessID 10's Type to Shop nguoi lon (11).
[2022/9/18 - 23:17:22] Pandaz has changed BusinessID 10's Type to Gym (12).
[2022/9/18 - 23:17:23] Pandaz has changed BusinessID 10's Type to Khong xac dinh (13).
[2022/9/18 - 23:17:25] Pandaz has changed BusinessID 10's Type to Khong xac dinh (14).
[2022/9/18 - 23:17:26] Pandaz has changed BusinessID 10's Type to Khong xac dinh (15).
[2022/9/18 - 23:17:27] Pandaz has changed BusinessID 10's Type to Khong xac dinh (0).
[2022/9/18 - 23:17:29] Pandaz has changed BusinessID 7's Type to Khong xac dinh (0).
[2022/9/18 - 23:17:32] Pandaz has changed BusinessID 10's Type to Shop quan ao (2).
[2022/9/18 - 23:17:33] Pandaz has changed BusinessID 10's Type to Dai ly xe moi (5).
[2022/9/18 - 23:24:01] Pandaz has changed BusinessID 10's Exterior to X:1548.659667 Y:-1277.043212 Z:17.406250
[2022/9/18 - 23:35:07] Pandaz has changed BusinessID 10's Exterior to X:1557.575927 Y:-1253.351196 Z:17.535457
[2023/5/30 - 20:20:11] Diminuto has changed BusinessID 1's Price to $1.
[2023/5/30 - 20:45:45] Diminuto has changed BusinessID 2's Interior to X:1927.379394 Y:-1775.547607 Z:13.582785
[2023/6/7 - 0:41:11] Diminuto has changed BusinessID 2's Exterior to X:1919.152465 Y:-1767.486083 Z:13.582785
