[2021/2/23 - 1:26:41] MDC: John vjppro added crime [SA] 3-1-7 Hit & Run to Peww Peww.
[2021/2/23 - 1:27:04] MDC: John vjppro added crime [SA] 3-4-5 Vandalism to VVan Dat.
[2021/2/23 - 1:30:50] MDC: John vjppro added crime [SA] 3-1-7 Hit & Run to Miles Nguyen.
[2021/2/23 - 1:42:02] MDC: Matthus X added crime [SA] 2-1-6 Kidnapping to Peww Peww.
[2021/2/23 - 1:46:13] MDC: Matthus X added crime [SA] 2-1-8 Armed Robbery to John vjppro.
[2021/2/23 - 1:46:31] MDC: Matthus X added crime [SA] 3-1-1 Reckless Driving to VVan Dat.
[2021/8/2 - 13:46:51] MDC: nghia pham added crime [SA] 2-1-13 Aiding and abetting to Vu Hieu.
[2021/8/3 - 0:25:12] MDC: Ezio Desatan added crime [SA] 2-1-45 Criminal Negligence to Nguyen Tri Manh.
[2021/8/3 - 0:44:04] MDC: Ezio Desatan added crime [SA] 3-1-1 Reckless Driving to Nguyen Tri Manh.
[2021/8/3 - 0:44:06] MDC: Ezio Desatan added crime [SA] 3-1-3 Possession/Use of NOS to Nguyen Tri Manh.
[2021/8/3 - 0:44:07] MDC: Ezio Desatan added crime [SA] 3-1-5 Street Racing to Nguyen Tri Manh.
[2021/8/3 - 0:44:08] MDC: Ezio Desatan added crime [SA] 3-4-1 Obstruction of Justice to Nguyen Tri Manh.
[2021/8/3 - 0:44:10] MDC: Ezio Desatan added crime [SA] 3-4-3 Resisting an Arrest to Nguyen Tri Manh.
[2021/8/3 - 0:44:11] MDC: Ezio Desatan added crime [SA] 3-4-9 Disobeying Lawful Orders to Nguyen Tri Manh.
[2021/8/3 - 17:04:01] MDC: Ezio Desatan added crime [SA] 2-1-5 Assault/Battery to Nguyen Tri Manh.
[2021/8/3 - 17:04:03] MDC: Ezio Desatan added crime [SA] 2-1-7 Terroristic Threats to Nguyen Tri Manh.
[2021/8/3 - 17:07:06] MDC: Ezio Desatan added crime [SA] 2-1-7 Terroristic Threats to Nguyen Tri Manh.
[2021/8/4 - 8:44:30] MDC: Vu Hieu added crime [SA] 3-1-5 Street Racing to David Bull.
[2021/8/5 - 13:49:20] MDC: Nguyen Tri Manh added crime [SA] 3-1-1 Reckless Driving to Duy Le.
[2021/8/5 - 13:49:28] MDC: Nguyen Tri Manh added crime [SA] 3-4-9 Disobeying Lawful Orders to Duy Le.
[2021/8/5 - 13:49:32] MDC: Nguyen Tri Manh added crime [SA] 3-5-6 Consumption of Pot in Public to Duy Le.
[2021/8/5 - 16:11:39] MDC: LSG RP added crime [SA] 3-1-7 Hit & Run to Jesus Cry.
[2021/8/6 - 13:42:49] MDC: Vu Hieu added crime [SA] 3-1-1 Reckless Driving to LSA kietgia.
[2021/8/6 - 13:42:52] MDC: Vu Hieu added crime [SA] 3-1-1 Reckless Driving to LSA kietgia.
[2021/8/10 - 22:30:56] MDC: CanhSat Truong added crime [SA] 2-1-2 Attempted Murder to binh sang.
[2021/8/10 - 23:16:57] MDC: CanhSat Truong added crime [SA] 3-1-1 Reckless Driving to Nguyen Tri Manh.
[2021/8/11 - 15:49:50] MDC: Peter Jasonz added crime [SA] 3-1-1 Reckless Driving to Tai Cute.
[2021/8/22 - 20:34:24] MDC: Streetgang Niz added crime [SA] 3-1-1 Reckless Driving to khem manh.
[2021/8/22 - 21:16:51] MDC: Zuu Zuu added crime [SA] Khac (Not Listed) to Meo Con.
[2021/8/22 - 21:17:06] MDC: Zuu Zuu added crime [SA] 3-1-5 Street Racing to Meo Con.
[2021/8/23 - 22:09:46] MDC: zuu zuu added crime [SA] 3-1-1 Reckless Driving to Khang WithLove.
[2021/8/23 - 22:10:14] MDC: zuu zuu added crime [SA] 2-1-6 Kidnapping to Khang WithLove.
[2021/8/24 - 2:51:42] MDC: Khang Nguyen added crime [SA] 3-1-1 Reckless Driving to Petes williams.
[2021/8/24 - 2:53:10] MDC: Khang Nguyen added crime [SA] 3-1-5 Street Racing to Petes williams.
[2021/8/25 - 14:55:05] MDC: Hikaru Matus added crime [SA] Khac (Not Listed) to Phong GoodBoy.
[2021/8/25 - 15:15:35] MDC: Hikaru Matus added crime [SA] Khac (Not Listed) to Phi Hanh Toi.
[2021/8/25 - 15:59:15] MDC: Dron Crotdame added crime [SA] 2-1-14 Grand Theft (Auto) to Phi Hanh Toi.
[2021/8/26 - 16:22:10] MDC: Sir Xuf added crime [SA] 2-1-8 Armed Robbery to An Gold.
[2021/8/27 - 2:48:20] MDC: Hikaru Matus added crime [SA] Khac (Not Listed) to Lightz Bringer.
[2021/8/27 - 2:48:49] MDC: Hikaru Matus added crime [SA] 2-1-36 Shooting from a Motor Vehicle to Lightz Bringer.
[2021/12/22 - 22:15:13] MDC: U Pin added crime [SA] 3-1-1 Reckless Driving to Remy Smokee.
[2021/12/23 - 14:58:46] MDC: U Pin added crime [SA] 3-1-7 Hit & Run to An SoSad.
[2021/12/23 - 14:59:21] MDC: U Pin added crime [SA] 2-1-5 Assault/Battery to An SoSad.
[2021/12/23 - 14:59:25] MDC: U Pin added crime [SA] 2-1-5 Assault/Battery to An SoSad.
[2021/12/30 - 19:55:47] MDC: Mafia xFox added crime [SA] 3-1-1 Reckless Driving to Mafia rach.
[2022/9/18 - 22:18:23] MDC: Pandaz added crime [SA] Khac (Not Listed) to Bi An.
[2023/5/22 - 21:41:14] MDC: Nghia Dung added crime [SA] [Hinh Su] Buon Ban Ma Tuy Co To Chuc to Khanh Tran.
[2023/5/22 - 21:41:42] MDC: Nghia Dung added crime [SA] [Khong  to Khanh Tran.
[2023/5/22 - 21:42:25] MDC: Nghia Dung added crime [SA] [Giao Thong] Khang Lenh/Bo Chay to Khanh Tran.
[2023/5/22 - 21:42:35] MDC: Nghia Dung added crime [SA] [Hinh Su] Co Y Gay Thiet Hai Tai San to Khanh Tran.
[2023/5/25 - 13:38:46] MDC: Jst3 added crime [SA] [Giao Thong] Thay Doi Ket Cau Xe/Them Nitro to Gia Hung.
[2023/5/25 - 13:43:32] MDC: Jst3 added crime [SA] [Hinh Su] Khong Hop Tac Dieu Tra/Khai Thong Tin Gia to Gia Hung.
[2023/5/28 - 20:14:17] MDC: Tieu Cuong added crime [SA] [Hinh Su] Su Dung Vu Khi Bua Bai to Death Eye.
[2023/5/30 - 18:05:57] MDC: Julius Koo added crime [SA] [Hinh Su] Co Y Gay Thuong Tich to Louis Vinci.
[2023/5/30 - 18:06:00] MDC: Julius Koo added crime [SA] [Giao Thong] Khang Lenh/Bo Chay to Louis Vinci.
[2023/5/30 - 18:06:05] MDC: Julius Koo added crime [SA] [Hinh Su] Chong Doi Canh Sat to Louis Vinci.
[2023/5/30 - 18:06:10] MDC: Julius Koo added crime [SA] [Khu Vuc Cong Cong] Quay Roi,Phat Ngon Bua Bai to Louis Vinci.
[2023/5/30 - 19:29:28] MDC: Julius Koo added crime [SA] [Khu Vuc Cong Cong] Quay Roi,Phat Ngon Bua Bai to Ben Ben.
[2023/5/30 - 19:29:48] MDC: Julius Koo added crime [SA] [Hinh Su] Chong Doi Canh Sat to Ben Ben.
[2023/6/9 - 16:34:42] MDC: Tieu Cuong added crime [SA] [Hinh Su] Su Dung Vu Khi Bua Bai to Death Eye.
