[2021/2/22 - 16:38:08] ntv pool has deleted DoorID 9.
[2021/3/4 - 5:38:36] miles nguyen has edited DoorID 15's Interior.
[2021/3/6 - 6:20:04] miles nguyen has edited DoorID 15's Exterior.
[2021/3/6 - 6:23:26] miles nguyen has edited DoorID 15's Interior.
[2021/3/6 - 6:23:42] miles nguyen has edited DoorID 15's Exterior.
[2021/3/6 - 6:26:25] miles nguyen has edited DoorID 15's Exterior.
[2021/3/6 - 6:28:32] miles nguyen has edited DoorID 15's Interior.
[2021/3/6 - 6:28:53] miles nguyen has edited DoorID 15's Interior.
[2021/3/15 - 8:49:53] ntv pool has edited DoorID 0's Exterior.
[2021/3/15 - 8:50:04] ntv pool has edited door ID 0's name to HQ (VIP CLUB).
[2021/3/15 - 8:50:08] ntv pool has edited DoorID 0's VIP Level.
[2021/3/15 - 8:51:02] ntv pool has edited DoorID 0's Interior.
[2021/3/15 - 8:51:06] ntv pool has edited DoorID 0's CustomInterior.
[2021/3/15 - 8:51:08] ntv pool has edited DoorID 0's CustomInterior.
[2021/3/15 - 8:51:20] ntv pool has edited DoorID 0's CustomExterior.
[2021/3/15 - 8:51:23] ntv pool has edited DoorID 0's CustomExterior.
[2021/3/15 - 8:52:40] ntv pool has edited DoorID 4's Exterior.
[2021/3/15 - 8:52:52] ntv pool has edited door ID 4's name to Garage.
[2021/3/15 - 8:52:56] ntv pool has edited DoorID 4's VIP Level.
[2021/3/15 - 8:53:28] ntv pool has edited DoorID 4's Interior.
[2021/3/15 - 8:53:44] ntv pool has edited DoorID 4's Color.
[2021/3/15 - 8:53:46] ntv pool has edited DoorID 4's Color.
[2021/3/15 - 8:53:52] ntv pool has edited DoorID 4's PickupModel.
[2021/3/15 - 8:54:03] ntv pool has edited DoorID 4's Exterior.
[2021/5/23 - 17:22:13] Ntv pool has edited DoorID 5's Exterior.
[2021/5/23 - 17:22:17] Ntv pool has edited DoorID 5's Interior.
[2021/5/23 - 17:22:48] Ntv pool has edited door ID 5's name to dsk;dsd;sa.
[2021/5/23 - 17:22:52] Ntv pool has edited DoorID 5's PickupModel.
[2021/5/23 - 17:22:57] Ntv pool has edited DoorID 9's Exterior.
[2021/5/23 - 17:23:00] Ntv pool has edited door ID 9's name to dsajldalsjdas.
[2021/5/23 - 17:23:11] Ntv pool has edited DoorID 9's Interior.
[2021/6/29 - 14:06:37] ntv ntv has edited DoorID 10's Exterior.
[2021/6/29 - 14:06:46] ntv ntv has edited door ID 10's name to Garage.
[2021/6/29 - 14:06:52] ntv ntv has edited DoorID 10's CustomExterior.
[2021/6/29 - 14:06:53] ntv ntv has edited DoorID 10's CustomExterior.
[2021/6/29 - 14:07:03] ntv ntv has edited DoorID 10's PickupModel.
[2021/7/7 - 7:31:12] NTV NTV has edited DoorID 0's Interior.
[2021/7/8 - 6:52:08] Ntv Ntv has edited DoorID 3's Interior.
[2021/7/21 - 9:42:14] George Reginald has edited DoorID 1's Interior.
[2021/7/21 - 9:44:38] George Reginald has edited DoorID 2's Interior.
[2021/7/21 - 10:53:04] Vixx has deleted DoorID 6.
[2021/7/21 - 10:53:18] Vixx has deleted DoorID 7.
[2021/7/21 - 11:00:29] Vixx has edited DoorID 2's Interior.
[2021/7/21 - 11:00:52] Vixx has edited DoorID 3's Interior.
[2021/7/21 - 11:02:34] George Reginald has edited DoorID 2's Interior.
[2021/7/21 - 11:06:07] George Reginald has edited DoorID 2's Interior.
[2021/7/21 - 11:10:05] Vixx has edited DoorID 2's Interior.
[2021/7/21 - 11:10:08] George Reginald has edited DoorID 2's Interior.
[2021/7/21 - 11:10:11] Vixx has edited DoorID 2's Interior.
[2021/7/21 - 11:10:17] Vixx has edited DoorID 3's Interior.
[2021/7/21 - 11:10:53] George Reginald has edited DoorID 1's Interior.
[2021/7/21 - 11:52:28] George Reginald has edited DoorID 11's Group Type to 9.
[2021/7/21 - 13:31:18] Vixx has edited DoorID 2's Interior.
[2021/7/21 - 13:32:41] Vixx has edited DoorID 3's Interior.
[2021/7/21 - 13:51:16] George Reginald has deleted DoorID 6.
[2021/7/21 - 13:51:22] George Reginald has deleted DoorID 7.
[2021/7/21 - 13:54:58] George Reginald has edited DoorID 6's Exterior.
[2021/7/21 - 13:55:53] George Reginald has edited DoorID 1's Interior.
[2021/7/21 - 14:00:16] George Reginald has edited DoorID 6's Interior.
[2021/7/21 - 19:12:14] George Reginald has edited DoorID 2's Interior.
[2021/7/21 - 19:13:24] George Reginald has edited DoorID 1's Interior.
[2021/7/21 - 19:14:47] George Reginald has edited DoorID 12's Exterior.
[2021/7/21 - 19:14:55] George Reginald has edited door ID 12's name to Police Station.
[2021/7/21 - 19:15:31] George Reginald has edited DoorID 12's Interior.
[2021/7/21 - 19:15:36] George Reginald has edited door ID 12's name to Station.
[2021/7/21 - 19:15:55] George Reginald has edited door ID 1's name to Los Santos Police Station.
[2021/7/21 - 19:43:59] George Reginald has deleted DoorID 6.
[2021/7/21 - 19:44:01] George Reginald has deleted DoorID 7.
[2021/7/22 - 3:20:47] Miles Nguyen has edited DoorID 2's Interior.
[2021/7/22 - 5:59:12] George Reginald has edited DoorID 3's Interior.
[2021/7/22 - 9:47:04] Vixx has edited DoorID 3's Interior.
[2021/7/22 - 9:47:06] Vixx has edited DoorID 2's Interior.
[2021/7/22 - 9:47:10] Vixx has edited DoorID 3's Interior.
[2021/7/22 - 9:47:31] Vixx has edited DoorID 2's Interior.
[2021/7/22 - 17:03:36] George Reginald has edited DoorID 1's Interior.
[2021/7/22 - 17:04:22] George Reginald has edited DoorID 2's Interior.
[2021/7/22 - 17:05:08] George Reginald has edited DoorID 3's Interior.
[2021/7/22 - 17:32:13] George Reginald has edited DoorID 12's Exterior.
[2021/7/22 - 17:32:18] George Reginald has edited door ID 12's name to Station.
[2021/7/22 - 17:32:44] George Reginald has edited DoorID 12's Interior.
[2021/7/23 - 9:50:35] Miles has deleted DoorID 10.
[2021/7/23 - 18:58:00] Miles has deleted DoorID 7.
[2021/7/23 - 18:58:19] Miles has deleted DoorID 6.
[2021/7/24 - 18:59:10] George Reginald has edited door ID 12's name to Office Entrance.
[2021/8/2 - 11:36:08] LSG RP has edited DoorID 3's Exterior.
[2021/8/2 - 11:36:21] LSG RP has edited DoorID 3's CustomInterior.
[2021/8/2 - 11:36:24] LSG RP has edited DoorID 3's CustomExterior.
[2021/8/2 - 11:37:36] LSG RP has edited DoorID 3's Interior.
[2021/8/2 - 11:37:45] LSG RP has edited DoorID 3's Interior.
[2021/8/2 - 11:37:54] LSG RP has edited DoorID 3's Exterior.
[2021/8/2 - 11:38:01] LSG RP has edited DoorID 3's Exterior.
[2021/8/2 - 11:38:07] LSG RP has edited DoorID 3's Interior.
[2021/8/2 - 11:39:35] LSG RP has edited door ID 3's name to AAAAA.
[2021/8/2 - 11:39:39] LSG RP has deleted DoorID 3.
[2021/8/2 - 12:54:15] co rich has deleted DoorID 12.
[2021/8/3 - 15:22:20] LSG RP has edited DoorID 2's Interior.
[2021/8/3 - 15:25:06] LSG RP has edited DoorID 1's Interior.
[2021/8/3 - 21:53:22] LSG RP has edited DoorID 10's Interior.
[2021/8/6 - 13:30:11] LSG RP has edited DoorID 3's Exterior.
[2021/8/6 - 13:30:23] LSG RP has edited door ID 3's name to Shop sieu xe.
[2021/8/6 - 13:34:11] LSG RP has edited DoorID 3's Interior.
[2021/8/6 - 13:34:20] LSG RP has edited DoorID 3's CustomInterior.
[2021/8/6 - 13:34:22] LSG RP has edited DoorID 3's CustomExterior.
[2021/8/6 - 13:41:58] LSG RP has edited DoorID 3's Faction.
[2021/8/6 - 13:42:06] LSG RP has edited DoorID 10's Faction.
[2021/8/6 - 14:09:46] Chiu Linh has edited DoorID 12's Exterior.
[2021/8/6 - 14:10:26] Chiu Linh has edited DoorID 12's Interior.
[2021/8/6 - 14:10:34] Chiu Linh has edited DoorID 12's Interior.
[2021/8/6 - 14:10:46] Chiu Linh has edited DoorID 12's Exterior.
[2021/8/6 - 14:11:00] Chiu Linh has edited DoorID 12's Interior.
[2021/8/7 - 0:31:24] Huy 2k8 has edited DoorID 3's Exterior.
[2021/8/7 - 0:31:33] Huy 2k8 has edited door ID 3's name to Garage pro vjp.
[2021/8/7 - 0:31:37] Huy 2k8 has edited door ID 3's name to Garage Sieu Xe.
[2021/8/7 - 0:31:49] Huy 2k8 has edited DoorID 3's Interior.
[2021/8/7 - 0:32:05] Huy 2k8 has edited DoorID 30's Faction.
[2021/8/7 - 0:32:06] Huy 2k8 has edited DoorID 3's Faction.
[2021/8/7 - 20:20:11] Huy 2k8 has edited DoorID 4's Interior.
[2021/8/9 - 2:48:52] Huy 2k8 has edited DoorID 6's Exterior.
[2021/8/9 - 2:48:56] Huy 2k8 has edited DoorID 6's Exterior.
[2021/8/9 - 3:17:59] Huy 2k8 has edited DoorID 6's Exterior.
[2021/8/13 - 22:19:12] CL 22 has edited DoorID 8's PickupModel.
[2021/8/13 - 22:19:17] CL 22 has edited DoorID 0's PickupModel.
[2021/8/13 - 22:19:18] CL 22 has edited DoorID 1's PickupModel.
[2021/8/13 - 22:19:22] CL 22 has edited DoorID 2's PickupModel.
[2021/8/13 - 22:19:33] CL 22 has edited DoorID 8's PickupModel.
[2021/8/13 - 22:19:36] CL 22 has edited DoorID 8's PickupModel.
[2021/8/13 - 22:19:37] CL 22 has edited DoorID 8's PickupModel.
[2021/8/13 - 22:19:41] CL 22 has edited DoorID 8's PickupModel.
[2021/8/13 - 22:19:44] CL 22 has edited DoorID 8's PickupModel.
[2021/8/13 - 22:19:48] CL 22 has edited DoorID 8's PickupModel.
[2021/8/13 - 22:19:51] CL 22 has edited DoorID 8's PickupModel.
[2021/8/13 - 22:19:53] CL 22 has edited DoorID 8's PickupModel.
[2021/8/13 - 22:19:54] CL 22 has edited DoorID 8's PickupModel.
[2021/8/13 - 22:19:56] CL 22 has edited DoorID 8's PickupModel.
[2021/8/13 - 22:20:02] CL 22 has edited DoorID 8's PickupModel.
[2021/8/13 - 22:20:06] CL 22 has edited DoorID 8's PickupModel.
[2021/8/13 - 22:20:08] CL 22 has edited DoorID 8's PickupModel.
[2021/8/13 - 22:20:11] CL 22 has edited DoorID 8's PickupModel.
[2021/8/13 - 22:20:21] CL 22 has edited DoorID 8's PickupModel.
[2021/8/13 - 22:20:24] CL 22 has edited DoorID 8's PickupModel.
[2021/8/13 - 22:20:28] CL 22 has edited DoorID 8's PickupModel.
[2021/8/13 - 22:20:48] CL 22 has edited DoorID 8's PickupModel.
[2021/8/13 - 22:20:51] CL 22 has edited DoorID 8's PickupModel.
[2021/8/13 - 22:20:54] CL 22 has edited DoorID 8's PickupModel.
[2021/8/13 - 22:21:46] CL 22 has edited DoorID 8's Exterior.
[2021/8/13 - 22:29:12] CL 22 has edited DoorID 2's PickupModel.
[2021/8/13 - 22:29:15] CL 22 has edited DoorID 2's PickupModel.
[2021/8/13 - 22:29:16] CL 22 has edited DoorID 2's PickupModel.
[2021/8/13 - 22:29:19] CL 22 has edited DoorID 2's PickupModel.
[2021/8/13 - 22:29:20] CL 22 has edited DoorID 2's PickupModel.
[2021/8/13 - 22:29:22] CL 22 has edited DoorID 2's PickupModel.
[2021/8/13 - 22:29:26] CL 22 has edited DoorID 2's PickupModel.
[2021/8/13 - 22:29:27] CL 22 has edited DoorID 2's PickupModel.
[2021/8/13 - 22:29:30] CL 22 has edited DoorID 2's PickupModel.
[2021/8/13 - 22:30:03] CL 22 has edited DoorID 2's Exterior.
[2021/8/13 - 22:32:58] CL 22 has edited DoorID 2's PickupModel.
[2021/8/13 - 22:33:10] CL 22 has edited DoorID 2's PickupModel.
[2021/8/13 - 22:33:14] CL 22 has edited DoorID 2's PickupModel.
[2021/8/15 - 20:39:29] Quang Huy has edited DoorID 12's Exterior.
[2021/8/15 - 20:39:42] Quang Huy has edited DoorID 12's Interior.
[2021/8/15 - 20:39:49] Quang Huy has edited DoorID 12's CustomInterior.
[2021/8/15 - 20:40:03] Quang Huy has edited DoorID 12's Exterior.
[2021/8/15 - 20:40:08] Quang Huy has edited door ID 12's name to DMV.
[2021/8/15 - 20:40:20] Quang Huy has edited DoorID 12's type.
[2021/8/15 - 20:40:33] Quang Huy has edited DoorID 12's Faction.
[2021/8/22 - 20:53:02] Awery Weedie has edited DoorID 14's Exterior.
[2021/8/22 - 20:58:46] Awery Weedie has edited DoorID 14's Interior.
[2021/8/22 - 20:59:16] Awery Weedie has edited door ID 14's name to Crips Gangster.
[2021/8/23 - 3:45:24] Quang Huy has edited DoorID 13's VehicleAble.
[2021/8/24 - 19:31:35] Quang Huy has edited DoorID 8's Interior.
[2021/8/24 - 21:19:31] Co Rich has edited DoorID 15's Exterior.
[2021/8/24 - 21:21:00] Co Rich has edited door ID 15's name to HQ -CAYBONG.
[2021/8/24 - 21:21:05] Co Rich has edited door ID 15's name to HQ -CAY BONG GANG.
[2021/8/24 - 21:21:43] Co Rich has edited DoorID 15's Interior.
[2021/8/24 - 21:21:57] Co Rich has edited DoorID 15's Interior.
[2021/8/24 - 21:22:15] Co Rich has edited DoorID 15's type.
[2021/8/24 - 21:22:19] Co Rich has edited door ID 15's owner to Rowan Atkinson (SQL ID: 1356).
[2021/8/27 - 15:46:05] Quang Huy has edited DoorID 11's Interior.
[2021/8/27 - 15:46:59] Quang Huy has edited DoorID 11's Interior.
[2021/12/27 - 11:04:53] Cycool has edited DoorID 16's Exterior.
[2021/12/27 - 11:05:00] Cycool has edited door ID 16's name to THI BANG LAI XE.
[2021/12/27 - 11:05:42] Cycool has edited DoorID 16's Interior.
[2021/12/27 - 11:05:45] Cycool has edited DoorID 16's CustomInterior.
[2021/12/27 - 11:05:46] Cycool has edited DoorID 16's CustomInterior.
[2021/12/27 - 18:33:18] Miles Nguyen has edited DoorID 18's Exterior.
[2021/12/27 - 18:45:00] Miles Nguyen has edited DoorID 18's Interior.
[2021/12/27 - 18:45:41] Miles Nguyen has edited door ID 18's name to Quan Bar Cua Nguyen Thanh Vi Kinh Tang!!!!.
[2021/12/27 - 18:52:54] Miles Nguyen has edited DoorID 18's PickupModel.
[2021/12/27 - 18:53:06] Miles Nguyen has edited DoorID 18's PickupModel.
[2021/12/27 - 18:53:12] Miles Nguyen has edited DoorID 18's PickupModel.
[2021/12/27 - 18:53:17] Miles Nguyen has edited DoorID 18's PickupModel.
[2021/12/27 - 18:53:22] Miles Nguyen has edited DoorID 18's PickupModel.
[2021/12/27 - 18:53:28] Miles Nguyen has edited DoorID 18's PickupModel.
[2021/12/27 - 18:53:36] Miles Nguyen has edited DoorID 18's PickupModel.
[2021/12/27 - 18:53:41] Miles Nguyen has edited DoorID 18's PickupModel.
[2021/12/27 - 18:53:47] Miles Nguyen has edited DoorID 18's PickupModel.
[2021/12/27 - 18:53:52] Miles Nguyen has edited DoorID 18's PickupModel.
[2021/12/27 - 18:54:17] Miles Nguyen has edited DoorID 18's PickupModel.
[2021/12/30 - 12:39:20] Lady Killer has edited DoorID 17's Exterior.
[2021/12/30 - 12:40:45] Lady Killer has edited DoorID 17's Interior.
[2021/12/30 - 12:41:15] Lady Killer has edited door ID 17's name to Loi vao.
[2022/9/18 - 2:04:24] Xanh Chi Lon has edited door ID 0's name to Vip Xanh Chi Lon.
[2022/9/18 - 2:11:11] Xanh Chi Lon has edited DoorID 13's VehicleAble.
[2022/9/18 - 2:11:19] Xanh Chi Lon has edited DoorID 13's VehicleAble.
[2022/9/18 - 2:11:30] Xanh Chi Lon has edited DoorID 13's VehicleAble.
[2022/9/18 - 7:18:54] Pandaz S has edited door ID 0's name to VIP LS.
[2023/5/26 - 22:00:37] diminuto has edited DoorID 18's Exterior.
[2023/5/26 - 22:00:40] diminuto has edited DoorID 18's Exterior.
[2023/5/26 - 22:01:03] diminuto has edited door ID 18's name to [18] /n Phong Lam Viec.
[2023/5/26 - 22:01:10] diminuto has edited door ID 18's name to [18] Phong Lam Viec.
[2023/5/26 - 22:01:25] diminuto has edited DoorID 18's Group Type to 1.
[2023/5/26 - 22:01:30] diminuto has edited DoorID 18's Faction.
[2023/5/26 - 22:01:35] diminuto has edited DoorID 18's type.
[2023/5/26 - 22:02:02] diminuto has edited DoorID 18's Group Type to 1.
[2023/5/26 - 22:02:07] diminuto has edited DoorID 18's Group Type to 2.
[2023/5/26 - 22:02:12] diminuto has edited DoorID 18's Faction.
[2023/5/26 - 22:02:27] diminuto has edited DoorID 18's Interior.
[2023/5/26 - 22:02:48] diminuto has edited DoorID 18's Admin Level.
[2023/5/26 - 22:02:56] diminuto has edited DoorID 18's Family.
[2023/5/26 - 22:02:59] diminuto has edited DoorID 18's Family.
[2023/5/26 - 22:03:03] diminuto has edited DoorID 18's Family.
[2023/5/26 - 22:03:07] diminuto has edited DoorID 18's Family.
[2023/5/26 - 22:03:18] diminuto has edited DoorID 18's Faction.
[2023/5/26 - 22:03:21] diminuto has edited DoorID 18's Faction.
[2023/5/26 - 22:03:24] diminuto has edited DoorID 18's Faction.
[2023/5/26 - 22:03:39] diminuto has edited DoorID 18's Group Type to -1.
[2023/5/27 - 11:32:36] diminuto has deleted DoorID 13.
[2023/5/28 - 20:07:00] Diminuto has edited DoorID 2's Exterior.
[2023/5/28 - 20:07:10] Diminuto has edited DoorID 11's Exterior.
[2023/5/30 - 12:32:58] Diminuto has edited DoorID 17's Exterior.
[2023/5/30 - 12:33:00] Diminuto has edited DoorID 17's Exterior.
[2023/5/30 - 12:33:18] Diminuto has edited DoorID 17's Interior.
[2023/5/30 - 20:45:14] Diminuto has edited DoorID 2's Interior.
[2023/5/30 - 20:45:32] Diminuto has edited DoorID 2's Interior.
[2023/6/3 - 8:55:27] NHT has edited DoorID 6's Exterior.
[2023/6/3 - 8:55:38] NHT has edited DoorID 6's Exterior.
[2023/6/3 - 8:55:55] NHT has edited DoorID 6's Interior.
[2023/6/5 - 19:14:19] Diminuto Edwards has edited DoorID 13's Exterior.
[2023/6/5 - 19:14:41] Diminuto Edwards has edited DoorID 13's PickupModel.
[2023/6/5 - 19:14:44] Diminuto Edwards has edited DoorID 13's PickupModel.
[2023/6/5 - 19:14:46] Diminuto Edwards has edited DoorID 13's PickupModel.
[2023/6/5 - 19:14:48] Diminuto Edwards has edited DoorID 13's PickupModel.
[2023/6/5 - 19:14:50] Diminuto Edwards has edited DoorID 13's PickupModel.
[2023/6/5 - 19:14:53] Diminuto Edwards has edited DoorID 13's PickupModel.
[2023/6/5 - 19:14:55] Diminuto Edwards has edited DoorID 13's PickupModel.
[2023/6/5 - 19:14:57] Diminuto Edwards has edited DoorID 13's PickupModel.
[2023/6/5 - 19:15:00] Diminuto Edwards has edited DoorID 13's PickupModel.
[2023/6/5 - 19:15:02] Diminuto Edwards has edited DoorID 13's PickupModel.
[2023/6/5 - 19:15:04] Diminuto Edwards has edited DoorID 13's PickupModel.
[2023/6/5 - 19:15:08] Diminuto Edwards has edited DoorID 13's PickupModel.
[2023/6/5 - 19:15:16] Diminuto Edwards has edited door ID 13's name to Blood Gang.
[2023/6/5 - 19:15:22] Diminuto Edwards has edited door ID 13's name to Hood Blood Gang.
[2023/6/5 - 19:15:32] Diminuto Edwards has edited DoorID 13's Family.
[2023/6/5 - 19:15:39] Diminuto Edwards has edited DoorID 13's Family.
[2023/6/5 - 19:15:44] Diminuto Edwards has edited DoorID 13's Family.
[2023/6/5 - 19:15:47] Diminuto Edwards has edited DoorID 13's type.
[2023/6/5 - 19:15:52] Diminuto Edwards has edited DoorID 13's Family.
[2023/6/5 - 19:15:55] Diminuto Edwards has edited DoorID 13's type.
[2023/6/5 - 19:16:04] Diminuto Edwards has edited DoorID 13's Faction.
[2023/6/5 - 19:17:15] Diminuto Edwards has edited DoorID 13's Interior.
[2023/6/5 - 19:17:27] Diminuto Edwards has edited DoorID 13's CustomInterior.
[2023/6/5 - 19:18:17] Diminuto Edwards has edited DoorID 13's Family.
[2023/6/5 - 19:57:32] NHT has deleted DoorID 5.
[2023/6/7 - 3:39:57] Diminuto has edited DoorID 2's Exterior.
[2023/6/7 - 3:40:00] Diminuto has edited DoorID 2's Exterior.
[2023/6/7 - 3:40:13] Diminuto has edited door ID 2's name to Khu Lam Viec medic.
[2023/6/7 - 3:40:15] Diminuto has edited door ID 2's name to Khu Lam Viec Medic.
[2023/6/7 - 3:40:38] Diminuto has edited DoorID 2's Faction.
[2023/6/7 - 3:40:45] Diminuto has edited DoorID 2's Faction.
[2023/6/7 - 3:41:11] Diminuto has edited DoorID 2's CustomInterior.
[2023/6/7 - 3:41:18] Diminuto has edited DoorID 2's CustomExterior.
[2023/6/7 - 3:42:04] Diminuto has deleted DoorID 2.
[2023/6/7 - 20:47:34] Diminuto has deleted DoorID 11.
[2023/6/9 - 16:13:12] Diminuto has edited DoorID 2's Exterior.
[2023/6/9 - 16:13:29] Diminuto has edited DoorID 2's PickupModel.
[2023/6/9 - 16:13:31] Diminuto has edited DoorID 2's PickupModel.
[2023/6/9 - 16:13:35] Diminuto has edited DoorID 2's PickupModel.
[2023/6/9 - 16:13:37] Diminuto has edited DoorID 2's PickupModel.
[2023/6/9 - 16:13:40] Diminuto has edited DoorID 2's PickupModel.
[2023/6/9 - 16:13:47] Diminuto has edited DoorID 2's PickupModel.
[2023/6/9 - 16:13:51] Diminuto has edited DoorID 2's PickupModel.
[2023/6/9 - 16:13:55] Diminuto has edited DoorID 2's PickupModel.
[2023/6/9 - 16:13:59] Diminuto has edited DoorID 2's PickupModel.
[2023/6/9 - 16:14:04] Diminuto has edited DoorID 2's PickupModel.
[2023/6/9 - 16:14:07] Diminuto has edited DoorID 2's PickupModel.
[2023/6/9 - 16:14:52] Diminuto has edited door ID 2's name to Sicilia Mafia Hood.
[2023/6/9 - 16:15:35] Diminuto has edited DoorID 2's Faction.
[2023/6/9 - 16:16:28] Diminuto has edited DoorID 2's Interior.
[2023/6/9 - 16:16:35] Diminuto has edited DoorID 2's Family.
[2023/6/9 - 16:16:43] Diminuto has edited DoorID 2's Family.
[2023/6/9 - 16:16:46] Diminuto has edited DoorID 2's Family.
[2023/6/9 - 16:18:04] Diminuto has edited DoorID 2's Interior.
[2023/9/15 - 11:59:37] Diminuto has edited DoorID 1's Interior.
[2023/9/15 - 12:03:13] Diminuto has edited DoorID 6's Interior.
[2023/9/15 - 12:11:30] Diminuto has edited DoorID 16's Interior.
[2023/9/15 - 12:11:40] Diminuto has edited DoorID 16's Exterior.
[2023/9/15 - 12:11:59] Diminuto has edited DoorID 16's Interior.
[2023/9/15 - 12:12:21] Diminuto has edited DoorID 16's CustomInterior.
[2023/9/15 - 12:12:26] Diminuto has edited DoorID 16's CustomExterior.
[2023/9/15 - 12:13:09] Diminuto has edited DoorID 10's Exterior.
[2023/9/15 - 12:13:45] Diminuto has edited DoorID 10's Interior.
