[2021/2/21 - 0:20:56] ntv pool has edited DV Slot 2 - 114 delete.
[2021/2/21 - 0:21:19] ntv pool has edited DV Slot 1 - 113 delete.
[2021/2/21 - 0:21:45] ntv pool has edited DV Slot 5 - 117 delete.
[2021/2/21 - 0:21:49] ntv pool has edited DV Slot 4 - 116 delete.
[2021/2/21 - 0:21:52] ntv pool has edited DV Slot 3 - 115 delete.
[2021/7/6 - 22:40:45] Ntv Ntv has created a dynamic vehicle.
[2021/7/6 - 22:40:49] Ntv Ntv has created a dynamic vehicle.
[2021/7/6 - 22:40:51] Ntv Ntv has created a dynamic vehicle.
[2021/7/6 - 22:40:58] Ntv Ntv has created a dynamic vehicle.
[2021/7/6 - 22:40:59] Ntv Ntv has created a dynamic vehicle.
[2021/7/6 - 22:41:40] Ntv Ntv has created a dynamic vehicle.
[2021/7/6 - 22:41:46] Ntv Ntv has created a dynamic vehicle.
[2021/7/6 - 22:41:47] Ntv Ntv has created a dynamic vehicle.
[2021/7/6 - 22:41:48] Ntv Ntv has created a dynamic vehicle.
[2021/7/22 - 4:57:34] George Reginald has edited DV Slot 75 - 112 delete.
[2021/7/23 - 11:59:47] Anthony Pham has edited DV Slot 64 - 26 delete.
[2021/7/23 - 20:44:35] Anthony Pham has created a dynamic vehicle.
[2021/7/23 - 20:44:35] Anthony Pham's DV Creation query has returned - attempting to spawn vehicle - SQL ID 64
[2021/7/23 - 20:47:06] Anthony Pham has created a dynamic vehicle.
[2021/7/23 - 20:47:06] Anthony Pham's DV Creation query has returned - attempting to spawn vehicle - SQL ID 73
[2021/7/23 - 23:03:53] Anthony Pham has created a dynamic vehicle.
[2021/7/23 - 23:03:53] Anthony Pham's DV Creation query has returned - attempting to spawn vehicle - SQL ID 74
[2021/7/23 - 23:12:31] Anthony Pham has created a dynamic vehicle.
[2021/7/23 - 23:12:31] Anthony Pham's DV Creation query has returned - attempting to spawn vehicle - SQL ID 75
[2021/7/24 - 6:41:38] George Reginald has edited DV Slot 66 - 90 delete.
[2021/7/24 - 6:41:41] George Reginald has edited DV Slot 65 - 89 delete.
[2021/7/24 - 6:41:44] George Reginald has edited DV Slot 52 - 76 delete.
[2021/7/24 - 6:41:47] George Reginald has edited DV Slot 51 - 75 delete.
[2021/7/24 - 6:41:49] George Reginald has edited DV Slot 55 - 79 delete.
[2021/7/24 - 6:41:52] George Reginald has edited DV Slot 53 - 77 delete.
[2021/7/24 - 6:42:03] George Reginald has edited DV Slot 49 - 73 delete.
[2021/7/24 - 6:42:16] George Reginald has edited DV Slot 50 - 74 delete.
[2021/7/24 - 6:42:19] George Reginald has edited DV Slot 94 - 101 delete.
[2021/7/24 - 13:57:11] George Reginald has created a dynamic vehicle.
[2021/7/24 - 13:57:11] George Reginald's DV Creation query has returned - attempting to spawn vehicle - SQL ID 49
[2021/7/24 - 13:57:40] George Reginald has edited DV Slot 49 - 109 groupid 1.
[2021/7/24 - 13:57:50] George Reginald has edited DV Slot 49 - 109 objmodel 18646.
[2021/7/24 - 13:57:52] George Reginald has edited DV Slot 49 - 109 objmodel 18646 1.
[2021/7/24 - 13:58:03] George Reginald has edited DV Slot 49 - 109 ojz 0.7 1.
[2021/7/24 - 13:58:08] George Reginald has edited DV Slot 49 - 109 objz 0.7 1.
[2021/7/24 - 13:58:20] George Reginald has edited DV Slot 49 - 100 objz 0.8 1.
[2021/7/24 - 13:58:23] George Reginald has edited DV Slot 49 - 100 objz 0.9 1.
[2021/7/24 - 13:58:36] George Reginald has edited DV Slot 49 - 100 objy -0.7 1.
[2021/7/24 - 13:58:39] George Reginald has edited DV Slot 49 - 100 objy 0 1.
[2021/7/24 - 13:58:49] George Reginald has edited DV Slot 49 - 100 objx -0.6 1.
[2021/7/24 - 14:10:10] George Reginald has edited DV Slot 49 - 100 delete.
[2021/7/24 - 14:28:19] George Reginald has created a dynamic vehicle.
[2021/7/24 - 14:28:19] George Reginald's DV Creation query has returned - attempting to spawn vehicle - SQL ID 49
[2021/7/24 - 14:30:47] George Reginald has edited DV Slot 49 - 106 groupid 1.
[2021/7/24 - 14:30:56] George Reginald has edited DV Slot 49 - 106 maxhealth 3000.
[2021/7/24 - 14:31:02] George Reginald has edited DV Slot 57 - 80 maxhealth 3000.
[2021/7/24 - 18:37:44] George Reginald has edited DV Slot 80 - 92 delete.
[2021/7/24 - 18:37:54] George Reginald has created a dynamic vehicle.
[2021/7/24 - 18:37:54] George Reginald's DV Creation query has returned - attempting to spawn vehicle - SQL ID 50
[2021/7/24 - 18:38:00] George Reginald has edited DV Slot 50 - 92 groupid 1.
[2021/7/24 - 18:38:06] George Reginald has edited DV Slot 50 - 92 maxhealth 3000.
[2021/7/24 - 18:39:07] George Reginald has created a dynamic vehicle.
[2021/7/24 - 18:39:07] George Reginald's DV Creation query has returned - attempting to spawn vehicle - SQL ID 51
[2021/7/24 - 18:39:20] George Reginald has edited DV Slot 51 - 117 groupid 1.
[2021/7/24 - 18:39:24] George Reginald has edited DV Slot 51 - 117 maxhealth 3000.
[2021/8/3 - 20:38:38] LSG RP has edited DV Slot 79 - 86 delete.
[2021/8/6 - 13:16:22] LSG RP has created a dynamic vehicle.
[2021/8/6 - 13:16:22] LSG RP's DV Creation query has returned - attempting to spawn vehicle - SQL ID 79
[2021/8/6 - 13:16:35] LSG RP has edited DV Slot 79 - 98 delete.
[2021/8/7 - 0:37:14] co rich has created a dynamic vehicle.
[2021/8/7 - 0:37:14] co rich's DV Creation query has returned - attempting to spawn vehicle - SQL ID 79
[2021/8/7 - 0:38:43] co rich has edited DV Slot 79 - 103 delete.
[2021/8/7 - 20:45:57] Huy 2k8 has created a dynamic vehicle.
[2021/8/7 - 20:45:57] Huy 2k8's DV Creation query has returned - attempting to spawn vehicle - SQL ID 79
[2021/8/7 - 20:46:06] Huy 2k8 has edited DV Slot 79 - 109 delete.
[2021/8/13 - 19:38:26] Co rich has created a dynamic vehicle.
[2021/8/13 - 19:38:26] Co rich's DV Creation query has returned - attempting to spawn vehicle - SQL ID 79
[2021/8/13 - 19:51:01] Co rich has edited DV Slot 79 - 111 objectmodel 2935.
[2021/8/13 - 19:51:02] Co rich has edited DV Slot 79 - 111 objectmodel 2935 1.
[2021/8/13 - 19:51:08] Co rich has edited DV Slot 79 - 111 objectmodel 2935 1.
[2021/8/13 - 19:51:28] Co rich has edited DV Slot 79 - 111 objmodel 2935 1.
[2021/8/13 - 19:51:42] Co rich has edited DV Slot 79 - 111 ox 1 1.
[2021/8/13 - 19:51:47] Co rich has edited DV Slot 79 - 111 objx 1 1.
[2021/8/13 - 19:51:50] Co rich has edited DV Slot 79 - 111 objz 1 1.
[2021/8/13 - 19:52:05] Co rich has edited DV Slot 79 - 111 objx 0 1.
[2021/8/13 - 19:52:09] Co rich has edited DV Slot 79 - 111 objy -1 1.
[2021/8/13 - 19:52:16] Co rich has edited DV Slot 79 - 111 objy -1.2 1.
[2021/8/13 - 19:52:25] Co rich has edited DV Slot 79 - 111 objz 1.1 1.
[2021/8/13 - 23:10:23] Quang Huy has edited DV Slot 19 - 64 delete.
[2021/8/21 - 20:37:27] Quang Huy has edited DV Slot 77 - 89 delete.
[2021/8/21 - 20:37:32] Quang Huy has edited DV Slot 71 - 87 delete.
[2021/8/21 - 20:37:34] Quang Huy has edited DV Slot 70 - 86 delete.
[2021/8/21 - 20:37:37] Quang Huy has edited DV Slot 55 - 79 delete.
[2021/8/21 - 20:37:41] Quang Huy has edited DV Slot 65 - 82 delete.
[2021/8/21 - 20:37:44] Quang Huy has edited DV Slot 66 - 83 delete.
[2021/8/21 - 20:37:50] Quang Huy has edited DV Slot 80 - 90 delete.
[2021/8/21 - 23:40:46] Quang Huy has created a dynamic vehicle.
[2021/8/21 - 23:40:46] Quang Huy's DV Creation query has returned - attempting to spawn vehicle - SQL ID 19
[2021/8/21 - 23:41:03] Quang Huy has created a dynamic vehicle.
[2021/8/21 - 23:41:03] Quang Huy's DV Creation query has returned - attempting to spawn vehicle - SQL ID 55
[2021/8/21 - 23:41:18] Quang Huy has created a dynamic vehicle.
[2021/8/21 - 23:41:18] Quang Huy's DV Creation query has returned - attempting to spawn vehicle - SQL ID 65
[2021/8/21 - 23:41:30] Quang Huy has created a dynamic vehicle.
[2021/8/21 - 23:41:30] Quang Huy's DV Creation query has returned - attempting to spawn vehicle - SQL ID 66
[2021/8/21 - 23:41:43] Quang Huy has created a dynamic vehicle.
[2021/8/21 - 23:41:43] Quang Huy's DV Creation query has returned - attempting to spawn vehicle - SQL ID 70
[2021/8/21 - 23:41:55] Quang Huy has created a dynamic vehicle.
[2021/8/21 - 23:41:55] Quang Huy's DV Creation query has returned - attempting to spawn vehicle - SQL ID 71
[2021/8/21 - 23:42:10] Quang Huy has created a dynamic vehicle.
[2021/8/21 - 23:42:10] Quang Huy's DV Creation query has returned - attempting to spawn vehicle - SQL ID 77
[2021/8/22 - 20:30:07] Quang Huy has edited DV Slot 35 - 64 delete.
[2021/8/23 - 0:54:09] Quang Huy has edited DV Slot 98 - 91 delete.
[2021/8/23 - 17:23:18] Quang Huy has edited DV Slot 34 - 63 delete.
[2021/8/24 - 13:01:46] Quang Huy has edited DV Slot 45 - 73 delete.
[2021/8/24 - 13:01:53] Quang Huy has edited DV Slot 31 - 60 delete.
[2021/8/24 - 13:01:55] Quang Huy has edited DV Slot 32 - 61 delete.
[2021/8/24 - 13:01:57] Quang Huy has edited DV Slot 53 - 76 delete.
[2021/8/24 - 13:02:00] Quang Huy has edited DV Slot 30 - 59 delete.
[2021/8/24 - 13:02:03] Quang Huy has edited DV Slot 28 - 58 delete.
[2021/8/24 - 13:02:06] Quang Huy has edited DV Slot 52 - 75 delete.
[2021/8/24 - 13:02:08] Quang Huy has edited DV Slot 37 - 65 delete.
[2021/8/24 - 20:37:48] co rit has created a dynamic vehicle.
[2021/8/24 - 20:37:48] co rit's DV Creation query has returned - attempting to spawn vehicle - SQL ID 28
[2021/8/24 - 20:38:12] co rit has edited DV Slot 28 - 76 groupid  3.
[2021/8/24 - 20:39:22] co rit has created a dynamic vehicle.
[2021/8/24 - 20:39:22] co rit's DV Creation query has returned - attempting to spawn vehicle - SQL ID 30
[2021/8/24 - 20:39:34] co rit has edited DV Slot 30 - 76 groupid 3.
[2021/8/24 - 20:39:40] co rit has edited DV Slot 30 - 76 maxhealth 3000.
[2021/8/24 - 20:40:15] co rit has created a dynamic vehicle.
[2021/8/24 - 20:40:15] co rit's DV Creation query has returned - attempting to spawn vehicle - SQL ID 31
[2021/8/24 - 20:40:21] co rit has edited DV Slot 31 - 76 maxhealth 3000.
[2021/8/24 - 20:40:23] co rit has edited DV Slot 31 - 76 groupid 3.
[2021/8/24 - 20:40:42] co rit has created a dynamic vehicle.
[2021/8/24 - 20:40:42] co rit's DV Creation query has returned - attempting to spawn vehicle - SQL ID 32
[2021/8/24 - 20:40:45] co rit has edited DV Slot 32 - 76 groupid 3.
[2021/8/24 - 20:44:24] co rit has edited DV Slot 32 - 76 delete.
[2021/8/24 - 20:45:41] co rit has created a dynamic vehicle.
[2021/8/24 - 20:45:41] co rit's DV Creation query has returned - attempting to spawn vehicle - SQL ID 32
[2021/8/24 - 21:17:26] Co Rich has created a dynamic vehicle.
[2021/8/24 - 21:17:26] Co Rich's DV Creation query has returned - attempting to spawn vehicle - SQL ID 34
[2021/8/24 - 21:17:53] Co Rich has edited DV Slot 34 - 74 family.
[2021/8/24 - 21:17:55] Co Rich has edited DV Slot 34 - 74 family 4.
[2021/8/24 - 21:18:00] Co Rich has edited DV Slot 34 - 74 family 3.
[2021/8/24 - 21:18:07] Co Rich has edited DV Slot 34 - 74 family 5.
[2021/8/24 - 21:18:20] Co Rich has edited DV Slot 34 - 74 delete.
[2021/8/24 - 21:18:31] Co Rich has created a dynamic vehicle.
[2021/8/24 - 21:18:31] Co Rich's DV Creation query has returned - attempting to spawn vehicle - SQL ID 34
[2021/8/24 - 21:18:45] Co Rich has edited DV Slot 34 - 74 family 4.
[2021/8/26 - 3:26:49] Quang Huy has created a dynamic vehicle.
[2021/8/26 - 3:26:49] Quang Huy's DV Creation query has returned - attempting to spawn vehicle - SQL ID 35
[2021/8/27 - 15:47:44] Quang Huy has created a dynamic vehicle.
[2021/8/27 - 15:47:44] Quang Huy's DV Creation query has returned - attempting to spawn vehicle - SQL ID 37
[2021/8/27 - 15:47:53] Quang Huy has edited DV Slot 37 - 87 groupid 8.
[2021/8/27 - 15:47:58] Quang Huy has edited DV Slot 37 - 87 groupid 9.
[2021/8/27 - 15:48:17] Quang Huy has edited DV Slot 37 - 87 maxhealth 2000.
[2021/8/27 - 15:48:31] Quang Huy has edited DV Slot 37 - 87 rank 3.
[2021/8/27 - 15:48:39] Quang Huy has created a dynamic vehicle.
[2021/8/27 - 15:48:39] Quang Huy's DV Creation query has returned - attempting to spawn vehicle - SQL ID 45
[2021/8/27 - 15:48:47] Quang Huy has edited DV Slot 45 - 88 maxhealth 2000.
[2021/8/27 - 15:48:51] Quang Huy has edited DV Slot 45 - 88 groupid 9.
[2021/8/29 - 22:01:31] Peter Jasonz has created a dynamic vehicle.
[2021/8/29 - 22:01:31] Peter Jasonz's DV Creation query has returned - attempting to spawn vehicle - SQL ID 52
[2021/8/29 - 22:10:10] Co Rich has edited DV Slot 52 - 93 delete.
[2021/8/29 - 22:27:49] Quang Huy has edited DV Slot 35 - 64 delete.
[2021/8/29 - 23:03:22] Con voicon has created a dynamic vehicle.
[2021/8/29 - 23:03:22] Con voicon's DV Creation query has returned - attempting to spawn vehicle - SQL ID 35
[2021/8/29 - 23:03:33] Con voicon has edited DV Slot 35 - 89 maxhealth 500.
[2021/8/30 - 17:46:03] Quang Huy has edited DV Slot 35 - 64 delete.
[2021/12/27 - 13:25:28] Franklin Roosevelt has created a dynamic vehicle.
[2021/12/27 - 13:25:28] Franklin Roosevelt's DV Creation query has returned - attempting to spawn vehicle - SQL ID 35
[2021/12/27 - 13:25:39] Franklin Roosevelt has edited DV Slot 35 - 96 groupid 1.
[2021/12/27 - 13:25:49] Franklin Roosevelt has edited DV Slot 35 - 96 maxhealth 2500.
[2021/12/27 - 13:27:47] Franklin Roosevelt has created a dynamic vehicle.
[2021/12/27 - 13:27:47] Franklin Roosevelt's DV Creation query has returned - attempting to spawn vehicle - SQL ID 52
[2021/12/27 - 13:28:02] Franklin Roosevelt has edited DV Slot 52 - 108 maxhealth 2500.
[2021/12/27 - 13:28:06] Franklin Roosevelt has edited DV Slot 52 - 108 groupid 1.
[2021/12/27 - 13:28:23] Franklin Roosevelt has created a dynamic vehicle.
[2021/12/27 - 13:28:23] Franklin Roosevelt's DV Creation query has returned - attempting to spawn vehicle - SQL ID 53
[2021/12/27 - 13:28:31] Franklin Roosevelt has edited DV Slot 53 - 108 maxhealth 2500.
[2021/12/27 - 13:28:36] Franklin Roosevelt has edited DV Slot 53 - 108 groupid 1.
[2021/12/27 - 13:29:24] Franklin Roosevelt has created a dynamic vehicle.
[2021/12/27 - 13:29:24] Franklin Roosevelt's DV Creation query has returned - attempting to spawn vehicle - SQL ID 79
[2021/12/27 - 13:29:35] Franklin Roosevelt has edited DV Slot 79 - 117 maxhealth 2500.
[2021/12/27 - 13:29:38] Franklin Roosevelt has edited DV Slot 79 - 117 groupid 1.
[2021/12/27 - 13:30:12] Franklin Roosevelt has edited DV Slot 79 - 117 divid 5.
[2021/12/27 - 13:30:21] Franklin Roosevelt has edited DV Slot 79 - 117 divid 2.
[2021/12/27 - 13:30:40] Franklin Roosevelt has created a dynamic vehicle.
[2021/12/27 - 13:30:40] Franklin Roosevelt's DV Creation query has returned - attempting to spawn vehicle - SQL ID 80
[2021/12/27 - 13:30:45] Franklin Roosevelt has edited DV Slot 80 - 119 delete.
[2021/12/27 - 13:30:48] Franklin Roosevelt has created a dynamic vehicle.
[2021/12/27 - 13:30:48] Franklin Roosevelt's DV Creation query has returned - attempting to spawn vehicle - SQL ID 80
[2021/12/27 - 13:31:05] Franklin Roosevelt has edited DV Slot 80 - 119 maxhealth 2500.
[2021/12/27 - 13:31:13] Franklin Roosevelt has edited DV Slot 80 - 119 divid 2.
[2021/12/27 - 13:31:36] Franklin Roosevelt has edited DV Slot 80 - 89 groupid 1.
[2021/12/27 - 17:01:23] Cycool has edited DV Slot 19 - 52 delete.
[2021/12/27 - 17:01:27] Cycool has edited DV Slot 55 - 78 delete.
[2021/12/27 - 17:01:32] Cycool has edited DV Slot 65 - 81 delete.
[2021/12/27 - 17:01:34] Cycool has edited DV Slot 66 - 82 delete.
[2021/12/27 - 17:01:38] Cycool has edited DV Slot 70 - 84 delete.
[2021/12/27 - 17:01:40] Cycool has edited DV Slot 77 - 88 delete.
[2021/12/29 - 11:29:31] Cris Pham has created a dynamic vehicle.
[2021/12/29 - 11:29:31] Cris Pham's DV Creation query has returned - attempting to spawn vehicle - SQL ID 19
[2021/12/29 - 11:30:06] Cris Pham has edited DV Slot 19 - 100 delete.
[2021/12/29 - 13:10:59] Cris Pham has created a dynamic vehicle.
[2021/12/29 - 13:10:59] Cris Pham's DV Creation query has returned - attempting to spawn vehicle - SQL ID 19
[2021/12/29 - 13:12:03] Cris Pham has edited DV Slot 19 - 44 groupid 3.
[2021/12/29 - 13:12:09] Cris Pham has edited DV Slot 19 - 44 groupid 3.
[2022/9/18 - 1:45:24] Si Si dz has created a dynamic vehicle.
[2022/9/18 - 1:45:24] Si Si dz's DV Creation query has returned - attempting to spawn vehicle - SQL ID 35
[2022/9/18 - 1:45:31] Si Si dz has created a dynamic vehicle.
[2022/9/18 - 1:45:31] Si Si dz's DV Creation query has returned - attempting to spawn vehicle - SQL ID 52
[2022/11/27 - 8:38:51] Reff D has created a dynamic vehicle.
[2022/11/27 - 8:38:51] Reff D's DV Creation query has returned - attempting to spawn vehicle - SQL ID 215
[2022/11/27 - 8:40:32] Reff D has edited DV Slot 215 - 36 maxhealth 3000.
[2022/11/27 - 8:40:38] Reff D has edited DV Slot 215 - 36 groupid 1.
[2023/5/22 - 21:36:03] Pandaz Edwards has edited DV Slot 197 - 184 delete.
[2023/5/22 - 21:36:05] Pandaz Edwards has edited DV Slot 196 - 183 delete.
[2023/5/22 - 21:36:09] Pandaz Edwards has edited DV Slot 195 - 182 delete.
[2023/5/22 - 21:36:11] Pandaz Edwards has edited DV Slot 194 - 181 delete.
[2023/5/22 - 21:36:21] Pandaz Edwards has edited DV Slot 76 - 72 delete.
[2023/5/22 - 21:36:24] Pandaz Edwards has edited DV Slot 14 - 32 delete.
[2023/5/22 - 21:36:28] Pandaz Edwards has edited DV Slot 188 - 175 delete.
[2023/5/22 - 21:36:29] Tu Le has edited DV Slot 113 - 104 delete.
[2023/5/22 - 21:36:31] Pandaz Edwards has edited DV Slot 182 - 169 delete.
[2023/5/22 - 21:36:33] Tu Le has edited DV Slot 112 - 103 delete.
[2023/5/22 - 21:36:35] Khang Nguyen has edited DV Slot 22 - 39 delete.
[2023/5/22 - 21:36:35] Pandaz Edwards has edited DV Slot 106 - 97 delete.
[2023/5/22 - 21:36:37] Tu Le has edited DV Slot 111 - 102 delete.
[2023/5/22 - 21:36:38] Pandaz Edwards has edited DV Slot 193 - 180 delete.
[2023/5/22 - 21:36:40] Pandaz Edwards has edited DV Slot 107 - 98 delete.
[2023/5/22 - 21:36:41] Khang Nguyen has edited DV Slot 110 - 101 delete.
[2023/5/22 - 21:36:42] Pandaz Edwards has edited DV Slot 192 - 179 delete.
[2023/5/22 - 21:36:47] Pandaz Edwards has edited DV Slot 132 - 122 delete.
[2023/5/22 - 21:36:47] Khang Nguyen has edited DV Slot 201 - 188 delete.
[2023/5/22 - 21:36:50] Pandaz Edwards has edited DV Slot 133 - 123 delete.
[2023/5/22 - 21:36:51] Khang Nguyen has edited DV Slot 109 - 32 delete.
[2023/5/22 - 21:36:53] Tu Le has edited DV Slot 126 - 116 delete.
[2023/5/22 - 21:36:57] Tu Le has edited DV Slot 125 - 115 delete.
[2023/5/22 - 21:37:00] Khang Nguyen has edited DV Slot 21 - 38 delete.
[2023/5/22 - 21:37:00] Tu Le has edited DV Slot 115 - 106 delete.
[2023/5/22 - 21:37:02] Tu Le has edited DV Slot 114 - 105 delete.
[2023/5/22 - 21:37:05] Khang Nguyen has edited DV Slot 108 - 99 delete.
[2023/5/22 - 21:37:09] Tu Le has edited DV Slot 199 - 186 delete.
[2023/5/22 - 21:37:38] Khang Nguyen has edited DV Slot 98 - 89 delete.
[2023/5/22 - 21:37:47] Khang Nguyen has edited DV Slot 20 - 37 delete.
[2023/5/22 - 21:37:54] Khang Nguyen has edited DV Slot 191 - 178 delete.
[2023/5/22 - 21:37:59] Khang Nguyen has edited DV Slot 190 - 177 delete.
[2023/5/22 - 21:38:03] Khang Nguyen has edited DV Slot 189 - 176 delete.
[2023/5/22 - 21:38:23] Khang Nguyen has edited DV Slot 91 - 84 delete.
[2023/5/22 - 21:38:38] Khang Nguyen has edited DV Slot 80 - 76 delete.
[2023/5/22 - 21:38:45] Khang Nguyen has edited DV Slot 79 - 75 delete.
[2023/5/22 - 21:38:50] Khang Nguyen has edited DV Slot 18 - 35 delete.
[2023/5/22 - 21:38:58] Khang Nguyen has edited DV Slot 16 - 34 delete.
[2023/5/22 - 21:39:04] Khang Nguyen has edited DV Slot 78 - 74 delete.
[2023/5/22 - 21:39:10] Khang Nguyen has edited DV Slot 186 - 173 delete.
[2023/5/22 - 21:39:16] Khang Nguyen has edited DV Slot 53 - 61 delete.
[2023/5/22 - 21:39:31] Khang Nguyen has edited DV Slot 131 - 121 delete.
[2023/5/22 - 21:39:37] Khang Nguyen has edited DV Slot 172 - 159 delete.
[2023/5/22 - 21:39:40] Khang Nguyen has edited DV Slot 173 - 160 delete.
[2023/5/22 - 21:39:46] Khang Nguyen has edited DV Slot 174 - 161 delete.
[2023/5/22 - 21:39:54] Khang Nguyen has edited DV Slot 35 - 48 delete.
[2023/5/22 - 21:40:19] Khang Nguyen has edited DV Slot 181 - 168 delete.
[2023/5/22 - 21:40:24] Khang Nguyen has edited DV Slot 73 - 70 delete.
[2023/5/22 - 21:40:33] Khang Nguyen has edited DV Slot 183 - 170 delete.
[2023/5/22 - 21:40:38] Khang Nguyen has edited DV Slot 184 - 171 delete.
[2023/5/22 - 21:40:43] Khang Nguyen has edited DV Slot 15 - 33 delete.
[2023/5/22 - 21:40:48] Khang Nguyen has edited DV Slot 185 - 172 delete.
[2023/5/22 - 21:41:32] Khang Nguyen has edited DV Slot 198 - 185 delete.
[2023/5/22 - 21:42:04] Khang Nguyen has edited DV Slot 90 - 83 delete.
[2023/5/22 - 21:42:12] Khang Nguyen has edited DV Slot 82 - 78 delete.
[2023/5/22 - 21:42:39] Khang Nguyen has edited DV Slot 13 - 31 delete.
[2023/5/22 - 21:45:33] Khang Nguyen has created a dynamic vehicle.
[2023/5/22 - 21:45:33] Khang Nguyen's DV Creation query has returned - attempting to spawn vehicle - SQL ID 13
[2023/5/22 - 21:46:12] Khang Nguyen has edited DV Slot 13 - 31 delete.
[2023/5/22 - 21:46:37] Khang Nguyen has created a dynamic vehicle.
[2023/5/22 - 21:46:37] Khang Nguyen's DV Creation query has returned - attempting to spawn vehicle - SQL ID 13
[2023/5/22 - 21:46:47] Khang Nguyen has edited DV Slot 13 - 31 delete.
[2023/5/22 - 21:46:55] Khang Nguyen has created a dynamic vehicle.
[2023/5/22 - 21:46:55] Khang Nguyen's DV Creation query has returned - attempting to spawn vehicle - SQL ID 13
[2023/5/22 - 21:47:35] Khang Nguyen has edited DV Slot 13 - 31 Groupid 1.
[2023/5/22 - 21:47:51] Khang Nguyen has edited DV Slot 13 - 31 Groupid 1.
[2023/5/22 - 21:51:37] Khang Nguyen has edited DV Slot 13 - 31 maxhealth 2000.
[2023/5/22 - 21:52:25] Khang Nguyen has created a dynamic vehicle.
[2023/5/22 - 21:52:25] Khang Nguyen's DV Creation query has returned - attempting to spawn vehicle - SQL ID 14
[2023/5/22 - 21:52:42] Khang Nguyen has edited DV Slot 14 - 115 Groupid 1.
[2023/5/22 - 21:54:13] Khang Nguyen has created a dynamic vehicle.
[2023/5/22 - 21:54:13] Khang Nguyen's DV Creation query has returned - attempting to spawn vehicle - SQL ID 15
[2023/5/22 - 21:54:23] Khang Nguyen has edited DV Slot 15 - 117 Groupid 1.
[2023/5/22 - 21:55:21] Khang Nguyen has edited DV Slot 202 - 103 delete.
[2023/5/22 - 21:55:25] Khang Nguyen has edited DV Slot 204 - 104 delete.
[2023/5/22 - 21:55:40] Khang Nguyen has edited DV Slot 212 - 111 delete.
[2023/5/22 - 21:55:46] Khang Nguyen has edited DV Slot 129 - 79 delete.
[2023/5/22 - 21:55:51] Khang Nguyen has edited DV Slot 130 - 81 delete.
[2023/5/22 - 21:55:59] Khang Nguyen has edited DV Slot 119 - 61 delete.
[2023/5/22 - 21:56:03] Khang Nguyen has edited DV Slot 123 - 74 delete.
[2023/5/22 - 21:56:07] Khang Nguyen has edited DV Slot 124 - 75 delete.
[2023/5/22 - 21:56:12] Khang Nguyen has edited DV Slot 207 - 107 delete.
[2023/5/22 - 21:56:18] Khang Nguyen has edited DV Slot 210 - 109 delete.
[2023/5/22 - 21:56:22] Khang Nguyen has edited DV Slot 208 - 108 delete.
[2023/5/22 - 21:56:26] Khang Nguyen has edited DV Slot 118 - 60 delete.
[2023/5/22 - 21:56:39] Khang Nguyen has edited DV Slot 211 - 110 delete.
[2023/5/22 - 21:57:50] Khang Nguyen has created a dynamic vehicle.
[2023/5/22 - 21:57:50] Khang Nguyen's DV Creation query has returned - attempting to spawn vehicle - SQL ID 16
[2023/5/22 - 21:57:54] Khang Nguyen has created a dynamic vehicle.
[2023/5/22 - 21:57:54] Khang Nguyen's DV Creation query has returned - attempting to spawn vehicle - SQL ID 18
[2023/5/22 - 21:58:27] Khang Nguyen has edited DV Slot 16 - 60 Groupid 1.
[2023/5/22 - 21:58:54] Khang Nguyen has edited DV Slot 18 - 61 Groupid 1.
[2023/5/22 - 21:59:33] Khang Nguyen has edited DV Slot 214 - 113 delete.
[2023/5/22 - 21:59:35] Khang Nguyen has edited DV Slot 213 - 112 delete.
[2023/5/22 - 22:00:28] Khang Nguyen has created a dynamic vehicle.
[2023/5/22 - 22:00:28] Khang Nguyen's DV Creation query has returned - attempting to spawn vehicle - SQL ID 20
[2023/5/22 - 22:00:33] Khang Nguyen has created a dynamic vehicle.
[2023/5/22 - 22:00:33] Khang Nguyen's DV Creation query has returned - attempting to spawn vehicle - SQL ID 21
[2023/5/22 - 22:01:11] Khang Nguyen has edited DV Slot 20 - 79 Groupid 1.
[2023/5/22 - 22:01:43] Khang Nguyen has edited DV Slot 21 - 81 Groupid 1.
[2023/5/22 - 22:03:38] Khang Nguyen has created a dynamic vehicle.
[2023/5/22 - 22:03:38] Khang Nguyen's DV Creation query has returned - attempting to spawn vehicle - SQL ID 22
[2023/5/22 - 22:04:15] Khang Nguyen has edited DV Slot 22 - 103 Groupid 1.
[2023/5/22 - 22:04:35] Khang Nguyen has created a dynamic vehicle.
[2023/5/22 - 22:04:35] Khang Nguyen's DV Creation query has returned - attempting to spawn vehicle - SQL ID 35
[2023/5/22 - 22:04:54] Khang Nguyen has edited DV Slot 35 - 108 Groupid 1.
[2023/5/22 - 22:05:14] Khang Nguyen has created a dynamic vehicle.
[2023/5/22 - 22:05:14] Khang Nguyen's DV Creation query has returned - attempting to spawn vehicle - SQL ID 53
[2023/5/22 - 22:05:42] Khang Nguyen has edited DV Slot 53 - 109 Groupid 1.
[2023/5/22 - 22:05:49] Khang Nguyen has created a dynamic vehicle.
[2023/5/22 - 22:05:49] Khang Nguyen's DV Creation query has returned - attempting to spawn vehicle - SQL ID 73
[2023/5/22 - 22:06:14] Khang Nguyen has edited DV Slot 73 - 110 Groupid 1.
[2023/5/22 - 22:11:02] Khang Nguyen has edited DV Slot 121 - 70 divid 0.
[2023/5/22 - 22:11:12] Khang Nguyen has edited DV Slot 121 - 70 divid 5.
[2023/5/22 - 22:11:18] Khang Nguyen has edited DV Slot 122 - 72 divid 5.
[2023/5/22 - 22:11:44] Khang Nguyen has edited DV Slot 122 - 72 divid 5.
[2023/5/22 - 22:11:58] Khang Nguyen has edited DV Slot 122 - 72 divid 0.
[2023/5/22 - 22:17:39] Khang Nguyen has edited DV Slot 97 - 88 delete.
[2023/5/22 - 22:17:45] Khang Nguyen has edited DV Slot 145 - 134 delete.
[2023/5/22 - 22:17:51] Khang Nguyen has edited DV Slot 144 - 133 delete.
[2023/5/22 - 22:17:57] Khang Nguyen has edited DV Slot 146 - 135 delete.
[2023/5/22 - 22:18:02] Khang Nguyen has edited DV Slot 147 - 136 delete.
[2023/5/22 - 22:18:06] Khang Nguyen has edited DV Slot 148 - 137 delete.
[2023/5/22 - 22:18:10] Khang Nguyen has edited DV Slot 143 - 132 delete.
[2023/5/22 - 22:18:13] Khang Nguyen has edited DV Slot 149 - 138 delete.
[2023/5/22 - 22:21:37] Khang Nguyen has edited DV Slot 150 - 139 delete.
[2023/5/22 - 22:21:47] Khang Nguyen has edited DV Slot 151 - 140 delete.
[2023/5/22 - 22:21:52] Khang Nguyen has edited DV Slot 152 - 141 delete.
[2023/5/22 - 22:21:56] Khang Nguyen has edited DV Slot 153 - 142 delete.
[2023/5/22 - 22:22:07] Khang Nguyen has edited DV Slot 169 - 156 delete.
[2023/5/22 - 22:22:10] Khang Nguyen has edited DV Slot 168 - 155 delete.
[2023/5/22 - 22:22:55] Khang Nguyen has edited DV Slot 167 - 154 delete.
[2023/5/22 - 22:23:14] Khang Nguyen has edited DV Slot 9 - 27 delete.
[2023/5/22 - 22:23:20] Khang Nguyen has edited DV Slot 165 - 153 delete.
[2023/5/22 - 22:23:23] Khang Nguyen has edited DV Slot 164 - 152 delete.
[2023/5/22 - 22:23:27] Khang Nguyen has edited DV Slot 10 - 28 delete.
[2023/5/22 - 22:23:33] Khang Nguyen has edited DV Slot 142 - 131 delete.
[2023/5/22 - 22:23:37] Khang Nguyen has edited DV Slot 162 - 151 delete.
[2023/5/22 - 22:23:46] Khang Nguyen has edited DV Slot 141 - 130 delete.
[2023/5/22 - 22:23:51] Khang Nguyen has edited DV Slot 139 - 128 delete.
[2023/5/22 - 22:23:55] Khang Nguyen has edited DV Slot 140 - 129 delete.
[2023/5/22 - 22:24:00] Khang Nguyen has edited DV Slot 157 - 146 delete.
[2023/5/22 - 22:24:04] Khang Nguyen has edited DV Slot 156 - 145 delete.
[2023/5/22 - 22:24:09] Khang Nguyen has edited DV Slot 155 - 144 delete.
[2023/5/22 - 22:24:12] Khang Nguyen has edited DV Slot 154 - 143 delete.
[2023/5/22 - 22:24:20] Khang Nguyen has edited DV Slot 8 - 26 delete.
[2023/5/23 - 1:10:04] Khang Nguyen has edited DV Slot 45 - 54 delete.
[2023/5/23 - 1:10:09] Khang Nguyen has edited DV Slot 37 - 46 delete.
[2023/5/23 - 1:10:20] Khang Nguyen has edited DV Slot 95 - 71 delete.
[2023/5/23 - 1:10:24] Khang Nguyen has edited DV Slot 58 - 59 delete.
[2023/5/23 - 1:26:43] Khang Nguyen has edited DV Slot 15 - 29 2000.
[2023/5/23 - 1:26:53] Khang Nguyen has edited DV Slot 15 - 29 1 2000.
[2023/5/23 - 1:27:13] Khang Nguyen has edited DV Slot 15 - 29 maxhealth 2000.
[2023/5/23 - 1:27:47] Khang Nguyen has edited DV Slot 14 - 28 maxheath 2000.
[2023/5/23 - 1:27:52] Khang Nguyen has edited DV Slot 14 - 28 maxheath 2000.
[2023/5/23 - 1:28:38] Khang Nguyen has edited DV Slot 14 - 28 maxhealth 2000.
[2023/5/23 - 1:30:25] Khang Nguyen has edited DV Slot 187 - 93 maxhealth 2000.
[2023/5/23 - 1:30:31] Khang Nguyen has edited DV Slot 52 - 54 maxhealth 2000.
[2023/5/23 - 1:30:51] Khang Nguyen has edited DV Slot 52 - 54 maxhealth 2000.
[2023/5/23 - 1:30:57] Khang Nguyen has edited DV Slot 84 - 59 maxhealth 2000.
[2023/5/23 - 1:31:02] Khang Nguyen has edited DV Slot 88 - 68 maxhealth 2000.
[2023/5/23 - 1:31:07] Khang Nguyen has edited DV Slot 87 - 67 maxhealth 2000.
[2023/5/23 - 1:31:13] Khang Nguyen has edited DV Slot 89 - 69 maxhealth 2000.
[2023/5/23 - 1:31:41] Khang Nguyen has edited DV Slot 21 - 34 maxhealth 3000.
[2023/5/23 - 1:31:45] Khang Nguyen has edited DV Slot 20 - 33 maxhealth 3000.
[2023/5/23 - 1:32:08] Khang Nguyen has edited DV Slot 18 - 31 maxhealth 3000.
[2023/5/23 - 1:32:12] Khang Nguyen has edited DV Slot 16 - 30 maxhealth 3000.
[2023/5/23 - 1:32:44] Khang Nguyen has edited DV Slot 22 - 35 maxhealth 3500.
[2023/5/23 - 1:32:52] Khang Nguyen has edited DV Slot 35 - 44 maxhealth 2000.
[2023/5/23 - 1:32:57] Khang Nguyen has edited DV Slot 53 - 56 maxhealth 2000.
[2023/5/23 - 1:33:00] Khang Nguyen has edited DV Slot 73 - 57 maxhealth 2000.
[2023/5/23 - 1:34:38] Khang Nguyen has edited DV Slot 20 - 33 divid 2.
[2023/5/23 - 1:34:47] Khang Nguyen has edited DV Slot 21 - 34 divid 2.
[2023/5/23 - 1:35:21] Khang Nguyen has edited DV Slot 21 - 34 divid 10.
[2023/5/23 - 1:35:56] Khang Nguyen has edited DV Slot 21 - 34 divid .
[2023/5/23 - 1:36:02] Khang Nguyen has edited DV Slot 21 - 34 divid 2.
[2023/5/23 - 1:36:08] Khang Nguyen has edited DV Slot 20 - 33 divid 2.
[2023/5/23 - 1:36:45] Khang Nguyen has edited DV Slot 200 - 94 divid 2.
[2023/5/23 - 1:36:52] Khang Nguyen has edited DV Slot 105 - 71 divid 2.
[2023/5/23 - 1:36:57] Khang Nguyen has edited DV Slot 94 - 70 divid 2.
[2023/5/23 - 1:37:07] Khang Nguyen has edited DV Slot 89 - 69 divid 3.
[2023/5/23 - 1:37:18] Khang Nguyen has edited DV Slot 89 - 69 divid 8.
[2023/5/23 - 1:37:29] Khang Nguyen has edited DV Slot 89 - 69 divid 7.
[2023/5/23 - 1:37:38] Khang Nguyen has edited DV Slot 88 - 68 divid 7.
[2023/5/23 - 1:37:44] Khang Nguyen has edited DV Slot 84 - 59 divid 7.
[2023/5/23 - 1:37:50] Khang Nguyen has edited DV Slot 87 - 67 divid 7.
[2023/5/23 - 1:38:02] Khang Nguyen has edited DV Slot 180 - 92 divid 7.
[2023/5/23 - 1:38:05] Khang Nguyen has edited DV Slot 179 - 91 divid 7.
[2023/5/23 - 1:38:09] Khang Nguyen has edited DV Slot 178 - 90 divid 7.
[2023/5/23 - 1:38:13] Khang Nguyen has edited DV Slot 177 - 80 divid 7.
[2023/5/23 - 1:38:18] Khang Nguyen has edited DV Slot 176 - 89 divid 7.
[2023/5/23 - 1:38:22] Khang Nguyen has edited DV Slot 175 - 88 divid 7.
[2023/5/23 - 1:38:37] Khang Nguyen has edited DV Slot 15 - 29 divid 1.
[2023/5/23 - 1:38:42] Khang Nguyen has edited DV Slot 52 - 54 divid 1.
[2023/5/23 - 1:38:46] Khang Nguyen has edited DV Slot 187 - 93 divid 1.
[2023/5/23 - 1:38:52] Khang Nguyen has edited DV Slot 14 - 28 divid 1.
[2023/5/23 - 1:39:58] Khang Nguyen has edited DV Slot 14 - 28 divid 2.
[2023/5/23 - 1:40:06] Khang Nguyen has edited DV Slot 14 - 28 divid 3.
[2023/5/23 - 1:40:20] Khang Nguyen has edited DV Slot 14 - 28 divid 0.
[2023/5/23 - 1:40:35] Khang Nguyen has edited DV Slot 187 - 93 divid 0.
[2023/5/23 - 1:40:39] Khang Nguyen has edited DV Slot 52 - 54 divid 0.
[2023/5/23 - 1:40:43] Khang Nguyen has edited DV Slot 15 - 29 divid 0.
[2023/5/23 - 1:42:02] Khang Nguyen has edited DV Slot 15 - 29 divid 10.
[2023/5/23 - 1:42:20] Khang Nguyen has edited DV Slot 117 - 82 divid 10.
[2023/5/23 - 2:06:30] Khang Nguyen has edited DV Slot 81 - 66 delete.
[2023/5/23 - 17:10:55] Manuel has edited DV Slot 170 - 70 delete .
[2023/5/23 - 17:17:02] Manuel has created a dynamic vehicle.
[2023/5/23 - 17:17:02] Manuel's DV Creation query has returned - attempting to spawn vehicle - SQL ID 8
[2023/5/23 - 17:17:29] Manuel has edited DV Slot 8 - 70 delete .
[2023/5/23 - 17:19:22] Manuel has created a dynamic vehicle.
[2023/5/23 - 17:19:22] Manuel's DV Creation query has returned - attempting to spawn vehicle - SQL ID 8
[2023/5/23 - 17:20:03] Manuel has created a dynamic vehicle.
[2023/5/23 - 17:20:03] Manuel's DV Creation query has returned - attempting to spawn vehicle - SQL ID 9
[2023/5/23 - 17:20:22] Manuel has edited DV Slot 9 - 74 9.
[2023/5/23 - 17:20:37] Manuel has edited DV Slot 9 - 74 8.
[2023/5/23 - 17:20:49] Manuel has edited DV Slot 9 - 74 gruop 9.
[2023/5/23 - 17:21:42] Manuel has edited DV Slot 9 - 74 9.
[2023/5/23 - 17:21:49] Manuel has edited DV Slot 9 - 74 lsmd.
[2023/5/23 - 17:23:02] Manuel has edited DV Slot 9 - 74 gruop 9.
[2023/5/23 - 17:23:05] Manuel has edited DV Slot 9 - 74 gruop 9.
[2023/5/23 - 17:23:07] Manuel has edited DV Slot 9 - 74 gruopid 9.
[2023/5/23 - 17:24:00] Manuel has edited DV Slot 9 - 74 gruopid 9.
[2023/5/23 - 17:24:03] Manuel has edited DV Slot 9 - 74 gruopid 9.
[2023/5/23 - 17:25:13] Manuel has edited DV Slot 9 - 74 9 001 002.
[2023/5/23 - 17:25:15] Manuel has edited DV Slot 9 - 74 9 001 002.
[2023/5/23 - 17:25:18] Manuel has edited DV Slot 9 - 74 9 .
[2023/5/23 - 17:25:20] Manuel has edited DV Slot 9 - 74 9 1 .
[2023/5/23 - 17:25:22] Manuel has edited DV Slot 9 - 74 9 1 2.
[2023/5/23 - 17:25:24] Manuel has edited DV Slot 9 - 74 9 1 2.
[2023/5/23 - 17:26:29] Manuel has edited DV Slot 9 - 74 group 9.
[2023/5/23 - 17:27:20] Manuel has edited DV Slot 9 - 74 groupid 9.
[2023/5/23 - 17:27:27] Manuel has edited DV Slot 8 - 70 groupid 9.
[2023/5/23 - 17:32:26] Manuel has edited DV Slot 160 - 68 delete.
[2023/5/23 - 17:32:30] Manuel has edited DV Slot 161 - 69 delete.
[2023/5/23 - 17:32:45] Manuel has edited DV Slot 96 - 63 delete.
[2023/5/23 - 17:33:28] Manuel has edited DV Slot 6 - 24 delete.
[2023/5/23 - 17:35:22] Manuel has created a dynamic vehicle.
[2023/5/23 - 17:35:22] Manuel's DV Creation query has returned - attempting to spawn vehicle - SQL ID 6
[2023/5/23 - 17:35:48] Manuel has edited DV Slot 6 - 69 delete.
[2023/5/23 - 17:35:51] Pandaz Edwards has created a dynamic vehicle.
[2023/5/23 - 17:35:51] Pandaz Edwards's DV Creation query has returned - attempting to spawn vehicle - SQL ID 6
[2023/5/23 - 17:35:55] Manuel has created a dynamic vehicle.
[2023/5/23 - 17:35:55] Manuel's DV Creation query has returned - attempting to spawn vehicle - SQL ID 10
[2023/5/23 - 17:35:56] Pandaz Edwards has edited DV Slot 6 - 69 delete.
[2023/5/23 - 17:35:59] Manuel has created a dynamic vehicle.
[2023/5/23 - 17:35:59] Manuel's DV Creation query has returned - attempting to spawn vehicle - SQL ID 6
[2023/5/23 - 17:35:59] Pandaz Edwards has created a dynamic vehicle.
[2023/5/23 - 17:35:59] Pandaz Edwards's DV Creation query has returned - attempting to spawn vehicle - SQL ID 37
[2023/5/23 - 17:36:09] Pandaz Edwards has edited DV Slot 37 - 72 groupid 9.
[2023/5/23 - 17:36:15] Pandaz Edwards has edited DV Slot 37 - 72 maxhealth 2000.
[2023/5/23 - 17:36:27] Manuel has edited DV Slot 10 - 70 groupid 9.
[2023/5/23 - 17:36:30] Manuel has edited DV Slot 10 - 70 groupid 9.
[2023/5/23 - 17:36:41] Pandaz Edwards has created a dynamic vehicle.
[2023/5/23 - 17:36:41] Pandaz Edwards's DV Creation query has returned - attempting to spawn vehicle - SQL ID 45
[2023/5/23 - 17:36:49] Manuel has edited DV Slot 10 - 70 maxhealth 2000.
[2023/5/23 - 17:36:51] Pandaz Edwards has edited DV Slot 45 - 95 groupid 9.
[2023/5/23 - 17:36:55] Manuel has edited DV Slot 10 - 70 maxhealth 2000.
[2023/5/23 - 17:36:57] Pandaz Edwards has edited DV Slot 45 - 95 maxhealth 2000.
[2023/5/23 - 17:37:00] Manuel has edited DV Slot 6 - 69 maxhealth 2000.
[2023/5/23 - 17:37:06] Manuel has edited DV Slot 45 - 95 maxhealth 2000.
[2023/5/23 - 17:37:07] Pandaz Edwards has edited DV Slot 37 - 72 divid 0.
[2023/5/23 - 17:37:12] Pandaz Edwards has edited DV Slot 37 - 72 rank 3.
[2023/5/23 - 17:37:21] Pandaz Edwards has edited DV Slot 45 - 95 rank 3.
[2023/5/23 - 17:37:30] Manuel has edited DV Slot 6 - 69 groupid 9.
[2023/5/23 - 17:37:50] Manuel has edited DV Slot 7 - 24 maxhealth 2000.
[2023/5/23 - 17:38:01] Pandaz Edwards has edited DV Slot 37 - 72 divid -1.
[2023/5/23 - 17:38:20] Manuel has edited DV Slot 37 - 72 groupid 9.
[2023/5/23 - 17:38:35] Pandaz Edwards has edited DV Slot 37 - 72 family 0.
[2023/5/23 - 17:38:46] Manuel has edited DV Slot 37 - 72 rank 0.
[2023/5/23 - 17:38:49] Pandaz Edwards has edited DV Slot 37 - 72 divid 0.
[2023/5/23 - 17:39:07] Manuel has edited DV Slot 37 - 72 rank 3.
[2023/5/23 - 17:39:21] Pandaz Edwards has edited DV Slot 37 - 72 rank 3.
[2023/5/23 - 17:39:32] Manuel has edited DV Slot 37 - 72 rank 8.
[2023/5/23 - 17:40:05] Manuel has edited DV Slot 37 - 72 rank 3.
[2023/5/23 - 17:43:08] Manuel has created a dynamic vehicle.
[2023/5/23 - 17:43:08] Manuel's DV Creation query has returned - attempting to spawn vehicle - SQL ID 58
[2023/5/23 - 17:43:21] Manuel has edited DV Slot 58 - 96 groupid 9.
[2023/5/23 - 17:43:30] Manuel has edited DV Slot 37 - 72 rank 9.
[2023/5/23 - 17:44:29] Manuel has edited DV Slot 37 - 72 rank 0.
[2023/5/23 - 17:44:42] Manuel has edited DV Slot 37 - 72 rank 9.
[2023/5/23 - 17:46:05] Manuel has edited DV Slot 58 - 96 maxhealth 3000.
[2023/5/23 - 17:46:49] Manuel has created a dynamic vehicle.
[2023/5/23 - 17:46:49] Manuel's DV Creation query has returned - attempting to spawn vehicle - SQL ID 76
[2023/5/23 - 17:47:06] Manuel has edited DV Slot 76 - 97 maxhealth 3000.
[2023/5/23 - 17:47:18] Manuel has edited DV Slot 76 - 97 rank 0.
[2023/5/23 - 17:48:05] Manuel has edited DV Slot 10 - 70 rank 0.
[2023/5/23 - 17:48:11] Manuel has edited DV Slot 7 - 24 rank 0.
[2023/5/23 - 17:49:20] Manuel has edited DV Slot 76 - 97 groupid 9.
[2023/5/23 - 17:56:46] Manuel has created a dynamic vehicle.
[2023/5/23 - 17:56:46] Manuel's DV Creation query has returned - attempting to spawn vehicle - SQL ID 78
[2023/5/23 - 17:56:59] Manuel has edited DV Slot 78 - 98 groupid 9.
[2023/5/23 - 17:57:20] Manuel has edited DV Slot 78 - 98 rank 9.
[2023/5/23 - 17:59:15] Manuel has edited DV Slot 78 - 98 delete.
[2023/5/23 - 18:12:10] Manuel has edited DV Slot 12 - 26 delete.
[2023/5/23 - 18:18:26] Manuel has created a dynamic vehicle.
[2023/5/23 - 18:18:26] Manuel's DV Creation query has returned - attempting to spawn vehicle - SQL ID 12
[2023/5/23 - 18:18:47] Manuel has edited DV Slot 12 - 97 groupid 9.
[2023/5/23 - 18:21:51] Manuel has edited DV Slot 12 - 97 rank 9.
[2023/5/23 - 18:23:38] Manuel has edited DV Slot 12 - 97 delete.
[2023/5/23 - 23:18:38] Manuel has edited DV Slot 137 - 84 delete.
[2023/5/23 - 23:18:46] Manuel has edited DV Slot 134 - 82 delete.
[2023/5/23 - 23:19:01] Manuel has edited DV Slot 136 - 83 delete.
[2023/5/23 - 23:20:20] Manuel has created a dynamic vehicle.
[2023/5/23 - 23:20:20] Manuel's DV Creation query has returned - attempting to spawn vehicle - SQL ID 12
[2023/5/23 - 23:20:27] Manuel has edited DV Slot 12 - 82 delete.
[2023/5/23 - 23:21:27] Manuel has created a dynamic vehicle.
[2023/5/23 - 23:21:27] Manuel's DV Creation query has returned - attempting to spawn vehicle - SQL ID 12
[2023/5/23 - 23:22:02] Manuel has edited DV Slot 12 - 82 groupid 1.
[2023/5/23 - 23:22:21] Manuel has edited DV Slot 12 - 82 rank 4.
[2023/5/23 - 23:22:42] Manuel has edited DV Slot 12 - 82 rank 4.
[2023/5/23 - 23:22:55] Manuel has created a dynamic vehicle.
[2023/5/23 - 23:22:55] Manuel's DV Creation query has returned - attempting to spawn vehicle - SQL ID 78
[2023/5/23 - 23:23:08] Manuel has edited DV Slot 78 - 83 delete.
[2023/5/23 - 23:23:12] Manuel has created a dynamic vehicle.
[2023/5/23 - 23:23:12] Manuel's DV Creation query has returned - attempting to spawn vehicle - SQL ID 78
[2023/5/23 - 23:23:30] Manuel has edited DV Slot 78 - 83 groupid 1.
[2023/5/23 - 23:23:39] Manuel has edited DV Slot 78 - 83 rank 4.
[2023/5/23 - 23:23:46] Manuel has created a dynamic vehicle.
[2023/5/23 - 23:23:46] Manuel's DV Creation query has returned - attempting to spawn vehicle - SQL ID 79
[2023/5/23 - 23:23:55] Manuel has edited DV Slot 79 - 84 groupid 1.
[2023/5/23 - 23:24:01] Manuel has edited DV Slot 79 - 84 rank 4.
[2023/5/23 - 23:25:44] Manuel has edited DV Slot 138 - 85 delete.
[2023/5/23 - 23:26:30] Manuel has created a dynamic vehicle.
[2023/5/23 - 23:26:30] Manuel's DV Creation query has returned - attempting to spawn vehicle - SQL ID 80
[2023/5/23 - 23:26:36] Manuel has edited DV Slot 80 - 85 delete.
[2023/5/23 - 23:26:39] Manuel has created a dynamic vehicle.
[2023/5/23 - 23:26:39] Manuel's DV Creation query has returned - attempting to spawn vehicle - SQL ID 80
[2023/5/23 - 23:26:44] Manuel has edited DV Slot 80 - 85 delete.
[2023/5/23 - 23:26:46] Manuel has created a dynamic vehicle.
[2023/5/23 - 23:26:46] Manuel's DV Creation query has returned - attempting to spawn vehicle - SQL ID 80
[2023/5/23 - 23:27:04] Manuel has edited DV Slot 80 - 85 maxhealth 100000.
[2023/5/23 - 23:27:24] Manuel has edited DV Slot 80 - 85 groupid 1.
[2023/5/23 - 23:27:38] Manuel has edited DV Slot 80 - 85 rank 7.
[2023/5/23 - 23:27:53] Manuel has edited DV Slot 80 - 85 maxhealth 10000.
[2023/5/23 - 23:32:10] Manuel has edited DV Slot 20 - 33 groupid 4.
[2023/5/23 - 23:32:16] Manuel has edited DV Slot 21 - 34 groupid 4.
[2023/5/23 - 23:32:29] Manuel has edited DV Slot 21 - 34 groupid 1.
[2023/5/23 - 23:32:34] Manuel has edited DV Slot 20 - 33 groupid 1.
[2023/5/23 - 23:32:50] Manuel has edited DV Slot 20 - 33 rank 4.
[2023/5/23 - 23:32:57] Manuel has edited DV Slot 21 - 34 rank 4.
[2023/5/25 - 2:14:49] Gnahk has edited DV Slot 94 - 77 rank 1.
[2023/5/25 - 2:15:03] Gnahk has edited DV Slot 94 - 77 delete.
[2023/5/25 - 2:15:22] Gnahk has edited DV Slot 21 - 38 rank 1.
[2023/5/25 - 2:15:36] Gnahk has edited DV Slot 21 - 38 delete.
[2023/5/25 - 2:15:40] Gnahk has edited DV Slot 20 - 37 delete.
[2023/5/25 - 2:15:58] Gnahk has edited DV Slot 121 - 79 delete.
[2023/5/26 - 19:11:26] Jst has edited DV Slot 14 - 32 MaxHealth 10000000.
[2023/5/26 - 19:46:24] PhNgThi ThuyUyen has edited DV Slot 158 - 93 delete.
[2023/5/26 - 19:46:27] PhNgThi ThuyUyen has edited DV Slot 159 - 94 delete.
[2023/5/26 - 20:45:14] Jst has edited DV Slot 11 - 29 delete.
[2023/5/26 - 22:53:50] diminuto has created a dynamic vehicle.
[2023/5/26 - 22:53:50] diminuto's DV Creation query has returned - attempting to spawn vehicle - SQL ID 0
[2023/5/26 - 22:54:05] diminuto has edited DV Slot 0 - 24 maxhealth 2000.
[2023/5/26 - 22:54:16] diminuto has edited DV Slot 0 - 24 groupid 1.
[2023/5/26 - 22:54:54] diminuto has created a dynamic vehicle.
[2023/5/26 - 22:54:54] diminuto's DV Creation query has returned - attempting to spawn vehicle - SQL ID 0
[2023/5/26 - 22:55:06] diminuto has created a dynamic vehicle.
[2023/5/26 - 22:55:06] diminuto's DV Creation query has returned - attempting to spawn vehicle - SQL ID 0
[2023/5/26 - 22:55:39] diminuto has edited DV Slot 0 - 24 delete .
[2023/5/26 - 22:55:42] diminuto has created a dynamic vehicle.
[2023/5/26 - 22:55:42] diminuto's DV Creation query has returned - attempting to spawn vehicle - SQL ID 0
[2023/5/26 - 22:55:44] diminuto has created a dynamic vehicle.
[2023/5/26 - 22:55:44] diminuto's DV Creation query has returned - attempting to spawn vehicle - SQL ID 0
[2023/5/26 - 22:56:41] diminuto has created a dynamic vehicle.
[2023/5/26 - 22:56:41] diminuto's DV Creation query has returned - attempting to spawn vehicle - SQL ID 0
[2023/5/26 - 22:56:44] diminuto has created a dynamic vehicle.
[2023/5/26 - 22:56:44] diminuto's DV Creation query has returned - attempting to spawn vehicle - SQL ID 0
[2023/5/26 - 22:56:46] diminuto has created a dynamic vehicle.
[2023/5/26 - 22:56:46] diminuto's DV Creation query has returned - attempting to spawn vehicle - SQL ID 0
[2023/5/26 - 22:56:48] diminuto has created a dynamic vehicle.
[2023/5/26 - 22:56:48] diminuto's DV Creation query has returned - attempting to spawn vehicle - SQL ID 0
[2023/5/26 - 22:56:51] diminuto has created a dynamic vehicle.
[2023/5/26 - 22:56:51] diminuto's DV Creation query has returned - attempting to spawn vehicle - SQL ID 0
[2023/5/26 - 22:56:55] diminuto has edited DV Slot 0 - 24 delete.
[2023/5/26 - 22:59:09] diminuto has created a dynamic vehicle.
[2023/5/26 - 22:59:09] diminuto's DV Creation query has returned - attempting to spawn vehicle - SQL ID 2
[2023/5/26 - 22:59:11] diminuto has created a dynamic vehicle.
[2023/5/26 - 22:59:11] diminuto's DV Creation query has returned - attempting to spawn vehicle - SQL ID 3
[2023/5/26 - 22:59:13] diminuto has created a dynamic vehicle.
[2023/5/26 - 22:59:13] diminuto's DV Creation query has returned - attempting to spawn vehicle - SQL ID 4
[2023/5/26 - 22:59:48] diminuto has edited DV Slot 4 - 26 groupid 1.
[2023/5/26 - 23:00:00] diminuto has edited DV Slot 4 - 26 maxhealth 2000.
[2023/5/26 - 23:00:04] diminuto has edited DV Slot 3 - 25 maxhealth 2000.
[2023/5/26 - 23:00:06] diminuto has edited DV Slot 2 - 24 maxhealth 2000.
[2023/5/26 - 23:00:09] diminuto has edited DV Slot 3 - 25 groupid 1.
[2023/5/26 - 23:00:11] diminuto has edited DV Slot 2 - 24 groupid 1.
[2023/5/26 - 23:00:48] diminuto has created a dynamic vehicle.
[2023/5/26 - 23:00:48] diminuto's DV Creation query has returned - attempting to spawn vehicle - SQL ID 5
[2023/5/26 - 23:00:52] diminuto has created a dynamic vehicle.
[2023/5/26 - 23:00:52] diminuto's DV Creation query has returned - attempting to spawn vehicle - SQL ID 6
[2023/5/26 - 23:00:59] diminuto has edited DV Slot 5 - 28 maxhealth 2000.
[2023/5/26 - 23:01:02] diminuto has edited DV Slot 6 - 29 maxhealth 2000.
[2023/5/26 - 23:01:08] diminuto has edited DV Slot 6 - 29 groupid 1.
[2023/5/26 - 23:01:10] diminuto has edited DV Slot 5 - 28 groupid 1.
[2023/5/26 - 23:02:12] diminuto has created a dynamic vehicle.
[2023/5/26 - 23:02:12] diminuto's DV Creation query has returned - attempting to spawn vehicle - SQL ID 7
[2023/5/26 - 23:02:14] diminuto has created a dynamic vehicle.
[2023/5/26 - 23:02:14] diminuto's DV Creation query has returned - attempting to spawn vehicle - SQL ID 8
[2023/5/26 - 23:02:16] diminuto has created a dynamic vehicle.
[2023/5/26 - 23:02:16] diminuto's DV Creation query has returned - attempting to spawn vehicle - SQL ID 9
[2023/5/26 - 23:02:22] diminuto has edited DV Slot 7 - 30 maxhealth 2000.
[2023/5/26 - 23:02:24] diminuto has edited DV Slot 8 - 31 maxhealth 2000.
[2023/5/26 - 23:02:26] diminuto has edited DV Slot 9 - 32 maxhealth 2000.
[2023/5/26 - 23:02:29] diminuto has edited DV Slot 9 - 32 groupid 1.
[2023/5/26 - 23:02:32] diminuto has edited DV Slot 8 - 31 groupid 1.
[2023/5/26 - 23:02:34] diminuto has edited DV Slot 7 - 30 groupid 1.
[2023/5/26 - 23:02:53] diminuto has created a dynamic vehicle.
[2023/5/26 - 23:02:53] diminuto's DV Creation query has returned - attempting to spawn vehicle - SQL ID 10
[2023/5/26 - 23:02:55] diminuto has created a dynamic vehicle.
[2023/5/26 - 23:02:55] diminuto's DV Creation query has returned - attempting to spawn vehicle - SQL ID 11
[2023/5/26 - 23:03:05] diminuto has edited DV Slot 10 - 33 maxhealth 2000.
[2023/5/26 - 23:03:07] diminuto has edited DV Slot 11 - 34 maxhealth 2000.
[2023/5/26 - 23:03:14] diminuto has edited DV Slot 10 - 33 groupid 1.
[2023/5/26 - 23:03:16] diminuto has edited DV Slot 11 - 34 groupid 1.
[2023/5/26 - 23:05:48] diminuto has created a dynamic vehicle.
[2023/5/26 - 23:05:48] diminuto's DV Creation query has returned - attempting to spawn vehicle - SQL ID 12
[2023/5/26 - 23:05:50] diminuto has created a dynamic vehicle.
[2023/5/26 - 23:05:50] diminuto's DV Creation query has returned - attempting to spawn vehicle - SQL ID 13
[2023/5/26 - 23:05:58] diminuto has edited DV Slot 13 - 36 maxhealth 2000.
[2023/5/26 - 23:06:00] diminuto has edited DV Slot 12 - 35 maxhealth 2000.
[2023/5/26 - 23:06:02] diminuto has edited DV Slot 12 - 35 maxhealth 3000.
[2023/5/26 - 23:06:05] diminuto has edited DV Slot 13 - 36 maxhealth 3000.
[2023/5/26 - 23:06:08] diminuto has edited DV Slot 13 - 36 groupid 1.
[2023/5/26 - 23:06:10] diminuto has edited DV Slot 12 - 35 groupid 1.
[2023/5/26 - 23:06:18] diminuto has created a dynamic vehicle.
[2023/5/26 - 23:06:18] diminuto's DV Creation query has returned - attempting to spawn vehicle - SQL ID 14
[2023/5/26 - 23:06:23] diminuto has edited DV Slot 14 - 37 maxhealth 2000.
[2023/5/26 - 23:06:36] diminuto has edited DV Slot 14 - 37 groupid 1.
[2023/5/26 - 23:06:46] diminuto has created a dynamic vehicle.
[2023/5/26 - 23:06:46] diminuto's DV Creation query has returned - attempting to spawn vehicle - SQL ID 15
[2023/5/26 - 23:06:53] diminuto has edited DV Slot 15 - 38 maxhealth 2000.
[2023/5/26 - 23:06:56] diminuto has edited DV Slot 15 - 38 groupid 1.
[2023/5/26 - 23:07:35] diminuto has created a dynamic vehicle.
[2023/5/26 - 23:07:35] diminuto's DV Creation query has returned - attempting to spawn vehicle - SQL ID 16
[2023/5/26 - 23:07:38] diminuto has created a dynamic vehicle.
[2023/5/26 - 23:07:38] diminuto's DV Creation query has returned - attempting to spawn vehicle - SQL ID 17
[2023/5/26 - 23:07:46] diminuto has edited DV Slot 16 - 39 maxhealth 2000.
[2023/5/26 - 23:07:49] diminuto has edited DV Slot 17 - 40 maxhealth 2000.
[2023/5/26 - 23:07:52] diminuto has edited DV Slot 17 - 40 groupid 1.
[2023/5/26 - 23:07:54] diminuto has edited DV Slot 16 - 39 groupid 1.
[2023/5/26 - 23:09:43] Manuel has created a dynamic vehicle.
[2023/5/26 - 23:09:43] Manuel's DV Creation query has returned - attempting to spawn vehicle - SQL ID 18
[2023/5/26 - 23:09:58] Manuel has created a dynamic vehicle.
[2023/5/26 - 23:09:58] Manuel's DV Creation query has returned - attempting to spawn vehicle - SQL ID 19
[2023/5/26 - 23:10:01] Manuel has created a dynamic vehicle.
[2023/5/26 - 23:10:01] Manuel's DV Creation query has returned - attempting to spawn vehicle - SQL ID 20
[2023/5/26 - 23:10:02] Manuel has created a dynamic vehicle.
[2023/5/26 - 23:10:02] Manuel's DV Creation query has returned - attempting to spawn vehicle - SQL ID 21
[2023/5/26 - 23:10:35] Manuel has edited DV Slot 21 - 44 groupid 1.
[2023/5/26 - 23:10:47] Manuel has edited DV Slot 19 - 42 groupid 1.
[2023/5/26 - 23:10:52] Manuel has edited DV Slot 20 - 43 groupid 1.
[2023/5/26 - 23:11:32] Manuel has edited DV Slot 18 - 41 gruopid 1.
[2023/5/26 - 23:11:34] Manuel has edited DV Slot 18 - 41 gruopid 1.
[2023/5/26 - 23:11:39] Manuel has edited DV Slot 18 - 41 groupid 1.
[2023/5/26 - 23:13:00] Manuel has created a dynamic vehicle.
[2023/5/26 - 23:13:00] Manuel's DV Creation query has returned - attempting to spawn vehicle - SQL ID 22
[2023/5/26 - 23:13:14] Manuel has edited DV Slot 22 - 45 delete.
[2023/5/26 - 23:13:22] Manuel has created a dynamic vehicle.
[2023/5/26 - 23:13:22] Manuel's DV Creation query has returned - attempting to spawn vehicle - SQL ID 22
[2023/5/26 - 23:13:33] Manuel has edited DV Slot 22 - 45 groupid 1.
[2023/5/26 - 23:14:16] Manuel has edited DV Slot 22 - 45 maxhealth 3000.
[2023/5/26 - 23:14:59] Manuel has created a dynamic vehicle.
[2023/5/26 - 23:14:59] Manuel's DV Creation query has returned - attempting to spawn vehicle - SQL ID 23
[2023/5/26 - 23:15:07] Manuel has edited DV Slot 23 - 46 delete.
[2023/5/26 - 23:15:11] Manuel has created a dynamic vehicle.
[2023/5/26 - 23:15:11] Manuel's DV Creation query has returned - attempting to spawn vehicle - SQL ID 23
[2023/5/26 - 23:15:13] Manuel has created a dynamic vehicle.
[2023/5/26 - 23:15:13] Manuel's DV Creation query has returned - attempting to spawn vehicle - SQL ID 24
[2023/5/26 - 23:15:20] Manuel has edited DV Slot 24 - 47 delete.
[2023/5/26 - 23:15:23] Manuel has created a dynamic vehicle.
[2023/5/26 - 23:15:23] Manuel's DV Creation query has returned - attempting to spawn vehicle - SQL ID 24
[2023/5/26 - 23:15:34] Manuel has edited DV Slot 24 - 47 groupid 1.
[2023/5/26 - 23:15:40] Manuel has edited DV Slot 23 - 46 groupid 1.
[2023/5/26 - 23:16:17] Manuel has edited DV Slot 24 - 47 maxhealth 2000.
[2023/5/26 - 23:16:25] Manuel has edited DV Slot 23 - 46 maxhealth 2000.
[2023/5/26 - 23:17:44] Manuel has created a dynamic vehicle.
[2023/5/26 - 23:17:44] Manuel's DV Creation query has returned - attempting to spawn vehicle - SQL ID 25
[2023/5/26 - 23:17:54] Manuel has edited DV Slot 24 - 47 maxhealth 2000.
[2023/5/26 - 23:18:04] Manuel has edited DV Slot 25 - 48 maxhealth 5000.
[2023/5/26 - 23:18:11] Manuel has edited DV Slot 24 - 47 groupid 1.
[2023/5/26 - 23:19:37] Manuel has created a dynamic vehicle.
[2023/5/26 - 23:19:37] Manuel's DV Creation query has returned - attempting to spawn vehicle - SQL ID 26
[2023/5/26 - 23:19:42] Manuel has created a dynamic vehicle.
[2023/5/26 - 23:19:42] Manuel's DV Creation query has returned - attempting to spawn vehicle - SQL ID 27
[2023/5/26 - 23:20:58] Manuel has edited DV Slot 27 - 50 groupid 1.
[2023/5/26 - 23:21:07] Manuel has edited DV Slot 27 - 50 maxhealth 5000.
[2023/5/26 - 23:21:14] Manuel has edited DV Slot 26 - 49 maxhealth 5000.
[2023/5/26 - 23:21:18] Manuel has edited DV Slot 26 - 49 groupid 1.
[2023/5/26 - 23:24:09] Manuel has created a dynamic vehicle.
[2023/5/26 - 23:24:09] Manuel's DV Creation query has returned - attempting to spawn vehicle - SQL ID 28
[2023/5/26 - 23:24:18] Manuel has edited DV Slot 28 - 51 groupid 1.
[2023/5/26 - 23:24:25] Manuel has edited DV Slot 28 - 51 maxhealth 5000.
[2023/5/26 - 23:27:41] Manuel has created a dynamic vehicle.
[2023/5/26 - 23:27:41] Manuel's DV Creation query has returned - attempting to spawn vehicle - SQL ID 29
[2023/5/26 - 23:27:56] Manuel has edited DV Slot 29 - 52 delete.
[2023/5/26 - 23:28:30] Manuel has created a dynamic vehicle.
[2023/5/26 - 23:28:30] Manuel's DV Creation query has returned - attempting to spawn vehicle - SQL ID 29
[2023/5/26 - 23:28:49] Manuel has edited DV Slot 29 - 52 delete.
[2023/5/26 - 23:30:02] Manuel has created a dynamic vehicle.
[2023/5/26 - 23:30:02] Manuel's DV Creation query has returned - attempting to spawn vehicle - SQL ID 29
[2023/5/26 - 23:30:13] Manuel has edited DV Slot 29 - 52 delete.
[2023/5/26 - 23:30:20] Manuel has created a dynamic vehicle.
[2023/5/26 - 23:30:20] Manuel's DV Creation query has returned - attempting to spawn vehicle - SQL ID 29
[2023/5/26 - 23:30:25] Manuel has edited DV Slot 29 - 52 delete.
[2023/5/26 - 23:30:30] Manuel has created a dynamic vehicle.
[2023/5/26 - 23:30:30] Manuel's DV Creation query has returned - attempting to spawn vehicle - SQL ID 29
[2023/5/26 - 23:30:34] Manuel has created a dynamic vehicle.
[2023/5/26 - 23:30:34] Manuel's DV Creation query has returned - attempting to spawn vehicle - SQL ID 30
[2023/5/26 - 23:30:36] Manuel has created a dynamic vehicle.
[2023/5/26 - 23:30:36] Manuel's DV Creation query has returned - attempting to spawn vehicle - SQL ID 31
[2023/5/26 - 23:30:37] Manuel has created a dynamic vehicle.
[2023/5/26 - 23:30:38] Manuel's DV Creation query has returned - attempting to spawn vehicle - SQL ID 32
[2023/5/26 - 23:30:39] Manuel has created a dynamic vehicle.
[2023/5/26 - 23:30:39] Manuel's DV Creation query has returned - attempting to spawn vehicle - SQL ID 33
[2023/5/26 - 23:31:10] Manuel has edited DV Slot 28 - 51 gruopid 9.
[2023/5/26 - 23:31:19] Manuel has edited DV Slot 29 - 52 gruopid 9.
[2023/5/26 - 23:32:22] Manuel has edited DV Slot 28 - 51 gruopid 9.
[2023/5/26 - 23:32:36] Manuel has edited DV Slot 28 - 51 gruopid 9.
[2023/5/26 - 23:32:48] Manuel has edited DV Slot 28 - 51 gruopid 9.
[2023/5/26 - 23:33:03] diminuto has edited DV Slot 29 - 52 groupid 9.
[2023/5/26 - 23:33:32] Manuel has edited DV Slot 28 - 51 groupid 9.
[2023/5/26 - 23:33:38] Manuel has edited DV Slot 30 - 53 groupid 9.
[2023/5/26 - 23:33:43] Manuel has edited DV Slot 31 - 54 groupid 9.
[2023/5/26 - 23:33:48] Manuel has edited DV Slot 32 - 55 groupid 9.
[2023/5/26 - 23:33:51] Manuel has edited DV Slot 33 - 56 groupid 9.
[2023/5/26 - 23:34:47] Manuel has edited DV Slot 29 - 52 maxhealth 3000.
[2023/5/26 - 23:34:51] Manuel has edited DV Slot 30 - 53 maxhealth 3000.
[2023/5/26 - 23:34:55] Manuel has edited DV Slot 31 - 54 maxhealth 3000.
[2023/5/26 - 23:35:00] Manuel has edited DV Slot 32 - 55 maxhealth 3000.
[2023/5/26 - 23:35:04] Manuel has edited DV Slot 33 - 56 maxhealth 3000.
[2023/5/26 - 23:36:53] Manuel has created a dynamic vehicle.
[2023/5/26 - 23:36:53] Manuel's DV Creation query has returned - attempting to spawn vehicle - SQL ID 34
[2023/5/26 - 23:37:06] Manuel has edited DV Slot 34 - 57 delete.
[2023/5/26 - 23:37:12] Manuel has created a dynamic vehicle.
[2023/5/26 - 23:37:12] Manuel's DV Creation query has returned - attempting to spawn vehicle - SQL ID 34
[2023/5/26 - 23:37:21] Manuel has edited DV Slot 34 - 57 delete.
[2023/5/26 - 23:37:31] Manuel has created a dynamic vehicle.
[2023/5/26 - 23:37:31] Manuel's DV Creation query has returned - attempting to spawn vehicle - SQL ID 34
[2023/5/26 - 23:37:35] Manuel has created a dynamic vehicle.
[2023/5/26 - 23:37:35] Manuel's DV Creation query has returned - attempting to spawn vehicle - SQL ID 35
[2023/5/26 - 23:37:53] Manuel has edited DV Slot 34 - 57 groupid 9.
[2023/5/26 - 23:37:58] Manuel has edited DV Slot 35 - 58 groupid 9.
[2023/5/26 - 23:38:05] Manuel has edited DV Slot 35 - 58 maxhealth 3000.
[2023/5/26 - 23:38:09] Manuel has edited DV Slot 34 - 57 maxhealth 3000.
[2023/5/26 - 23:40:05] Manuel has created a dynamic vehicle.
[2023/5/26 - 23:40:05] Manuel's DV Creation query has returned - attempting to spawn vehicle - SQL ID 36
[2023/5/26 - 23:40:13] Manuel has edited DV Slot 36 - 59 maxhealth 3000.
[2023/5/26 - 23:40:19] Manuel has edited DV Slot 36 - 59 groupid 9.
[2023/5/27 - 12:10:57] Louis Zz has created a dynamic vehicle.
[2023/5/27 - 12:10:57] Louis Zz's DV Creation query has returned - attempting to spawn vehicle - SQL ID 37
[2023/5/27 - 12:11:00] Louis Zz has created a dynamic vehicle.
[2023/5/27 - 12:11:00] Louis Zz's DV Creation query has returned - attempting to spawn vehicle - SQL ID 38
[2023/5/27 - 12:11:02] Louis Zz has created a dynamic vehicle.
[2023/5/27 - 12:11:02] Louis Zz's DV Creation query has returned - attempting to spawn vehicle - SQL ID 39
[2023/5/27 - 12:11:06] Louis Zz has created a dynamic vehicle.
[2023/5/27 - 12:11:07] Louis Zz's DV Creation query has returned - attempting to spawn vehicle - SQL ID 40
[2023/5/27 - 12:11:08] Louis Zz has created a dynamic vehicle.
[2023/5/27 - 12:11:08] Louis Zz's DV Creation query has returned - attempting to spawn vehicle - SQL ID 41
[2023/5/27 - 12:11:10] Louis Zz has created a dynamic vehicle.
[2023/5/27 - 12:11:10] Louis Zz's DV Creation query has returned - attempting to spawn vehicle - SQL ID 42
[2023/5/27 - 12:11:15] Louis Zz has created a dynamic vehicle.
[2023/5/27 - 12:11:15] Louis Zz's DV Creation query has returned - attempting to spawn vehicle - SQL ID 43
[2023/5/27 - 12:11:19] Louis Zz has created a dynamic vehicle.
[2023/5/27 - 12:11:19] Louis Zz's DV Creation query has returned - attempting to spawn vehicle - SQL ID 44
[2023/5/27 - 12:11:21] Louis Zz has created a dynamic vehicle.
[2023/5/27 - 12:11:21] Louis Zz's DV Creation query has returned - attempting to spawn vehicle - SQL ID 45
[2023/5/27 - 12:11:27] Louis Zz has created a dynamic vehicle.
[2023/5/27 - 12:11:27] Louis Zz's DV Creation query has returned - attempting to spawn vehicle - SQL ID 46
[2023/5/27 - 12:11:28] Louis Zz has created a dynamic vehicle.
[2023/5/27 - 12:11:28] Louis Zz's DV Creation query has returned - attempting to spawn vehicle - SQL ID 47
[2023/5/27 - 12:11:30] Louis Zz has created a dynamic vehicle.
[2023/5/27 - 12:11:30] Louis Zz's DV Creation query has returned - attempting to spawn vehicle - SQL ID 48
[2023/5/27 - 12:11:31] Louis Zz has created a dynamic vehicle.
[2023/5/27 - 12:11:31] Louis Zz's DV Creation query has returned - attempting to spawn vehicle - SQL ID 49
[2023/5/27 - 12:11:34] Louis Zz has created a dynamic vehicle.
[2023/5/27 - 12:11:34] Louis Zz's DV Creation query has returned - attempting to spawn vehicle - SQL ID 50
[2023/5/27 - 12:11:37] Louis Zz has created a dynamic vehicle.
[2023/5/27 - 12:11:37] Louis Zz's DV Creation query has returned - attempting to spawn vehicle - SQL ID 51
[2023/5/27 - 12:11:38] Louis Zz has created a dynamic vehicle.
[2023/5/27 - 12:11:38] Louis Zz's DV Creation query has returned - attempting to spawn vehicle - SQL ID 52
[2023/5/27 - 12:11:40] Louis Zz has created a dynamic vehicle.
[2023/5/27 - 12:11:40] Louis Zz's DV Creation query has returned - attempting to spawn vehicle - SQL ID 53
[2023/5/27 - 12:11:43] Louis Zz has created a dynamic vehicle.
[2023/5/27 - 12:11:43] Louis Zz's DV Creation query has returned - attempting to spawn vehicle - SQL ID 54
[2023/5/27 - 12:11:44] Louis Zz has created a dynamic vehicle.
[2023/5/27 - 12:11:44] Louis Zz's DV Creation query has returned - attempting to spawn vehicle - SQL ID 55
[2023/5/27 - 12:11:46] Louis Zz has created a dynamic vehicle.
[2023/5/27 - 12:11:46] Louis Zz's DV Creation query has returned - attempting to spawn vehicle - SQL ID 56
[2023/5/27 - 12:11:47] Louis Zz has created a dynamic vehicle.
[2023/5/27 - 12:11:47] Louis Zz's DV Creation query has returned - attempting to spawn vehicle - SQL ID 57
[2023/5/27 - 12:11:48] Louis Zz has created a dynamic vehicle.
[2023/5/27 - 12:11:48] Louis Zz's DV Creation query has returned - attempting to spawn vehicle - SQL ID 58
[2023/5/27 - 12:11:50] Louis Zz has created a dynamic vehicle.
[2023/5/27 - 12:11:50] Louis Zz's DV Creation query has returned - attempting to spawn vehicle - SQL ID 59
[2023/5/27 - 12:12:02] Louis Zz has created a dynamic vehicle.
[2023/5/27 - 12:12:02] Louis Zz's DV Creation query has returned - attempting to spawn vehicle - SQL ID 60
[2023/5/27 - 12:12:03] Louis Zz has created a dynamic vehicle.
[2023/5/27 - 12:12:03] Louis Zz's DV Creation query has returned - attempting to spawn vehicle - SQL ID 61
[2023/5/27 - 12:12:04] Louis Zz has created a dynamic vehicle.
[2023/5/27 - 12:12:04] Louis Zz's DV Creation query has returned - attempting to spawn vehicle - SQL ID 62
[2023/5/27 - 12:12:05] Louis Zz has created a dynamic vehicle.
[2023/5/27 - 12:12:05] Louis Zz's DV Creation query has returned - attempting to spawn vehicle - SQL ID 63
[2023/5/27 - 12:28:18] Jst has edited DV Slot 41 - 64 delete.
[2023/5/27 - 12:28:23] Jst has edited DV Slot 42 - 65 delete.
[2023/5/27 - 12:28:25] Jst has edited DV Slot 43 - 66 delete.
[2023/5/27 - 12:28:27] Jst has edited DV Slot 53 - 76 delete.
[2023/5/27 - 12:28:30] Jst has edited DV Slot 44 - 67 delete.
[2023/5/27 - 12:28:34] Jst has edited DV Slot 45 - 68 delete.
[2023/5/27 - 12:28:37] Jst has edited DV Slot 46 - 69 delete.
[2023/5/27 - 12:28:39] Jst has edited DV Slot 47 - 70 delete.
[2023/5/27 - 12:28:42] Jst has edited DV Slot 48 - 71 delete.
[2023/5/27 - 12:28:46] Jst has edited DV Slot 49 - 72 delete.
[2023/5/27 - 12:29:21] Jst has edited DV Slot 50 - 73 delete.
[2023/5/27 - 12:29:22] Jst has edited DV Slot 51 - 74 delete.
[2023/5/27 - 12:29:25] Jst has edited DV Slot 52 - 75 delete.
[2023/5/27 - 12:29:30] Jst has edited DV Slot 54 - 77 delete.
[2023/5/27 - 12:29:32] Jst has edited DV Slot 55 - 78 delete.
[2023/5/27 - 12:29:34] Jst has edited DV Slot 56 - 79 delete.
[2023/5/27 - 12:29:37] Jst has edited DV Slot 57 - 80 delete.
[2023/5/27 - 12:29:56] Jst has edited DV Slot 62 - 85 delete.
[2023/5/27 - 12:29:58] Jst has edited DV Slot 60 - 83 delete.
[2023/5/27 - 12:30:01] Jst has edited DV Slot 61 - 84 delete.
[2023/5/27 - 12:30:06] Jst has edited DV Slot 58 - 81 delete.
[2023/5/27 - 12:30:08] Jst has edited DV Slot 59 - 82 delete.
[2023/5/27 - 12:30:11] Jst has edited DV Slot 38 - 61 delete.
[2023/5/27 - 12:30:14] Jst has edited DV Slot 39 - 62 delete.
[2023/5/27 - 12:30:17] Jst has edited DV Slot 40 - 61 delete.
[2023/5/27 - 12:30:19] Jst has edited DV Slot 37 - 60 delete.
[2023/5/28 - 19:42:56] Jst has edited DV Slot 35 - 58 groupid 9.
[2023/5/28 - 21:47:30] Diminuto has created a dynamic vehicle.
[2023/5/28 - 21:47:30] Diminuto's DV Creation query has returned - attempting to spawn vehicle - SQL ID 37
[2023/5/28 - 21:47:35] Diminuto has edited DV Slot 37 - 59 groupid 2.
[2023/5/28 - 23:59:37] Diminuto has edited DV Slot 37 - 59 delete.
[2023/5/30 - 11:31:43] Erka has edited DV Slot 12 - 35 delete.
[2023/5/30 - 11:31:54] Erka has edited DV Slot 15 - 38 delete.
[2023/5/30 - 11:32:00] Erka has edited DV Slot 23 - 46 delete.
[2023/5/30 - 11:32:06] Erka has edited DV Slot 24 - 47 delete.
[2023/5/30 - 11:33:24] Erka has created a dynamic vehicle.
[2023/5/30 - 11:33:24] Erka's DV Creation query has returned - attempting to spawn vehicle - SQL ID 12
[2023/5/30 - 11:34:12] Erka has edited DV Slot 12 - 35 groupid 1.
[2023/5/30 - 11:55:57] Erka has edited DV Slot 4 - 27 divid.
[2023/5/30 - 11:56:05] Erka has edited DV Slot 4 - 27 divid 1.
[2023/5/30 - 11:56:46] Erka has edited DV Slot 4 - 27 divid 2.
[2023/5/30 - 11:57:11] Erka has edited DV Slot 4 - 27 divid 1.
[2023/5/30 - 11:57:27] Erka has edited DV Slot 4 - 27 divid 3.
[2023/5/30 - 11:57:35] Erka has edited DV Slot 4 - 27 divid 0.
[2023/5/30 - 11:57:44] Erka has edited DV Slot 4 - 27 divid 1.
[2023/5/30 - 11:58:22] Erka has edited DV Slot 4 - 27 divid 1.
[2023/5/30 - 11:59:07] Erka has edited DV Slot 4 - 27 divid 3.
[2023/5/30 - 11:59:43] Erka has edited DV Slot 4 - 27 divi.
[2023/5/30 - 11:59:46] Erka has edited DV Slot 4 - 27 diviD 1.
[2023/5/30 - 11:59:59] Erka has edited DV Slot 4 - 27 diviD 1.
[2023/5/30 - 12:01:28] Erka has edited DV Slot 13 - 36 diviD 1.
[2023/5/30 - 12:01:37] Erka has edited DV Slot 13 - 36 diviD 2.
[2023/5/30 - 12:01:48] Erka has edited DV Slot 13 - 36 diviD 1.
[2023/5/30 - 12:01:54] Erka has edited DV Slot 12 - 35 diviD 1.
[2023/5/30 - 12:03:00] Erka has edited DV Slot 6 - 29 diviD 1.
[2023/5/30 - 12:03:05] Erka has edited DV Slot 2 - 25 diviD 1.
[2023/5/30 - 12:03:09] Erka has edited DV Slot 5 - 28 diviD 1.
[2023/5/30 - 14:57:06] Erka has edited DV Slot 12 - 35 maxhealth 2000.
[2023/5/30 - 14:57:13] Erka has edited DV Slot 13 - 36 maxhealth 2000.
[2023/5/30 - 17:54:52] Diminuto has edited DV Slot 21 - 42 delete.
[2023/5/31 - 0:54:58] Erka has created a dynamic vehicle.
[2023/5/31 - 0:54:58] Erka's DV Creation query has returned - attempting to spawn vehicle - SQL ID 15
[2023/5/31 - 0:55:11] Erka has edited DV Slot 15 - 53 delete.
[2023/5/31 - 0:55:18] Erka has created a dynamic vehicle.
[2023/5/31 - 0:55:18] Erka's DV Creation query has returned - attempting to spawn vehicle - SQL ID 15
[2023/5/31 - 0:55:26] Erka has edited DV Slot 15 - 53 delete.
[2023/5/31 - 0:55:30] Erka has created a dynamic vehicle.
[2023/5/31 - 0:55:30] Erka's DV Creation query has returned - attempting to spawn vehicle - SQL ID 15
[2023/5/31 - 0:56:22] Erka has edited DV Slot 15 - 53 group 9.
[2023/5/31 - 0:56:27] Erka has edited DV Slot 15 - 53 gruop 9.
[2023/5/31 - 0:56:31] Erka has edited DV Slot 15 - 53 gruopid 9.
[2023/5/31 - 0:56:35] Erka has edited DV Slot 15 - 53 groupid 9.
[2023/5/31 - 0:56:45] Erka has created a dynamic vehicle.
[2023/5/31 - 0:56:45] Erka's DV Creation query has returned - attempting to spawn vehicle - SQL ID 21
[2023/5/31 - 0:56:58] Erka has edited DV Slot 21 - 54 groupid 9.
[2023/5/31 - 0:57:54] Erka has edited DV Slot 21 - 54 divid 5.
[2023/5/31 - 0:58:03] Erka has edited DV Slot 21 - 54 divid 4.
[2023/5/31 - 0:58:37] Erka has edited DV Slot 15 - 53 divid 4.
[2023/5/31 - 0:59:33] Erka has edited DV Slot 21 - 54 maxhealth 3000.
[2023/5/31 - 0:59:40] Erka has edited DV Slot 15 - 53 maxhealth 3000.
[2023/6/2 - 13:34:15] Julius Koo has created a dynamic vehicle.
[2023/6/2 - 13:34:15] Julius Koo's DV Creation query has returned - attempting to spawn vehicle - SQL ID 23
[2023/6/2 - 13:41:52] Julius Koo has edited DV Slot 13 - 36 objz 0.62.
[2023/6/2 - 13:43:09] Diminuto has edited DV Slot 14 - 37 vtype.
[2023/6/2 - 13:43:10] Diminuto has edited DV Slot 14 - 37 vtype 1.
[2023/6/2 - 13:43:19] Diminuto has edited DV Slot 14 - 37 vtype 2.
[2023/6/2 - 13:43:39] Diminuto has edited DV Slot 14 - 37 vtype 3.
[2023/6/2 - 13:43:40] Jst has created a dynamic vehicle.
[2023/6/2 - 13:43:40] Jst's DV Creation query has returned - attempting to spawn vehicle - SQL ID 24
[2023/6/2 - 13:43:55] Julius Koo has edited DV Slot 23 - 60 groupid 1.
[2023/6/2 - 13:43:56] Diminuto has edited DV Slot 14 - 37 vtype 4.
[2023/6/2 - 13:44:08] Diminuto has edited DV Slot 14 - 37 vtype 1.
[2023/6/2 - 13:44:18] Julius Koo has edited DV Slot 23 - 60 maxhelth 2000.
[2023/6/2 - 13:44:21] Diminuto has edited DV Slot 14 - 37 vtype 0.
[2023/6/2 - 13:44:30] Julius Koo has edited DV Slot 23 - 60 maxhealth 2000.
[2023/6/2 - 13:44:38] Julius Koo has edited DV Slot 23 - 60 maxhealth 2000.
[2023/6/2 - 13:44:46] Jst has edited DV Slot 24 - 62 groupid 1.
[2023/6/2 - 13:45:04] Jst has edited DV Slot 24 - 62 groupid 1.
[2023/6/2 - 13:45:09] Diminuto has edited DV Slot 14 - 37 loadmax.
[2023/6/2 - 13:45:13] Diminuto has edited DV Slot 14 - 37 loadmax 1.
[2023/6/2 - 13:45:29] Jst has edited DV Slot 24 - 62 loadmax.
[2023/6/2 - 13:45:30] Jst has edited DV Slot 24 - 62 loadmax 1.
[2023/6/2 - 13:45:38] Diminuto has edited DV Slot 14 - 37 loadmax 2.
[2023/6/2 - 13:45:42] Diminuto has edited DV Slot 14 - 37 loadmax 3.
[2023/6/2 - 13:45:45] Diminuto has edited DV Slot 14 - 37 loadmax 4.
[2023/6/2 - 13:45:47] Diminuto has edited DV Slot 14 - 37 loadmax 5.
[2023/6/2 - 13:45:49] Diminuto has edited DV Slot 14 - 37 loadmax 6.
[2023/6/2 - 13:45:51] Julius Koo has edited DV Slot 14 - 37 color.
[2023/6/2 - 13:45:53] Diminuto has edited DV Slot 14 - 37 loadmax 0.
[2023/6/2 - 13:45:55] Julius Koo has edited DV Slot 14 - 37 color 0 0.
[2023/6/2 - 13:45:57] Diminuto has edited DV Slot 14 - 37 loadmax 1.
[2023/6/2 - 13:45:58] Julius Koo has edited DV Slot 14 - 37 color 0 0.
[2023/6/2 - 13:46:08] Julius Koo has edited DV Slot 14 - 37 vcol1 1 1.
[2023/6/2 - 13:46:11] Julius Koo has edited DV Slot 14 - 37 vcol1 0 0.
[2023/6/2 - 13:46:24] Diminuto has edited DV Slot 14 - 37 disabled 1.
[2023/6/2 - 13:47:15] Julius Koo has edited DV Slot 14 - 62 delete.
[2023/6/2 - 13:47:32] Julius Koo has edited DV Slot 13 - 36 delete.
[2023/6/2 - 13:47:38] Julius Koo has edited DV Slot 23 - 43 delete.
[2023/6/2 - 13:47:45] Julius Koo has edited DV Slot 24 - 43 delete.
[2023/6/2 - 13:47:48] Diminuto has created a dynamic vehicle.
[2023/6/2 - 13:47:48] Diminuto's DV Creation query has returned - attempting to spawn vehicle - SQL ID 13
[2023/6/2 - 13:47:52] Diminuto has edited DV Slot 13 - 43 groupid.
[2023/6/2 - 13:47:53] Julius Koo has edited DV Slot 18 - 39 delete.
[2023/6/2 - 13:47:53] Diminuto has edited DV Slot 13 - 43 groupid 1.
[2023/6/2 - 13:47:55] Julius Koo has edited DV Slot 20 - 41 delete.
[2023/6/2 - 13:47:59] Julius Koo has edited DV Slot 19 - 40 delete.
[2023/6/2 - 13:48:00] Diminuto has edited DV Slot 13 - 43 maxhealth 200.
[2023/6/2 - 13:48:01] Diminuto has edited DV Slot 13 - 43 maxhealth 2000.
[2023/6/2 - 13:48:18] Julius Koo has edited DV Slot 13 - 39 delete.
[2023/6/2 - 13:48:22] Julius Koo has edited DV Slot 12 - 35 delete.
[2023/6/2 - 13:48:31] Diminuto has created a dynamic vehicle.
[2023/6/2 - 13:48:31] Diminuto's DV Creation query has returned - attempting to spawn vehicle - SQL ID 12
[2023/6/2 - 13:48:37] Diminuto has edited DV Slot 12 - 35 groupid 1.
[2023/6/2 - 13:48:40] Diminuto has edited DV Slot 12 - 35 maxhealth 2000.
[2023/6/2 - 13:48:56] Julius Koo has created a dynamic vehicle.
[2023/6/2 - 13:48:56] Julius Koo's DV Creation query has returned - attempting to spawn vehicle - SQL ID 13
[2023/6/2 - 13:49:08] Diminuto has edited DV Slot 12 - 35 vmodel 35 1.
[2023/6/2 - 13:49:11] Julius Koo has edited DV Slot 13 - 39 delete.
[2023/6/2 - 13:49:18] Julius Koo has created a dynamic vehicle.
[2023/6/2 - 13:49:18] Julius Koo's DV Creation query has returned - attempting to spawn vehicle - SQL ID 13
[2023/6/2 - 13:49:28] Diminuto has edited DV Slot 12 - 35 upkeep 1.
[2023/6/2 - 13:49:32] Julius Koo has edited DV Slot 13 - 39 groupid 1.
[2023/6/2 - 13:50:18] Julius Koo has created a dynamic vehicle.
[2023/6/2 - 13:50:18] Julius Koo's DV Creation query has returned - attempting to spawn vehicle - SQL ID 14
[2023/6/2 - 13:50:24] Julius Koo has edited DV Slot 14 - 40 groupid 1.
[2023/6/2 - 13:50:57] Julius Koo has edited DV Slot 12 - 35 delete.
[2023/6/2 - 13:51:05] Julius Koo has created a dynamic vehicle.
[2023/6/2 - 13:51:05] Julius Koo's DV Creation query has returned - attempting to spawn vehicle - SQL ID 12
[2023/6/2 - 13:51:23] Julius Koo has edited DV Slot 12 - 35 groupid 1.
[2023/6/2 - 13:55:06] Julius Koo has created a dynamic vehicle.
[2023/6/2 - 13:55:06] Julius Koo's DV Creation query has returned - attempting to spawn vehicle - SQL ID 18
[2023/6/2 - 13:55:13] Julius Koo has created a dynamic vehicle.
[2023/6/2 - 13:55:13] Julius Koo's DV Creation query has returned - attempting to spawn vehicle - SQL ID 19
[2023/6/2 - 13:55:18] Julius Koo has created a dynamic vehicle.
[2023/6/2 - 13:55:18] Julius Koo's DV Creation query has returned - attempting to spawn vehicle - SQL ID 20
[2023/6/2 - 13:55:30] Diminuto has edited DV Slot 13 - 39 maxhealth 2000.
[2023/6/2 - 13:55:31] Julius Koo has edited DV Slot 20 - 57 groupid.
[2023/6/2 - 13:55:33] Diminuto has edited DV Slot 14 - 40 maxhealth 2000.
[2023/6/2 - 13:55:33] Julius Koo has edited DV Slot 20 - 57 groupid 1.
[2023/6/2 - 13:55:35] Diminuto has edited DV Slot 12 - 35 maxhealth 2000.
[2023/6/2 - 13:55:38] Julius Koo has edited DV Slot 19 - 47 groupid 1.
[2023/6/2 - 13:55:41] Julius Koo has edited DV Slot 18 - 46 groupid 1.
[2023/6/2 - 13:56:23] Jst has edited DV Slot 10 - 33 rank.
[2023/6/2 - 13:56:27] Jst has edited DV Slot 10 - 33 rank 0.
[2023/6/2 - 13:57:17] Julius Koo has created a dynamic vehicle.
[2023/6/2 - 13:57:17] Julius Koo's DV Creation query has returned - attempting to spawn vehicle - SQL ID 23
[2023/6/2 - 13:57:26] Julius Koo has edited DV Slot 23 - 58 delete.
[2023/6/2 - 13:57:32] Julius Koo has created a dynamic vehicle.
[2023/6/2 - 13:57:32] Julius Koo's DV Creation query has returned - attempting to spawn vehicle - SQL ID 23
[2023/6/2 - 13:57:37] Julius Koo has edited DV Slot 23 - 58 delete.
[2023/6/2 - 13:57:41] Julius Koo has created a dynamic vehicle.
[2023/6/2 - 13:57:41] Julius Koo's DV Creation query has returned - attempting to spawn vehicle - SQL ID 23
[2023/6/2 - 13:58:05] Jst has created a dynamic vehicle.
[2023/6/2 - 13:58:05] Jst's DV Creation query has returned - attempting to spawn vehicle - SQL ID 24
[2023/6/2 - 13:58:26] Jst has edited DV Slot 24 - 60 delete.
[2023/6/2 - 13:58:31] Jst has created a dynamic vehicle.
[2023/6/2 - 13:58:31] Jst's DV Creation query has returned - attempting to spawn vehicle - SQL ID 24
[2023/6/2 - 13:59:11] Julius Koo has edited DV Slot 23 - 58 groupid 1.
[2023/6/2 - 13:59:13] Jst has edited DV Slot 24 - 60 delete.
[2023/6/2 - 13:59:31] Jst has created a dynamic vehicle.
[2023/6/2 - 13:59:31] Jst's DV Creation query has returned - attempting to spawn vehicle - SQL ID 24
[2023/6/2 - 14:00:45] Julius Koo has edited DV Slot 25 - 45 fix.
[2023/6/2 - 14:01:42] Julius Koo has created a dynamic vehicle.
[2023/6/2 - 14:01:42] Julius Koo's DV Creation query has returned - attempting to spawn vehicle - SQL ID 37
[2023/6/2 - 14:04:57] Julius Koo has edited DV Slot 27 - 43 rank .
[2023/6/2 - 14:04:59] Julius Koo has edited DV Slot 27 - 43 rank 1 1.
[2023/6/2 - 14:05:09] Julius Koo has edited DV Slot 18 - 46 rank 1 1.
[2023/6/2 - 14:05:13] Julius Koo has edited DV Slot 18 - 46 rank 1.
[2023/6/2 - 14:05:18] Julius Koo has edited DV Slot 20 - 57 rank 1.
[2023/6/2 - 14:05:29] Julius Koo has edited DV Slot 19 - 47 rank 0.
[2023/6/2 - 14:07:20] Julius Koo has edited DV Slot 37 - 62 groupid 1.
[2023/6/2 - 14:07:36] Julius Koo has edited DV Slot 37 - 62 rank 1.
[2023/6/2 - 14:07:57] Julius Koo has edited DV Slot 26 - 42 rank 1.
[2023/6/2 - 14:09:23] Julius Koo has edited DV Slot 24 - 60 delete.
[2023/6/2 - 14:11:05] Julius Koo has edited DV Slot 28 - 48 groupid 1.
[2023/6/2 - 14:11:28] Julius Koo has edited DV Slot 28 - 48 rank 1.
[2023/6/2 - 14:12:59] Julius Koo has created a dynamic vehicle.
[2023/6/2 - 14:12:59] Julius Koo's DV Creation query has returned - attempting to spawn vehicle - SQL ID 24
[2023/6/2 - 14:13:24] Julius Koo has edited DV Slot 24 - 62 groupid 1.
[2023/6/2 - 14:13:35] Julius Koo has edited DV Slot 24 - 62 rank 1.
[2023/6/2 - 14:13:40] Julius Koo has created a dynamic vehicle.
[2023/6/2 - 14:13:40] Julius Koo's DV Creation query has returned - attempting to spawn vehicle - SQL ID 38
[2023/6/2 - 14:13:45] Julius Koo has edited DV Slot 38 - 63 groupid 1.
[2023/6/2 - 14:13:49] Julius Koo has edited DV Slot 38 - 63 rank 1.
[2023/6/2 - 14:14:31] Julius Koo has edited DV Slot 25 - 45 groupid 1.
[2023/6/2 - 14:14:38] Julius Koo has edited DV Slot 25 - 45 rank 0.
[2023/6/2 - 14:16:04] Julius Koo has created a dynamic vehicle.
[2023/6/2 - 14:16:04] Julius Koo's DV Creation query has returned - attempting to spawn vehicle - SQL ID 39
[2023/6/2 - 14:16:39] Julius Koo has edited DV Slot 39 - 64 groupid 1.
[2023/6/2 - 14:16:44] Julius Koo has edited DV Slot 39 - 64 rank 1.
[2023/6/2 - 14:17:59] Erka has created a dynamic vehicle.
[2023/6/2 - 14:17:59] Erka's DV Creation query has returned - attempting to spawn vehicle - SQL ID 40
[2023/6/2 - 14:18:21] Erka has edited DV Slot 35 - 55 delete.
[2023/6/2 - 14:18:26] Erka has edited DV Slot 40 - 65 delete.
[2023/6/2 - 14:18:38] Erka has created a dynamic vehicle.
[2023/6/2 - 14:18:38] Erka's DV Creation query has returned - attempting to spawn vehicle - SQL ID 35
[2023/6/2 - 14:18:47] Erka has edited DV Slot 35 - 55 delete.
[2023/6/2 - 14:18:53] Erka has created a dynamic vehicle.
[2023/6/2 - 14:18:53] Erka's DV Creation query has returned - attempting to spawn vehicle - SQL ID 35
[2023/6/2 - 14:18:59] Erka has edited DV Slot 35 - 55 delete.
[2023/6/2 - 14:19:29] Erka has edited DV Slot 13 - 39 delete.
[2023/6/2 - 14:19:35] Erka has edited DV Slot 14 - 40 delete.
[2023/6/2 - 14:19:40] Erka has edited DV Slot 12 - 35 delete.
[2023/6/2 - 14:19:49] Erka has edited DV Slot 39 - 64 delete.
[2023/6/2 - 14:19:54] Erka has edited DV Slot 28 - 48 delete.
[2023/6/2 - 17:48:16] Diminuto has created a dynamic vehicle.
[2023/6/2 - 17:48:16] Diminuto's DV Creation query has returned - attempting to spawn vehicle - SQL ID 12
[2023/6/2 - 17:48:29] Diminuto has edited DV Slot 12 - 54 maxhealth 3000.
[2023/6/2 - 17:48:36] Diminuto has edited DV Slot 12 - 54 groupid 8.
[2023/6/2 - 17:48:54] Diminuto has edited DV Slot 12 - 54 groupid 9.
[2023/6/5 - 19:21:37] Diminuto Edwards has created a dynamic vehicle.
[2023/6/5 - 19:21:37] Diminuto Edwards's DV Creation query has returned - attempting to spawn vehicle - SQL ID 13
[2023/6/5 - 19:22:00] Diminuto Edwards has edited DV Slot 13 - 57 family 2.
[2023/6/5 - 19:23:37] Diminuto Edwards has edited DV Slot 13 - 57 vcol1 567.
[2023/6/5 - 19:23:59] Diminuto Edwards has edited DV Slot 13 - 57 vcol1 003.
[2023/6/5 - 19:24:01] Diminuto Edwards has edited DV Slot 13 - 57 vcol2 003.
[2023/6/5 - 19:24:51] Diminuto Edwards has created a dynamic vehicle.
[2023/6/5 - 19:24:51] Diminuto Edwards's DV Creation query has returned - attempting to spawn vehicle - SQL ID 14
[2023/6/5 - 19:25:09] Diminuto Edwards has edited DV Slot 13 - 57 vcol1 003.
[2023/6/5 - 19:25:15] Diminuto Edwards has edited DV Slot 13 - 57 family 2.
[2023/6/5 - 19:25:35] Diminuto Edwards has edited DV Slot 14 - 58 family 2.
[2023/6/9 - 16:19:47] Diminuto has created a dynamic vehicle.
[2023/6/9 - 16:19:47] Diminuto's DV Creation query has returned - attempting to spawn vehicle - SQL ID 28
[2023/6/9 - 16:19:56] Diminuto has edited DV Slot 28 - 46 family 2.
[2023/6/9 - 16:20:01] Diminuto has edited DV Slot 28 - 46 family 3.
[2023/6/9 - 16:20:42] Diminuto has created a dynamic vehicle.
[2023/6/9 - 16:20:42] Diminuto's DV Creation query has returned - attempting to spawn vehicle - SQL ID 35
[2023/6/9 - 16:20:50] Diminuto has edited DV Slot 35 - 48 family 3.
[2023/6/9 - 16:21:45] Diminuto has edited DV Slot 35 - 48 rank 0.
[2023/6/9 - 16:21:47] Diminuto has edited DV Slot 28 - 46 rank 0.
[2023/6/9 - 16:23:17] Diminuto has created a dynamic vehicle.
[2023/6/9 - 16:23:17] Diminuto's DV Creation query has returned - attempting to spawn vehicle - SQL ID 39
[2023/6/9 - 16:23:29] Diminuto has created a dynamic vehicle.
[2023/6/9 - 16:23:29] Diminuto's DV Creation query has returned - attempting to spawn vehicle - SQL ID 40
[2023/6/9 - 16:23:35] Diminuto has edited DV Slot 39 - 50 delete.
[2023/6/9 - 16:23:38] Diminuto has created a dynamic vehicle.
[2023/6/9 - 16:23:38] Diminuto's DV Creation query has returned - attempting to spawn vehicle - SQL ID 39
[2023/6/9 - 16:23:46] Diminuto has edited DV Slot 39 - 50 family 3.
[2023/6/9 - 16:23:56] Diminuto has edited DV Slot 40 - 52 family 3.
[2023/6/9 - 16:24:38] Diminuto has edited DV Slot 39 - 50 family 3.
