[2021/8/2 - 11:45:41] Diablo Ryan da giao thanh cong 2 chuyen hang va nhan duoc so tien la 220
[2021/8/2 - 11:50:46] Diablo Ryan da giao thanh cong 2 chuyen hang va nhan duoc so tien la 220
[2021/8/2 - 11:54:04] Deqavious Rostislav da giao thanh cong 2 chuyen hang va nhan duoc so tien la 220
[2021/8/2 - 11:59:16] Deqavious Rostislav da giao thanh cong 2 chuyen hang va nhan duoc so tien la 220
[2021/8/2 - 12:04:04] Deqavious Rostislav da giao thanh cong 2 chuyen hang va nhan duoc so tien la 220
[2021/8/2 - 12:09:27] Deqavious Rostislav da giao thanh cong 2 chuyen hang va nhan duoc so tien la 220
[2021/8/2 - 12:14:43] Deqavious Rostislav da giao thanh cong 2 chuyen hang va nhan duoc so tien la 220
[2021/8/2 - 12:19:22] Deqavious Rostislav da giao thanh cong 2 chuyen hang va nhan duoc so tien la 220
[2021/8/2 - 12:23:57] Deqavious Rostislav da giao thanh cong 2 chuyen hang va nhan duoc so tien la 220
[2021/8/2 - 12:29:19] Deqavious Rostislav da giao thanh cong 2 chuyen hang va nhan duoc so tien la 220
[2021/8/2 - 13:11:57] Ezio Desatan da giao thanh cong 2 chuyen hang va nhan duoc so tien la 220
[2021/8/2 - 13:38:04] Ezio Desatan da giao thanh cong 2 chuyen hang va nhan duoc so tien la 220
[2021/8/3 - 0:03:23] ngoc hoan da giao thanh cong 2 chuyen hang va nhan duoc so tien la 220
[2021/8/3 - 0:09:23] ngoc hoan da giao thanh cong 2 chuyen hang va nhan duoc so tien la 220
[2021/8/3 - 6:26:02] David Beckben da giao thanh cong 2 chuyen hang va nhan duoc so tien la 220
[2021/8/3 - 6:29:57] David Beckben da giao thanh cong 2 chuyen hang va nhan duoc so tien la 220
[2021/8/3 - 6:33:13] David Beckben da giao thanh cong 2 chuyen hang va nhan duoc so tien la 220
[2021/8/3 - 6:37:01] David Beckben da giao thanh cong 2 chuyen hang va nhan duoc so tien la 220
[2021/8/3 - 6:41:02] David Beckben da giao thanh cong 2 chuyen hang va nhan duoc so tien la 220
[2021/8/3 - 6:44:48] David Beckben da giao thanh cong 2 chuyen hang va nhan duoc so tien la 220
[2021/8/3 - 6:49:07] David Beckben da giao thanh cong 2 chuyen hang va nhan duoc so tien la 220
[2021/8/3 - 6:53:37] Tai Cute da giao thanh cong 2 chuyen hang va nhan duoc so tien la 400
[2021/8/3 - 6:58:01] Tai Cute da giao thanh cong 2 chuyen hang va nhan duoc so tien la 400
[2021/8/3 - 7:02:22] Tai Cute da giao thanh cong 2 chuyen hang va nhan duoc so tien la 400
[2021/8/3 - 7:06:25] Tai Cute da giao thanh cong 2 chuyen hang va nhan duoc so tien la 400
[2021/8/3 - 7:19:46] Tai Cute da giao thanh cong 2 chuyen hang va nhan duoc so tien la 400
[2021/8/3 - 7:23:40] Tai Cute da giao thanh cong 2 chuyen hang va nhan duoc so tien la 400
[2021/8/3 - 7:27:48] Tai Cute da giao thanh cong 2 chuyen hang va nhan duoc so tien la 400
[2021/8/3 - 7:32:07] Tai Cute da giao thanh cong 2 chuyen hang va nhan duoc so tien la 400
[2021/8/3 - 7:35:55] Tai Cute da giao thanh cong 2 chuyen hang va nhan duoc so tien la 400
[2021/8/3 - 7:39:43] Tai Cute da giao thanh cong 2 chuyen hang va nhan duoc so tien la 400
[2021/8/3 - 7:43:51] Tai Cute da giao thanh cong 2 chuyen hang va nhan duoc so tien la 400
[2021/8/3 - 7:48:08] Tai Cute da giao thanh cong 2 chuyen hang va nhan duoc so tien la 400
[2021/8/3 - 7:52:29] Tai Cute da giao thanh cong 2 chuyen hang va nhan duoc so tien la 400
[2021/8/3 - 7:56:28] Tai Cute da giao thanh cong 2 chuyen hang va nhan duoc so tien la 400
[2021/8/3 - 8:01:33] Tai Cute da giao thanh cong 2 chuyen hang va nhan duoc so tien la 400
[2021/8/3 - 8:05:48] Tai Cute da giao thanh cong 2 chuyen hang va nhan duoc so tien la 400
[2021/8/3 - 8:09:40] Tai Cute da giao thanh cong 2 chuyen hang va nhan duoc so tien la 400
[2021/8/3 - 8:13:36] Tai Cute da giao thanh cong 2 chuyen hang va nhan duoc so tien la 400
[2021/8/3 - 8:19:19] Tai Cute da giao thanh cong 2 chuyen hang va nhan duoc so tien la 400
[2021/8/3 - 9:30:19] Tai Cute da giao thanh cong 2 chuyen hang va nhan duoc so tien la 400
[2021/8/3 - 9:34:01] Tai Cute da giao thanh cong 2 chuyen hang va nhan duoc so tien la 400
[2021/8/3 - 9:37:40] Tai Cute da giao thanh cong 2 chuyen hang va nhan duoc so tien la 400
[2021/8/3 - 9:42:11] Tai Cute da giao thanh cong 2 chuyen hang va nhan duoc so tien la 400
[2021/8/3 - 9:46:20] Tai Cute da giao thanh cong 2 chuyen hang va nhan duoc so tien la 400
[2021/8/3 - 9:50:15] Tai Cute da giao thanh cong 2 chuyen hang va nhan duoc so tien la 400
[2021/8/3 - 9:53:49] Tai Cute da giao thanh cong 2 chuyen hang va nhan duoc so tien la 400
[2021/8/3 - 9:57:29] Tai Cute da giao thanh cong 2 chuyen hang va nhan duoc so tien la 400
[2021/8/3 - 10:10:44] David Beckben da giao thanh cong 2 chuyen hang va nhan duoc so tien la 220
[2021/8/3 - 10:14:03] David Beckben da giao thanh cong 2 chuyen hang va nhan duoc so tien la 220
[2021/8/3 - 10:17:29] David Beckben da giao thanh cong 2 chuyen hang va nhan duoc so tien la 220
[2021/8/3 - 10:21:10] David Beckben da giao thanh cong 2 chuyen hang va nhan duoc so tien la 220
[2021/8/3 - 10:24:26] David Beckben da giao thanh cong 2 chuyen hang va nhan duoc so tien la 220
[2021/8/3 - 10:28:55] David Beckben da giao thanh cong 2 chuyen hang va nhan duoc so tien la 220
[2021/8/3 - 10:53:16] Tai Cute da giao thanh cong 2 chuyen hang va nhan duoc so tien la 400
[2021/8/3 - 10:57:04] Tai Cute da giao thanh cong 2 chuyen hang va nhan duoc so tien la 400
[2021/8/3 - 11:04:01] Tai Cute da giao thanh cong 2 chuyen hang va nhan duoc so tien la 400
[2021/8/3 - 11:08:32] Tai Cute da giao thanh cong 2 chuyen hang va nhan duoc so tien la 400
[2021/8/3 - 11:12:40] Tai Cute da giao thanh cong 2 chuyen hang va nhan duoc so tien la 400
[2021/8/3 - 11:17:39] Tai Cute da giao thanh cong 2 chuyen hang va nhan duoc so tien la 400
[2021/8/3 - 11:51:47] Tai Cute da giao thanh cong 2 chuyen hang va nhan duoc so tien la 400
[2021/8/3 - 12:01:27] David Bull da giao thanh cong 2 chuyen hang va nhan duoc so tien la 220
[2021/8/3 - 12:55:53] David Bull da giao thanh cong 2 chuyen hang va nhan duoc so tien la 220
[2021/8/3 - 13:03:18] David Bull da giao thanh cong 2 chuyen hang va nhan duoc so tien la 220
[2021/8/3 - 13:45:31] Nguyen Tri Manh da giao thanh cong 2 chuyen hang va nhan duoc so tien la 400
[2021/8/3 - 13:50:31] Nguyen Tri Manh da giao thanh cong 2 chuyen hang va nhan duoc so tien la 400
[2021/8/3 - 13:54:56] Nguyen Tri Manh da giao thanh cong 2 chuyen hang va nhan duoc so tien la 400
[2021/8/3 - 14:01:39] Nguyen Tri Manh da giao thanh cong 2 chuyen hang va nhan duoc so tien la 400
[2021/8/3 - 14:05:27] Nguyen Tri Manh da giao thanh cong 2 chuyen hang va nhan duoc so tien la 400
[2021/8/3 - 14:10:09] Nguyen Tri Manh da giao thanh cong 2 chuyen hang va nhan duoc so tien la 400
[2021/8/3 - 14:11:38] Tai Cute da giao thanh cong 2 chuyen hang va nhan duoc so tien la 400
[2021/8/3 - 14:14:33] Nguyen Tri Manh da giao thanh cong 2 chuyen hang va nhan duoc so tien la 400
[2021/8/3 - 14:16:42] Tai Cute da giao thanh cong 2 chuyen hang va nhan duoc so tien la 400
[2021/8/3 - 14:20:00] Nguyen Tri Manh da giao thanh cong 2 chuyen hang va nhan duoc so tien la 400
[2021/8/3 - 14:21:52] Tai Cute da giao thanh cong 2 chuyen hang va nhan duoc so tien la 400
[2021/8/3 - 14:24:08] Nguyen Tri Manh da giao thanh cong 2 chuyen hang va nhan duoc so tien la 400
[2021/8/3 - 14:29:13] Nguyen Tri Manh da giao thanh cong 2 chuyen hang va nhan duoc so tien la 400
[2021/8/3 - 14:32:54] Tai Cute da giao thanh cong 2 chuyen hang va nhan duoc so tien la 400
[2021/8/3 - 14:37:05] Tai Cute da giao thanh cong 2 chuyen hang va nhan duoc so tien la 400
[2021/8/3 - 14:41:23] Tai Cute da giao thanh cong 2 chuyen hang va nhan duoc so tien la 400
[2021/8/3 - 14:45:27] Tai Cute da giao thanh cong 2 chuyen hang va nhan duoc so tien la 400
[2021/8/3 - 14:49:51] Tai Cute da giao thanh cong 2 chuyen hang va nhan duoc so tien la 400
[2021/8/3 - 14:54:37] Tai Cute da giao thanh cong 2 chuyen hang va nhan duoc so tien la 400
[2021/8/3 - 15:01:09] Tai Cute da giao thanh cong 2 chuyen hang va nhan duoc so tien la 400
[2021/8/3 - 15:05:55] Tai Cute da giao thanh cong 2 chuyen hang va nhan duoc so tien la 400
[2021/8/3 - 15:10:33] Tai Cute da giao thanh cong 2 chuyen hang va nhan duoc so tien la 400
[2021/8/3 - 16:27:42] Tai Cute da giao thanh cong 2 chuyen hang va nhan duoc so tien la 400
[2021/8/3 - 16:29:05] David Bull da giao thanh cong 2 chuyen hang va nhan duoc so tien la 220
[2021/8/3 - 16:31:04] Nguyen Tri Manh da giao thanh cong 2 chuyen hang va nhan duoc so tien la 400
[2021/8/3 - 16:33:41] Tai Cute da giao thanh cong 2 chuyen hang va nhan duoc so tien la 400
[2021/8/3 - 16:36:12] Nguyen Tri Manh da giao thanh cong 2 chuyen hang va nhan duoc so tien la 400
[2021/8/3 - 16:39:31] David Bull da giao thanh cong 2 chuyen hang va nhan duoc so tien la 220
[2021/8/3 - 16:41:07] Tai Cute da giao thanh cong 2 chuyen hang va nhan duoc so tien la 400
[2021/8/3 - 16:46:19] David Bull da giao thanh cong 2 chuyen hang va nhan duoc so tien la 220
[2021/8/3 - 16:46:22] Nguyen Tri Manh da giao thanh cong 2 chuyen hang va nhan duoc so tien la 400
[2021/8/3 - 16:51:16] Nguyen Tri Manh da giao thanh cong 2 chuyen hang va nhan duoc so tien la 400
[2021/8/3 - 16:53:12] David Bull da giao thanh cong 2 chuyen hang va nhan duoc so tien la 220
[2021/8/3 - 16:55:56] Nguyen Tri Manh da giao thanh cong 2 chuyen hang va nhan duoc so tien la 400
[2021/8/3 - 17:00:57] Nguyen Tri Manh da giao thanh cong 2 chuyen hang va nhan duoc so tien la 400
[2021/8/3 - 18:32:25] thanh vovn da giao thanh cong 2 chuyen hang va nhan duoc so tien la 220
[2021/8/3 - 19:11:35] YangHo The Sun da giao thanh cong 2 chuyen hang va nhan duoc so tien la 220
[2021/8/3 - 19:18:09] YangHo The Sun da giao thanh cong 2 chuyen hang va nhan duoc so tien la 220
[2021/8/3 - 19:31:19] YangHo The Sun da giao thanh cong 2 chuyen hang va nhan duoc so tien la 220
[2021/8/4 - 0:56:42] Eric Catona da giao thanh cong 2 chuyen hang va nhan duoc so tien la 220
[2021/8/4 - 6:34:56] Tai Cute da giao thanh cong 2 chuyen hang va nhan duoc so tien la 400
[2021/8/4 - 6:39:19] Tai Cute da giao thanh cong 2 chuyen hang va nhan duoc so tien la 400
[2021/8/4 - 6:43:25] Tai Cute da giao thanh cong 2 chuyen hang va nhan duoc so tien la 400
[2021/8/4 - 6:47:40] Tai Cute da giao thanh cong 2 chuyen hang va nhan duoc so tien la 400
[2021/8/4 - 6:51:27] Tai Cute da giao thanh cong 2 chuyen hang va nhan duoc so tien la 400
[2021/8/4 - 6:55:12] Tai Cute da giao thanh cong 2 chuyen hang va nhan duoc so tien la 400
[2021/8/4 - 6:59:22] Tai Cute da giao thanh cong 2 chuyen hang va nhan duoc so tien la 400
[2021/8/4 - 7:02:56] Tai Cute da giao thanh cong 2 chuyen hang va nhan duoc so tien la 400
[2021/8/4 - 7:06:47] Tai Cute da giao thanh cong 2 chuyen hang va nhan duoc so tien la 400
[2021/8/4 - 7:16:28] Tai Cute da giao thanh cong 2 chuyen hang va nhan duoc so tien la 400
[2021/8/4 - 7:22:30] Tai Cute da giao thanh cong 2 chuyen hang va nhan duoc so tien la 400
[2021/8/4 - 7:26:14] David Bull da giao thanh cong 2 chuyen hang va nhan duoc so tien la 220
[2021/8/4 - 7:28:00] Tai Cute da giao thanh cong 2 chuyen hang va nhan duoc so tien la 400
[2021/8/4 - 7:34:02] David Bull da giao thanh cong 2 chuyen hang va nhan duoc so tien la 220
[2021/8/4 - 7:40:19] David Bull da giao thanh cong 2 chuyen hang va nhan duoc so tien la 220
[2021/8/4 - 17:14:11] Michael John da giao thanh cong 2 chuyen hang va nhan duoc so tien la 220
[2021/8/4 - 18:15:21] David Bull da giao thanh cong 2 chuyen hang va nhan duoc so tien la 220
[2021/8/4 - 20:01:19] yangho the sun da giao thanh cong 2 chuyen hang va nhan duoc so tien la 220
[2021/8/4 - 20:15:15] yangho the sun da giao thanh cong 2 chuyen hang va nhan duoc so tien la 220
[2021/8/4 - 21:31:28] Nguyen Tri Manh da giao thanh cong 2 chuyen hang va nhan duoc so tien la 400
[2021/8/4 - 21:35:53] Nguyen Tri Manh da giao thanh cong 2 chuyen hang va nhan duoc so tien la 400
[2021/8/4 - 21:40:06] Nguyen Tri Manh da giao thanh cong 2 chuyen hang va nhan duoc so tien la 400
[2021/8/4 - 21:45:22] Nguyen Tri Manh da giao thanh cong 2 chuyen hang va nhan duoc so tien la 400
[2021/8/4 - 21:49:48] Nguyen Tri Manh da giao thanh cong 2 chuyen hang va nhan duoc so tien la 400
[2021/8/4 - 21:54:09] Nguyen Tri Manh da giao thanh cong 2 chuyen hang va nhan duoc so tien la 400
[2021/8/4 - 21:58:44] Nguyen Tri Manh da giao thanh cong 2 chuyen hang va nhan duoc so tien la 400
[2021/8/4 - 22:04:02] Nguyen Tri Manh da giao thanh cong 2 chuyen hang va nhan duoc so tien la 400
[2021/8/4 - 22:09:26] Nguyen Tri Manh da giao thanh cong 2 chuyen hang va nhan duoc so tien la 400
[2021/8/4 - 22:13:33] Nguyen Tri Manh da giao thanh cong 2 chuyen hang va nhan duoc so tien la 400
[2021/8/4 - 22:17:27] Nguyen Tri Manh da giao thanh cong 2 chuyen hang va nhan duoc so tien la 400
[2021/8/4 - 22:21:58] Nguyen Tri Manh da giao thanh cong 2 chuyen hang va nhan duoc so tien la 400
[2021/8/4 - 22:25:43] YangHo The Sun da giao thanh cong 2 chuyen hang va nhan duoc so tien la 220
[2021/8/4 - 22:25:51] Nguyen Tri Manh da giao thanh cong 2 chuyen hang va nhan duoc so tien la 400
[2021/8/4 - 22:30:18] Nguyen Tri Manh da giao thanh cong 2 chuyen hang va nhan duoc so tien la 400
[2021/8/4 - 22:32:15] YangHo The Sun da giao thanh cong 2 chuyen hang va nhan duoc so tien la 220
[2021/8/4 - 22:34:44] Nguyen Tri Manh da giao thanh cong 2 chuyen hang va nhan duoc so tien la 400
[2021/8/4 - 22:38:09] YangHo The Sun da giao thanh cong 2 chuyen hang va nhan duoc so tien la 220
[2021/8/4 - 22:39:00] Nguyen Tri Manh da giao thanh cong 2 chuyen hang va nhan duoc so tien la 400
[2021/8/4 - 22:43:08] Nguyen Tri Manh da giao thanh cong 2 chuyen hang va nhan duoc so tien la 400
[2021/8/4 - 22:45:56] YangHo The Sun da giao thanh cong 2 chuyen hang va nhan duoc so tien la 220
[2021/8/4 - 22:47:41] Nguyen Tri Manh da giao thanh cong 2 chuyen hang va nhan duoc so tien la 400
[2021/8/4 - 22:53:23] YangHo The Sun da giao thanh cong 2 chuyen hang va nhan duoc so tien la 220
[2021/8/4 - 22:53:26] Nguyen Tri Manh da giao thanh cong 2 chuyen hang va nhan duoc so tien la 400
[2021/8/4 - 22:57:44] Nguyen Tri Manh da giao thanh cong 2 chuyen hang va nhan duoc so tien la 400
[2021/8/4 - 22:58:57] YangHo The Sun da giao thanh cong 2 chuyen hang va nhan duoc so tien la 220
[2021/8/4 - 23:01:33] Nguyen Tri Manh da giao thanh cong 2 chuyen hang va nhan duoc so tien la 400
[2021/8/4 - 23:04:14] YangHo The Sun da giao thanh cong 2 chuyen hang va nhan duoc so tien la 220
[2021/8/4 - 23:05:24] Nguyen Tri Manh da giao thanh cong 2 chuyen hang va nhan duoc so tien la 400
[2021/8/4 - 23:10:08] YangHo The Sun da giao thanh cong 2 chuyen hang va nhan duoc so tien la 220
[2021/8/5 - 0:28:16] YangHo The Sun da giao thanh cong 2 chuyen hang va nhan duoc so tien la 220
[2021/8/5 - 0:34:34] YangHo The Sun da giao thanh cong 2 chuyen hang va nhan duoc so tien la 220
[2021/8/5 - 0:39:33] YangHo The Sun da giao thanh cong 2 chuyen hang va nhan duoc so tien la 220
[2021/8/5 - 1:08:22] YangHo The Sun da giao thanh cong 2 chuyen hang va nhan duoc so tien la 220
[2021/8/5 - 1:16:30] YangHo The Sun da giao thanh cong 2 chuyen hang va nhan duoc so tien la 220
[2021/8/5 - 7:20:52] Tai Cute da giao thanh cong 2 chuyen hang va nhan duoc so tien la 400
[2021/8/5 - 7:25:19] Tai Cute da giao thanh cong 2 chuyen hang va nhan duoc so tien la 400
[2021/8/5 - 7:29:33] Tai Cute da giao thanh cong 2 chuyen hang va nhan duoc so tien la 400
[2021/8/5 - 7:33:38] Tai Cute da giao thanh cong 2 chuyen hang va nhan duoc so tien la 400
[2021/8/5 - 7:37:21] Tai Cute da giao thanh cong 2 chuyen hang va nhan duoc so tien la 400
[2021/8/5 - 7:40:57] Tai Cute da giao thanh cong 2 chuyen hang va nhan duoc so tien la 400
[2021/8/5 - 7:45:05] Tai Cute da giao thanh cong 2 chuyen hang va nhan duoc so tien la 400
[2021/8/5 - 7:49:02] Tai Cute da giao thanh cong 2 chuyen hang va nhan duoc so tien la 400
[2021/8/5 - 7:54:24] Tai Cute da giao thanh cong 2 chuyen hang va nhan duoc so tien la 400
[2021/8/5 - 7:58:50] Tai Cute da giao thanh cong 2 chuyen hang va nhan duoc so tien la 400
[2021/8/5 - 8:03:54] Tai Cute da giao thanh cong 2 chuyen hang va nhan duoc so tien la 400
[2021/8/5 - 8:07:58] Tai Cute da giao thanh cong 2 chuyen hang va nhan duoc so tien la 400
[2021/8/5 - 8:11:49] Tai Cute da giao thanh cong 2 chuyen hang va nhan duoc so tien la 400
[2021/8/5 - 8:15:59] Tai Cute da giao thanh cong 2 chuyen hang va nhan duoc so tien la 400
[2021/8/5 - 8:19:26] Duy Le da giao thanh cong 2 chuyen hang va nhan duoc so tien la 220
[2021/8/5 - 8:19:57] Tai Cute da giao thanh cong 2 chuyen hang va nhan duoc so tien la 400
[2021/8/5 - 8:24:12] Tai Cute da giao thanh cong 2 chuyen hang va nhan duoc so tien la 400
[2021/8/5 - 8:24:59] Duy Le da giao thanh cong 2 chuyen hang va nhan duoc so tien la 220
[2021/8/5 - 8:28:08] Tai Cute da giao thanh cong 2 chuyen hang va nhan duoc so tien la 400
[2021/8/5 - 8:31:40] Tai Cute da giao thanh cong 2 chuyen hang va nhan duoc so tien la 400
[2021/8/5 - 8:32:18] Duy Le da giao thanh cong 2 chuyen hang va nhan duoc so tien la 220
[2021/8/5 - 8:35:28] Tai Cute da giao thanh cong 2 chuyen hang va nhan duoc so tien la 400
[2021/8/5 - 8:37:56] Duy Le da giao thanh cong 2 chuyen hang va nhan duoc so tien la 220
[2021/8/5 - 8:39:19] Tai Cute da giao thanh cong 2 chuyen hang va nhan duoc so tien la 400
[2021/8/5 - 8:42:55] Tai Cute da giao thanh cong 2 chuyen hang va nhan duoc so tien la 400
[2021/8/5 - 8:44:22] Duy Le da giao thanh cong 2 chuyen hang va nhan duoc so tien la 220
[2021/8/5 - 8:48:56] Duy Le da giao thanh cong 2 chuyen hang va nhan duoc so tien la 220
[2021/8/5 - 11:53:51] Duy Le da giao thanh cong 2 chuyen hang va nhan duoc so tien la 220
[2021/8/5 - 11:58:43] Duy Le da giao thanh cong 2 chuyen hang va nhan duoc so tien la 220
[2021/8/5 - 12:07:34] Duy Le da giao thanh cong 2 chuyen hang va nhan duoc so tien la 220
[2021/8/5 - 13:35:54] YangHo The Sun da giao thanh cong 2 chuyen hang va nhan duoc so tien la 220
[2021/8/5 - 13:42:28] YangHo The Sun da giao thanh cong 2 chuyen hang va nhan duoc so tien la 220
[2021/8/5 - 13:49:07] YangHo The Sun da giao thanh cong 2 chuyen hang va nhan duoc so tien la 220
[2021/8/6 - 10:29:47] Boy Moi da giao thanh cong 2 chuyen hang va nhan duoc so tien la 220
[2021/8/5 - 16:20:12] Nguyen Tri Manh da giao thanh cong 2 chuyen hang va nhan duoc so tien la 400
[2021/8/5 - 16:24:22] Nguyen Tri Manh da giao thanh cong 2 chuyen hang va nhan duoc so tien la 400
[2021/8/5 - 16:29:03] Nguyen Tri Manh da giao thanh cong 2 chuyen hang va nhan duoc so tien la 400
[2021/8/5 - 16:33:58] Nguyen Tri Manh da giao thanh cong 2 chuyen hang va nhan duoc so tien la 400
[2021/8/5 - 16:39:29] Nguyen Tri Manh da giao thanh cong 2 chuyen hang va nhan duoc so tien la 400
[2021/8/5 - 16:44:00] Nguyen Tri Manh da giao thanh cong 2 chuyen hang va nhan duoc so tien la 400
[2021/8/5 - 16:48:09] Nguyen Tri Manh da giao thanh cong 2 chuyen hang va nhan duoc so tien la 400
[2021/8/5 - 16:51:43] Nguyen Tri Manh da giao thanh cong 2 chuyen hang va nhan duoc so tien la 400
[2021/8/5 - 16:55:36] Nguyen Tri Manh da giao thanh cong 2 chuyen hang va nhan duoc so tien la 400
[2021/8/6 - 1:13:17] YangHo The Sun da giao thanh cong 2 chuyen hang va nhan duoc so tien la 220
[2021/8/6 - 1:17:56] YangHo The Sun da giao thanh cong 2 chuyen hang va nhan duoc so tien la 220
[2021/8/6 - 1:22:58] YangHo The Sun da giao thanh cong 2 chuyen hang va nhan duoc so tien la 220
[2021/8/6 - 1:29:53] YangHo The Sun da giao thanh cong 2 chuyen hang va nhan duoc so tien la 220
[2021/8/6 - 1:35:09] YangHo The Sun da giao thanh cong 2 chuyen hang va nhan duoc so tien la 220
[2021/8/6 - 1:40:16] YangHo The Sun da giao thanh cong 2 chuyen hang va nhan duoc so tien la 220
[2021/8/6 - 1:45:18] YangHo The Sun da giao thanh cong 2 chuyen hang va nhan duoc so tien la 220
[2021/8/6 - 1:50:39] YangHo The Sun da giao thanh cong 2 chuyen hang va nhan duoc so tien la 220
[2021/8/6 - 1:55:49] YangHo The Sun da giao thanh cong 2 chuyen hang va nhan duoc so tien la 220
[2021/8/6 - 2:01:00] YangHo The Sun da giao thanh cong 2 chuyen hang va nhan duoc so tien la 220
[2021/8/6 - 2:06:52] YangHo The Sun da giao thanh cong 2 chuyen hang va nhan duoc so tien la 220
[2021/8/6 - 2:12:27] YangHo The Sun da giao thanh cong 2 chuyen hang va nhan duoc so tien la 220
[2021/8/6 - 6:26:58] David Beckben da giao thanh cong 2 chuyen hang va nhan duoc so tien la 220
[2021/8/6 - 6:33:03] David Beckben da giao thanh cong 2 chuyen hang va nhan duoc so tien la 220
[2021/8/6 - 9:27:49] Eric Catona da giao thanh cong 2 chuyen hang va nhan duoc so tien la 220
[2021/8/6 - 9:34:57] Nguyen Tri Manh da giao thanh cong 2 chuyen hang va nhan duoc so tien la 400
[2021/8/6 - 9:39:24] Nguyen Tri Manh da giao thanh cong 2 chuyen hang va nhan duoc so tien la 400
[2021/8/6 - 9:43:32] Nguyen Tri Manh da giao thanh cong 2 chuyen hang va nhan duoc so tien la 400
[2021/8/6 - 9:48:10] Nguyen Tri Manh da giao thanh cong 2 chuyen hang va nhan duoc so tien la 400
[2021/8/6 - 9:52:52] Nguyen Tri Manh da giao thanh cong 2 chuyen hang va nhan duoc so tien la 400
[2021/8/6 - 9:57:49] Nguyen Tri Manh da giao thanh cong 2 chuyen hang va nhan duoc so tien la 400
[2021/8/6 - 10:02:16] YangHo The Sun da giao thanh cong 2 chuyen hang va nhan duoc so tien la 220
[2021/8/6 - 10:02:49] Nguyen Tri Manh da giao thanh cong 2 chuyen hang va nhan duoc so tien la 400
[2021/8/6 - 10:07:24] Nguyen Tri Manh da giao thanh cong 2 chuyen hang va nhan duoc so tien la 400
[2021/8/6 - 10:12:04] Nguyen Tri Manh da giao thanh cong 2 chuyen hang va nhan duoc so tien la 400
[2021/8/6 - 10:14:23] mr queo da giao thanh cong 2 chuyen hang va nhan duoc so tien la 220
[2021/8/6 - 10:14:46] YangHo The Sun da giao thanh cong 2 chuyen hang va nhan duoc so tien la 220
[2021/8/6 - 10:22:14] mr queo da giao thanh cong 2 chuyen hang va nhan duoc so tien la 220
[2021/8/6 - 10:23:22] YangHo The Sun da giao thanh cong 2 chuyen hang va nhan duoc so tien la 220
[2021/8/6 - 10:29:34] mr queo da giao thanh cong 2 chuyen hang va nhan duoc so tien la 220
[2021/8/6 - 14:28:36] Nguyen Tri Manh da giao thanh cong 2 chuyen hang va nhan duoc so tien la 400
[2021/8/6 - 14:32:42] Nguyen Tri Manh da giao thanh cong 2 chuyen hang va nhan duoc so tien la 400
[2021/8/6 - 14:37:18] Nguyen Tri Manh da giao thanh cong 2 chuyen hang va nhan duoc so tien la 400
[2021/8/6 - 14:41:56] Nguyen Tri Manh da giao thanh cong 2 chuyen hang va nhan duoc so tien la 400
[2021/8/6 - 14:46:13] Nguyen Tri Manh da giao thanh cong 2 chuyen hang va nhan duoc so tien la 400
[2021/8/6 - 14:50:29] Nguyen Tri Manh da giao thanh cong 2 chuyen hang va nhan duoc so tien la 400
[2021/8/6 - 14:55:01] Nguyen Tri Manh da giao thanh cong 2 chuyen hang va nhan duoc so tien la 400
[2021/8/6 - 14:58:41] Nguyen Tri Manh da giao thanh cong 2 chuyen hang va nhan duoc so tien la 400
[2021/8/6 - 15:02:35] Nguyen Tri Manh da giao thanh cong 2 chuyen hang va nhan duoc so tien la 400
[2021/8/6 - 15:07:09] Nguyen Tri Manh da giao thanh cong 2 chuyen hang va nhan duoc so tien la 400
[2021/8/6 - 15:15:26] Nguyen Tri Manh da giao thanh cong 2 chuyen hang va nhan duoc so tien la 400
[2021/8/6 - 15:19:14] Nguyen Tri Manh da giao thanh cong 2 chuyen hang va nhan duoc so tien la 400
[2021/8/6 - 15:23:33] Nguyen Tri Manh da giao thanh cong 2 chuyen hang va nhan duoc so tien la 400
[2021/8/6 - 15:28:23] Nguyen Tri Manh da giao thanh cong 2 chuyen hang va nhan duoc so tien la 400
[2021/8/6 - 15:35:21] Nguyen Tri Manh da giao thanh cong 2 chuyen hang va nhan duoc so tien la 400
[2021/8/6 - 15:39:30] Nguyen Tri Manh da giao thanh cong 2 chuyen hang va nhan duoc so tien la 400
[2021/8/6 - 15:44:06] Nguyen Tri Manh da giao thanh cong 2 chuyen hang va nhan duoc so tien la 400
[2021/8/6 - 15:51:59] Nguyen Tri Manh da giao thanh cong 2 chuyen hang va nhan duoc so tien la 400
[2021/8/6 - 15:56:55] Nguyen Tri Manh da giao thanh cong 2 chuyen hang va nhan duoc so tien la 400
[2021/8/6 - 16:01:01] Nguyen Tri Manh da giao thanh cong 2 chuyen hang va nhan duoc so tien la 400
[2021/8/6 - 16:05:54] Nguyen Tri Manh da giao thanh cong 2 chuyen hang va nhan duoc so tien la 400
[2021/8/6 - 22:27:19] Duck Emcee da giao thanh cong 2 chuyen hang va nhan duoc so tien la 220
[2021/8/6 - 22:50:57] Duck Emcee da giao thanh cong 2 chuyen hang va nhan duoc so tien la 220
[2021/8/6 - 22:59:40] Duck Emcee da giao thanh cong 2 chuyen hang va nhan duoc so tien la 220
[2021/8/6 - 23:06:00] quoc trung da giao thanh cong 2 chuyen hang va nhan duoc so tien la 220
[2021/8/6 - 23:08:44] Duck Emcee da giao thanh cong 2 chuyen hang va nhan duoc so tien la 220
[2021/8/6 - 23:25:40] Duck Emcee da giao thanh cong 2 chuyen hang va nhan duoc so tien la 220
[2021/8/7 - 1:51:12] Duck Emcee da giao thanh cong 2 chuyen hang va nhan duoc so tien la 220
[2021/8/7 - 2:00:14] Duck Emcee da giao thanh cong 2 chuyen hang va nhan duoc so tien la 220
[2021/8/7 - 2:07:15] Duck Emcee da giao thanh cong 2 chuyen hang va nhan duoc so tien la 220
[2021/8/7 - 2:19:38] Duck Emcee da giao thanh cong 2 chuyen hang va nhan duoc so tien la 220
[2021/8/7 - 2:26:22] Duck Emcee da giao thanh cong 2 chuyen hang va nhan duoc so tien la 220
[2021/8/7 - 2:41:35] Duck Emcee da giao thanh cong 2 chuyen hang va nhan duoc so tien la 220
[2021/8/7 - 2:53:01] Duck Emcee da giao thanh cong 2 chuyen hang va nhan duoc so tien la 220
[2021/8/7 - 3:02:09] Duck Emcee da giao thanh cong 2 chuyen hang va nhan duoc so tien la 220
[2021/8/7 - 3:08:46] Duck Emcee da giao thanh cong 2 chuyen hang va nhan duoc so tien la 220
[2021/8/7 - 3:46:30] Duck Emcee da giao thanh cong 2 chuyen hang va nhan duoc so tien la 220
[2021/8/7 - 7:01:07] Tony D da giao thanh cong 2 chuyen hang va nhan duoc so tien la 220
[2021/8/7 - 7:10:04] Tony D da giao thanh cong 2 chuyen hang va nhan duoc so tien la 220
[2021/8/7 - 9:58:48] Vu Hieu da giao thanh cong 2 chuyen hang va nhan duoc so tien la 743
[2021/8/7 - 10:03:59] Vu Hieu da giao thanh cong 2 chuyen hang va nhan duoc so tien la 562
[2021/8/7 - 10:04:31] Tai Cute da giao thanh cong 2 chuyen hang va nhan duoc so tien la 562
[2021/8/7 - 10:08:34] Vu Hieu da giao thanh cong 2 chuyen hang va nhan duoc so tien la 562
[2021/8/7 - 10:10:38] Tai Cute da giao thanh cong 2 chuyen hang va nhan duoc so tien la 562
[2021/8/7 - 10:10:43] Tony D da giao thanh cong 2 chuyen hang va nhan duoc so tien la 562
[2021/8/7 - 10:13:49] Vu Hieu da giao thanh cong 2 chuyen hang va nhan duoc so tien la 562
[2021/8/7 - 10:30:20] Tai Cute da giao thanh cong 2 chuyen hang va nhan duoc so tien la 200
[2021/8/7 - 10:31:29] Tony D da giao thanh cong 2 chuyen hang va nhan duoc so tien la 200
[2021/8/7 - 11:09:09] Duck Emcee da giao thanh cong 2 chuyen hang va nhan duoc so tien la 730
[2021/8/7 - 11:15:51] nghia pham da giao thanh cong 2 chuyen hang va nhan duoc so tien la 730
[2021/8/7 - 11:26:37] Duck Emcee da giao thanh cong 2 chuyen hang va nhan duoc so tien la 931
[2021/8/7 - 11:34:03] co rich da giao thanh cong 2 chuyen hang va nhan duoc so tien la 412
[2021/8/7 - 11:38:13] Duck Emcee da giao thanh cong 2 chuyen hang va nhan duoc so tien la 412
[2021/8/7 - 11:49:07] Duck Emcee da giao thanh cong 2 chuyen hang va nhan duoc so tien la 605
[2021/8/7 - 12:01:25] Duck Emcee da giao thanh cong 2 chuyen hang va nhan duoc so tien la 973
[2021/8/7 - 12:24:38] NguyenHung Anh da giao thanh cong 2 chuyen hang va nhan duoc so tien la 365
[2021/8/7 - 12:25:40] MinhDuc Le da giao thanh cong 2 chuyen hang va nhan duoc so tien la 365
[2021/8/7 - 12:36:45] NguyenHung Anh da giao thanh cong 2 chuyen hang va nhan duoc so tien la 772
[2021/8/7 - 13:49:30] Tony D da giao thanh cong 2 chuyen hang va nhan duoc so tien la 885
[2021/8/7 - 13:52:49] YangHo The Sun da giao thanh cong 2 chuyen hang va nhan duoc so tien la 885
[2021/8/7 - 13:57:07] Duck Emcee da giao thanh cong 2 chuyen hang va nhan duoc so tien la 885
[2021/8/7 - 14:04:05] Tai Cute da giao thanh cong 2 chuyen hang va nhan duoc so tien la 479
[2021/8/7 - 14:10:44] Tony D da giao thanh cong 2 chuyen hang va nhan duoc so tien la 479
[2021/8/7 - 15:23:11] Mr Hoang da giao thanh cong 2 chuyen hang va nhan duoc so tien la 512
[2021/8/7 - 15:29:16] Pham NhatQuang da giao thanh cong 2 chuyen hang va nhan duoc so tien la 994
[2021/8/7 - 15:35:50] Nguyen Tri Manh da giao thanh cong 2 chuyen hang va nhan duoc so tien la 994
[2021/8/7 - 17:56:55] Duck Emcee da giao thanh cong 2 chuyen hang va nhan duoc so tien la 859
[2021/8/7 - 18:28:27] Duck Emcee da giao thanh cong 2 chuyen hang va nhan duoc so tien la 929
[2021/8/7 - 18:37:51] Duck Emcee da giao thanh cong 2 chuyen hang va nhan duoc so tien la 821
[2021/8/7 - 22:03:38] quoc trung da giao thanh cong 2 chuyen hang va nhan duoc so tien la 562
[2021/8/7 - 23:50:07] Van Kiet da giao thanh cong 2 chuyen hang va nhan duoc so tien la 454
[2021/8/8 - 0:25:15] Van Kiet da giao thanh cong 2 chuyen hang va nhan duoc so tien la 200
[2021/8/8 - 0:28:59] Lexi Dunno da giao thanh cong 2 chuyen hang va nhan duoc so tien la 200
[2021/8/8 - 0:56:46] Van Kiet da giao thanh cong 2 chuyen hang va nhan duoc so tien la 421
[2021/8/8 - 1:27:06] MinhDuc Le da giao thanh cong 2 chuyen hang va nhan duoc so tien la 925
[2021/8/8 - 1:33:54] Duck Emcee da giao thanh cong 2 chuyen hang va nhan duoc so tien la 925
[2021/8/8 - 1:42:41] Duck Emcee da giao thanh cong 2 chuyen hang va nhan duoc so tien la 843
[2021/8/8 - 2:00:06] Duck Emcee da giao thanh cong 2 chuyen hang va nhan duoc so tien la 600
[2021/8/8 - 3:11:41] Minh phan da giao thanh cong 2 chuyen hang va nhan duoc so tien la 654
[2021/8/8 - 3:13:11] Duck Emcee da giao thanh cong 2 chuyen hang va nhan duoc so tien la 654
[2021/8/8 - 3:22:36] binh sang da giao thanh cong 2 chuyen hang va nhan duoc so tien la 318
[2021/8/8 - 3:25:50] Hoang Nguyen da giao thanh cong 2 chuyen hang va nhan duoc so tien la 318
[2021/8/8 - 3:26:56] Minh phan da giao thanh cong 2 chuyen hang va nhan duoc so tien la 318
[2021/8/8 - 3:47:35] Duck Emcee da giao thanh cong 2 chuyen hang va nhan duoc so tien la 630
[2021/8/8 - 11:49:59] Mit Key da giao thanh cong 2 chuyen hang va nhan duoc so tien la 562
[2021/8/8 - 12:25:57] Duck Emcee da giao thanh cong 2 chuyen hang va nhan duoc so tien la 381
[2021/8/8 - 12:39:42] Duck Emcee da giao thanh cong 2 chuyen hang va nhan duoc so tien la 923
[2021/8/8 - 12:49:24] Ishikawa Takumi da giao thanh cong 2 chuyen hang va nhan duoc so tien la 923
[2021/8/8 - 12:51:27] Duck Emcee da giao thanh cong 2 chuyen hang va nhan duoc so tien la 914
[2021/8/8 - 12:58:19] Ishikawa Takumi da giao thanh cong 2 chuyen hang va nhan duoc so tien la 914
[2021/8/8 - 13:03:27] Duck Emcee da giao thanh cong 2 chuyen hang va nhan duoc so tien la 713
[2021/8/8 - 13:23:56] Duck Emcee da giao thanh cong 2 chuyen hang va nhan duoc so tien la 723
[2021/8/8 - 14:46:50] NguyenHung Anh da giao thanh cong 2 chuyen hang va nhan duoc so tien la 742
[2021/8/8 - 14:48:57] Minh phan da giao thanh cong 2 chuyen hang va nhan duoc so tien la 742
[2021/8/8 - 15:45:04] Minh phan da giao thanh cong 2 chuyen hang va nhan duoc so tien la 792
[2021/8/8 - 15:57:15] Minh phan da giao thanh cong 2 chuyen hang va nhan duoc so tien la 420
[2021/8/8 - 20:18:59] Van Kiet da giao thanh cong 2 chuyen hang va nhan duoc so tien la 266
[2021/8/8 - 20:24:39] Shen Smith da giao thanh cong 2 chuyen hang va nhan duoc so tien la 865
[2021/8/8 - 20:32:57] Van Kiet da giao thanh cong 2 chuyen hang va nhan duoc so tien la 828
[2021/8/8 - 20:40:05] Van Kiet da giao thanh cong 2 chuyen hang va nhan duoc so tien la 828
[2021/8/8 - 20:43:22] Shen Smith da giao thanh cong 2 chuyen hang va nhan duoc so tien la 604
[2021/8/8 - 20:48:51] Van Kiet da giao thanh cong 2 chuyen hang va nhan duoc so tien la 604
[2021/8/8 - 20:54:05] Tai Tran da giao thanh cong 2 chuyen hang va nhan duoc so tien la 908
[2021/8/8 - 20:55:01] Carlos Partical da giao thanh cong 2 chuyen hang va nhan duoc so tien la 908
[2021/8/8 - 21:02:50] Van Kiet da giao thanh cong 2 chuyen hang va nhan duoc so tien la 908
[2021/8/8 - 21:12:55] Van Kiet da giao thanh cong 2 chuyen hang va nhan duoc so tien la 389
[2021/8/8 - 22:46:00] David Bull da giao thanh cong 2 chuyen hang va nhan duoc so tien la 743
[2021/8/8 - 23:35:17] Huy 2k8 da giao thanh cong 2 chuyen hang va nhan duoc so tien la 451
[2021/8/9 - 1:06:59] Duck Emcee da giao thanh cong 2 chuyen hang va nhan duoc so tien la 649
[2021/8/9 - 1:54:34] Duck Emcee da giao thanh cong 2 chuyen hang va nhan duoc so tien la 773
[2021/8/9 - 4:06:31] Duck Emcee da giao thanh cong 2 chuyen hang va nhan duoc so tien la 784
[2021/8/9 - 4:19:49] Duck Emcee da giao thanh cong 2 chuyen hang va nhan duoc so tien la 841
[2021/8/9 - 17:53:28] Duck Emcee da giao thanh cong 2 chuyen hang va nhan duoc so tien la 932
[2021/8/9 - 17:58:37] David Bull da giao thanh cong 2 chuyen hang va nhan duoc so tien la 240
[2021/8/9 - 18:26:49] Duck Emcee da giao thanh cong 2 chuyen hang va nhan duoc so tien la 859
[2021/8/9 - 18:34:05] PhyLogic GameZ da giao thanh cong 2 chuyen hang va nhan duoc so tien la 309
[2021/8/9 - 19:25:19] David Bull da giao thanh cong 2 chuyen hang va nhan duoc so tien la 893
[2021/8/9 - 21:31:23] David Bull da giao thanh cong 2 chuyen hang va nhan duoc so tien la 464
[2021/8/9 - 21:41:39] David Bull da giao thanh cong 2 chuyen hang va nhan duoc so tien la 837
[2021/8/9 - 22:17:59] quoc trung da giao thanh cong 2 chuyen hang va nhan duoc so tien la 474
[2021/8/10 - 0:50:55] Duck Emcee da giao thanh cong 2 chuyen hang va nhan duoc so tien la 998
[2021/8/10 - 13:59:10] Kieen Nguyen da giao thanh cong 2 chuyen hang va nhan duoc so tien la 625
[2021/8/10 - 14:01:36] Duck Emcee da giao thanh cong 2 chuyen hang va nhan duoc so tien la 852
[2021/8/10 - 14:02:51] quoc huy da giao thanh cong 2 chuyen hang va nhan duoc so tien la 852
[2021/8/10 - 18:53:35] Chiwetel Dougherty da giao thanh cong 2 chuyen hang va nhan duoc so tien la 867
[2021/8/10 - 19:01:57] Chiwetel Dougherty da giao thanh cong 2 chuyen hang va nhan duoc so tien la 950
[2021/8/10 - 19:03:23] Duck Emcee da giao thanh cong 2 chuyen hang va nhan duoc so tien la 950
[2021/8/10 - 19:04:34] Basil Tommy da giao thanh cong 2 chuyen hang va nhan duoc so tien la 950
[2021/8/10 - 19:13:38] Duck Emcee da giao thanh cong 2 chuyen hang va nhan duoc so tien la 981
[2021/8/10 - 21:24:05] Phu Kol da giao thanh cong 2 chuyen hang va nhan duoc so tien la 448
[2021/8/11 - 12:02:11] quoc huy da giao thanh cong 2 chuyen hang va nhan duoc so tien la 922
[2021/8/11 - 12:16:29] quoc huy da giao thanh cong 2 chuyen hang va nhan duoc so tien la 339
[2021/8/11 - 14:45:36] Milo Pandora da giao thanh cong 2 chuyen hang va nhan duoc so tien la 466
[2021/8/11 - 14:57:08] quoc huy da giao thanh cong 2 chuyen hang va nhan duoc so tien la 990
[2021/8/11 - 15:09:17] quoc huy da giao thanh cong 2 chuyen hang va nhan duoc so tien la 851
[2021/8/11 - 19:48:10] nghia pham da giao thanh cong 2 chuyen hang va nhan duoc so tien la 470
[2021/8/11 - 23:59:29] Duck Emcee da giao thanh cong 2 chuyen hang va nhan duoc so tien la 557
[2021/8/18 - 3:46:13] Duck Emcee da giao thanh cong 2 chuyen hang va nhan duoc so tien la 759
[2021/8/18 - 3:47:21] Duck Emcee da giao thanh cong 2 chuyen hang va nhan duoc so tien la 284
[2021/8/18 - 15:05:47] Zuu Zuu da giao thanh cong 2 chuyen hang va nhan duoc so tien la 244
[2021/8/21 - 16:56:12] Kay Bich da giao thanh cong 2 chuyen hang va nhan duoc so tien la 627
[2021/8/21 - 20:17:38] Streetgang Ken da giao thanh cong 2 chuyen hang va nhan duoc so tien la 491
[2021/8/21 - 20:35:58] Streetgang Niz da giao thanh cong 2 chuyen hang va nhan duoc so tien la 818
[2021/8/21 - 20:39:06] Don Gun da giao thanh cong 2 chuyen hang va nhan duoc so tien la 818
[2021/8/21 - 20:49:59] Upin Herry da giao thanh cong 2 chuyen hang va nhan duoc so tien la 495
[2021/8/21 - 21:02:02] Upin Herry da giao thanh cong 2 chuyen hang va nhan duoc so tien la 524
[2021/8/21 - 21:08:04] Phong GoodBoy da giao thanh cong 2 chuyen hang va nhan duoc so tien la 505
[2021/8/21 - 21:14:35] Upin Herry da giao thanh cong 2 chuyen hang va nhan duoc so tien la 505
[2021/8/21 - 21:31:13] Phong GoodBoy da giao thanh cong 2 chuyen hang va nhan duoc so tien la 452
[2021/8/21 - 21:33:10] Upin Herry da giao thanh cong 2 chuyen hang va nhan duoc so tien la 452
[2021/8/21 - 21:40:59] Zuu Zuu da giao thanh cong 2 chuyen hang va nhan duoc so tien la 830
[2021/8/21 - 21:48:06] Upin Herry da giao thanh cong 2 chuyen hang va nhan duoc so tien la 830
[2021/8/21 - 22:13:24] Samurai Huy da giao thanh cong 2 chuyen hang va nhan duoc so tien la 298
[2021/8/21 - 22:32:48] Phong GoodBoy da giao thanh cong 2 chuyen hang va nhan duoc so tien la 549
[2021/8/21 - 22:36:00] Josh Barro da giao thanh cong 2 chuyen hang va nhan duoc so tien la 561
[2021/8/21 - 22:42:21] Phong GoodBoy da giao thanh cong 2 chuyen hang va nhan duoc so tien la 561
[2021/8/21 - 22:47:01] Josh Barro da giao thanh cong 2 chuyen hang va nhan duoc so tien la 933
[2021/8/21 - 22:48:37] Andy Johnson da giao thanh cong 2 chuyen hang va nhan duoc so tien la 933
[2021/8/21 - 22:54:47] YangHo Moi da giao thanh cong 2 chuyen hang va nhan duoc so tien la 933
[2021/8/21 - 22:57:42] Andy Johnson da giao thanh cong 2 chuyen hang va nhan duoc so tien la 933
[2021/8/21 - 23:04:10] Josh Barro da giao thanh cong 2 chuyen hang va nhan duoc so tien la 748
[2021/8/21 - 23:05:16] Andy Johnson da giao thanh cong 2 chuyen hang va nhan duoc so tien la 748
[2021/8/21 - 23:18:37] Josh Barro da giao thanh cong 2 chuyen hang va nhan duoc so tien la 344
[2021/8/22 - 0:04:43] Phong GoodBoy da giao thanh cong 2 chuyen hang va nhan duoc so tien la 956
[2021/8/22 - 0:12:02] Phong GoodBoy da giao thanh cong 2 chuyen hang va nhan duoc so tien la 957
[2021/8/22 - 1:34:45] HIKARU MATUS da giao thanh cong 2 chuyen hang va nhan duoc so tien la 288
[2021/8/22 - 1:43:13] HIKARU MATUS da giao thanh cong 2 chuyen hang va nhan duoc so tien la 507
[2021/8/22 - 1:53:25] HIKARU MATUS da giao thanh cong 2 chuyen hang va nhan duoc so tien la 793
[2021/8/22 - 2:13:37] Tien AK da giao thanh cong 2 chuyen hang va nhan duoc so tien la 778
[2021/8/22 - 2:16:18] HIKARU MATUS da giao thanh cong 2 chuyen hang va nhan duoc so tien la 778
[2021/8/22 - 5:21:17] Phuocc Nhat da giao thanh cong 2 chuyen hang va nhan duoc so tien la 983
[2021/8/22 - 5:24:56] Phuocc Nhat da giao thanh cong 2 chuyen hang va nhan duoc so tien la 983
[2021/8/22 - 5:27:32] Phuocc Nhat da giao thanh cong 2 chuyen hang va nhan duoc so tien la 983
[2021/8/22 - 5:30:27] Phuocc Nhat da giao thanh cong 2 chuyen hang va nhan duoc so tien la 983
[2021/8/22 - 6:17:51] HIKARU MATUS da giao thanh cong 2 chuyen hang va nhan duoc so tien la 441
[2021/8/22 - 6:31:32] HIKARU MATUS da giao thanh cong 2 chuyen hang va nhan duoc so tien la 601
[2021/8/22 - 6:42:45] HIKARU MATUS da giao thanh cong 2 chuyen hang va nhan duoc so tien la 958
[2021/8/22 - 6:55:29] khang mafia da giao thanh cong 2 chuyen hang va nhan duoc so tien la 861
[2021/8/22 - 8:31:25] Phong GoodBoy da giao thanh cong 2 chuyen hang va nhan duoc so tien la 858
[2021/8/22 - 8:41:07] Phong GoodBoy da giao thanh cong 2 chuyen hang va nhan duoc so tien la 858
[2021/8/22 - 9:44:51] Thanh Dat da giao thanh cong 2 chuyen hang va nhan duoc so tien la 555
[2021/8/22 - 9:46:59] Andy Johnson da giao thanh cong 2 chuyen hang va nhan duoc so tien la 555
[2021/8/22 - 11:31:29] Phantom Cruise da giao thanh cong 2 chuyen hang va nhan duoc so tien la 679
[2021/8/22 - 20:21:07] Hoangg Anh da giao thanh cong 2 chuyen hang va nhan duoc so tien la 294
[2021/8/22 - 21:27:23] Mega eces da giao thanh cong 2 chuyen hang va nhan duoc so tien la 287
[2021/8/22 - 22:41:41] Huu Tung da giao thanh cong 2 chuyen hang va nhan duoc so tien la 710
[2021/8/22 - 23:47:33] Josh Barro da giao thanh cong 2 chuyen hang va nhan duoc so tien la 884
[2021/8/23 - 0:15:56] Mark Tom da giao thanh cong 2 chuyen hang va nhan duoc so tien la 643
[2021/8/23 - 4:46:57] HIKARU MATUS da giao thanh cong 2 chuyen hang va nhan duoc so tien la 781
[2021/8/23 - 8:08:44] Mega eces da giao thanh cong 2 chuyen hang va nhan duoc so tien la 566
[2021/8/23 - 8:21:18] Mega eces da giao thanh cong 2 chuyen hang va nhan duoc so tien la 567
[2021/8/23 - 8:36:48] Hoangg Anh da giao thanh cong 2 chuyen hang va nhan duoc so tien la 757
[2021/8/23 - 8:49:12] Hoangg Anh da giao thanh cong 2 chuyen hang va nhan duoc so tien la 576
[2021/8/23 - 9:30:29] Hoangg Anh da giao thanh cong 2 chuyen hang va nhan duoc so tien la 618
[2021/8/23 - 10:13:51] Black Panther da giao thanh cong 2 chuyen hang va nhan duoc so tien la 662
[2021/8/23 - 10:30:20] HIKARU MATUS da giao thanh cong 2 chuyen hang va nhan duoc so tien la 368
[2021/8/23 - 10:43:54] HIKARU MATUS da giao thanh cong 2 chuyen hang va nhan duoc so tien la 509
[2021/8/23 - 10:45:21] John Antonio da giao thanh cong 2 chuyen hang va nhan duoc so tien la 509
[2021/8/23 - 11:25:09] Mega eces da giao thanh cong 2 chuyen hang va nhan duoc so tien la 827
[2021/8/23 - 11:33:50] Mega eces da giao thanh cong 2 chuyen hang va nhan duoc so tien la 827
[2021/8/23 - 11:37:59] Con Pun da giao thanh cong 2 chuyen hang va nhan duoc so tien la 808
[2021/8/23 - 11:42:45] Hoangg Anh da giao thanh cong 2 chuyen hang va nhan duoc so tien la 808
[2021/8/23 - 11:43:05] Huu Tung da giao thanh cong 2 chuyen hang va nhan duoc so tien la 808
[2021/8/23 - 11:43:09] Mega eces da giao thanh cong 2 chuyen hang va nhan duoc so tien la 808
[2021/8/23 - 11:51:21] Huu Tung da giao thanh cong 2 chuyen hang va nhan duoc so tien la 869
[2021/8/23 - 11:52:02] Mega eces da giao thanh cong 2 chuyen hang va nhan duoc so tien la 869
[2021/8/23 - 12:07:32] Mega eces da giao thanh cong 2 chuyen hang va nhan duoc so tien la 679
[2021/8/23 - 12:16:34] Mega eces da giao thanh cong 2 chuyen hang va nhan duoc so tien la 685
[2021/8/23 - 12:27:01] Mega eces da giao thanh cong 2 chuyen hang va nhan duoc so tien la 253
[2021/8/23 - 15:59:04] Hoangg Anh da giao thanh cong 2 chuyen hang va nhan duoc so tien la 742
[2021/8/23 - 19:42:02] Hoangg Anh da giao thanh cong 2 chuyen hang va nhan duoc so tien la 881
[2021/8/23 - 20:04:45] Mega eces da giao thanh cong 2 chuyen hang va nhan duoc so tien la 286
[2021/8/23 - 20:19:58] Mega eces da giao thanh cong 2 chuyen hang va nhan duoc so tien la 806
[2021/8/23 - 20:55:30] Mega eces da giao thanh cong 2 chuyen hang va nhan duoc so tien la 990
[2021/8/23 - 21:44:33] John Antonio da giao thanh cong 2 chuyen hang va nhan duoc so tien la 571
[2021/8/23 - 21:53:23] John Antonio da giao thanh cong 2 chuyen hang va nhan duoc so tien la 960
[2021/8/23 - 22:46:15] King Harlequin da giao thanh cong 2 chuyen hang va nhan duoc so tien la 503
[2021/8/23 - 23:03:20] Josh Barro da giao thanh cong 2 chuyen hang va nhan duoc so tien la 692
[2021/8/23 - 23:16:17] Josh Barro da giao thanh cong 2 chuyen hang va nhan duoc so tien la 463
[2021/8/23 - 23:17:02] Con Pun da giao thanh cong 2 chuyen hang va nhan duoc so tien la 463
[2021/8/24 - 2:03:03] Petes williams da giao thanh cong 2 chuyen hang va nhan duoc so tien la 301
[2021/8/24 - 7:50:57] Mega eces da giao thanh cong 2 chuyen hang va nhan duoc so tien la 335
[2021/8/24 - 8:04:20] khem manh da giao thanh cong 2 chuyen hang va nhan duoc so tien la 768
[2021/8/24 - 9:24:00] Sir Xuf da giao thanh cong 2 chuyen hang va nhan duoc so tien la 592
[2021/8/24 - 12:33:21] Hoangg Anh da giao thanh cong 2 chuyen hang va nhan duoc so tien la 283
[2021/8/24 - 12:52:52] Kiet Le da giao thanh cong 2 chuyen hang va nhan duoc so tien la 474
[2021/8/24 - 13:07:58] Mega eces da giao thanh cong 2 chuyen hang va nhan duoc so tien la 772
