[2021/2/21 - 0:09:56] ntv pool has edited GateID 5's Model to 0.
[2021/2/26 - 18:08:26] miles nguyen has edited GateID 11's Model to 11686.
[2021/2/26 - 18:09:08] miles nguyen has edited GateID 11's Position.
[2021/2/26 - 18:11:38] miles nguyen has edited GateID 11's Model to 19068.
[2021/2/26 - 18:12:08] miles nguyen has edited GateID 11's Model to 19608.
[2021/2/26 - 18:16:03] miles nguyen has edited GateID 12's Model to 16151.
[2021/2/26 - 18:16:13] miles nguyen has edited GateID 12's Position.
[2021/2/26 - 18:21:37] miles nguyen has edited GateID 13's Model to 19609.
[2021/2/26 - 18:21:44] miles nguyen has edited GateID 13's Position.
[2021/2/26 - 19:57:18] miles nguyen has edited GateID 11's Position.
[2021/2/26 - 19:57:29] miles nguyen has edited GateID 12's Position.
[2021/2/26 - 19:57:36] miles nguyen has edited GateID 13's Position.
[2021/3/3 - 21:18:24] miles nguyen has edited GateID 11's Position.
[2021/3/3 - 21:18:57] miles nguyen has edited GateID 1775's Model to 11.
[2021/3/3 - 21:19:11] miles nguyen has edited GateID 11's Position.
[2021/3/3 - 21:20:46] miles nguyen has edited GateID 11's Position.
[2021/3/3 - 21:21:44] miles nguyen has edited GateID 15's Model to 1775.
[2021/3/3 - 21:21:56] miles nguyen has edited GateID 15's Position.
[2021/3/3 - 21:25:32] miles nguyen has edited GateID 955's Model to 15.
[2021/3/3 - 21:25:42] miles nguyen has edited GateID 15's Position.
[2021/3/3 - 21:31:15] miles nguyen has edited GateID 955's Model to 16.
[2021/3/3 - 21:31:22] miles nguyen has edited GateID 16's Position.
[2021/3/3 - 21:33:12] miles nguyen has edited GateID 956's Model to 16.
[2021/3/3 - 21:33:44] miles nguyen has edited GateID 16's House ID to 0.
[2021/3/3 - 21:37:22] miles nguyen has edited GateID 3615's Model to 17.
[2021/3/3 - 21:37:29] miles nguyen has edited GateID 17's Position.
[2021/7/21 - 13:57:03] George Reginald has edited GateID 23's Position.
[2021/7/21 - 13:57:13] George Reginald has edited GateID 23's Model to 1569.
[2021/7/21 - 13:58:20] George Reginald has edited GateID 23's Model to 1566.
[2021/7/21 - 14:01:39] George Reginald has edited GateID 995's Model to 0.
[2021/7/21 - 14:01:42] George Reginald has edited GateID 996's Model to 0.
[2021/7/21 - 14:01:45] George Reginald has edited GateID 1775's Model to 0.
[2021/7/21 - 14:01:50] George Reginald has edited GateID 3615's Model to 0.
[2021/7/21 - 14:02:07] George Reginald has edited GateID 955's Model to 0.
[2021/7/21 - 14:02:08] George Reginald has edited GateID 956's Model to 0.
[2021/7/21 - 17:47:18] George Reginald has edited GateID 24's Position.
[2021/7/21 - 17:47:49] George Reginald has edited GateID 24's Model to 971.
[2021/7/21 - 17:48:11] George Reginald has edited GateID 24's Model to 989.
[2021/7/21 - 17:48:19] George Reginald has edited GateID 24's Model to 971.
[2021/7/21 - 17:51:24] George Reginald has edited GateID 25's Position.
[2021/7/21 - 17:51:35] George Reginald has edited GateID 25's Model to 971.
[2021/7/21 - 17:54:07] George Reginald has edited GateID 26's Position.
[2021/7/21 - 17:54:12] George Reginald has edited GateID 26's Model to 971.
[2021/7/21 - 17:54:50] George Reginald has edited GateID 27's Position.
[2021/7/21 - 17:54:57] George Reginald has edited GateID 27's Model to 971.
[2021/7/21 - 17:55:44] George Reginald has edited GateID 28's Position.
[2021/7/21 - 17:55:50] George Reginald has edited GateID 28's Model to 971.
[2021/7/21 - 17:57:23] George Reginald has edited GateID 29's Position.
[2021/7/21 - 17:57:30] George Reginald has edited GateID 29's Model to 971.
[2021/7/21 - 17:59:09] George Reginald has edited GateID 30's Position.
[2021/7/21 - 17:59:14] George Reginald has edited GateID 30's Model to 971.
[2021/7/21 - 18:55:41] George Reginald has edited GateID 31's Position.
[2021/7/21 - 18:55:46] George Reginald has edited GateID 31's Model to 971.
[2021/7/21 - 18:57:54] George Reginald has edited GateID 32's Position.
[2021/7/21 - 18:57:57] George Reginald has edited GateID 32's Model to 971.
[2021/7/21 - 19:00:28] George Reginald has edited GateID 33's Position.
[2021/7/21 - 19:00:34] George Reginald has edited GateID 33's Model to 971.
[2021/7/21 - 19:16:29] George Reginald has edited GateID 1's Range to 5.000.
[2021/7/21 - 19:16:33] George Reginald has edited GateID 1's Range to 10.000.
[2021/7/21 - 19:16:59] George Reginald has edited GateID 23's Speed to 0.000.
[2021/7/21 - 19:17:06] George Reginald has edited GateID 23's Range to 0.000.
[2021/7/21 - 19:17:13] George Reginald has edited GateID 1's Range to 0.000.
[2021/7/21 - 19:17:15] George Reginald has edited GateID 1's Range to 0.000.
[2021/7/21 - 19:17:18] George Reginald has edited GateID 1's Range to 10.000.
[2021/7/21 - 19:17:21] George Reginald has edited GateID 1's Range to 15.000.
[2021/7/21 - 19:18:14] George Reginald has edited GateID 34's Position.
[2021/7/21 - 19:18:20] George Reginald has edited GateID 34's Model to 1566.
[2021/7/21 - 19:18:22] George Reginald has edited GateID 34's Model to 1567.
[2021/7/21 - 19:18:24] George Reginald has edited GateID 34's Model to 1568.
[2021/7/21 - 19:18:28] George Reginald has edited GateID 34's Model to 1565.
[2021/7/21 - 19:18:30] George Reginald has edited GateID 34's Model to 1564.
[2021/7/21 - 19:18:31] George Reginald has edited GateID 34's Model to 1562.
[2021/7/21 - 19:18:33] George Reginald has edited GateID 34's Model to 1561.
[2021/7/21 - 19:18:37] George Reginald has edited GateID 34's Model to 1560.
[2021/7/21 - 19:43:35] George Reginald has edited GateID 6's Model to 0.
[2021/7/22 - 5:01:57] George Reginald has edited GateID 6's Position.
[2021/7/22 - 5:02:13] George Reginald has edited GateID 6's Model to 971.
[2021/8/2 - 23:54:57] LSG RP has edited GateID 33's Range to 10.000.
[2021/8/2 - 23:55:02] LSG RP has edited GateID 33's Speed to 5.000.
[2021/8/4 - 20:25:43] co rich has edited GateID 28's Model to 19313.
[2021/8/4 - 20:26:26] co rich has edited GateID 28's Position.
[2021/8/4 - 20:26:49] co rich has edited GateID 28's Range to 2.000.
[2021/8/4 - 20:26:52] co rich has edited GateID 2's Speed to 28.000.
[2021/8/4 - 20:27:10] co rich has edited GateID 28's Group ID to 1.
[2021/8/4 - 20:27:47] co rich has edited GateID 28's Group ID to 0.
[2021/8/4 - 20:28:04] co rich has edited GateID 28's Range to 20.000.
[2021/8/4 - 20:28:07] co rich has edited GateID 28's Speed to 20.000.
[2021/8/4 - 20:30:46] co rich has edited GateID 28's Speed to 2.000.
[2021/8/6 - 23:11:51] co rich has edited GateID 60's Model to 19313.
[2021/8/6 - 23:11:53] co rich has edited GateID 60's Position.
[2021/8/6 - 23:12:28] co rich has edited GateID 60's Model to 0.
[2021/8/6 - 23:18:54] Huy 2k8 has edited GateID 59's Model to 0.
[2021/8/6 - 23:38:12] Huy 2k8 has edited GateID 59's Model to 1569.
[2021/8/6 - 23:38:14] Huy 2k8 has edited GateID 59's Position.
[2021/8/6 - 23:39:01] Huy 2k8 has edited GateID 59's Model to 0.
[2021/8/6 - 23:40:04] Huy 2k8 has edited GateID 59's Model to 1569.
[2021/8/6 - 23:40:07] Huy 2k8 has edited GateID 59's Position.
[2021/8/6 - 23:41:27] Huy 2k8 has edited GateID 60's Model to 1569.
[2021/8/6 - 23:41:32] Huy 2k8 has edited GateID 60's Position.
[2021/8/6 - 23:42:12] co rich has edited GateID 59's Position.
[2021/8/6 - 23:42:32] co rich has edited GateID 59's Position.
[2021/8/6 - 23:45:28] co rich has edited GateID 59's Position.
[2021/8/6 - 23:46:30] co rich has edited GateID 59's Position.
[2021/8/6 - 23:59:34] Huy 2k8 has edited GateID 59's Model to 0.
[2021/8/6 - 23:59:35] Huy 2k8 has edited GateID 60's Model to 0.
[2021/8/7 - 1:40:24] co rich has edited GateID 59's Model to 19470.
[2021/8/7 - 1:40:28] co rich has edited GateID 59's Position.
[2021/8/7 - 2:00:48] co rich has edited GateID 59's Position.
[2021/8/8 - 19:30:41] Huy 2k8 has edited GateID 60's Model to 19313.
[2021/8/8 - 19:30:43] Huy 2k8 has edited GateID 60's Position.
[2021/8/9 - 1:35:14] Huy 2k8 has edited GateID 61's Model to 4032.
[2021/8/9 - 1:35:16] Huy 2k8 has edited GateID 61's Position.
[2021/8/9 - 1:35:23] Huy 2k8 has edited GateID 61's Model to 0.
[2021/8/12 - 20:26:03] Quang Huy has edited GateID 61's Model to 19713.
[2021/8/12 - 20:26:05] Quang Huy has edited GateID 61's Position.
[2021/8/12 - 20:26:20] Quang Huy has edited GateID 61's Model to 0.
[2021/8/16 - 22:56:47] Quang Huy has edited GateID 60's Model to 0.
[2021/8/19 - 21:08:15] Test Account1 has edited GateID 33's Model to 0.
[2021/8/19 - 22:00:51] Cris has edited GateID 41's Model to 0.
[2021/8/19 - 22:00:52] Cris has edited GateID 42's Model to 0.
[2021/8/19 - 22:00:53] Cris has edited GateID 43's Model to 0.
[2021/8/19 - 22:00:54] Cris has edited GateID 44's Model to 0.
[2021/8/19 - 22:00:54] Cris has edited GateID 45's Model to 0.
[2021/8/19 - 22:00:55] Cris has edited GateID 46's Model to 0.
[2021/8/19 - 22:00:56] Cris has edited GateID 47's Model to 0.
[2021/8/19 - 22:00:58] Cris has edited GateID 48's Model to 0.
[2021/8/21 - 16:03:33] Quang Huy has edited GateID 49's Model to 0.
[2021/8/22 - 20:29:05] Quang Huy has edited GateID 33's Model to 19963.
[2021/8/22 - 20:29:07] Quang Huy has edited GateID 33's Position.
[2021/8/22 - 20:29:11] Quang Huy has edited GateID 33's Model to 19763.
[2021/8/22 - 20:29:16] Quang Huy has edited GateID 33's Model to 19731.
[2021/8/22 - 20:29:18] Quang Huy has edited GateID 33's Model to 19713.
[2021/8/22 - 20:33:59] Quang Huy has edited GateID 33's VW to 1.
[2021/8/22 - 21:55:44] Quang Huy has edited GateID 41's Model to 971.
[2021/8/22 - 21:55:46] Quang Huy has edited GateID 41's Position.
[2021/8/23 - 2:29:32] Quang Huy has edited GateID 42's Model to 1728.
[2021/8/23 - 2:29:34] Quang Huy has edited GateID 42's Position.
[2021/8/23 - 2:29:48] Quang Huy has edited GateID 42's Model to 12957.
[2021/8/23 - 2:30:15] Quang Huy has edited GateID 42's Model to 3017.
[2021/8/23 - 2:30:54] Quang Huy has edited GateID 42's Model to 2237.
[2021/8/23 - 2:31:39] Quang Huy has edited GateID 42's Model to 2228.
[2021/8/23 - 2:31:53] Quang Huy has edited GateID 42's Model to 19878.
[2021/8/23 - 2:32:18] Quang Huy has edited GateID 42's Model to 18666.
[2021/8/23 - 2:32:40] Quang Huy has edited GateID 42's Model to 1440.
[2021/8/23 - 2:33:00] Quang Huy has edited GateID 42's Model to 3594.
[2021/8/23 - 2:33:02] Quang Huy has edited GateID 42's Model to 3593.
[2021/8/23 - 2:33:25] Quang Huy has edited GateID 42's Model to 2964.
[2021/8/23 - 2:33:46] Quang Huy has edited GateID 42's Model to 18661.
[2021/8/23 - 2:34:00] Quang Huy has edited GateID 42's Model to 1635.
[2021/8/23 - 2:34:04] Quang Huy has edited GateID 42's Model to 1835.
[2021/8/23 - 2:34:07] Quang Huy has edited GateID 42's Model to 1697.
[2021/8/23 - 2:34:26] Quang Huy has edited GateID 42's Model to 19878.
[2021/8/23 - 2:34:31] Quang Huy has edited GateID 42's Model to 2070.
[2021/8/23 - 2:34:44] Quang Huy has edited GateID 42's Model to 1440.
[2021/8/23 - 2:34:57] Quang Huy has edited GateID 42's Model to 14791.
[2021/8/23 - 2:35:01] Quang Huy has edited GateID 42's Model to 1897.
[2021/8/23 - 2:35:30] Quang Huy has edited GateID 42's Model to 18661.
[2021/8/23 - 2:35:35] Quang Huy has edited GateID 42's Model to 918.
[2021/8/23 - 2:35:38] Quang Huy has edited GateID 42's Model to 18661.
[2021/8/23 - 2:35:58] Quang Huy has edited GateID 42's Model to 3864.
[2021/8/23 - 2:36:31] Quang Huy has edited GateID 42's Model to 2649.
[2021/8/23 - 2:36:35] Quang Huy has edited GateID 42's Model to 1897.
[2021/8/23 - 2:36:50] Quang Huy has edited GateID 42's Model to 19375.
[2021/8/23 - 2:37:11] Quang Huy has edited GateID 42's Model to 1728.
[2021/8/23 - 2:37:14] Quang Huy has edited GateID 42's Model to 1362.
[2021/8/23 - 2:37:36] Quang Huy has edited GateID 42's Model to 19878.
[2021/8/23 - 2:37:40] Quang Huy has edited GateID 42's Model to 19375.
[2021/8/23 - 2:37:51] Quang Huy has edited GateID 42's Model to 17055.
[2021/8/23 - 2:37:54] Quang Huy has edited GateID 42's Model to 1362.
[2021/8/23 - 2:38:13] Quang Huy has edited GateID 42's Model to 3594.
[2021/8/23 - 2:38:15] Quang Huy has edited GateID 42's Model to 3593.
[2021/8/23 - 2:38:44] Quang Huy has edited GateID 42's Model to 2964.
[2021/8/23 - 2:39:02] Quang Huy has edited GateID 42's Model to 2964.
[2021/8/23 - 2:39:04] Quang Huy has edited GateID 42's Model to 918.
[2021/8/23 - 2:43:30] Quang Huy has edited GateID 42's Model to 1985.
[2021/8/23 - 2:43:32] Quang Huy has edited GateID 42's Model to 2047.
[2021/8/23 - 2:45:16] Quang Huy has edited GateID 42's Model to 3594.
[2021/8/23 - 2:45:24] Quang Huy has edited GateID 42's Model to 1728.
[2021/8/23 - 2:46:17] Quang Huy has edited GateID 42's Model to 854.
[2021/8/23 - 3:00:25] Quang Huy has edited GateID 42's Model to 0.
[2021/8/23 - 3:17:20] Quang Huy has edited GateID 42's Model to 971.
[2021/8/23 - 3:17:24] Quang Huy has edited GateID 42's Position.
[2021/8/23 - 14:08:17] Awery Weedie has edited GateID 32's Model to 0.
[2021/8/23 - 14:08:43] Awery Weedie has edited GateID 41's Model to 0.
[2021/8/23 - 14:13:47] Awery Weedie has edited GateID 32's Model to 19870.
[2021/8/23 - 14:14:17] Awery Weedie has edited GateID 32's Position.
[2021/8/23 - 14:15:36] Awery Weedie has edited GateID 41's Model to 19870.
[2021/8/23 - 14:15:40] Awery Weedie has edited GateID 41's Position.
[2021/8/24 - 10:07:09] canhsat truong has edited GateID 43's Model to 19313.
[2021/8/24 - 10:07:11] canhsat truong has edited GateID 43's Position.
[2021/8/24 - 10:07:48] canhsat truong has edited GateID 43's Range to 10.000.
[2021/8/24 - 10:07:52] canhsat truong has edited GateID 43's Speed to 10.000.
[2021/8/24 - 10:08:08] canhsat truong has edited GateID 43's Group ID to 1.
[2021/8/24 - 10:08:13] canhsat truong has edited GateID 43's Group ID to 0.
[2021/8/26 - 3:41:24] Quang Huy has edited GateID 44's Model to 19885.
[2021/8/26 - 3:41:27] Quang Huy has edited GateID 44's Position.
[2021/8/26 - 3:42:04] Quang Huy has edited GateID 44's Model to 19886.
[2021/8/26 - 3:42:26] Quang Huy has edited GateID 44's Model to 19887.
[2021/8/26 - 3:42:31] Quang Huy has edited GateID 44's Model to 19886.
[2021/8/26 - 3:43:35] Quang Huy has edited GateID 45's Model to 19886.
[2021/8/26 - 3:43:40] Quang Huy has edited GateID 45's Position.
[2021/8/26 - 3:44:29] Quang Huy has edited GateID 45's stream distance to 200.
[2021/8/26 - 3:44:35] Quang Huy has edited GateID 45's stream distance to 500.
[2021/8/26 - 3:44:42] Quang Huy has edited GateID 45's stream distance to 200.
[2021/8/26 - 3:44:50] Quang Huy has edited GateID 45's stream distance to 500.
[2021/8/27 - 0:03:13] Dick Emcee has edited GateID 46's Model to 1271.
[2021/8/27 - 0:03:15] Dick Emcee has edited GateID 46's Position.
[2021/8/27 - 0:03:21] Dick Emcee has edited GateID 46's Model to 0.
[2021/8/27 - 0:04:50] Quang Huy has edited GateID 46's Model to 2912.
[2021/8/27 - 0:04:52] Quang Huy has edited GateID 46's Position.
[2021/8/27 - 0:05:06] Quang Huy has edited GateID 46's Position.
[2021/8/27 - 0:05:35] Quang Huy has edited GateID 46's Model to 1271.
[2021/8/27 - 0:05:44] Quang Huy has edited GateID 46's Model to 2912.
[2021/8/27 - 0:06:36] Quang Huy has edited GateID 46's Model to 1271.
[2021/8/27 - 0:07:04] Quang Huy has edited GateID 46's Model to 3799.
[2021/8/27 - 0:07:31] Quang Huy has edited GateID 46's Model to 2900.
[2021/8/27 - 0:07:42] Quang Huy has edited GateID 46's Model to 1720.
[2021/8/27 - 0:07:47] Quang Huy has edited GateID 46's Model to 1220.
[2021/8/27 - 0:07:55] Quang Huy has edited GateID 46's Model to 1221.
[2021/8/27 - 0:08:01] Quang Huy has edited GateID 46's Model to 1224.
[2021/8/27 - 0:08:17] Quang Huy has edited GateID 46's Model to 2900.
[2021/8/27 - 0:08:30] Quang Huy has edited GateID 46's Model to 3798.
[2021/8/27 - 0:09:13] Quang Huy has edited GateID 46's Model to 2912.
[2021/8/27 - 0:39:57] Quang Huy has edited GateID 46's Model to 2912.
[2021/8/27 - 12:57:11] Quang Huy has edited GateID 46's Model to 1971.
[2021/8/27 - 12:57:19] Quang Huy has edited GateID 46's Model to 1972.
[2021/8/27 - 12:58:30] Quang Huy has edited GateID 46's Model to 1973.
[2021/8/27 - 12:58:35] Quang Huy has edited GateID 46's Model to 1974.
[2021/8/27 - 12:58:38] Quang Huy has edited GateID 46's Model to 1975.
[2021/8/27 - 12:59:03] Quang Huy has edited GateID 46's Model to 1976.
[2021/8/27 - 12:59:13] Quang Huy has edited GateID 46's Model to 1977.
[2021/8/27 - 12:59:17] Quang Huy has edited GateID 46's Model to 1978.
[2021/8/27 - 13:01:13] Quang Huy has edited GateID 46's Model to 1979.
[2021/8/27 - 13:01:25] Quang Huy has edited GateID 46's Model to 1980.
[2021/8/27 - 13:01:29] Quang Huy has edited GateID 46's Model to 1981.
[2021/8/27 - 13:01:36] Quang Huy has edited GateID 46's Model to 1982.
[2021/8/27 - 13:01:41] Quang Huy has edited GateID 46's Model to 1999.
[2021/8/27 - 13:57:56] co Rich has edited GateID 46's Model to 0.
[2021/8/28 - 20:02:05] Quang Huy has edited GateID 46's Model to 6295.
[2021/8/28 - 20:02:07] Quang Huy has edited GateID 46's Position.
[2021/8/28 - 20:02:52] Quang Huy has edited GateID 46's Model to 9076.
[2021/8/28 - 20:04:20] Quang Huy has edited GateID 46's Model to 10009.
[2021/8/28 - 20:06:06] Quang Huy has edited GateID 46's Model to 0.
[2021/8/28 - 20:07:00] Quang Huy has edited GateID 46's Model to 10009.
[2021/8/28 - 20:07:04] Quang Huy has edited GateID 46's Position.
[2021/8/28 - 20:10:41] Quang Huy has edited GateID 46's Model to 2068.
[2021/8/28 - 20:11:10] Quang Huy has edited GateID 46's Model to 3528.
[2021/8/28 - 20:11:31] Quang Huy has edited GateID 46's Model to 7073.
[2021/8/28 - 20:12:27] Quang Huy has edited GateID 46's Model to 8483.
[2021/8/28 - 20:14:00] Quang Huy has edited GateID 46's Model to 18963.
[2021/8/28 - 20:14:16] Quang Huy has edited GateID 46's Model to 18876.
[2021/8/28 - 20:14:37] Quang Huy has edited GateID 46's Model to 19172.
[2021/8/28 - 20:16:39] Awery Weedie has edited GateID 47's Model to 16151.
[2021/8/28 - 20:16:42] Awery Weedie has edited GateID 47's Position.
[2021/8/28 - 20:19:47] Awery Weedie has edited GateID 47's Model to 0.
[2021/8/28 - 20:19:55] Awery Weedie has edited GateID 46's Model to 0.
[2021/8/30 - 0:15:30] Co Rich has edited GateID 46's Model to 14781.
[2021/8/30 - 0:15:34] Co Rich has edited GateID 46's Position.
[2021/8/30 - 0:21:07] Co Rich has edited GateID 46's Model to 0.
[2021/12/27 - 13:32:12] Franklin Roosevelt has edited GateID 46's Model to 890.
[2021/12/27 - 13:32:15] Franklin Roosevelt has edited GateID 46's Position.
[2021/12/27 - 13:32:19] Franklin Roosevelt has edited GateID 46's Model to 980.
[2021/12/27 - 13:32:55] Franklin Roosevelt has edited GateID 46's Range to 10.000.
[2021/12/27 - 13:33:01] Franklin Roosevelt has edited GateID 46's Speed to 4.000.
[2021/12/27 - 13:33:09] Franklin Roosevelt has edited GateID 46's Group ID to 1.
[2021/12/27 - 13:33:15] Franklin Roosevelt has edited GateID 46's Group ID to 1.
[2021/12/27 - 13:33:16] Franklin Roosevelt has edited GateID 46's Group ID to 0.
[2021/12/27 - 13:33:23] Franklin Roosevelt has edited GateID 46's Speed to 7.000.
[2021/12/27 - 18:09:13] cris pham has edited GateID 14's Speed to 5.000.
[2021/12/27 - 18:09:20] cris pham has edited GateID 14's Speed to 15.000.
[2021/12/27 - 18:09:23] cris pham has edited GateID 14's Speed to 10.000.
[2021/12/29 - 11:08:08] Cris Pham has edited GateID 47's Model to 19376.
[2021/12/29 - 11:08:12] Cris Pham has edited GateID 47's Position.
[2021/12/29 - 11:10:10] Cris Pham has edited GateID 48's Model to 10244.
[2021/12/29 - 11:10:13] Cris Pham has edited GateID 48's Position.
[2021/12/29 - 11:10:53] Cris Pham has edited GateID 48's Position.
[2021/12/29 - 11:13:16] Cris Pham has edited GateID 49's Model to 18762.
[2021/12/29 - 11:13:27] Cris Pham has edited GateID 49's Position.
[2021/12/29 - 13:31:23] Cris Pham has edited GateID 47's Model to 0.
[2021/12/29 - 13:31:25] Cris Pham has edited GateID 48's Model to 0.
[2021/12/29 - 13:31:26] Cris Pham has edited GateID 49's Model to 0.
[2021/12/30 - 11:30:37] Lady Killer has edited GateID 47's Position.
[2021/12/30 - 11:30:58] Lady Killer has edited GateID 47's Model to 191.
[2021/12/30 - 11:31:05] Lady Killer has edited GateID 47's Position.
[2021/12/30 - 11:32:39] Lady Killer has edited GateID 47's Model to 1102.
[2021/12/30 - 11:32:46] Lady Killer has edited GateID 47's Model to 11102.
[2021/12/30 - 11:32:53] Lady Killer has edited GateID 47's Model to 1980.
[2021/12/30 - 11:33:05] Lady Killer has edited GateID 47's Model to 1966.
[2021/12/30 - 11:33:14] Lady Killer has edited GateID 47's Model to 10671.
[2021/12/30 - 11:34:10] Lady Killer has edited GateID 47's Model to 8378.
[2021/12/30 - 11:34:19] Lady Killer has edited GateID 47's Model to 3851.
[2021/12/30 - 11:34:46] Lady Killer has edited GateID 47's Model to 13187.
[2021/12/30 - 11:34:55] Lady Killer has edited GateID 47's Model to 10154.
[2021/12/30 - 11:35:02] Lady Killer has edited GateID 47's Model to 10246.
[2021/12/30 - 11:35:10] Lady Killer has edited GateID 47's Model to 8376.
[2021/12/30 - 11:35:13] Lady Killer has edited GateID 47's Model to 8377.
[2021/12/30 - 11:35:15] Lady Killer has edited GateID 47's Model to 8379.
[2021/12/30 - 11:35:19] Lady Killer has edited GateID 47's Model to 8380.
[2021/12/30 - 11:35:23] Lady Killer has edited GateID 47's Model to 8378.
[2021/12/30 - 11:35:32] Lady Killer has edited GateID 47's Model to 1980.
[2021/12/30 - 11:37:42] Lady Killer has edited GateID 47's Model to 16773.
[2021/12/30 - 11:38:33] Lady Killer has edited GateID 47's automation to 1.
[2021/12/30 - 11:38:56] Lady Killer has edited GateID 47's Range to 20.000.
[2021/12/30 - 11:39:07] Lady Killer has edited GateID 47's Range to 10.000.
[2021/12/30 - 11:39:13] Lady Killer has edited GateID 47's Range to 20.000.
[2021/12/30 - 11:40:49] Lady Killer has edited GateID 48's Position.
[2021/12/30 - 11:40:57] Lady Killer has edited GateID 48's Model to 638.
[2021/12/30 - 11:43:30] Lady Killer has edited GateID 49's Position.
[2021/12/30 - 11:43:37] Lady Killer has edited GateID 49's Model to 638.
[2021/12/30 - 11:44:55] Lady Killer has edited GateID 60's Position.
[2021/12/30 - 11:45:02] Lady Killer has edited GateID 60's Model to 638.
[2021/12/30 - 11:46:00] Lady Killer has edited GateID 61's Position.
[2021/12/30 - 11:46:04] Lady Killer has edited GateID 61's Model to 638.
[2021/12/30 - 11:48:26] Lady Killer has edited GateID 62's Position.
[2021/12/30 - 11:48:32] Lady Killer has edited GateID 62's Model to 638.
[2021/12/30 - 11:49:44] Lady Killer has edited GateID 63's Position.
[2021/12/30 - 11:49:50] Lady Killer has edited GateID 63's Model to 638.
[2021/12/30 - 11:50:38] Lady Killer has edited GateID 64's Position.
[2021/12/30 - 11:50:42] Lady Killer has edited GateID 64's Model to 638.
[2021/12/30 - 11:56:18] Lady Killer has edited GateID 65's Position.
[2021/12/30 - 11:56:25] Lady Killer has edited GateID 65's Model to 1232.
[2021/12/30 - 11:58:27] Lady Killer has edited GateID 66's Position.
[2021/12/30 - 11:58:32] Lady Killer has edited GateID 66's Model to 1232.
[2021/12/30 - 12:19:16] Lady Killer has edited GateID 67's Position.
[2021/12/30 - 12:19:22] Lady Killer has edited GateID 67's Model to 638.
[2021/12/30 - 12:20:53] Lady Killer has edited GateID 68's Position.
[2021/12/30 - 12:20:58] Lady Killer has edited GateID 68's Model to 632.
[2021/12/30 - 12:21:01] Lady Killer has edited GateID 68's Model to 623.
[2021/12/30 - 12:21:04] Lady Killer has edited GateID 68's Model to 638.
[2021/12/30 - 12:22:40] Lady Killer has edited GateID 69's Position.
[2021/12/30 - 12:22:46] Lady Killer has edited GateID 69's Model to 638.
[2021/12/30 - 12:23:32] Lady Killer has edited GateID 70's Position.
[2021/12/30 - 12:23:38] Lady Killer has edited GateID 70's Model to 638.
[2021/12/30 - 12:24:23] Lady Killer has edited GateID 71's Position.
[2021/12/30 - 12:24:27] Lady Killer has edited GateID 71's Model to 638.
[2021/12/30 - 12:27:07] Lady Killer has edited GateID 72's Position.
[2021/12/30 - 12:28:13] Lady Killer has edited GateID 72's Model to 1776.
[2021/12/30 - 12:28:19] Lady Killer has edited GateID 72's Model to 1209.
[2021/12/30 - 12:29:37] Lady Killer has edited GateID 73's Position.
[2021/12/30 - 12:30:19] Lady Killer has edited GateID 73's Model to 1341.
[2021/12/30 - 12:31:18] Lady Killer has edited GateID 74's Position.
[2021/12/30 - 12:31:23] Lady Killer has edited GateID 74's Model to 1571.
[2021/12/30 - 12:31:57] Lady Killer has edited GateID 74's Model to 1342.
[2021/12/30 - 12:33:34] Lady Killer has edited GateID 75's Position.
[2021/12/30 - 12:33:41] Lady Killer has edited GateID 75's Model to 3660.
[2021/12/30 - 12:34:59] Lady Killer has edited GateID 76's Position.
[2021/12/30 - 12:35:02] Lady Killer has edited GateID 76's Model to 3660.
[2022/9/18 - 2:06:26] Chu Bay has edited GateID 46's Model to 19313.
[2022/9/18 - 2:06:30] Chu Bay has edited GateID 46's Position.
[2022/9/18 - 2:06:52] Chu Bay has edited GateID 46's Model to 0.
[2022/9/18 - 3:54:06] Script S has edited GateID 46's Model to 1649.
[2022/9/18 - 3:54:09] Script S has edited GateID 46's Position.
[2022/9/18 - 3:55:04] Script S has edited GateID 46's Model to 0.
[2022/9/18 - 4:28:37] Ong Dia has edited GateID 46's Model to 19313.
[2022/9/18 - 4:28:43] Ong Dia has edited GateID 46's Position.
[2022/9/18 - 4:29:11] Ong Dia has edited GateID 46's Model to 0.
[2023/5/26 - 18:41:11] PhNgThi ThuyUyen has edited GateID 33's Model to 0.
[2023/5/26 - 18:41:26] PhNgThi ThuyUyen has edited GateID 33's Model to 980.
[2023/5/26 - 18:41:28] PhNgThi ThuyUyen has edited GateID 33's Position.
[2023/5/26 - 18:42:16] PhNgThi ThuyUyen has edited GateID 33's Group ID to 1.
[2023/5/26 - 18:42:23] PhNgThi ThuyUyen has edited GateID 33's Group Type to 1.
[2023/5/26 - 19:25:06] Julius Koo has edited GateID 980's Model to 0.
[2023/5/26 - 19:25:14] Julius Koo has edited GateID 980's Model to 63.
[2023/5/26 - 19:25:23] Julius Koo has edited GateID 63's Model to 980.
[2023/5/26 - 19:25:31] Julius Koo has edited GateID 63's Model to 980.
[2023/5/26 - 19:25:49] Julius Koo has edited GateID 63's Position.
[2023/5/26 - 19:27:38] Julius Koo has edited GateID 63's Model to 10575.
[2023/5/26 - 19:28:49] Julius Koo has edited GateID 63's Model to 11313.
[2023/5/26 - 19:29:58] Julius Koo has edited GateID 63's Model to 13188.
[2023/5/26 - 19:30:11] Julius Koo has edited GateID 63's Model to 13187.
[2023/5/26 - 19:30:29] Julius Koo has edited GateID 63's Model to 7930.
[2023/5/26 - 19:31:33] Julius Koo has edited GateID 63's Model to 19861.
[2023/5/26 - 19:31:54] Julius Koo has edited GateID 63's Model to 9093.
[2023/5/26 - 19:33:10] Julius Koo has edited GateID 63's Model to 5779.
[2023/5/26 - 19:33:22] Julius Koo has edited GateID 63's Model to 0.
[2023/5/26 - 21:57:55] diminuto has edited GateID 63's Model to 1504.
[2023/5/26 - 21:57:59] diminuto has edited GateID 63's Position.
[2023/5/26 - 21:58:27] diminuto has edited GateID 63's Model to 0.
[2023/5/26 - 21:59:01] diminuto has edited GateID 63's Model to 1504.
[2023/5/26 - 21:59:03] diminuto has edited GateID 63's Position.
[2023/5/29 - 22:05:28] Diminuto has edited GateID 64's Model to 890.
[2023/5/29 - 22:05:30] Diminuto has edited GateID 64's Position.
[2023/5/29 - 22:05:35] Diminuto has edited GateID 64's Model to 890.
[2023/5/29 - 22:05:38] Diminuto has edited GateID 64's Model to 980.
[2023/5/30 - 12:32:12] Diminuto has edited GateID 65's Model to 1504.
[2023/5/30 - 12:32:15] Diminuto has edited GateID 65's Position.
[2023/6/7 - 3:38:38] Diminuto has edited GateID 66's Model to 1504.
[2023/6/7 - 3:38:40] Diminuto has edited GateID 66's Position.
[2023/6/7 - 3:39:24] Diminuto has edited GateID 66's Position.
[2023/6/7 - 3:42:27] Diminuto has edited GateID 66's Group ID to 9.
[2023/6/7 - 3:42:30] Diminuto has edited GateID 66's Group ID to 8.
[2023/9/15 - 12:11:08] Diminuto has edited GateID 18's Model to 0.
[2023/9/15 - 12:11:12] Diminuto has edited GateID 19's Model to 0.
[2023/9/15 - 12:13:00] Diminuto has edited GateID 62's Model to 0.
