[2021/8/22 - 7:14:31] Streetgang Niz duoc nhan $1528 tu viec giao pizza va tru $63 vi lam hong xe
[2021/8/22 - 7:25:28] Bich Kay duoc nhan $3810 tu viec giao pizza va tru $79 vi lam hong xe
[2021/8/22 - 7:26:27] Streetgang Niz duoc nhan $1016 tu viec giao pizza va tru $1 vi lam hong xe
[2021/8/22 - 7:39:18] Streetgang Niz duoc nhan $1137 tu viec giao pizza va tru $0 vi lam hong xe
[2021/8/22 - 7:40:36] Thanh Dat duoc nhan $1192 tu viec giao pizza va tru $0 vi lam hong xe
[2021/8/22 - 7:53:45] Streetgang Niz duoc nhan $1152 tu viec giao pizza va tru $0 vi lam hong xe
[2021/8/22 - 7:54:50] Bich Kay duoc nhan $1174 tu viec giao pizza va tru $155 vi lam hong xe
[2021/8/22 - 8:48:12] nurku HandSome duoc nhan $1421 tu viec giao pizza va tru $626 vi lam hong xe
[2021/8/22 - 9:26:08] Bich Kay duoc nhan $1386 tu viec giao pizza va tru $222 vi lam hong xe
[2021/8/22 - 9:29:40] Andy Johnson duoc nhan $1436 tu viec giao pizza va tru $10 vi lam hong xe
[2021/8/22 - 9:32:02] Thanh Dat duoc nhan $1917 tu viec giao pizza va tru $0 vi lam hong xe
[2021/8/22 - 10:00:17] Black Panther duoc nhan $1464 tu viec giao pizza va tru $50 vi lam hong xe
[2021/8/22 - 10:21:58] Black Panther duoc nhan $1623 tu viec giao pizza va tru $0 vi lam hong xe
[2021/8/22 - 10:29:19] Bich Kay duoc nhan $1591 tu viec giao pizza va tru $188 vi lam hong xe
[2021/8/22 - 10:43:01] Hikaru Matus duoc nhan $1667 tu viec giao pizza va tru $207 vi lam hong xe
[2021/8/22 - 11:24:16] Andy Johnson duoc nhan $1604 tu viec giao pizza va tru $469 vi lam hong xe
[2021/8/22 - 11:42:07] nghia pham duoc nhan $1215 tu viec giao pizza va tru $118 vi lam hong xe
[2021/8/22 - 11:52:18] Zuu Zuu duoc nhan $1979 tu viec giao pizza va tru $-403 vi lam hong xe
[2021/8/22 - 12:03:20] Samurai Huy duoc nhan $1305 tu viec giao pizza va tru $157 vi lam hong xe
[2021/8/22 - 12:09:48] Bich Kay duoc nhan $4613 tu viec giao pizza va tru $102 vi lam hong xe
[2021/8/22 - 12:51:31] Erich Mastein duoc nhan $1442 tu viec giao pizza va tru $470 vi lam hong xe
[2021/8/22 - 13:05:53] Hoangg Anhh duoc nhan $938 tu viec giao pizza va tru $526 vi lam hong xe
[2021/8/22 - 13:11:44] Beo ly duoc nhan $980 tu viec giao pizza va tru $29 vi lam hong xe
[2021/8/22 - 13:26:08] Beo ly duoc nhan $1507 tu viec giao pizza va tru $0 vi lam hong xe
[2021/8/22 - 13:48:03] Bich Kay duoc nhan $1325 tu viec giao pizza va tru $112 vi lam hong xe
[2021/8/22 - 13:50:11] Blue Sea duoc nhan $1477 tu viec giao pizza va tru $615 vi lam hong xe
[2021/8/22 - 13:54:39] Streetgang Ken duoc nhan $1384 tu viec giao pizza va tru $546 vi lam hong xe
[2021/8/22 - 13:55:24] Hoangg Anhh duoc nhan $1141 tu viec giao pizza va tru $509 vi lam hong xe
[2021/8/22 - 14:02:48] Daniel James duoc nhan $1650 tu viec giao pizza va tru $413 vi lam hong xe
[2021/8/22 - 14:05:07] khang mafia duoc nhan $1068 tu viec giao pizza va tru $231 vi lam hong xe
[2021/8/22 - 14:32:49] Black Panther duoc nhan $1515 tu viec giao pizza va tru $91 vi lam hong xe
[2021/8/22 - 14:37:37] Samurai Huy duoc nhan $1666 tu viec giao pizza va tru $43 vi lam hong xe
[2021/8/22 - 14:46:04] Josh Barro duoc nhan $885 tu viec giao pizza va tru $0 vi lam hong xe
[2021/8/22 - 14:47:13] Black Panther duoc nhan $1173 tu viec giao pizza va tru $124 vi lam hong xe
[2021/8/22 - 14:49:53] Caldwell Kolavrov duoc nhan $1508 tu viec giao pizza va tru $87 vi lam hong xe
[2021/8/22 - 15:21:57] Josh Barro duoc nhan $1690 tu viec giao pizza va tru $18 vi lam hong xe
[2021/8/22 - 15:28:41] nghia pham duoc nhan $1209 tu viec giao pizza va tru $388 vi lam hong xe
[2021/8/22 - 15:29:49] Jazz Crawford duoc nhan $1246 tu viec giao pizza va tru $320 vi lam hong xe
[2021/8/22 - 15:39:52] nghia pham duoc nhan $1164 tu viec giao pizza va tru $148 vi lam hong xe
[2021/8/22 - 15:45:01] khem manh duoc nhan $1039 tu viec giao pizza va tru $105 vi lam hong xe
[2021/8/22 - 15:47:40] Bich Kay duoc nhan $1671 tu viec giao pizza va tru $469 vi lam hong xe
[2021/8/22 - 15:51:25] nghia pham duoc nhan $1251 tu viec giao pizza va tru $223 vi lam hong xe
[2021/8/22 - 15:55:42] Blue Sea duoc nhan $3116 tu viec giao pizza va tru $478 vi lam hong xe
[2021/8/22 - 15:58:30] Juni Vn duoc nhan $1477 tu viec giao pizza va tru $200 vi lam hong xe
[2021/8/22 - 15:58:58] Bich Kay duoc nhan $946 tu viec giao pizza va tru $410 vi lam hong xe
[2021/8/22 - 16:07:06] Hoangg Anhh duoc nhan $1431 tu viec giao pizza va tru $447 vi lam hong xe
[2021/8/22 - 16:13:53] Zuu Zuu duoc nhan $1270 tu viec giao pizza va tru $364 vi lam hong xe
[2021/8/22 - 17:22:35] Huu Tung duoc nhan $1526 tu viec giao pizza va tru $300 vi lam hong xe
[2021/8/22 - 17:40:24] taasn loojc duoc nhan $1469 tu viec giao pizza va tru $0 vi lam hong xe
[2021/8/22 - 18:11:59] Huu Tung duoc nhan $1123 tu viec giao pizza va tru $203 vi lam hong xe
[2021/8/22 - 18:19:43] Juni Vn duoc nhan $1170 tu viec giao pizza va tru $618 vi lam hong xe
[2021/8/22 - 18:33:54] Hikaru Matus duoc nhan $1614 tu viec giao pizza va tru $172 vi lam hong xe
[2021/8/22 - 18:45:18] nghia pham duoc nhan $1165 tu viec giao pizza va tru $125 vi lam hong xe
[2021/8/22 - 18:56:57] nghia pham duoc nhan $1608 tu viec giao pizza va tru $240 vi lam hong xe
[2021/8/22 - 19:00:54] Dron Crotdame duoc nhan $1460 tu viec giao pizza va tru $529 vi lam hong xe
[2021/8/22 - 19:09:26] Hikaru Matus duoc nhan $876 tu viec giao pizza va tru $98 vi lam hong xe
[2021/8/22 - 19:11:49] nghia pham duoc nhan $1621 tu viec giao pizza va tru $275 vi lam hong xe
[2021/8/22 - 19:17:52] Hoangg Anh duoc nhan $1712 tu viec giao pizza va tru $290 vi lam hong xe
[2021/8/22 - 19:30:10] Black Panther duoc nhan $1565 tu viec giao pizza va tru $0 vi lam hong xe
[2021/8/22 - 20:04:45] nghia pham duoc nhan $1758 tu viec giao pizza va tru $192 vi lam hong xe
[2021/8/22 - 20:17:48] nghia pham duoc nhan $1530 tu viec giao pizza va tru $0 vi lam hong xe
[2021/8/22 - 20:17:48] taasn loojc duoc nhan $840 tu viec giao pizza va tru $64 vi lam hong xe
[2021/8/22 - 20:35:09] Josh Barro duoc nhan $1719 tu viec giao pizza va tru $0 vi lam hong xe
[2021/8/22 - 20:40:06] Black Panther duoc nhan $1183 tu viec giao pizza va tru $24 vi lam hong xe
[2021/8/22 - 20:46:22] Black Panther duoc nhan $1140 tu viec giao pizza va tru $0 vi lam hong xe
[2021/8/22 - 21:56:45] Stanislav Shapovalov duoc nhan $815 tu viec giao pizza va tru $127 vi lam hong xe
[2021/8/22 - 22:03:16] nghia pham duoc nhan $1048 tu viec giao pizza va tru $17 vi lam hong xe
[2021/8/22 - 22:06:38] Dron Crotdame duoc nhan $1116 tu viec giao pizza va tru $322 vi lam hong xe
[2021/8/22 - 22:12:40] Stanislav Shapovalov duoc nhan $1119 tu viec giao pizza va tru $327 vi lam hong xe
[2021/8/22 - 23:16:50] Hoangg Anh duoc nhan $1230 tu viec giao pizza va tru $379 vi lam hong xe
[2021/8/22 - 23:18:17] Bich Kay duoc nhan $2584 tu viec giao pizza va tru $301 vi lam hong xe
[2021/8/22 - 23:35:36] Dron Crotdame duoc nhan $1211 tu viec giao pizza va tru $579 vi lam hong xe
[2021/8/23 - 1:26:47] HIKARU MATUS duoc nhan $1648 tu viec giao pizza va tru $98 vi lam hong xe
[2021/8/23 - 1:49:12] HIKARU MATUS duoc nhan $1417 tu viec giao pizza va tru $187 vi lam hong xe
[2021/8/23 - 3:15:08] HIKARU MATUS duoc nhan $1568 tu viec giao pizza va tru $188 vi lam hong xe
[2021/8/23 - 3:58:04] Lightz Bringer duoc nhan $1396 tu viec giao pizza va tru $0 vi lam hong xe
[2021/8/23 - 4:32:41] Stanislav Shapovalov duoc nhan $1168 tu viec giao pizza va tru $404 vi lam hong xe
[2021/8/23 - 4:59:10] Cycus Curie duoc nhan $1365 tu viec giao pizza va tru $451 vi lam hong xe
[2021/8/23 - 5:12:30] Cycus Curie duoc nhan $1623 tu viec giao pizza va tru $65 vi lam hong xe
[2021/8/23 - 5:42:30] Cycus Curie duoc nhan $1474 tu viec giao pizza va tru $163 vi lam hong xe
[2021/8/23 - 8:07:42] John Antonio duoc nhan $1081 tu viec giao pizza va tru $132 vi lam hong xe
[2021/8/23 - 8:25:29] Hoangg Anh duoc nhan $1297 tu viec giao pizza va tru $527 vi lam hong xe
[2021/8/23 - 8:28:47] John Antonio duoc nhan $1362 tu viec giao pizza va tru $283 vi lam hong xe
[2021/8/23 - 9:16:06] Huu Tung duoc nhan $839 tu viec giao pizza va tru $134 vi lam hong xe
[2021/8/23 - 9:54:12] Black Panther duoc nhan $1220 tu viec giao pizza va tru $0 vi lam hong xe
[2021/8/23 - 9:59:32] Black Panther duoc nhan $1434 tu viec giao pizza va tru $6 vi lam hong xe
[2021/8/23 - 10:05:08] Black Panther duoc nhan $1175 tu viec giao pizza va tru $0 vi lam hong xe
[2021/8/23 - 10:08:20] zuu zuu duoc nhan $1334 tu viec giao pizza va tru $-17880 vi lam hong xe
[2021/8/23 - 10:22:45] zuu zuu duoc nhan $1718 tu viec giao pizza va tru $-12298952 vi lam hong xe
[2021/8/23 - 10:25:39] Black Panther duoc nhan $1084 tu viec giao pizza va tru $21 vi lam hong xe
[2021/8/23 - 10:35:25] Huu Tung duoc nhan $1826 tu viec giao pizza va tru $99 vi lam hong xe
[2021/8/23 - 10:36:50] Black Panther duoc nhan $1070 tu viec giao pizza va tru $0 vi lam hong xe
[2021/8/23 - 10:43:43] Black Panther duoc nhan $1338 tu viec giao pizza va tru $0 vi lam hong xe
[2021/8/23 - 10:49:16] Huu Tung duoc nhan $964 tu viec giao pizza va tru $395 vi lam hong xe
[2021/8/23 - 10:49:58] zuu zuu duoc nhan $1641 tu viec giao pizza va tru $-1999998976 vi lam hong xe
[2021/8/23 - 10:50:57] Black Panther duoc nhan $1317 tu viec giao pizza va tru $0 vi lam hong xe
[2021/8/23 - 10:57:24] Thanh Dat duoc nhan $1143 tu viec giao pizza va tru $451 vi lam hong xe
[2021/8/23 - 11:29:58] Huu Tung duoc nhan $1399 tu viec giao pizza va tru $481 vi lam hong xe
[2021/8/23 - 11:44:22] Thanh Dat duoc nhan $1436 tu viec giao pizza va tru $169 vi lam hong xe
[2021/8/23 - 11:57:15] Black Panther duoc nhan $1156 tu viec giao pizza va tru $0 vi lam hong xe
[2021/8/23 - 12:05:28] Hoangg Anh duoc nhan $1226 tu viec giao pizza va tru $262 vi lam hong xe
[2021/8/23 - 12:06:21] Black Panther duoc nhan $1947 tu viec giao pizza va tru $0 vi lam hong xe
[2021/8/23 - 12:18:11] Black Panther duoc nhan $1515 tu viec giao pizza va tru $0 vi lam hong xe
[2021/8/23 - 12:46:03] nghia pham duoc nhan $1067 tu viec giao pizza va tru $25 vi lam hong xe
[2021/8/23 - 12:46:49] Cycus Curie duoc nhan $1593 tu viec giao pizza va tru $337 vi lam hong xe
[2021/8/23 - 12:47:04] Hoangg Anh duoc nhan $988 tu viec giao pizza va tru $205 vi lam hong xe
[2021/8/23 - 12:50:30] Phong GoodBoy duoc nhan $1462 tu viec giao pizza va tru $531 vi lam hong xe
[2021/8/23 - 12:57:50] nghia pham duoc nhan $1263 tu viec giao pizza va tru $52 vi lam hong xe
[2021/8/23 - 13:01:16] Phong GoodBoy duoc nhan $1228 tu viec giao pizza va tru $284 vi lam hong xe
[2021/8/23 - 13:11:05] nghia pham duoc nhan $973 tu viec giao pizza va tru $239 vi lam hong xe
[2021/8/23 - 13:18:02] Bich Kay duoc nhan $3154 tu viec giao pizza va tru $374 vi lam hong xe
[2021/8/23 - 13:52:34] Black Panther duoc nhan $1360 tu viec giao pizza va tru $0 vi lam hong xe
[2021/8/23 - 14:11:34] Bich Kay duoc nhan $2915 tu viec giao pizza va tru $436 vi lam hong xe
[2021/8/23 - 14:36:33] Bich Kay duoc nhan $1657 tu viec giao pizza va tru $201 vi lam hong xe
[2021/8/23 - 14:41:25] Huu Tung duoc nhan $1288 tu viec giao pizza va tru $198 vi lam hong xe
[2021/8/23 - 15:00:52] Huu Tung duoc nhan $1420 tu viec giao pizza va tru $76 vi lam hong xe
[2021/8/23 - 15:03:32] Khang WithLove duoc nhan $1224 tu viec giao pizza va tru $406 vi lam hong xe
[2021/8/23 - 15:13:33] Huu Tung duoc nhan $1194 tu viec giao pizza va tru $137 vi lam hong xe
[2021/8/23 - 15:15:24] Hoang Anhhh duoc nhan $1274 tu viec giao pizza va tru $225 vi lam hong xe
[2021/8/23 - 15:56:23] Phong GoodBoy duoc nhan $1339 tu viec giao pizza va tru $422 vi lam hong xe
[2021/8/23 - 15:57:13] Josh Barro duoc nhan $1178 tu viec giao pizza va tru $634 vi lam hong xe
[2021/8/23 - 16:02:50] Hoang Anhhh duoc nhan $1937 tu viec giao pizza va tru $637 vi lam hong xe
[2021/8/23 - 16:17:39] John Antonio duoc nhan $1071 tu viec giao pizza va tru $61 vi lam hong xe
[2021/8/23 - 17:08:30] Bich Kay duoc nhan $1760 tu viec giao pizza va tru $502 vi lam hong xe
[2021/8/23 - 17:58:27] zuu zuu duoc nhan $1191 tu viec giao pizza va tru $-1999998976 vi lam hong xe
[2021/8/23 - 18:48:26] Josh Barro duoc nhan $1567 tu viec giao pizza va tru $280 vi lam hong xe
[2021/8/23 - 18:56:18] Hoangg Anh duoc nhan $1246 tu viec giao pizza va tru $540 vi lam hong xe
[2021/8/23 - 20:04:08] Hoangg Anh duoc nhan $1191 tu viec giao pizza va tru $64 vi lam hong xe
[2021/8/23 - 20:15:34] Bich Kay duoc nhan $1425 tu viec giao pizza va tru $642 vi lam hong xe
[2021/8/23 - 20:16:28] Hoang Anhhh duoc nhan $1255 tu viec giao pizza va tru $297 vi lam hong xe
[2021/8/23 - 20:49:29] taasn loojc duoc nhan $1505 tu viec giao pizza va tru $130 vi lam hong xe
[2021/8/23 - 21:29:33] Bich Kay duoc nhan $2718 tu viec giao pizza va tru $329 vi lam hong xe
[2021/8/23 - 21:33:05] taasn loojc duoc nhan $1439 tu viec giao pizza va tru $440 vi lam hong xe
[2021/8/23 - 21:34:06] Josh Barro duoc nhan $1499 tu viec giao pizza va tru $228 vi lam hong xe
[2021/8/23 - 21:36:04] Lightz Bringer duoc nhan $1644 tu viec giao pizza va tru $0 vi lam hong xe
[2021/8/23 - 22:00:50] Phi Hanh Toi duoc nhan $1387 tu viec giao pizza va tru $570 vi lam hong xe
[2021/8/23 - 22:08:52] Andy Johnson duoc nhan $1544 tu viec giao pizza va tru $0 vi lam hong xe
[2021/8/23 - 22:09:22] Hoangg Anh duoc nhan $1263 tu viec giao pizza va tru $366 vi lam hong xe
[2021/8/23 - 22:17:55] John Antonio duoc nhan $846 tu viec giao pizza va tru $45 vi lam hong xe
[2021/8/23 - 22:37:08] John Antonio duoc nhan $1318 tu viec giao pizza va tru $127 vi lam hong xe
[2021/8/23 - 22:39:31] Josh Barro duoc nhan $1630 tu viec giao pizza va tru $219 vi lam hong xe
[2021/8/23 - 22:46:12] Bich Kay duoc nhan $4454 tu viec giao pizza va tru $295 vi lam hong xe
[2021/8/23 - 22:53:13] Andy Johnson duoc nhan $1638 tu viec giao pizza va tru $0 vi lam hong xe
[2021/8/23 - 23:06:05] Bich Kay duoc nhan $1012 tu viec giao pizza va tru $114 vi lam hong xe
[2021/8/23 - 23:13:17] Andy Johnson duoc nhan $1142 tu viec giao pizza va tru $0 vi lam hong xe
[2021/8/23 - 23:22:03] Hoang Anhhh duoc nhan $1385 tu viec giao pizza va tru $749 vi lam hong xe
[2021/8/23 - 23:24:43] Phong GoodBoy duoc nhan $1314 tu viec giao pizza va tru $457 vi lam hong xe
[2021/8/24 - 0:00:37] King Harlequin duoc nhan $1159 tu viec giao pizza va tru $49 vi lam hong xe
[2021/8/24 - 0:01:19] Phong GoodBoy duoc nhan $969 tu viec giao pizza va tru $335 vi lam hong xe
[2021/8/24 - 0:12:49] King Harlequin duoc nhan $1527 tu viec giao pizza va tru $40 vi lam hong xe
[2021/8/24 - 1:34:15] Hikaru Matus duoc nhan $2607 tu viec giao pizza va tru $157 vi lam hong xe
[2021/8/24 - 3:22:46] Hikaru Matus duoc nhan $1228 tu viec giao pizza va tru $246 vi lam hong xe
[2021/8/24 - 4:19:22] Phong GoodBoy duoc nhan $1067 tu viec giao pizza va tru $425 vi lam hong xe
[2021/8/24 - 7:41:58] Andy Johnson duoc nhan $657 tu viec giao pizza va tru $0 vi lam hong xe
[2021/8/24 - 7:48:54] Vu Hieu duoc nhan $1322 tu viec giao pizza va tru $222 vi lam hong xe
[2021/8/24 - 8:08:32] Mega eces duoc nhan $875 tu viec giao pizza va tru $71 vi lam hong xe
[2021/8/24 - 8:23:31] Mega eces duoc nhan $1155 tu viec giao pizza va tru $0 vi lam hong xe
[2021/8/24 - 8:39:05] Mega eces duoc nhan $1448 tu viec giao pizza va tru $0 vi lam hong xe
[2021/8/24 - 8:48:56] Huu Tung duoc nhan $1214 tu viec giao pizza va tru $92 vi lam hong xe
[2021/8/24 - 9:07:17] Black Panther duoc nhan $914 tu viec giao pizza va tru $12 vi lam hong xe
[2021/8/24 - 9:08:40] Mega eces duoc nhan $1892 tu viec giao pizza va tru $58 vi lam hong xe
[2021/8/24 - 9:11:03] Huu Tung duoc nhan $1650 tu viec giao pizza va tru $60 vi lam hong xe
[2021/8/24 - 9:16:58] Black Panther duoc nhan $1500 tu viec giao pizza va tru $0 vi lam hong xe
[2021/8/24 - 9:26:52] Huu Tung duoc nhan $915 tu viec giao pizza va tru $17 vi lam hong xe
[2021/8/24 - 9:28:35] Mega eces duoc nhan $1485 tu viec giao pizza va tru $38 vi lam hong xe
[2021/8/24 - 9:28:37] Black Panther duoc nhan $814 tu viec giao pizza va tru $0 vi lam hong xe
[2021/8/24 - 9:37:06] Black Panther duoc nhan $961 tu viec giao pizza va tru $0 vi lam hong xe
[2021/8/24 - 9:40:01] Huu Tung duoc nhan $1610 tu viec giao pizza va tru $326 vi lam hong xe
[2021/8/24 - 9:47:14] Mega eces duoc nhan $1093 tu viec giao pizza va tru $44 vi lam hong xe
[2021/8/24 - 9:51:30] James Garfield duoc nhan $1186 tu viec giao pizza va tru $205 vi lam hong xe
[2021/8/24 - 10:23:37] Black Panther duoc nhan $1346 tu viec giao pizza va tru $19 vi lam hong xe
[2021/8/24 - 10:24:32] Hoangg Anh duoc nhan $850 tu viec giao pizza va tru $320 vi lam hong xe
[2021/8/24 - 10:33:10] Duong Duy duoc nhan $1752 tu viec giao pizza va tru $347 vi lam hong xe
[2021/8/24 - 10:33:40] Huu Tung duoc nhan $1580 tu viec giao pizza va tru $185 vi lam hong xe
[2021/8/24 - 10:38:10] Black Panther duoc nhan $1606 tu viec giao pizza va tru $0 vi lam hong xe
[2021/8/24 - 10:40:25] Hoangg Anh duoc nhan $1231 tu viec giao pizza va tru $295 vi lam hong xe
[2021/8/24 - 10:42:46] Neko Usagi duoc nhan $1095 tu viec giao pizza va tru $103 vi lam hong xe
[2021/8/24 - 10:43:43] Andy Johnson duoc nhan $1457 tu viec giao pizza va tru $0 vi lam hong xe
[2021/8/24 - 10:47:38] Black Panther duoc nhan $1220 tu viec giao pizza va tru $0 vi lam hong xe
[2021/8/24 - 10:48:14] Huu Tung duoc nhan $1200 tu viec giao pizza va tru $10 vi lam hong xe
[2021/8/24 - 10:53:25] Neko Usagi duoc nhan $1094 tu viec giao pizza va tru $17 vi lam hong xe
[2021/8/24 - 11:00:06] Phi Hanh Toi duoc nhan $1337 tu viec giao pizza va tru $0 vi lam hong xe
[2021/8/24 - 11:15:22] King Harlequin duoc nhan $1062 tu viec giao pizza va tru $0 vi lam hong xe
[2021/8/24 - 11:26:50] King Harlequin duoc nhan $1183 tu viec giao pizza va tru $49 vi lam hong xe
[2021/8/24 - 11:38:27] King Harlequin duoc nhan $1717 tu viec giao pizza va tru $0 vi lam hong xe
[2021/8/24 - 11:48:41] King Harlequin duoc nhan $1105 tu viec giao pizza va tru $0 vi lam hong xe
[2021/8/24 - 11:57:09] Bich Kay duoc nhan $3990 tu viec giao pizza va tru $190 vi lam hong xe
[2021/8/24 - 12:03:49] King Harlequin duoc nhan $1415 tu viec giao pizza va tru $14 vi lam hong xe
[2021/8/24 - 12:15:47] Mega eces duoc nhan $1495 tu viec giao pizza va tru $55 vi lam hong xe
[2021/8/24 - 12:16:53] King Harlequin duoc nhan $1628 tu viec giao pizza va tru $65 vi lam hong xe
[2021/8/24 - 12:27:21] Bich Kay duoc nhan $3197 tu viec giao pizza va tru $515 vi lam hong xe
[2021/8/24 - 12:28:02] Andy Johnson duoc nhan $1343 tu viec giao pizza va tru $0 vi lam hong xe
[2021/8/24 - 12:29:22] Den Pham duoc nhan $1308 tu viec giao pizza va tru $22 vi lam hong xe
[2021/8/24 - 12:41:02] Mega eces duoc nhan $1257 tu viec giao pizza va tru $241 vi lam hong xe
[2021/8/24 - 12:42:58] Den Pham duoc nhan $1399 tu viec giao pizza va tru $0 vi lam hong xe
[2021/8/24 - 12:56:10] Mega eces duoc nhan $1203 tu viec giao pizza va tru $58 vi lam hong xe
[2021/8/24 - 13:02:50] Bich Kay duoc nhan $2095 tu viec giao pizza va tru $206 vi lam hong xe
[2021/8/24 - 17:16:24] Quang Huy duoc nhan $858 tu viec giao pizza va tru $11 vi lam hong xe
[2021/8/24 - 18:02:10] Quang Huy duoc nhan $608 tu viec giao pizza va tru $0 vi lam hong xe
[2021/8/24 - 18:21:43] Tinh Doan duoc nhan $579 tu viec giao pizza va tru $0 vi lam hong xe
[2021/8/24 - 18:21:50] YangHo Moi duoc nhan $463 tu viec giao pizza va tru $261 vi lam hong xe
[2021/8/24 - 18:36:39] tan nhat duoc nhan $586 tu viec giao pizza va tru $173 vi lam hong xe
[2021/8/24 - 18:40:17] Lil Huppy duoc nhan $896 tu viec giao pizza va tru $387 vi lam hong xe
[2021/8/24 - 18:44:43] Tuan Lanh duoc nhan $634 tu viec giao pizza va tru $333 vi lam hong xe
[2021/8/24 - 19:22:23] Eric Catona duoc nhan $611 tu viec giao pizza va tru $79 vi lam hong xe
[2021/8/24 - 19:54:09] King Harlequin duoc nhan $971 tu viec giao pizza va tru $2 vi lam hong xe
[2021/8/24 - 19:56:43] Black Panther duoc nhan $615 tu viec giao pizza va tru $0 vi lam hong xe
[2021/8/24 - 20:00:36] King Harlequin duoc nhan $359 tu viec giao pizza va tru $3 vi lam hong xe
[2021/8/24 - 20:02:14] Petes williams duoc nhan $472 tu viec giao pizza va tru $568 vi lam hong xe
[2021/8/24 - 20:50:30] Nhan melon duoc nhan $555 tu viec giao pizza va tru $421 vi lam hong xe
[2021/8/24 - 20:51:40] quanvan truong duoc nhan $584 tu viec giao pizza va tru $130 vi lam hong xe
[2021/8/24 - 21:05:31] Huu Tung duoc nhan $599 tu viec giao pizza va tru $317 vi lam hong xe
[2021/8/24 - 21:08:29] Nhan melon duoc nhan $595 tu viec giao pizza va tru $450 vi lam hong xe
[2021/8/24 - 21:08:36] Hidan Jackson duoc nhan $339 tu viec giao pizza va tru $580 vi lam hong xe
[2021/8/24 - 21:08:53] Josh Barro duoc nhan $809 tu viec giao pizza va tru $276 vi lam hong xe
[2021/8/24 - 21:20:44] Huu Tung duoc nhan $618 tu viec giao pizza va tru $42 vi lam hong xe
[2021/8/24 - 21:23:19] Nhan melon duoc nhan $558 tu viec giao pizza va tru $78 vi lam hong xe
[2021/8/24 - 21:26:19] Phi Hanh Toi duoc nhan $639 tu viec giao pizza va tru $374 vi lam hong xe
[2021/8/24 - 21:39:25] zuu zuu duoc nhan $507 tu viec giao pizza va tru $0 vi lam hong xe
[2021/8/24 - 21:43:36] Kim Phung duoc nhan $355 tu viec giao pizza va tru $77 vi lam hong xe
[2021/8/24 - 21:58:38] Kim Phung duoc nhan $443 tu viec giao pizza va tru $545 vi lam hong xe
[2021/8/24 - 21:59:13] John Antonio duoc nhan $494 tu viec giao pizza va tru $158 vi lam hong xe
[2021/8/24 - 22:10:39] Kim Phung duoc nhan $783 tu viec giao pizza va tru $66 vi lam hong xe
[2021/8/24 - 23:10:39] Mr Bins duoc nhan $709 tu viec giao pizza va tru $749 vi lam hong xe
[2021/8/25 - 0:06:35] Bich Kay duoc nhan $683 tu viec giao pizza va tru $11 vi lam hong xe
[2021/8/25 - 0:10:15] Petes williams duoc nhan $664 tu viec giao pizza va tru $123 vi lam hong xe
[2021/8/25 - 0:42:33] Lil Hubby duoc nhan $680 tu viec giao pizza va tru $486 vi lam hong xe
[2021/8/25 - 1:22:59] Kim Phung duoc nhan $496 tu viec giao pizza va tru $269 vi lam hong xe
[2021/8/25 - 1:37:24] Kim Phung duoc nhan $567 tu viec giao pizza va tru $106 vi lam hong xe
[2021/8/25 - 1:49:42] Kim Phung duoc nhan $747 tu viec giao pizza va tru $190 vi lam hong xe
[2021/8/25 - 2:42:57] Hikaru Matus duoc nhan $568 tu viec giao pizza va tru $218 vi lam hong xe
[2021/8/25 - 3:25:08] Kim Phung duoc nhan $506 tu viec giao pizza va tru $22 vi lam hong xe
[2021/8/25 - 10:58:09] An Gold duoc nhan $348 tu viec giao pizza va tru $98 vi lam hong xe
[2021/8/25 - 11:18:31] An Gold duoc nhan $557 tu viec giao pizza va tru $73 vi lam hong xe
[2021/8/25 - 13:09:53] Phi Hanh Toi duoc nhan $756 tu viec giao pizza va tru $474 vi lam hong xe
[2021/8/25 - 15:38:10] Petes williams duoc nhan $556 tu viec giao pizza va tru $181 vi lam hong xe
[2021/8/25 - 18:03:28] Petes williams duoc nhan $588 tu viec giao pizza va tru $140 vi lam hong xe
[2021/8/25 - 18:17:10] Blue Sea duoc nhan $979 tu viec giao pizza va tru $18 vi lam hong xe
[2021/8/25 - 18:25:01] Hoangg Anh duoc nhan $587 tu viec giao pizza va tru $301 vi lam hong xe
[2021/8/25 - 18:36:15] Black Panther duoc nhan $571 tu viec giao pizza va tru $0 vi lam hong xe
[2021/8/25 - 19:59:21] Petes williams duoc nhan $981 tu viec giao pizza va tru $52 vi lam hong xe
[2021/8/25 - 20:20:07] khem manh duoc nhan $519 tu viec giao pizza va tru $305 vi lam hong xe
[2021/8/25 - 20:58:35] Bich Kay duoc nhan $1089 tu viec giao pizza va tru $0 vi lam hong xe
[2021/8/25 - 21:05:40] Mega eces duoc nhan $694 tu viec giao pizza va tru $160 vi lam hong xe
[2021/8/25 - 21:39:46] Nhan melon duoc nhan $738 tu viec giao pizza va tru $554 vi lam hong xe
[2021/8/25 - 22:35:14] BINH AN duoc nhan $515 tu viec giao pizza va tru $260 vi lam hong xe
[2021/8/26 - 10:12:18] Mega eces duoc nhan $572 tu viec giao pizza va tru $179 vi lam hong xe
[2021/8/26 - 10:40:13] Le Binh An duoc nhan $692 tu viec giao pizza va tru $504 vi lam hong xe
[2021/8/26 - 17:14:10] khanh tan duoc nhan $582 tu viec giao pizza va tru $150 vi lam hong xe
[2021/8/26 - 17:23:10] quanvan truong duoc nhan $350 tu viec giao pizza va tru $66 vi lam hong xe
[2021/8/26 - 17:27:39] khanh tan duoc nhan $471 tu viec giao pizza va tru $170 vi lam hong xe
[2021/8/26 - 17:42:16] khanh tan duoc nhan $826 tu viec giao pizza va tru $53 vi lam hong xe
[2021/8/26 - 18:34:04] khanh tan duoc nhan $619 tu viec giao pizza va tru $13 vi lam hong xe
[2021/8/26 - 18:55:04] Phi Hanh Toi duoc nhan $629 tu viec giao pizza va tru $0 vi lam hong xe
[2021/8/26 - 21:25:01] Hoangg Anh duoc nhan $662 tu viec giao pizza va tru $446 vi lam hong xe
[2021/8/27 - 1:27:15] kieen Nguyeen duoc nhan $871 tu viec giao pizza va tru $421 vi lam hong xe
[2021/8/27 - 9:00:48] khanh tan duoc nhan $628 tu viec giao pizza va tru $204 vi lam hong xe
[2021/8/27 - 9:04:57] An Gold duoc nhan $482 tu viec giao pizza va tru $335 vi lam hong xe
[2021/8/27 - 9:34:45] An Gold duoc nhan $724 tu viec giao pizza va tru $11 vi lam hong xe
[2021/8/27 - 9:41:04] Andy Johnson duoc nhan $551 tu viec giao pizza va tru $0 vi lam hong xe
[2021/8/27 - 10:35:49] khanh tan duoc nhan $528 tu viec giao pizza va tru $236 vi lam hong xe
[2021/8/27 - 21:04:08] Win Sugar duoc nhan $625 tu viec giao pizza va tru $452 vi lam hong xe
[2021/8/29 - 19:23:25] Josh Barro duoc nhan $438 tu viec giao pizza va tru $80 vi lam hong xe
[2021/8/29 - 20:21:39] Win Sugar duoc nhan $416 tu viec giao pizza va tru $16 vi lam hong xe
[2021/8/29 - 20:39:22] Win Sugar duoc nhan $487 tu viec giao pizza va tru $101 vi lam hong xe
[2021/8/29 - 20:48:05] Ashley Max duoc nhan $692 tu viec giao pizza va tru $342 vi lam hong xe
[2021/8/29 - 20:51:11] Win Sugar duoc nhan $503 tu viec giao pizza va tru $50 vi lam hong xe
[2021/8/29 - 21:22:30] Win Sugar duoc nhan $623 tu viec giao pizza va tru $612 vi lam hong xe
[2021/8/30 - 0:02:49] Thuan Max duoc nhan $555 tu viec giao pizza va tru $8 vi lam hong xe
[2021/8/30 - 9:03:19] John Antonio duoc nhan $474 tu viec giao pizza va tru $141 vi lam hong xe
[2021/8/30 - 10:40:05] Demonte Moker duoc nhan $835 tu viec giao pizza va tru $12 vi lam hong xe
[2021/8/30 - 11:56:46] taasn loojc duoc nhan $887 tu viec giao pizza va tru $291 vi lam hong xe
[2021/8/30 - 16:47:21] Phong GoodBoy duoc nhan $600 tu viec giao pizza va tru $460 vi lam hong xe
[2021/8/31 - 16:04:11] Le Binh An duoc nhan $471 tu viec giao pizza va tru $369 vi lam hong xe
[2021/8/31 - 16:22:31] Le Binh An duoc nhan $546 tu viec giao pizza va tru $156 vi lam hong xe
[2021/8/31 - 16:23:36] zZTea KunZz duoc nhan $524 tu viec giao pizza va tru $202 vi lam hong xe
[2021/9/1 - 9:26:50] Nhan melon duoc nhan $539 tu viec giao pizza va tru $432 vi lam hong xe
[2021/9/1 - 13:12:51] Nhan melon duoc nhan $569 tu viec giao pizza va tru $141 vi lam hong xe
[2021/9/2 - 12:13:36] Dylan Reyes duoc nhan $586 tu viec giao pizza va tru $591 vi lam hong xe
[2021/9/2 - 12:27:02] Dylan Reyes duoc nhan $807 tu viec giao pizza va tru $227 vi lam hong xe
[2021/9/2 - 14:36:33] Dylan Reyes duoc nhan $927 tu viec giao pizza va tru $228 vi lam hong xe
[2021/9/4 - 19:03:30] Santillan Luis duoc nhan $446 tu viec giao pizza va tru $0 vi lam hong xe
[2021/12/12 - 21:00:37] anh sanji duoc nhan $670 tu viec giao pizza va tru $175 vi lam hong xe
[2021/12/17 - 18:57:19] Tom Tom duoc nhan $681 tu viec giao pizza va tru $100 vi lam hong xe
[2021/12/17 - 19:07:16] Tom Tom duoc nhan $683 tu viec giao pizza va tru $0 vi lam hong xe
[2021/12/17 - 19:38:14] Cez Sopoor duoc nhan $766 tu viec giao pizza va tru $122 vi lam hong xe
[2021/12/17 - 19:57:43] Cez Sopoor duoc nhan $842 tu viec giao pizza va tru $0 vi lam hong xe
[2021/12/22 - 22:01:42] dan choiphen duoc nhan $801 tu viec giao pizza va tru $0 vi lam hong xe
[2021/12/22 - 22:06:09] Remy Smokee duoc nhan $870 tu viec giao pizza va tru $23 vi lam hong xe
[2021/12/24 - 10:45:14] Tuan Khoa duoc nhan $613 tu viec giao pizza va tru $160 vi lam hong xe
[2021/12/25 - 21:57:27] KDS KHOA duoc nhan $629 tu viec giao pizza va tru $326 vi lam hong xe
[2021/12/26 - 14:22:38] cris duoc nhan $554 tu viec giao pizza va tru $369 vi lam hong xe
[2021/12/26 - 20:45:24] Chu Ling duoc nhan $673 tu viec giao pizza va tru $83 vi lam hong xe
[2021/12/26 - 21:17:06] rong cha duoc nhan $641 tu viec giao pizza va tru $61 vi lam hong xe
[2021/12/27 - 8:55:41] El Mayo duoc nhan $555 tu viec giao pizza va tru $124 vi lam hong xe
[2021/12/27 - 8:59:26] Rick Williams duoc nhan $590 tu viec giao pizza va tru $185 vi lam hong xe
[2021/12/27 - 9:03:25] zong zuu duoc nhan $528 tu viec giao pizza va tru $112 vi lam hong xe
[2021/12/27 - 9:12:48] Rick Williams duoc nhan $559 tu viec giao pizza va tru $292 vi lam hong xe
[2021/12/27 - 9:14:31] Liv Javier duoc nhan $702 tu viec giao pizza va tru $85 vi lam hong xe
[2021/12/27 - 9:33:39] Dylan Hudson duoc nhan $736 tu viec giao pizza va tru $210 vi lam hong xe
[2021/12/27 - 9:35:41] El Mayo duoc nhan $1943 tu viec giao pizza va tru $71 vi lam hong xe
[2021/12/27 - 9:40:56] kami sato duoc nhan $756 tu viec giao pizza va tru $438 vi lam hong xe
[2021/12/27 - 9:57:47] El Mayo duoc nhan $668 tu viec giao pizza va tru $80 vi lam hong xe
[2021/12/27 - 10:04:14] Andrew Trujilo duoc nhan $410 tu viec giao pizza va tru $99 vi lam hong xe
[2021/12/27 - 10:05:18] Blues Sky duoc nhan $666 tu viec giao pizza va tru $166 vi lam hong xe
[2021/12/27 - 10:08:57] Bin Uzu duoc nhan $807 tu viec giao pizza va tru $3 vi lam hong xe
[2021/12/27 - 10:40:41] Mad Bloody duoc nhan $519 tu viec giao pizza va tru $80 vi lam hong xe
[2021/12/27 - 10:41:53] Minh nee duoc nhan $790 tu viec giao pizza va tru $34 vi lam hong xe
[2021/12/27 - 10:53:42] Mad Bloody duoc nhan $562 tu viec giao pizza va tru $1 vi lam hong xe
[2021/12/27 - 10:56:21] Suong KL duoc nhan $634 tu viec giao pizza va tru $634 vi lam hong xe
[2021/12/27 - 11:01:27] kami sato duoc nhan $614 tu viec giao pizza va tru $582 vi lam hong xe
[2021/12/27 - 11:08:56] Dragon T duoc nhan $451 tu viec giao pizza va tru $159 vi lam hong xe
[2021/12/27 - 11:16:06] kami sato duoc nhan $543 tu viec giao pizza va tru $342 vi lam hong xe
[2021/12/27 - 11:19:04] Mad Bloody duoc nhan $631 tu viec giao pizza va tru $3 vi lam hong xe
[2021/12/27 - 11:24:41] Thjen Phong duoc nhan $828 tu viec giao pizza va tru $154 vi lam hong xe
[2021/12/27 - 11:31:00] Dat mb duoc nhan $519 tu viec giao pizza va tru $627 vi lam hong xe
[2021/12/27 - 11:33:44] Mad Bloody duoc nhan $633 tu viec giao pizza va tru $0 vi lam hong xe
[2021/12/27 - 11:40:28] kami sato duoc nhan $559 tu viec giao pizza va tru $447 vi lam hong xe
[2021/12/27 - 11:54:56] Hoang VanBach duoc nhan $417 tu viec giao pizza va tru $0 vi lam hong xe
[2021/12/27 - 12:00:03] Bella Jackson duoc nhan $530 tu viec giao pizza va tru $6 vi lam hong xe
[2021/12/27 - 12:21:13] Axel Mayo duoc nhan $729 tu viec giao pizza va tru $482 vi lam hong xe
[2021/12/27 - 12:37:33] dinh khoi duoc nhan $758 tu viec giao pizza va tru $299 vi lam hong xe
[2021/12/27 - 13:03:06] Trong Phuc duoc nhan $967 tu viec giao pizza va tru $273 vi lam hong xe
[2021/12/27 - 13:17:07] El Mencho duoc nhan $855 tu viec giao pizza va tru $290 vi lam hong xe
[2021/12/27 - 13:21:15] Andrew Trujilo duoc nhan $772 tu viec giao pizza va tru $137 vi lam hong xe
[2021/12/27 - 13:44:31] Dylan Hudson duoc nhan $377 tu viec giao pizza va tru $218 vi lam hong xe
[2021/12/27 - 13:48:55] Brian Gibson duoc nhan $568 tu viec giao pizza va tru $0 vi lam hong xe
[2021/12/27 - 13:49:22] Khoa Pug duoc nhan $623 tu viec giao pizza va tru $351 vi lam hong xe
[2021/12/27 - 13:51:36] Jayden Stanfield duoc nhan $716 tu viec giao pizza va tru $0 vi lam hong xe
[2021/12/27 - 13:58:52] hungdz hh duoc nhan $495 tu viec giao pizza va tru $47 vi lam hong xe
[2021/12/27 - 14:00:59] Dontavius Cladwell duoc nhan $954 tu viec giao pizza va tru $119 vi lam hong xe
[2021/12/27 - 14:02:30] Jayden Stanfield duoc nhan $577 tu viec giao pizza va tru $0 vi lam hong xe
[2021/12/27 - 14:03:25] Bella Jackson duoc nhan $452 tu viec giao pizza va tru $42 vi lam hong xe
[2021/12/27 - 14:05:15] Brian Gibson duoc nhan $764 tu viec giao pizza va tru $325 vi lam hong xe
[2021/12/27 - 14:12:26] Bella Jackson duoc nhan $671 tu viec giao pizza va tru $258 vi lam hong xe
[2021/12/27 - 14:12:44] hungdz hh duoc nhan $487 tu viec giao pizza va tru $114 vi lam hong xe
[2021/12/27 - 14:15:41] Jayden Stanfield duoc nhan $660 tu viec giao pizza va tru $0 vi lam hong xe
[2021/12/27 - 14:19:42] Bugsy Siegel duoc nhan $545 tu viec giao pizza va tru $167 vi lam hong xe
[2021/12/27 - 14:26:10] Dontavius Cladwell duoc nhan $805 tu viec giao pizza va tru $220 vi lam hong xe
[2021/12/27 - 14:28:02] Jayden Stanfield duoc nhan $523 tu viec giao pizza va tru $14 vi lam hong xe
[2021/12/27 - 14:31:11] Bella Jackson duoc nhan $894 tu viec giao pizza va tru $14 vi lam hong xe
[2021/12/27 - 14:40:02] insane bloody duoc nhan $930 tu viec giao pizza va tru $95 vi lam hong xe
[2021/12/27 - 14:41:54] Jayden Stanfield duoc nhan $744 tu viec giao pizza va tru $106 vi lam hong xe
[2021/12/27 - 14:43:18] Bella Jackson duoc nhan $683 tu viec giao pizza va tru $4 vi lam hong xe
[2021/12/27 - 14:44:14] Ngoc Tham duoc nhan $465 tu viec giao pizza va tru $385 vi lam hong xe
[2021/12/27 - 16:04:50] insane bloody duoc nhan $632 tu viec giao pizza va tru $0 vi lam hong xe
[2021/12/27 - 16:12:22] darkstar vn duoc nhan $562 tu viec giao pizza va tru $139 vi lam hong xe
[2021/12/27 - 16:13:46] Askur Mom duoc nhan $662 tu viec giao pizza va tru $574 vi lam hong xe
[2021/12/27 - 16:16:34] Ngoc Tham duoc nhan $559 tu viec giao pizza va tru $406 vi lam hong xe
[2021/12/27 - 16:25:16] insane bloody duoc nhan $518 tu viec giao pizza va tru $2 vi lam hong xe
[2021/12/27 - 16:28:42] darkstar vn duoc nhan $616 tu viec giao pizza va tru $147 vi lam hong xe
[2021/12/27 - 16:38:15] Lamont Burlay duoc nhan $854 tu viec giao pizza va tru $156 vi lam hong xe
[2021/12/27 - 16:42:03] Dontavius Cladwell duoc nhan $559 tu viec giao pizza va tru $75 vi lam hong xe
[2021/12/27 - 16:42:27] Tommy Xoabuejt duoc nhan $1305 tu viec giao pizza va tru $582 vi lam hong xe
[2021/12/27 - 16:45:17] insane bloody duoc nhan $796 tu viec giao pizza va tru $0 vi lam hong xe
[2021/12/27 - 16:48:12] Ngoc Tham duoc nhan $767 tu viec giao pizza va tru $463 vi lam hong xe
[2021/12/27 - 16:52:20] Dirty Williams duoc nhan $546 tu viec giao pizza va tru $396 vi lam hong xe
[2021/12/27 - 16:53:03] Cambella Draken duoc nhan $643 tu viec giao pizza va tru $10 vi lam hong xe
[2021/12/27 - 16:56:12] Dontavius Cladwell duoc nhan $632 tu viec giao pizza va tru $56 vi lam hong xe
[2021/12/27 - 16:58:48] Ngoc Tham duoc nhan $527 tu viec giao pizza va tru $251 vi lam hong xe
[2021/12/27 - 16:58:55] insane bloody duoc nhan $637 tu viec giao pizza va tru $0 vi lam hong xe
[2021/12/27 - 17:07:00] El Mencho duoc nhan $1055 tu viec giao pizza va tru $172 vi lam hong xe
[2021/12/27 - 17:09:43] Ngoc Tham duoc nhan $612 tu viec giao pizza va tru $27 vi lam hong xe
[2021/12/27 - 17:20:23] Lamont Burlay duoc nhan $673 tu viec giao pizza va tru $289 vi lam hong xe
[2021/12/27 - 17:24:17] Ngoc Tham duoc nhan $788 tu viec giao pizza va tru $132 vi lam hong xe
[2021/12/27 - 17:29:57] insane bloody duoc nhan $582 tu viec giao pizza va tru $0 vi lam hong xe
[2021/12/27 - 17:33:06] Lamont Burlay duoc nhan $461 tu viec giao pizza va tru $27 vi lam hong xe
[2021/12/27 - 17:40:18] Ngoc Tham duoc nhan $777 tu viec giao pizza va tru $299 vi lam hong xe
[2021/12/27 - 17:40:25] HrQuinz Bloody duoc nhan $459 tu viec giao pizza va tru $257 vi lam hong xe
[2021/12/27 - 17:52:53] Rick Williams duoc nhan $147 tu viec giao pizza va tru $35 vi lam hong xe
[2021/12/27 - 17:53:37] Ngoc Tham duoc nhan $705 tu viec giao pizza va tru $361 vi lam hong xe
[2021/12/27 - 17:56:09] Jack Berlin duoc nhan $1235 tu viec giao pizza va tru $261 vi lam hong xe
[2021/12/27 - 17:56:18] Khoa Pug duoc nhan $462 tu viec giao pizza va tru $464 vi lam hong xe
[2021/12/27 - 18:18:57] Tac Map duoc nhan $690 tu viec giao pizza va tru $29 vi lam hong xe
[2021/12/27 - 18:24:28] insane bloody duoc nhan $660 tu viec giao pizza va tru $0 vi lam hong xe
[2021/12/27 - 18:28:58] rong cha duoc nhan $1210 tu viec giao pizza va tru $67 vi lam hong xe
[2021/12/27 - 18:30:44] Bugsy Siegel duoc nhan $742 tu viec giao pizza va tru $645 vi lam hong xe
[2021/12/27 - 18:34:46] rong cha duoc nhan $491 tu viec giao pizza va tru $69 vi lam hong xe
[2021/12/27 - 18:35:43] Brent Faryaz duoc nhan $491 tu viec giao pizza va tru $0 vi lam hong xe
[2021/12/27 - 18:40:48] insane bloody duoc nhan $782 tu viec giao pizza va tru $0 vi lam hong xe
[2021/12/27 - 18:44:35] Cambella Draken duoc nhan $926 tu viec giao pizza va tru $0 vi lam hong xe
[2021/12/27 - 18:48:23] Brent Faryaz duoc nhan $566 tu viec giao pizza va tru $75 vi lam hong xe
[2021/12/27 - 19:14:23] Blues Sky duoc nhan $665 tu viec giao pizza va tru $140 vi lam hong xe
[2021/12/27 - 19:16:06] Brent Faryaz duoc nhan $529 tu viec giao pizza va tru $238 vi lam hong xe
[2021/12/27 - 19:21:42] rong cha duoc nhan $577 tu viec giao pizza va tru $154 vi lam hong xe
[2021/12/27 - 19:58:38] Dirty Williams duoc nhan $631 tu viec giao pizza va tru $281 vi lam hong xe
[2021/12/27 - 20:02:20] Tac Map duoc nhan $751 tu viec giao pizza va tru $73 vi lam hong xe
[2021/12/27 - 20:03:07] darkstar vn duoc nhan $641 tu viec giao pizza va tru $440 vi lam hong xe
[2021/12/27 - 20:13:11] Mafia xFox duoc nhan $496 tu viec giao pizza va tru $35 vi lam hong xe
[2021/12/27 - 20:15:47] darkstar vn duoc nhan $841 tu viec giao pizza va tru $426 vi lam hong xe
[2021/12/27 - 20:20:21] Tac Map duoc nhan $1060 tu viec giao pizza va tru $272 vi lam hong xe
[2021/12/27 - 20:33:20] Hoang VanBach duoc nhan $547 tu viec giao pizza va tru $0 vi lam hong xe
[2021/12/27 - 20:33:24] Ngoc Tham duoc nhan $532 tu viec giao pizza va tru $0 vi lam hong xe
[2021/12/27 - 20:48:30] Vincent Marko duoc nhan $563 tu viec giao pizza va tru $316 vi lam hong xe
[2021/12/27 - 20:49:20] Ngoc Tham duoc nhan $768 tu viec giao pizza va tru $46 vi lam hong xe
[2021/12/27 - 20:59:21] Cau banh duoc nhan $556 tu viec giao pizza va tru $329 vi lam hong xe
[2021/12/27 - 21:12:25] ghost legendary duoc nhan $618 tu viec giao pizza va tru $72 vi lam hong xe
[2021/12/27 - 21:19:04] El Mencho duoc nhan $566 tu viec giao pizza va tru $365 vi lam hong xe
[2021/12/27 - 21:53:43] Ngoc Tham duoc nhan $457 tu viec giao pizza va tru $33 vi lam hong xe
[2021/12/27 - 22:02:06] Ngoc Tham duoc nhan $376 tu viec giao pizza va tru $191 vi lam hong xe
[2021/12/27 - 22:12:46] Ngoc Tham duoc nhan $557 tu viec giao pizza va tru $296 vi lam hong xe
[2021/12/27 - 22:24:06] Ngoc Tham duoc nhan $648 tu viec giao pizza va tru $88 vi lam hong xe
[2021/12/27 - 22:36:41] Ngoc Tham duoc nhan $521 tu viec giao pizza va tru $236 vi lam hong xe
[2021/12/27 - 23:59:04] Devon Miles duoc nhan $770 tu viec giao pizza va tru $0 vi lam hong xe
[2021/12/28 - 0:25:05] Devon Miles duoc nhan $829 tu viec giao pizza va tru $0 vi lam hong xe
[2021/12/28 - 1:11:18] Andrew Trujilo duoc nhan $888 tu viec giao pizza va tru $362 vi lam hong xe
[2021/12/28 - 1:40:33] Andrew Trujilo duoc nhan $477 tu viec giao pizza va tru $523 vi lam hong xe
[2021/12/28 - 1:42:04] Ho Thanh Hien duoc nhan $709 tu viec giao pizza va tru $0 vi lam hong xe
[2021/12/28 - 2:14:12] Lamont Burlay duoc nhan $700 tu viec giao pizza va tru $0 vi lam hong xe
[2021/12/28 - 7:43:41] Keontay Burns duoc nhan $564 tu viec giao pizza va tru $315 vi lam hong xe
[2021/12/28 - 7:46:42] Bill Hartley duoc nhan $775 tu viec giao pizza va tru $150 vi lam hong xe
[2021/12/28 - 8:01:28] Bennz Famous duoc nhan $536 tu viec giao pizza va tru $252 vi lam hong xe
[2021/12/28 - 9:03:47] kami sato duoc nhan $792 tu viec giao pizza va tru $416 vi lam hong xe
[2021/12/28 - 9:21:20] kami sato duoc nhan $489 tu viec giao pizza va tru $396 vi lam hong xe
[2021/12/28 - 9:50:52] Dontavius Cladwell duoc nhan $855 tu viec giao pizza va tru $404 vi lam hong xe
[2021/12/28 - 9:56:43] Liv Javier duoc nhan $674 tu viec giao pizza va tru $62 vi lam hong xe
[2021/12/28 - 10:09:46] Dontavius Cladwell duoc nhan $620 tu viec giao pizza va tru $329 vi lam hong xe
[2021/12/28 - 10:12:09] MAX LAM duoc nhan $727 tu viec giao pizza va tru $400 vi lam hong xe
[2021/12/28 - 10:35:07] Dao Kha Duc duoc nhan $452 tu viec giao pizza va tru $154 vi lam hong xe
[2021/12/28 - 11:16:37] Hoang VanBach duoc nhan $513 tu viec giao pizza va tru $123 vi lam hong xe
[2021/12/28 - 11:56:31] Kiet Man duoc nhan $583 tu viec giao pizza va tru $512 vi lam hong xe
[2021/12/28 - 12:37:51] Ngo Ba Kha duoc nhan $545 tu viec giao pizza va tru $331 vi lam hong xe
[2021/12/28 - 13:02:10] Hustlang Robber duoc nhan $638 tu viec giao pizza va tru $0 vi lam hong xe
[2021/12/28 - 13:03:47] Hustlang Robber duoc nhan $635 tu viec giao pizza va tru $0 vi lam hong xe
[2021/12/28 - 13:04:06] Ngo Ba Kha duoc nhan $625 tu viec giao pizza va tru $449 vi lam hong xe
[2021/12/28 - 13:17:52] Hoang BadBoy duoc nhan $672 tu viec giao pizza va tru $614 vi lam hong xe
[2021/12/28 - 13:31:18] Ho Thanh Hien duoc nhan $541 tu viec giao pizza va tru $0 vi lam hong xe
[2021/12/28 - 13:32:54] Thanh Hao duoc nhan $743 tu viec giao pizza va tru $0 vi lam hong xe
[2021/12/28 - 13:44:03] BLACK LAM duoc nhan $765 tu viec giao pizza va tru $289 vi lam hong xe
[2021/12/28 - 13:47:44] Thanh Hao duoc nhan $951 tu viec giao pizza va tru $0 vi lam hong xe
[2021/12/28 - 14:26:35] Ngo Ba Kha duoc nhan $879 tu viec giao pizza va tru $134 vi lam hong xe
[2021/12/28 - 14:41:18] Ngo Ba Kha duoc nhan $890 tu viec giao pizza va tru $365 vi lam hong xe
[2021/12/29 - 11:04:30] Black Lam duoc nhan $572 tu viec giao pizza va tru $27 vi lam hong xe
[2021/12/29 - 11:14:58] Tac Map duoc nhan $460 tu viec giao pizza va tru $40 vi lam hong xe
[2021/12/29 - 11:25:11] Ngo Ba Kha duoc nhan $713 tu viec giao pizza va tru $331 vi lam hong xe
[2021/12/29 - 11:40:45] Dee Jacob duoc nhan $487 tu viec giao pizza va tru $206 vi lam hong xe
[2021/12/29 - 11:43:35] Tawfiiq Noor duoc nhan $584 tu viec giao pizza va tru $114 vi lam hong xe
[2021/12/29 - 11:46:55] john wich duoc nhan $581 tu viec giao pizza va tru $150 vi lam hong xe
[2021/12/29 - 11:54:35] Tawfiiq Noor duoc nhan $511 tu viec giao pizza va tru $79 vi lam hong xe
[2021/12/29 - 12:01:34] LAY GAMING duoc nhan $961 tu viec giao pizza va tru $167 vi lam hong xe
[2021/12/29 - 12:19:46] Dontavius Cladwell duoc nhan $402 tu viec giao pizza va tru $18 vi lam hong xe
[2021/12/29 - 12:21:52] Thanh pes duoc nhan $572 tu viec giao pizza va tru $71 vi lam hong xe
[2021/12/29 - 12:22:29] Black Lam duoc nhan $706 tu viec giao pizza va tru $59 vi lam hong xe
[2021/12/29 - 12:23:51] Blues Sky duoc nhan $896 tu viec giao pizza va tru $184 vi lam hong xe
[2021/12/29 - 12:25:43] Tawfiiq Noor duoc nhan $677 tu viec giao pizza va tru $77 vi lam hong xe
[2021/12/29 - 12:26:53] Merci Mercury duoc nhan $752 tu viec giao pizza va tru $346 vi lam hong xe
[2021/12/29 - 12:31:33] Nguyen tai duoc nhan $837 tu viec giao pizza va tru $102 vi lam hong xe
[2021/12/29 - 12:48:45] Kiet Man duoc nhan $523 tu viec giao pizza va tru $103 vi lam hong xe
[2021/12/29 - 12:51:54] Black Lam duoc nhan $598 tu viec giao pizza va tru $9 vi lam hong xe
[2021/12/29 - 13:29:10] Black Lam duoc nhan $540 tu viec giao pizza va tru $55 vi lam hong xe
[2021/12/29 - 13:52:07] Hoang VanBach duoc nhan $582 tu viec giao pizza va tru $68 vi lam hong xe
[2021/12/29 - 13:59:30] Blues Sky duoc nhan $916 tu viec giao pizza va tru $82 vi lam hong xe
[2021/12/29 - 14:14:32] Tawfiiq Noor duoc nhan $771 tu viec giao pizza va tru $186 vi lam hong xe
[2021/12/29 - 14:24:07] Giang Nguyen duoc nhan $388 tu viec giao pizza va tru $97 vi lam hong xe
[2021/12/29 - 14:26:27] Vincent Marko duoc nhan $753 tu viec giao pizza va tru $0 vi lam hong xe
[2021/12/29 - 14:29:35] Tac Map duoc nhan $581 tu viec giao pizza va tru $438 vi lam hong xe
[2021/12/29 - 14:37:06] Black Lam duoc nhan $586 tu viec giao pizza va tru $213 vi lam hong xe
[2021/12/29 - 14:57:37] Minh Lai duoc nhan $488 tu viec giao pizza va tru $371 vi lam hong xe
[2021/12/29 - 15:03:57] Mafia rach duoc nhan $534 tu viec giao pizza va tru $270 vi lam hong xe
[2021/12/29 - 21:24:21] Tawfiiq Noor duoc nhan $482 tu viec giao pizza va tru $364 vi lam hong xe
[2021/12/29 - 21:27:12] Merci Mercury duoc nhan $634 tu viec giao pizza va tru $92 vi lam hong xe
[2021/12/29 - 21:37:17] Tawfiiq Noor duoc nhan $369 tu viec giao pizza va tru $255 vi lam hong xe
[2021/12/29 - 22:32:59] Linda Elizabeth duoc nhan $917 tu viec giao pizza va tru $54 vi lam hong xe
[2021/12/30 - 10:30:44] Matthus Akio duoc nhan $534 tu viec giao pizza va tru $372 vi lam hong xe
[2021/12/30 - 10:56:39] Tawfiiq Noor duoc nhan $775 tu viec giao pizza va tru $0 vi lam hong xe
[2021/12/30 - 11:01:44] Dat mb duoc nhan $711 tu viec giao pizza va tru $19 vi lam hong xe
[2021/12/30 - 14:40:37] Nguyen tai duoc nhan $772 tu viec giao pizza va tru $168 vi lam hong xe
[2021/12/30 - 18:42:22] Dat mb duoc nhan $571 tu viec giao pizza va tru $246 vi lam hong xe
[2021/12/30 - 19:44:56] Black D duoc nhan $781 tu viec giao pizza va tru $53 vi lam hong xe
[2021/12/30 - 20:05:42] Black D duoc nhan $643 tu viec giao pizza va tru $121 vi lam hong xe
[2023/5/25 - 2:42:49] Gia Hung duoc nhan $746 tu viec giao pizza va tru $87 vi lam hong xe
[2023/5/25 - 19:13:37] Phat NeCon duoc nhan $772 tu viec giao pizza va tru $0 vi lam hong xe
[2023/5/26 - 1:30:25] Phat NeCon duoc nhan $785 tu viec giao pizza va tru $217 vi lam hong xe
[2023/5/26 - 12:03:16] duong won duoc nhan $773 tu viec giao pizza va tru $476 vi lam hong xe
[2023/5/28 - 19:55:11] Bao Thien duoc nhan $478 tu viec giao pizza va tru $232 vi lam hong xe
[2023/5/28 - 21:29:26] Nam Viet duoc nhan $576 tu viec giao pizza va tru $102 vi lam hong xe
[2023/5/29 - 21:14:35] Tieu Cuong duoc nhan $505 tu viec giao pizza va tru $130 vi lam hong xe
[2023/5/29 - 21:18:26] Death Eye duoc nhan $370 tu viec giao pizza va tru $126 vi lam hong xe
[2023/5/29 - 21:21:05] duon zz duoc nhan $913 tu viec giao pizza va tru $34 vi lam hong xe
[2023/5/29 - 21:28:26] Gia Hung duoc nhan $735 tu viec giao pizza va tru $404 vi lam hong xe
[2023/5/29 - 21:31:34] duon zz duoc nhan $460 tu viec giao pizza va tru $35 vi lam hong xe
[2023/5/29 - 21:33:04] Death Eye duoc nhan $778 tu viec giao pizza va tru $0 vi lam hong xe
[2023/5/29 - 21:35:10] Bao Thien duoc nhan $573 tu viec giao pizza va tru $377 vi lam hong xe
[2023/5/29 - 21:45:49] Death Eye duoc nhan $901 tu viec giao pizza va tru $0 vi lam hong xe
[2023/5/29 - 21:51:38] Tieu Cuong duoc nhan $685 tu viec giao pizza va tru $149 vi lam hong xe
[2023/5/29 - 21:55:53] Death Eye duoc nhan $379 tu viec giao pizza va tru $29 vi lam hong xe
[2023/5/29 - 22:13:16] Death Eye duoc nhan $864 tu viec giao pizza va tru $76 vi lam hong xe
[2023/5/29 - 22:21:20] Bao Thien duoc nhan $383 tu viec giao pizza va tru $189 vi lam hong xe
[2023/5/29 - 22:28:10] Death Eye duoc nhan $979 tu viec giao pizza va tru $0 vi lam hong xe
[2023/5/29 - 22:34:33] Bao Thien duoc nhan $744 tu viec giao pizza va tru $578 vi lam hong xe
[2023/5/29 - 22:38:30] Death Eye duoc nhan $405 tu viec giao pizza va tru $33 vi lam hong xe
[2023/5/29 - 22:57:04] Death Eye duoc nhan $499 tu viec giao pizza va tru $0 vi lam hong xe
[2023/5/29 - 23:26:13] Gia Hung duoc nhan $433 tu viec giao pizza va tru $0 vi lam hong xe
[2023/5/30 - 8:37:06] Minh Huy duoc nhan $860 tu viec giao pizza va tru $74 vi lam hong xe
[2023/5/30 - 8:50:16] Tieu Cuong duoc nhan $751 tu viec giao pizza va tru $12 vi lam hong xe
[2023/5/30 - 8:54:27] Minh Huy duoc nhan $649 tu viec giao pizza va tru $0 vi lam hong xe
[2023/5/30 - 9:06:06] Chris John duoc nhan $623 tu viec giao pizza va tru $260 vi lam hong xe
[2023/5/30 - 9:22:17] Fox king duoc nhan $773 tu viec giao pizza va tru $16 vi lam hong xe
[2023/5/30 - 9:30:37] Khalung Deptrai duoc nhan $1030 tu viec giao pizza va tru $239 vi lam hong xe
[2023/5/30 - 9:35:45] Fox king duoc nhan $579 tu viec giao pizza va tru $6 vi lam hong xe
[2023/5/30 - 9:49:46] Bao Thien duoc nhan $652 tu viec giao pizza va tru $96 vi lam hong xe
[2023/5/30 - 9:52:01] Evador Cavaho duoc nhan $773 tu viec giao pizza va tru $23 vi lam hong xe
[2023/5/30 - 10:25:16] Evador Cavaho duoc nhan $723 tu viec giao pizza va tru $286 vi lam hong xe
[2023/5/30 - 10:34:20] Evador Cavaho duoc nhan $540 tu viec giao pizza va tru $0 vi lam hong xe
[2023/5/30 - 12:33:33] Death Eye duoc nhan $732 tu viec giao pizza va tru $51 vi lam hong xe
[2023/5/30 - 13:40:31] Bao Thien duoc nhan $1117 tu viec giao pizza va tru $361 vi lam hong xe
[2023/5/30 - 13:43:18] Minh Huy duoc nhan $933 tu viec giao pizza va tru $144 vi lam hong xe
[2023/5/30 - 13:43:31] Gia Hung duoc nhan $674 tu viec giao pizza va tru $10 vi lam hong xe
[2023/5/30 - 13:43:46] Julius Koo duoc nhan $1319 tu viec giao pizza va tru $0 vi lam hong xe
[2023/5/30 - 13:51:22] Huy Huang duoc nhan $479 tu viec giao pizza va tru $444 vi lam hong xe
[2023/5/30 - 13:57:54] Minh Huy duoc nhan $738 tu viec giao pizza va tru $0 vi lam hong xe
[2023/5/30 - 13:58:09] Bao Thien duoc nhan $660 tu viec giao pizza va tru $26 vi lam hong xe
[2023/5/30 - 13:58:58] Gia Hung duoc nhan $726 tu viec giao pizza va tru $7 vi lam hong xe
[2023/5/30 - 14:24:46] Julius Koo duoc nhan $755 tu viec giao pizza va tru $0 vi lam hong xe
[2023/5/30 - 14:27:43] Minh Huy duoc nhan $438 tu viec giao pizza va tru $0 vi lam hong xe
[2023/5/30 - 14:43:12] bao pro duoc nhan $538 tu viec giao pizza va tru $0 vi lam hong xe
[2023/5/30 - 14:52:12] Julius Koo duoc nhan $566 tu viec giao pizza va tru $0 vi lam hong xe
[2023/5/30 - 15:13:18] Julius Koo duoc nhan $780 tu viec giao pizza va tru $276 vi lam hong xe
[2023/5/30 - 15:26:18] Julius Koo duoc nhan $675 tu viec giao pizza va tru $0 vi lam hong xe
[2023/5/30 - 15:31:54] Bao Thien duoc nhan $749 tu viec giao pizza va tru $0 vi lam hong xe
[2023/5/30 - 16:29:45] Death Eye duoc nhan $637 tu viec giao pizza va tru $103 vi lam hong xe
[2023/5/30 - 16:50:31] Death Eye duoc nhan $347 tu viec giao pizza va tru $10 vi lam hong xe
[2023/5/30 - 17:06:31] Death Eye duoc nhan $934 tu viec giao pizza va tru $35 vi lam hong xe
[2023/5/30 - 17:15:35] tobo raid duoc nhan $851 tu viec giao pizza va tru $470 vi lam hong xe
[2023/5/30 - 17:18:01] Death Eye duoc nhan $627 tu viec giao pizza va tru $28 vi lam hong xe
[2023/5/30 - 17:28:44] Truong AnhNgoc duoc nhan $427 tu viec giao pizza va tru $644 vi lam hong xe
[2023/5/30 - 17:30:17] Death Eye duoc nhan $909 tu viec giao pizza va tru $8 vi lam hong xe
[2023/5/30 - 18:35:22] hoa cuc duoc nhan $823 tu viec giao pizza va tru $469 vi lam hong xe
[2023/5/30 - 22:47:15] Minh Huy duoc nhan $616 tu viec giao pizza va tru $26 vi lam hong xe
[2023/5/30 - 23:10:27] Minh Huy duoc nhan $526 tu viec giao pizza va tru $0 vi lam hong xe
[2023/5/31 - 13:24:15] Truong AnhNgoc duoc nhan $799 tu viec giao pizza va tru $302 vi lam hong xe
[2023/5/31 - 17:27:59] Davy Wobby duoc nhan $504 tu viec giao pizza va tru $353 vi lam hong xe
[2023/6/1 - 22:48:14] Wit Ate duoc nhan $497 tu viec giao pizza va tru $202 vi lam hong xe
[2023/6/2 - 10:26:03] Tommy Loc duoc nhan $421 tu viec giao pizza va tru $8 vi lam hong xe
[2023/6/3 - 22:07:05] Truong AnhNgoc duoc nhan $763 tu viec giao pizza va tru $217 vi lam hong xe
[2023/6/4 - 8:57:45] Wiliam Obito duoc nhan $499 tu viec giao pizza va tru $258 vi lam hong xe
[2023/6/4 - 9:09:16] Wiliam Obito duoc nhan $542 tu viec giao pizza va tru $72 vi lam hong xe
[2023/6/4 - 18:03:26] Jin Be duoc nhan $808 tu viec giao pizza va tru $126 vi lam hong xe
[2023/6/4 - 18:52:14] Jin Be duoc nhan $712 tu viec giao pizza va tru $158 vi lam hong xe
[2023/6/4 - 22:59:34] Minh Huy duoc nhan $1049 tu viec giao pizza va tru $300 vi lam hong xe
[2023/6/6 - 16:29:00] {D7DF01}Pizza Delivery{FFFFFF}: Pandaz Edwards duoc nhan $735 tu viec giao pizza va tru $89 vi lam hong xe
[2023/6/6 - 19:20:38] {D7DF01}Pizza Delivery{FFFFFF}: Wiliam Obito duoc nhan $511 tu viec giao pizza va tru $91 vi lam hong xe
