[2021/2/23 - 0:57:22] ** SAPD Chief of Police Liem Bean: ai bucu ko k **
[2021/2/26 - 7:53:02] ** SAPD Chief of Police Miles Nguyen: c **
[2021/2/26 - 7:54:51] ** SAPD Chief of Police Miles Nguyen: cc **
[2021/8/8 - 23:33:55] ** LSPD Chief Of Police Co RIch: Am thanh mo loa **
[2021/8/8 - 23:34:03] ** LSPD Chief Of Police Co RIch: xin chao toan dan tren thanh pho Los Santos **
[2021/8/8 - 23:34:25] ** LSPD Chief Of Police Co RIch: Hien tai toi dang phat giay phep su dung vu khi tai tru so LSPD **
[2021/8/10 - 22:29:53] ** LSPD Chief Of Police CanhSat Truong: "Am Thanh Mo Loa" So canh sat LSPD thong bao **
[2021/8/10 - 22:30:13] ** LSPD Chief Of Police CanhSat Truong: "Am Thanh Mo Loa" Chung toi dang phat lenh truy na doi tuong binh sang **
[2021/8/10 - 22:30:28] ** LSPD Chief Of Police CanhSat Truong: "Am Thanh Mo Loa" Ai thay lien he den tong dai canh sat! **
[2021/8/11 - 15:28:25] ** LSPD Chief Of Police Peter Jasonz: Am Thanh Mo Loa : Hien tai thanh pho dang bi 1 bang dang khung bo **
[2021/8/11 - 15:28:40] ** LSPD Chief Of Police Peter Jasonz: Am Thanh Mo Loa : Chung toi se co het suc de ma bao ve nguoi dan **
[2021/8/12 - 0:31:04] ** LSPD Chief Of Police Peter Jasonz: Am Thanh Mo Loa : LSPD xin thong bao nguoi dan khong duoc den tru so LSPD **
[2021/8/12 - 0:31:15] ** LSPD Chief Of Police Peter Jasonz: Am Thanh Mo Loa : Hien tai co 1 ten khung bo nguy hiem dang o do **
[2021/8/12 - 0:32:46] ** LSPD Chief Of Police Peter Jasonz: Am Thanh Mo Loa : ten khung bo da duoc tieu diet **
[2021/8/22 - 19:38:39] ** LSMD Fire Chief khem manh: Chao tat ca nguoi dan thanh pho Los Santos **
[2021/8/22 - 19:38:55] ** LSMD Fire Chief khem manh: Hien nay LSMD dang tuyen nhan su khoa I  **
[2021/8/22 - 19:39:13] ** LSMD Fire Chief khem manh: Neu ai co dam me lam bac si thi den pizza de biet them chi tiet **
[2021/8/22 - 19:39:19] ** LSMD Fire Chief khem manh: Xin cam on **
[2021/8/22 - 19:40:40] ** LSMD Fire Chief khem manh: Quen dong loa sorry moi nguoi **
[2021/8/22 - 19:40:53] ** LSMD Fire Chief khem manh: Dong loa xoet.....xoet **
[2021/8/22 - 19:55:34] ** LSMD Fire Chief khem manh: Am thanh mo loa xoet...xoet...xoettttttttttt **
[2021/8/22 - 19:55:47] ** LSMD Fire Chief khem manh: Xin loi moi nguoi ve su co loa **
[2021/8/22 - 19:56:16] ** LSMD Fire Chief khem manh: Toi muon thong bao cho moi nguoi dan sinh song o Thanh Pho Los Santos **
[2021/8/22 - 19:56:40] ** LSMD Fire Chief khem manh: Neu nhu moi nguoi muon LSMD chung toi to chuc 1 buoi di da ngoai **
[2021/8/22 - 19:57:51] ** LSMD Fire Chief khem manh: Loa bi hong xoet xoet xoet **
[2021/8/23 - 8:29:25] ** LSMD Fire Chief khem manh: Am thanh mo loa xoet...xoet **
[2021/8/23 - 8:29:57] ** LSMD Fire Chief khem manh: Chao buoi sang tat ca nguoi dan thanh pho Los Santos **
[2021/8/23 - 8:30:40] ** LSMD Fire Chief khem manh: Hien nay LSMD dang tuyen them 1 nhan su **
[2021/8/23 - 8:31:21] ** LSMD Fire Chief khem manh: Neu ai co dam me lam Bac Si thi den Pizza gap Khem Manh **
[2021/8/23 - 8:31:48] ** LSMD Fire Chief khem manh: Chuc moi nguoi buoi sang tot lanh  **
[2021/8/23 - 8:32:00] ** LSMD Fire Chief khem manh: Am thanh dong loa xoet...xoet **
[2021/8/23 - 9:08:22] ** LSMD Fire Chief khem manh: Am thanh mo loa xoet..xoet **
[2021/8/23 - 9:08:39] ** LSMD Fire Chief khem manh: Hien nay LSMD dang tuyen them 1 nhan vien **
[2021/8/23 - 9:09:00] ** LSMD Fire Chief khem manh: Neu ai co dam me lam bac si den Benh Vien Los Santos de ung tuyen nhe **
[2021/8/23 - 9:09:09] ** LSMD Fire Chief khem manh: Am thanh dong loa xoet..xoet **
[2021/8/24 - 0:53:54] ** LSPD Chief Of Police Khang Nguyen: test **
[2021/8/24 - 1:17:48] ** LSPD Chief Of Police Khang Nguyen: mic on **
[2021/8/24 - 1:18:47] ** LSPD Chief Of Police Khang Nguyen: LSPD Tuyen Thanh Vien  **
[2021/8/24 - 1:19:11] ** LSPD Chief Of Police Khang Nguyen: Ai Co Dam Me Nghe Canh Sat  **
[2021/8/24 - 1:19:36] ** LSPD Chief Of Police Khang Nguyen: Thi Ung Tuyen O HQ **
[2021/8/24 - 1:20:08] ** LSPD Chief Of Police Khang Nguyen: mic off **
[2021/8/24 - 8:07:36] ** LSMD Fire Chief khem manh: Am thanh mo loa xoet..xoet **
[2021/8/24 - 8:08:04] ** LSMD Fire Chief khem manh: Hien nay dai dich Covid dang tan pha  **
[2021/8/24 - 8:08:19] ** LSMD Fire Chief khem manh: Benh vien thi dang thieu hut nhan su **
[2021/8/24 - 8:08:45] ** LSMD Fire Chief khem manh: Toi muon thong bao cho toan the nguoi dan Los Santos  **
[2021/8/24 - 8:09:22] ** LSMD Fire Chief khem manh: Khoa tuyen nhan su dot II da bat dau  **
[2021/8/24 - 8:10:28] ** LSMD Fire Chief khem manh: Ai co dam me lam Bac si den Benh Vien Los Santos de phong van nhe **
[2021/8/24 - 8:10:35] ** LSMD Fire Chief khem manh: Xin cam on !! **
[2021/8/24 - 8:10:44] ** LSMD Fire Chief khem manh: Chuc nguoi dan buoi sang tot lanh **
[2021/8/24 - 8:10:55] ** LSMD Fire Chief khem manh: Am thanh dong loa xoet..xoet **
[2021/8/25 - 13:59:55] ** LSMD Fire Chief khem manh: Am thanh mo loa xoet..xoet **
[2021/8/25 - 14:00:23] ** LSMD Fire Chief khem manh: Chao buoi chieu nguoi dan thanh pho Los Santos **
[2021/8/25 - 14:00:41] ** LSMD Fire Chief khem manh: Benh vien chuan bi to chuc di du lich  **
[2021/8/25 - 14:01:00] ** LSMD Fire Chief khem manh: Neu ai thich trai nghiem den Benh Vien LOS SANTOS de dang ky nhe **
[2021/8/25 - 14:01:09] ** LSMD Fire Chief khem manh: Benh vien se thong bao lai nhieu lan  **
[2021/8/25 - 14:01:29] ** LSMD Fire Chief khem manh: Chuc nguoi dan buoi chieu vui ve **
[2021/8/25 - 14:01:40] ** LSMD Fire Chief khem manh: Am thanh dap loa bup..bup **
[2021/8/25 - 14:18:48] ** LSMD Fire Chief khem manh: Am thanh mo loa xoet..xoet **
[2021/8/25 - 14:19:09] ** LSMD Fire Chief khem manh: Chao buoi chieu nguoi dan thanh pho Los Santos **
[2021/8/25 - 14:19:32] ** LSMD Fire Chief khem manh: Benh vien co du kien to chuc 1 buoi du lich  **
[2021/8/25 - 14:20:05] ** LSMD Fire Chief khem manh: Neu ai thich di du lich den benh vien Los Santos de dang ky nhe !!!! **
[2021/8/25 - 14:21:01] ** LSMD Fire Chief khem manh: Khi di deo khau trang de phong tranh dich benh **
[2021/8/25 - 14:21:28] ** LSMD Fire Chief khem manh: Am thanh dong loa xoet..xoet **
[2021/8/25 - 16:16:06] ** LSMD Fire Chief khem manh: Am thanh mo loa phach..phach **
[2021/8/25 - 16:16:48] ** LSMD Fire Chief khem manh: Chao buoi chieu nguoi dan thanh pho Los Santos **
[2021/8/25 - 16:17:09] ** LSMD Fire Chief khem manh: Hien nay benh vien Los Santos to chuc 1 tour du lich cho nguoi dan **
[2021/8/25 - 16:17:22] ** LSMD Fire Chief khem manh: Neu ai thich di du lich thi den pizza dang ky nhe **
[2021/8/25 - 16:17:28] ** LSMD Fire Chief khem manh: Hoan toan mien phi !!! **
[2021/8/25 - 19:27:36] ** LSPD Chief Of Police Hikaru Matus: am thanh mo loa xoet xoet.... **
[2021/8/25 - 19:28:11] ** LSPD Chief Of Police Hikaru Matus: Xin thong bao nguoi dan xin chu y can than vi day la thong bao bat toi pham tan cong LsMd
[2021/8/25 - 19:28:27] ** LSPD Chief Of Police Hikaru Matus: tren tay doi tuong co cam vu khi tung la si quan canh sat tai Lspd **
[2021/8/25 - 19:28:52] ** LSPD Chief Of Police Hikaru Matus: nguoi dan het suc can than khi ra ngoai chung toi dang co gang dieu tra de bat doi tuong 
[2021/8/25 - 19:29:02] ** LSPD Chief Of Police Hikaru Matus: am thanh tat loa xoet xoet... **
[2021/8/26 - 8:38:00] ** LSMD Fire Chief khem manh: Am thanh mo loa xoet..xoet  **
[2021/8/26 - 8:38:21] ** LSMD Fire Chief khem manh: Chao buoi sang toan the nguoi dan thanh pho Los Santos **
[2021/8/26 - 8:39:02] ** LSMD Fire Chief khem manh: Hien nay dich benh Covid - 20 dang tan pja **
[2021/8/26 - 8:39:21] ** LSMD Fire Chief khem manh: Nguoi dan di ra ngoai deo khau trang, sat khuan tay de giu an toan mua dich **
[2021/8/26 - 8:39:31] ** LSMD Fire Chief khem manh: Chuc nguoi dan buoi sang tot lanh  **
[2021/8/26 - 8:39:39] ** LSMD Fire Chief khem manh: Am thanh dap loa bup..bup **
[2021/8/26 - 17:48:51] ** LSPD Chief Of Police Hikaru Matus: AM THANH MO LOA [ ON ] xoet xoet.... **
[2021/8/26 - 17:49:13] ** LSPD Chief Of Police Hikaru Matus: DON,XIN,THONG BAO TUYEN NHAN LUC LSPD TAI CITY LOS SANTOS  **
[2021/8/26 - 17:49:49] ** LSPD Chief Of Police Hikaru Matus: DOT TUYEN HUAN LUYEN DOT NAY LA 3 NHAN LUC! **
[2021/8/26 - 17:50:09] ** LSPD Chief Of Police Hikaru Matus: NHUNG AI CO DAM,ME VOI NGANH NGHE CANH SAT LSPD  HAY DEN TRU SO DE LAM HO SO **
[2021/8/26 - 17:50:44] ** LSPD Chief Of Police Hikaru Matus: YEU CAU SINH SONG TAI LOS SANTOS DUOC 2 NAM , VA DEM THEO TIEN HO SO LA 1.500 DORLA **
[2021/8/26 - 17:51:11] ** LSPD Chief Of Police Hikaru Matus: CAM ON DA LANG NGHE [ AM THANH TAT LOA ]  **
[2021/8/27 - 19:50:50] ** LSMD Fire Chief Lionel Khem: Am thanh mo loa xoet...xoet **
[2021/8/27 - 19:51:08] ** LSMD Fire Chief Lionel Khem: Chao buoi toi nguoi dan thanh pho Los Santos **
[2021/8/27 - 19:51:18] ** LSMD Fire Chief Lionel Khem: Vi dien bien dich benh kho luong **
[2021/8/27 - 19:51:29] ** LSMD Fire Chief Lionel Khem: Nen benh vien da mo tuyen nhan vien dot II **
[2021/8/27 - 19:51:50] ** LSMD Fire Chief Lionel Khem: Neu ai co dam me lam bac si den benh vien de phong van **
[2021/8/27 - 19:51:55] ** LSMD Fire Chief Lionel Khem: Xin cam on !! **
[2021/8/27 - 19:52:06] ** LSMD Fire Chief Lionel Khem: Chuc nguoi dan an toi ko ngon mieng  **
[2021/8/27 - 19:52:18] ** LSMD Fire Chief Lionel Khem: Am thanh dong loa xoet..xoet **
[2021/8/29 - 16:09:00] ** LSMD Fire Chief Lionel Khem: Alo **
[2021/8/29 - 16:09:13] ** LSMD Fire Chief Lionel Khem: Hom nay bac si nghi nha may thang loz **
[2021/9/2 - 10:00:06] ** LSMD Fire Chief Lionel Khem: vvv **
[2021/9/2 - 10:00:14] ** LSMD Fire Chief Lionel Khem: /fixketvw **
[2022/11/27 - 8:37:27] ** LSPD  Reff D: a **
[2022/11/27 - 13:44:24] ** Dark'Raven - Hitman Assembly  Reff D: . **
[2023/5/25 - 13:00:15] ** LSMD Fire Chief Davy Wobby: test **
[2023/5/25 - 13:00:35] ** LSMD Fire Chief Gnahk: ok  **
[2023/5/26 - 17:29:02] ** LSPD Chief Of Police Henny: ads **
[2023/5/28 - 20:52:48] ** LSPD Chief Of Police Tieu Cuong: *Nhac tu loa phat thanh* **
[2023/5/28 - 20:53:12] ** LSPD Chief Of Police Tieu Cuong: Tru So Canh Sat Thanh Pho Los Santos xin thong bao **
[2023/5/28 - 20:53:36] ** LSPD Chief Of Police Tieu Cuong: Co 1 thang lon vua tron trai cai nghien **
[2023/5/28 - 20:54:21] ** LSPD Chief Of Police Tieu Cuong: neu biet thong tin ve doi tuong xin hay lien he voi canh sat dia phuong **
[2023/5/28 - 20:54:43] ** LSPD Chief Of Police Tieu Cuong: Dac diem nhan dang doi tuong co con cu dai 50cm **
[2023/5/28 - 20:54:55] ** LSPD Chief Of Police Tieu Cuong: Xin cam on da lang nghe **
[2023/5/28 - 20:55:17] ** LSPD Chief Of Police Tieu Cuong: Chuc nguoi Dan toan thanh pho ngay moi nhu cc **
[2023/5/28 - 21:48:47] ** SANNew Tong Thong Diminuto: test **
[2023/5/31 - 14:54:24] ** LSPD Commissioner Mai Anh: Tiem mo loa xoet..xoet **
[2023/5/31 - 14:54:41] ** LSPD Commissioner Mai Anh: Los SanTos Department Xin thong bao **
[2023/5/31 - 14:55:09] ** LSPD Commissioner Mai Anh: Hien tai dang co doi tuong ten Thanh Hoai(Hoai ban bap) bi truy na,vi toi hiep dam **
[2023/5/31 - 15:02:12] ** LSMD Fire Chief Diminuto: **Am Thanh Mo Loa** Los Santos Medic Department... **
[2023/5/31 - 15:02:23] ** LSMD Fire Chief Diminuto: Xin chao toan the nguoi dan dang sinh song tai San Andreas **
[2023/5/31 - 15:02:44] ** LSMD Fire Chief Diminuto: Hien tai chinh phu San Andreas Da Ban Hanh Hoat Dong So Cap Cuu **
[2023/5/31 - 15:02:54] ** LSMD Fire Chief Diminuto: O Khu Vuc All Saints va Benh Vien Jefferson. **
[2023/5/31 - 15:03:06] ** LSMD Fire Chief Diminuto: Cam on vi da lang nghe... **
[2023/5/31 - 15:03:18] ** LSMD Fire Chief Diminuto: **Am Thanh Micro Off** Los Santos Medic Department. **
