[2022/11/27 - 8:36:40] Reff D have made Reff D the leader of the LSPD.
[2022/11/27 - 8:39:22] Reff D has respawned group ID 1 dynamic group vehicles.
[2022/11/27 - 8:40:16] Reff D has respawned group ID 1 dynamic group vehicles.
[2022/11/27 - 8:40:42] Reff D has respawned group ID 1 dynamic group vehicles.
[2022/11/27 - 8:41:52] Reff D has respawned group ID 1 dynamic group vehicles.
[2022/11/27 - 13:44:13] Reff D have made Reff D the leader of the Dark'Raven - Hitman Assembly.
[2023/5/22 - 21:19:58] Pandaz Edwards have made Pandaz Edwards the leader of the LSPD.
[2023/5/22 - 21:26:44] Khang Nguyen have made Khang Nguyen the leader of the LSPD.
[2023/5/22 - 21:32:06] Nghia Dung chap nhan Chief Of Police Khang Nguyen's tham gia LSPD (1).
[2023/5/22 - 21:42:28] Khang Nguyen has respawned group ID 1 dynamic group vehicles.
[2023/5/22 - 21:48:00] Khang Nguyen has respawned group ID 1 dynamic group vehicles.
[2023/5/22 - 21:48:32] Khang Nguyen has respawned group ID 1 dynamic group vehicles.
[2023/5/22 - 21:49:31] Khang Nguyen has respawned group ID 1 dynamic group vehicles.
[2023/5/22 - 21:51:20] Khang Nguyen has respawned group ID 1 dynamic group vehicles.
[2023/5/22 - 21:51:39] Khang Nguyen has respawned group ID 1 dynamic group vehicles.
[2023/5/22 - 22:02:24] Chief Of Police Khang Nguyen (rank 9) da bi duoi Nghia Dung (rank 0) tu LSPD (1).
[2023/5/22 - 22:07:34] Khang Nguyen has respawned group ID 1 dynamic group vehicles.
[2023/5/22 - 22:08:37] Khang Nguyen have made Khang Nguyen the leader of the LSPD.
[2023/5/22 - 22:09:40] Khang Nguyen has respawned group ID 1 dynamic group vehicles.
[2023/5/22 - 22:12:47] Khang Nguyen has respawned group ID 1 dynamic group vehicles.
[2023/5/22 - 22:20:06] Pandaz Edwards has respawned group ID 1 dynamic group vehicles.
[2023/5/22 - 22:20:11] Pandaz Edwards have made Pandaz Edwards the leader of the LSMD.
[2023/5/22 - 22:20:13] Pandaz Edwards has respawned group ID 9 dynamic group vehicles.
[2023/5/23 - 1:15:29] Khang Nguyen have made Khang Nguyen the leader of the LSMD.
[2023/5/23 - 1:24:53] Khang Nguyen have made Khang Nguyen the leader of the LSPD.
[2023/5/23 - 1:25:45] Khang Nguyen has respawned group ID 1 dynamic group vehicles.
[2023/5/23 - 1:28:57] Khang Nguyen has respawned group ID 1 dynamic group vehicles.
[2023/5/23 - 1:30:35] Khang Nguyen has respawned group ID 1 dynamic group vehicles.
[2023/5/23 - 1:31:19] Khang Nguyen has respawned group ID 1 dynamic group vehicles.
[2023/5/23 - 1:31:47] Khang Nguyen has respawned group ID 1 dynamic group vehicles.
[2023/5/23 - 1:32:17] Khang Nguyen has respawned group ID 1 dynamic group vehicles.
[2023/5/23 - 1:33:05] Khang Nguyen has respawned group ID 1 dynamic group vehicles.
[2023/5/23 - 1:33:35] Chief Of Police Khang Nguyen da dua Khang Nguyen's DIV den TEU trong LSPD (1).
[2023/5/23 - 1:33:44] Chief Of Police Khang Nguyen da dua Khang Nguyen's DIV den HRU. trong LSPD (1).
[2023/5/23 - 1:34:53] Chief Of Police Khang Nguyen da dua Khang Nguyen's DIV den  trong LSPD (1).
[2023/5/23 - 1:35:34] Khang Nguyen has respawned group ID 1 dynamic group vehicles.
[2023/5/23 - 1:36:18] Chief Of Police Khang Nguyen da duoi Khang Nguyen ra khoi bo phan LSPD (1).
[2023/5/23 - 1:40:50] Khang Nguyen has respawned group ID 1 dynamic group vehicles.
[2023/5/23 - 1:42:23] Khang Nguyen has respawned group ID 1 dynamic group vehicles.
[2023/5/23 - 10:49:12] Khang Nguyen have made Khang Nguyen the leader of the LSPD.
[2023/5/23 - 12:30:07] Pandaz Edwards have made Pandaz Edwards the leader of the LSPD.
[2023/5/23 - 12:37:58] Khang Nguyen have made Khang Nguyen the leader of the Taxi Company.
[2023/5/23 - 13:04:25] Anh Ba have made Anh Ba the leader of the LSPD.
[2023/5/23 - 14:29:59] Khang Nguyen have made Khang Nguyen the leader of the LSPD.
[2023/5/23 - 16:55:27] Khang Nguyen have made Khang Nguyen the leader of the LSMD.
[2023/5/23 - 16:55:52] Khang Nguyen have made Khang Nguyen the leader of the LSMD.
[2023/5/23 - 16:56:02] Khang Nguyen have made Khang Nguyen the leader of the LSMD.
[2023/5/23 - 17:09:31] Pandaz Edwards has respawned group ID 9 dynamic group vehicles.
[2023/5/23 - 17:09:42] Davy Wobby has respawned group ID 9 dynamic group vehicles.
[2023/5/23 - 17:09:43] Henny have made Henny the leader of the LSPD.
[2023/5/23 - 17:24:37] Manuel has respawned group ID 9 dynamic group vehicles.
[2023/5/23 - 17:27:02] Pandaz Edwards have made Pandaz Edwards the leader of the LSPD.
[2023/5/23 - 17:27:58] Fire Chief Manuel (rank 9) da bi duoi Davy Wobby (rank 9) tu LSMD (9).
[2023/5/23 - 17:28:31] Manuel have made Manuel the leader of the LSMD.
[2023/5/23 - 17:28:36] Davy Wobby chap nhan Fire Chief Manuel's tham gia LSMD (9).
[2023/5/23 - 17:28:50] Davy Wobby has respawned group ID 9 dynamic group vehicles.
[2023/5/23 - 17:32:03] Davy Wobby has respawned group ID 9 dynamic group vehicles.
[2023/5/23 - 17:34:44] Davy Wobby has respawned group ID 9 dynamic group vehicles.
[2023/5/23 - 17:34:56] Davy Wobby has respawned group ID 9 dynamic group vehicles.
[2023/5/23 - 17:36:20] Pandaz Edwards has respawned group ID 1 dynamic group vehicles.
[2023/5/23 - 17:36:24] Pandaz Edwards have made Pandaz Edwards the leader of the LSMD.
[2023/5/23 - 17:36:31] Pandaz Edwards has respawned group ID 9 dynamic group vehicles.
[2023/5/23 - 17:37:02] Pandaz Edwards has respawned group ID 9 dynamic group vehicles.
[2023/5/23 - 17:37:20] Manuel has respawned group ID 9 dynamic group vehicles.
[2023/5/23 - 17:37:33] Manuel has respawned group ID 9 dynamic group vehicles.
[2023/5/23 - 17:37:53] Manuel has respawned group ID 9 dynamic group vehicles.
[2023/5/23 - 17:38:33] Davy Wobby has respawned group ID 9 dynamic group vehicles.
[2023/5/23 - 17:39:24] Davy Wobby has respawned group ID 9 dynamic group vehicles.
[2023/5/23 - 17:39:35] Pandaz Edwards have made Pandaz Edwards the leader of the LSMD.
[2023/5/23 - 17:39:53] Manuel have made Manuel the leader of the LSMD.
[2023/5/23 - 17:40:18] Davy Wobby has respawned group ID 9 dynamic group vehicles.
[2023/5/23 - 17:40:55] Pandaz Edwards has respawned group ID 9 dynamic group vehicles.
[2023/5/23 - 17:42:04] Davy Wobby has respawned group ID 9 dynamic group vehicles.
[2023/5/23 - 17:43:00] Davy Wobby has respawned group ID 9 dynamic group vehicles.
[2023/5/23 - 17:43:37] Davy Wobby has respawned group ID 9 dynamic group vehicles.
[2023/5/23 - 17:43:52] Fire Chief Manuel (rank 9) da bi duoi Davy Wobby (rank 9) tu LSMD (9).
[2023/5/23 - 17:44:05] Manuel have made Manuel the leader of the LSMD.
[2023/5/23 - 17:45:14] Fire Chief Manuel (rank 9) da cho Davy Wobby rank 0 (Recruit) trong LSMD (9).
[2023/5/23 - 17:45:31] Fire Chief Manuel (rank 9) da cho Davy Wobby rank 9 (Fire Chief) trong LSMD (9).
[2023/5/23 - 17:46:16] Manuel has respawned group ID 9 dynamic group vehicles.
[2023/5/23 - 17:49:01] Davy Wobby has respawned group ID 9 dynamic group vehicles.
[2023/5/23 - 17:49:25] Manuel has respawned group ID 9 dynamic group vehicles.
[2023/5/23 - 17:51:13] Davy Wobby has respawned group ID 9 dynamic group vehicles.
[2023/5/23 - 17:51:47] Davy Wobby has respawned group ID 9 dynamic group vehicles.
[2023/5/23 - 17:53:19] Davy Wobby has respawned group ID 9 dynamic group vehicles.
[2023/5/23 - 17:54:43] Davy Wobby has respawned group ID 9 dynamic group vehicles.
[2023/5/23 - 17:57:29] Fire Chief Manuel (rank 9) da cho Davy Wobby rank 1 (Firefighter) trong LSMD (9).
[2023/5/23 - 17:58:13] Fire Chief Manuel (rank 9) da cho Davy Wobby rank 9 (Fire Chief) trong LSMD (9).
[2023/5/23 - 18:03:43] PhNgThi ThuyUyen has respawned group ID 9 dynamic group vehicles.
[2023/5/23 - 18:08:19] suc cac has respawned group ID 9 dynamic group vehicles.
[2023/5/23 - 18:10:13] suc cac has respawned group ID 9 dynamic group vehicles.
[2023/5/23 - 18:11:56] Quang Lon has respawned group ID 9 dynamic group vehicles.
[2023/5/23 - 18:12:14] Quang Lon has respawned group ID 9 dynamic group vehicles.
[2023/5/23 - 18:18:07] L Quang has respawned group ID 9 dynamic group vehicles.
[2023/5/23 - 18:22:34] L Quang has respawned group ID 9 dynamic group vehicles.
[2023/5/23 - 18:22:55] Manuel has respawned group ID 9 dynamic group vehicles.
[2023/5/23 - 18:23:02] Manuel has respawned group ID 9 dynamic group vehicles.
[2023/5/23 - 23:13:47] Manuel have made Manuel the leader of the Government San Andreas.
[2023/5/23 - 23:16:16] Manuel have made Manuel the leader of the SASD.
[2023/5/23 - 23:16:29] Manuel have made Manuel the leader of the Government San Andreas.
[2023/5/23 - 23:17:48] Manuel has respawned group ID 2 dynamic group vehicles.
[2023/5/23 - 23:22:37] Manuel have made Manuel the leader of the LSPD.
[2023/5/23 - 23:24:12] Chief Of Police Manuel (rank 9) da cho Manuel rank 1 (Officer II) trong LSPD (1).
[2023/5/23 - 23:24:20] Officer II Manuel (rank 1) da cho Manuel rank 2 (Officer III) trong LSPD (1).
[2023/5/23 - 23:24:31] Officer III Manuel (rank 2) da cho Manuel rank 3 (Sergeant) trong LSPD (1).
[2023/5/23 - 23:24:40] Sergeant Manuel (rank 3) da cho Manuel rank 4 (Staff Sergeant) trong LSPD (1).
[2023/5/23 - 23:24:51] Staff Sergeant Manuel (rank 4) da cho Manuel rank 5 (Lieutenant) trong LSPD (1).
[2023/5/23 - 23:24:53] Lieutenant Manuel (rank 5) da cho Manuel rank 6 (Captain) trong LSPD (1).
[2023/5/23 - 23:24:57] Captain Manuel (rank 6) da cho Manuel rank 7 (Deputy Chief Of Police) trong LSPD (1).
[2023/5/23 - 23:24:59] Deputy Chief Of Police Manuel (rank 7) da cho Manuel rank 8 (The Assistant Chief Of Police) trong LSPD (1).
[2023/5/23 - 23:25:03] The Assistant Chief Of Police Manuel (rank 8) da cho Manuel rank 9 (Chief Of Police) trong LSPD (1).
[2023/5/23 - 23:27:11] Manuel has respawned group ID 1 dynamic group vehicles.
[2023/5/23 - 23:27:44] Manuel has respawned group ID 1 dynamic group vehicles.
[2023/5/23 - 23:27:55] Manuel has respawned group ID 1 dynamic group vehicles.
[2023/5/23 - 23:29:03] Manuel has respawned group ID 1 dynamic group vehicles.
[2023/5/23 - 23:30:49] Manuel has respawned group ID 1 dynamic group vehicles.
[2023/5/23 - 23:31:37] Manuel have made Manuel the leader of the LSPD.
[2023/5/23 - 23:47:15] Manuel have made Manuel the leader of the LSPD.
[2023/5/24 - 13:28:58] PhNgThi ThuyUyen have made PhNgThi ThuyUyen the leader of the Government San Andreas.
[2023/5/24 - 13:30:08] PhNgThi ThuyUyen have made PhNgThi ThuyUyen the leader of the LSMD.
[2023/5/24 - 13:32:57] PhNgThi ThuyUyen have made PhNgThi ThuyUyen the leader of the Government San Andreas.
[2023/5/24 - 13:33:19] Manuel have made Manuel the leader of the Government San Andreas.
[2023/5/24 - 13:33:36] Manuel have made Manuel the leader of the Government San Andreas.
[2023/5/24 - 13:35:15] PhNgThi ThuyUyen have made PhNgThi ThuyUyen the leader of the LSMD.
[2023/5/24 - 13:36:06] Manuel have made Manuel the leader of the LSMD.
[2023/5/24 - 13:37:20] Fire Chief PhNgThi ThuyUyen (rank 9) da cho PhNgThi ThuyUyen rank 0 (Recruit) trong LSMD (9).
[2023/5/24 - 13:53:52] Davy Wobby has respawned group ID 9 dynamic group vehicles.
[2023/5/24 - 13:54:36] Davy Wobby has respawned group ID 9 dynamic group vehicles.
[2023/5/25 - 2:08:05] Gia Hung chap nhan Fire Chief Gnahk's tham gia LSMD (9).
[2023/5/25 - 2:08:07] Fire Chief Gnahk (rank 9) da bi duoi Gia Hung (rank 0) tu LSMD (9).
[2023/5/25 - 2:08:19] Gnahk have made Gnahk the leader of the LSPD.
[2023/5/25 - 2:08:30] Gia Hung chap nhan Chief Of Police Gnahk's tham gia LSPD (1).
[2023/5/25 - 9:54:37] PhNgThi ThuyUyen have made PhNgThi ThuyUyen the leader of the LSPD.
[2023/5/25 - 9:54:46] PhNgThi ThuyUyen has respawned group ID 1 dynamic group vehicles.
[2023/5/25 - 10:53:54] PhNgThi ThuyUyen da bo LSPD khoi rank 9
[2023/5/25 - 11:01:40] PhNgThi ThuyUyen have made PhNgThi ThuyUyen the leader of the LSPD.
[2023/5/25 - 12:25:36] Davy Wobby has respawned group ID 9 dynamic group vehicles.
[2023/5/25 - 12:32:33] Davy Wobby has respawned group ID 9 dynamic group vehicles.
[2023/5/25 - 12:34:15] Davy Wobby has respawned group ID 9 dynamic group vehicles.
[2023/5/25 - 12:37:49] Davy Wobby has respawned group ID 9 dynamic group vehicles.
[2023/5/25 - 12:54:57] Davy Wobby has respawned group ID 9 dynamic group vehicles.
[2023/5/25 - 12:57:19] Gnahk have made Gnahk the leader of the LSMD.
[2023/5/25 - 12:59:32] Davy Wobby has respawned group ID 9 dynamic group vehicles.
[2023/5/25 - 13:00:02] Davy Wobby has respawned group ID 9 dynamic group vehicles.
[2023/5/25 - 13:34:47] Jst3 have made Jst3 the leader of the LSPD.
[2023/5/25 - 13:37:55] Chief Of Police Jst3 (rank 9) da bi duoi Gia Hung (rank 0) tu LSPD (1).
[2023/5/25 - 19:00:46] Phat NeCon have made Phat NeCon the leader of the LSPD.
[2023/5/25 - 19:02:58] Phat NeCon da bo LSPD khoi rank 9
[2023/5/25 - 19:21:54] Phat NeCon have made Phat NeCon the leader of the LSMD.
[2023/5/25 - 19:28:28] PhNgThi ThuyUyen have made PhNgThi ThuyUyen the leader of the LSMD.
[2023/5/25 - 19:28:30] PhNgThi ThuyUyen has respawned group ID 9 dynamic group vehicles.
[2023/5/25 - 19:28:31] PhNgThi ThuyUyen has respawned group ID 9 dynamic group vehicles.
[2023/5/25 - 19:36:49] Davy Wobby has respawned group ID 9 dynamic group vehicles.
[2023/5/25 - 19:42:18] Davy Wobby has respawned group ID 9 dynamic group vehicles.
[2023/5/25 - 19:45:27] Davy Wobby has respawned group ID 9 dynamic group vehicles.
[2023/5/26 - 1:28:51] Phat NeCon da bo LSMD khoi rank 9
[2023/5/26 - 11:03:15] van duc have made van duc the leader of the LSPD.
[2023/5/26 - 18:39:16] PhNgThi ThuyUyen have made PhNgThi ThuyUyen the leader of the LSPD.
[2023/5/26 - 18:39:26] PhNgThi ThuyUyen have made PhNgThi ThuyUyen the leader of the LSPD.
[2023/5/26 - 18:39:42] Manuel have made Manuel the leader of the LSPD.
[2023/5/26 - 19:16:31] Manuel have made Manuel the leader of the LSPD.
[2023/5/26 - 19:16:32] Gia Hung have made Gia Hung the leader of the LSPD.
[2023/5/26 - 19:17:43] Manuel has respawned group ID 1 dynamic group vehicles.
[2023/5/26 - 19:44:25] Davy Wobby has respawned group ID 9 dynamic group vehicles.
[2023/5/26 - 19:44:38] Davy Wobby has respawned group ID 9 dynamic group vehicles.
[2023/5/26 - 19:45:18] Julius Koo have made Julius Koo the leader of the LSPD.
[2023/5/26 - 19:46:30] Davy Wobby has respawned group ID 9 dynamic group vehicles.
[2023/5/26 - 19:47:19] PhNgThi ThuyUyen have made PhNgThi ThuyUyen the leader of the LSMD.
[2023/5/26 - 19:49:57] PhNgThi ThuyUyen have made PhNgThi ThuyUyen the leader of the LSPD.
[2023/5/26 - 19:54:53] Gia Hung have made Gia Hung the leader of the LSPD.
[2023/5/26 - 20:01:05] Davy Wobby has respawned group ID 9 dynamic group vehicles.
[2023/5/26 - 20:55:13] Jst have made Jst the leader of the LSMD.
[2023/5/26 - 21:37:12] diminuto have made diminuto the leader of the LSMD.
[2023/5/26 - 22:01:50] diminuto have made diminuto the leader of the LSMD.
[2023/5/26 - 22:02:47] Jst have made Jst the leader of the LSMD.
[2023/5/26 - 22:02:51] Manuel have made Manuel the leader of the LSMD.
[2023/5/26 - 22:30:46] diminuto have made diminuto the leader of the LSMD.
[2023/5/26 - 22:31:48] Manuel have made Manuel the leader of the LSPD.
[2023/5/26 - 22:34:19] diminuto have made diminuto the leader of the LSPD.
[2023/5/26 - 22:37:49] Davy Wobby has respawned group ID 9 dynamic group vehicles.
[2023/5/26 - 22:38:57] Davy Wobby has respawned group ID 9 dynamic group vehicles.
[2023/5/26 - 22:47:55] diminuto have made diminuto the leader of the LSPD.
[2023/5/26 - 22:48:21] diminuto have made diminuto the leader of the LSMD.
[2023/5/26 - 22:51:37] diminuto have made diminuto the leader of the LSPD.
[2023/5/26 - 22:51:45] diminuto have made diminuto the leader of the LSMD.
[2023/5/26 - 22:54:10] diminuto have made diminuto the leader of the LSPD.
[2023/5/26 - 22:54:18] diminuto has respawned group ID 1 dynamic group vehicles.
[2023/5/26 - 22:54:46] diminuto has respawned group ID 1 dynamic group vehicles.
[2023/5/26 - 22:59:39] Jst have made Jst the leader of the LSPD.
[2023/5/26 - 23:00:13] diminuto has respawned group ID 1 dynamic group vehicles.
[2023/5/26 - 23:00:20] diminuto have made diminuto the leader of the Taxi Company.
[2023/5/26 - 23:00:25] diminuto have made diminuto the leader of the LSMD.
[2023/5/26 - 23:00:30] diminuto have made diminuto the leader of the SASD.
[2023/5/26 - 23:00:34] diminuto have made diminuto the leader of the None.
[2023/5/26 - 23:00:37] diminuto have made diminuto the leader of the LSPD.
[2023/5/26 - 23:02:42] diminuto has respawned group ID 1 dynamic group vehicles.
[2023/5/26 - 23:03:18] diminuto has respawned group ID 1 dynamic group vehicles.
[2023/5/26 - 23:03:41] diminuto have made diminuto the leader of the LSMD.
[2023/5/26 - 23:07:22] diminuto has respawned group ID 9 dynamic group vehicles.
[2023/5/26 - 23:07:26] diminuto have made diminuto the leader of the LSPD.
[2023/5/26 - 23:08:42] Manuel has respawned group ID 1 dynamic group vehicles.
[2023/5/26 - 23:10:00] Jst da bo LSMD khoi rank 9
[2023/5/26 - 23:11:26] Jst have made Jst the leader of the LSMD.
[2023/5/26 - 23:12:17] Manuel has respawned group ID 1 dynamic group vehicles.
[2023/5/26 - 23:14:29] Manuel has respawned group ID 1 dynamic group vehicles.
[2023/5/26 - 23:15:11] Jst da bo LSMD khoi rank 9
[2023/5/26 - 23:15:31] Jst have made Jst the leader of the LSMD.
[2023/5/26 - 23:16:47] Manuel has respawned group ID 1 dynamic group vehicles.
[2023/5/26 - 23:17:20] Manuel has respawned group ID 1 dynamic group vehicles.
[2023/5/26 - 23:22:57] Manuel has respawned group ID 1 dynamic group vehicles.
[2023/5/26 - 23:22:59] Jst da bo LSPD khoi rank 9
[2023/5/26 - 23:23:26] diminuto have made diminuto the leader of the LSMD.
[2023/5/26 - 23:24:40] Jst da bo LSPD khoi rank 9
[2023/5/26 - 23:24:42] diminuto have made diminuto the leader of the LSMD.
[2023/5/26 - 23:24:49] Manuel has respawned group ID 1 dynamic group vehicles.
[2023/5/26 - 23:24:56] Manuel has respawned group ID 1 dynamic group vehicles.
[2023/5/26 - 23:26:11] diminuto have made diminuto the leader of the LSMD.
[2023/5/26 - 23:26:14] Jst da bo LSPD khoi rank 9
[2023/5/26 - 23:26:21] Manuel have made Manuel the leader of the LSMD.
[2023/5/26 - 23:26:24] Jst have made Jst the leader of the LSMD.
[2023/5/26 - 23:26:36] Manuel have made Manuel the leader of the LSPD.
[2023/5/26 - 23:26:44] Chief Of Police Manuel (rank 9) da bi duoi Gia Hung (rank 9) tu LSPD (1).
[2023/5/26 - 23:26:50] Manuel have made Manuel the leader of the LSMD.
[2023/5/26 - 23:27:07] Gia Hung chap nhan Fire Chief Manuel's tham gia LSMD (9).
[2023/5/26 - 23:31:27] Jst have made Jst the leader of the LSMD.
[2023/5/26 - 23:31:28] Manuel have made Manuel the leader of the TEST.
[2023/5/26 - 23:31:33] Manuel have made Manuel the leader of the LSMD.
[2023/5/26 - 23:32:09] Jst da bo LSMD khoi rank 9
[2023/5/26 - 23:34:48] Jst have made Jst the leader of the LSMD.
[2023/5/26 - 23:34:57] diminuto have made diminuto the leader of the LSMD.
[2023/5/26 - 23:39:28] Fire Chief Manuel (rank 9) da cho Gia Hung rank 9 (Fire Chief) trong LSMD (9).
[2023/5/26 - 23:41:24] Manuel has respawned group ID 9 dynamic group vehicles.
[2023/5/26 - 23:41:33] Jst have made Jst the leader of the LSMD.
[2023/5/26 - 23:41:38] Manuel has respawned group ID 9 dynamic group vehicles.
[2023/5/26 - 23:41:42] Manuel has respawned group ID 9 dynamic group vehicles.
[2023/5/26 - 23:43:25] Fire Chief Manuel (rank 9) da bi duoi Gia Hung (rank 9) tu LSMD (9).
[2023/5/26 - 23:43:35] Manuel have made Manuel the leader of the LSPD.
[2023/5/26 - 23:44:13] diminuto have made diminuto the leader of the LSPD.
[2023/5/26 - 23:58:29] Jst have made Jst the leader of the LSMD.
[2023/5/27 - 0:02:39] Gia Hung have made Gia Hung the leader of the LSPD.
[2023/5/27 - 0:05:46] Manuel has respawned group ID 1 dynamic group vehicles.
[2023/5/27 - 0:24:10] Jst have made Jst the leader of the LSPD.
[2023/5/27 - 0:24:14] Jst have made Jst the leader of the LSMD.
[2023/5/27 - 0:24:16] Jst have made Jst the leader of the LSMD.
[2023/5/27 - 0:24:18] Jst have made Jst the leader of the LSMD.
[2023/5/27 - 10:46:23] diminuto have made diminuto the leader of the LSPD.
[2023/5/27 - 10:56:58] diminuto have made diminuto the leader of the LSMD.
[2023/5/27 - 10:57:01] diminuto have made diminuto the leader of the LSMD.
[2023/5/27 - 11:06:25] Louis Z have made Louis Z the leader of the LSPD.
[2023/5/27 - 11:17:43] Fire Chief Rhaegar Targaryen da dua Rhaegar Targaryen's DIV den Probation trong LSMD (9).
[2023/5/27 - 11:18:29] Rhaegar Targaryen has changed MOTD for LSMD to: abc
[2023/5/27 - 11:19:05] Rhaegar Targaryen has changed MOTD for LSMD to: cuu 1 nguoi hon xay 7 toa thap
[2023/5/27 - 11:56:14] Louis Zz have made Louis Zz the leader of the LSPD.
[2023/5/27 - 12:23:34] Jst have made Jst the leader of the LSPD.
[2023/5/27 - 12:23:46] Jst have made Jst the leader of the LSPD.
[2023/5/27 - 12:35:42] Jst have made Jst the leader of the LSPD.
[2023/5/27 - 18:21:05] Chief Of Police Julius Koo da dua Julius Koo's DIV den AGU trong LSPD (1).
[2023/5/27 - 18:52:10] Davy Wobby has respawned group ID 9 dynamic group vehicles.
[2023/5/27 - 18:56:48] Davy Wobby has respawned group ID 9 dynamic group vehicles.
[2023/5/27 - 19:07:35] Davy Wobby has respawned group ID 9 dynamic group vehicles.
[2023/5/27 - 23:04:51] Davy Wobby has respawned group ID 9 dynamic group vehicles.
[2023/5/28 - 14:01:16] Drawn have made Drawn the leader of the LSPD.
[2023/5/28 - 16:04:14] Jst have made Jst the leader of the LSMD.
[2023/5/28 - 18:31:53] Diminuto have made Diminuto the leader of the LSPD.
[2023/5/28 - 19:31:06] Jst have made Jst the leader of the LSPD.
[2023/5/28 - 19:31:08] Jst have made Jst the leader of the LSPD.
[2023/5/28 - 19:42:31] Jst have made Jst the leader of the Taxi Company.
[2023/5/28 - 19:50:22] Tieu Cuong have made Tieu Cuong the leader of the Taxi Company.
[2023/5/28 - 19:51:25] Diminuto have made Diminuto the leader of the LSMD.
[2023/5/28 - 20:01:40] Tieu Cuong have made Tieu Cuong the leader of the LSPD.
[2023/5/28 - 20:06:40] Davy Wobby has respawned group ID 9 dynamic group vehicles.
[2023/5/28 - 21:06:59] Con Gian have made Con Gian the leader of the LSMD.
[2023/5/28 - 21:11:50] Jst have made Jst the leader of the LSMD.
[2023/5/28 - 21:44:24] Diminuto have made Diminuto the leader of the SANNew.
[2023/5/28 - 21:44:32] Jst have made Jst the leader of the SANNew.
[2023/5/28 - 21:44:33] Gia Hung have made Gia Hung the leader of the SANNew.
[2023/5/28 - 21:49:59] Con Gian have made Con Gian the leader of the SANNew.
[2023/5/28 - 21:58:17] Bao Thien have made Bao Thien the leader of the SANNew.
[2023/5/28 - 23:16:22] Gia Hung have made Gia Hung the leader of the LSPD.
[2023/5/28 - 23:53:31] Alie have made Alie the leader of the LSPD.
[2023/5/29 - 0:03:30] Diminuto have made Diminuto the leader of the LSPD.
[2023/5/29 - 11:04:11] Con Gian have made Con Gian the leader of the LSPD.
[2023/5/29 - 20:42:41] kkkkkkkkkk have made kkkkkkkkkk the leader of the LSPD.
[2023/5/29 - 21:01:11] Jst da bo LSPD khoi rank 9
[2023/5/29 - 21:01:57] Diminuto have made Diminuto the leader of the LSMD.
[2023/5/29 - 21:04:01] Diminuto have made Diminuto the leader of the LSMD.
[2023/5/29 - 21:05:14] Erka have made Erka the leader of the LSPD.
[2023/5/29 - 21:05:14] Bruce Andrews chap nhan Fire Chief Davy Wobby's tham gia LSMD (9).
[2023/5/29 - 21:05:29] Fire Chief Davy Wobby (rank 9) da cho Bruce Andrews rank 1 (Firefighter) trong LSMD (9).
[2023/5/29 - 21:05:39] Fire Chief Davy Wobby (rank 9) da cho Bruce Andrews rank 2 (Senior Firefighter) trong LSMD (9).
[2023/5/29 - 21:05:56] Davy Wobby has respawned group ID 9 dynamic group vehicles.
[2023/5/29 - 21:05:59] Jst have made Jst the leader of the LSMD.
[2023/5/29 - 21:32:35] Davy Wobby has respawned group ID 9 dynamic group vehicles.
[2023/5/29 - 21:34:03] Fire Chief Davy Wobby (rank 9) da cho Bruce Andrews rank 3 (Fire Sergeant) trong LSMD (9).
[2023/5/29 - 21:34:11] Fire Chief Davy Wobby (rank 9) da cho Bruce Andrews rank 4 (Lieutenant) trong LSMD (9).
[2023/5/29 - 21:34:20] Fire Chief Davy Wobby (rank 9) da cho Bruce Andrews rank 5 (Captain) trong LSMD (9).
[2023/5/29 - 21:34:38] Fire Chief Davy Wobby (rank 9) da cho Bruce Andrews rank 4 (Lieutenant) trong LSMD (9).
[2023/5/29 - 21:34:46] Fire Chief Davy Wobby (rank 9) da cho Bruce Andrews rank 5 (Captain) trong LSMD (9).
[2023/5/29 - 22:22:55] Diminuto have made Diminuto the leader of the LSPD.
[2023/5/29 - 22:25:09] Diminuto have made Diminuto the leader of the LSPD.
[2023/5/29 - 22:55:46] Chief Of Police Tieu Cuong (rank 9) da cho Diminuto rank 0 (Officer I) trong LSPD (1).
[2023/5/29 - 22:55:49] Chief Of Police Tieu Cuong (rank 9) da cho Diminuto rank 1 (Officer II) trong LSPD (1).
[2023/5/29 - 22:55:52] Chief Of Police Tieu Cuong (rank 9) da cho Diminuto rank 2 (Officer III) trong LSPD (1).
[2023/5/29 - 22:55:53] Chief Of Police Tieu Cuong (rank 9) da cho Diminuto rank 3 (Sergeant) trong LSPD (1).
[2023/5/29 - 22:55:55] Chief Of Police Tieu Cuong (rank 9) da cho Diminuto rank 4 (Staff Sergeant) trong LSPD (1).
[2023/5/29 - 22:55:57] Chief Of Police Tieu Cuong (rank 9) da cho Diminuto rank 5 (Lieutenant) trong LSPD (1).
[2023/5/29 - 22:56:03] Chief Of Police Tieu Cuong (rank 9) da cho Diminuto rank 6 (Captain) trong LSPD (1).
[2023/5/29 - 22:56:07] Chief Of Police Tieu Cuong (rank 9) da cho Diminuto rank 7 (Deputy Chief Of Police) trong LSPD (1).
[2023/5/29 - 22:56:09] Chief Of Police Tieu Cuong (rank 9) da cho Diminuto rank 8 (The Assistant Chief Of Police) trong LSPD (1).
[2023/5/29 - 22:56:12] Chief Of Police Tieu Cuong (rank 9) da cho Diminuto rank 9 (Chief Of Police) trong LSPD (1).
[2023/5/29 - 22:56:46] Erka have made Erka the leader of the LSMD.
[2023/5/29 - 23:31:55] Diminuto has respawned group ID 1 dynamic group vehicles.
[2023/5/30 - 0:22:13] Jst have made Jst the leader of the LSMD.
[2023/5/30 - 0:22:37] Fire Chief Erka (rank 9) da bi duoi Louis Vinci (rank 9) tu LSMD (9).
[2023/5/30 - 8:57:45] Erka have made Erka the leader of the None.
[2023/5/30 - 8:58:18] Erka have made Erka the leader of the None.
[2023/5/30 - 8:58:23] Erka have made Erka the leader of the None.
[2023/5/30 - 8:58:29] Erka have made Erka the leader of the None.
[2023/5/30 - 8:59:00] Erka have made Erka the leader of the None.
[2023/5/30 - 9:01:20] Minh Huy chap nhan Chief Of Police Tieu Cuong's tham gia LSPD (1).
[2023/5/30 - 9:30:23] Erka have made Erka the leader of the None.
[2023/5/30 - 9:30:33] Erka have made Erka the leader of the TEST.
[2023/5/30 - 9:30:40] Erka have made Erka the leader of the Taxi Company.
[2023/5/30 - 9:30:46] Erka have made Erka the leader of the LSPD.
[2023/5/30 - 9:31:45] Erka have made Erka the leader of the None.
[2023/5/30 - 9:32:02] Erka have made Erka the leader of the LSPD.
[2023/5/30 - 11:26:26] Diminuto have made Diminuto the leader of the LSPD.
[2023/5/30 - 11:32:03] Bao Thien chap nhan Chief Of Police Julius Koo's tham gia LSPD (1).
[2023/5/30 - 11:39:17] Chief Of Police Tieu Cuong da dua Julius Koo's DIV den PAT trong LSPD (1).
[2023/5/30 - 11:39:21] Chief Of Police Tieu Cuong da dua Julius Koo's DIV den HRU. trong LSPD (1).
[2023/5/30 - 11:50:13] Erka have made Erka the leader of the LSPD.
[2023/5/30 - 11:51:12] Ong Trum Erka (rank 9) da cho Tieu Cuong rank 9 (Ong Trum) trong LSPD (1).
[2023/5/30 - 11:51:34] Ong Trum Erka (rank 9) da cho Tieu Cuong rank 8 (Commissioner) trong LSPD (1).
[2023/5/30 - 11:52:01] Ong Trum Erka (rank 9) da cho Tieu Cuong rank 7 (Chief of Police) trong LSPD (1).
[2023/5/30 - 11:54:51] Ong Trum Erka da dua Tieu Cuong's DIV den Patrol trong LSPD (1).
[2023/5/30 - 11:55:13] Ong Trum Erka da dua Bao Thien's DIV den Patrol trong LSPD (1).
[2023/5/30 - 11:56:21] Ong Trum Erka da dua Bao Thien's DIV den Spec Ops trong LSPD (1).
[2023/5/30 - 11:56:53] Ong Trum Erka da dua Bao Thien's DIV den Patrol trong LSPD (1).
[2023/5/30 - 11:59:18] Ong Trum Erka da dua Erka's DIV den A.S.U trong LSPD (1).
[2023/5/30 - 11:59:26] Ong Trum Erka da dua Erka's DIV den Patrol trong LSPD (1).
[2023/5/30 - 12:00:35] Ong Trum Erka da dua Tieu Cuong's DIV den Patrol trong LSPD (1).
[2023/5/30 - 12:00:45] Ong Trum Erka da dua Bao Thien's DIV den Patrol trong LSPD (1).
[2023/5/30 - 12:01:33] Chief of Police Tieu Cuong da dua Tieu Cuong's DIV den A.S.U trong LSPD (1).
[2023/5/30 - 12:01:57] Chief of Police Tieu Cuong da dua Tieu Cuong's DIV den Patrol trong LSPD (1).
[2023/5/30 - 12:02:06] Erka has respawned group ID 1 dynamic group vehicles.
[2023/5/30 - 12:02:08] Chief of Police Tieu Cuong da dua Tieu Cuong's DIV den C.I trong LSPD (1).
[2023/5/30 - 12:02:17] Chief of Police Tieu Cuong da dua Tieu Cuong's DIV den Spec Ops trong LSPD (1).
[2023/5/30 - 12:02:25] Chief of Police Tieu Cuong da dua Tieu Cuong's DIV den S.S.U trong LSPD (1).
[2023/5/30 - 12:02:34] Chief of Police Tieu Cuong da dua Tieu Cuong's DIV den I.A trong LSPD (1).
[2023/5/30 - 12:03:45] Chief of Police Tieu Cuong da dua Tieu Cuong's DIV den H.R trong LSPD (1).
[2023/5/30 - 12:03:59] Chief of Police Tieu Cuong da dua Tieu Cuong's DIV den admin trong LSPD (1).
[2023/5/30 - 12:04:08] Chief of Police Tieu Cuong da dua Tieu Cuong's DIV den none trong LSPD (1).
[2023/5/30 - 12:04:11] Chief of Police Tieu Cuong da dua Tieu Cuong's DIV den H.R trong LSPD (1).
[2023/5/30 - 12:04:22] Chief of Police Tieu Cuong da dua Tieu Cuong's DIV den admin trong LSPD (1).
[2023/5/30 - 12:04:35] Chief of Police Tieu Cuong da dua Tieu Cuong's DIV den H.R trong LSPD (1).
[2023/5/30 - 12:04:47] Chief of Police Tieu Cuong da dua Tieu Cuong's DIV den A.S.U trong LSPD (1).
[2023/5/30 - 12:14:01] Erka have made Erka the leader of the LSMD.
[2023/5/30 - 12:15:24] Erka have made Erka the leader of the LSPD.
[2023/5/30 - 12:16:24] Chief of Police Tieu Cuong da dua Tieu Cuong's DIV den Patrol trong LSPD (1).
[2023/5/30 - 12:17:13] Davy Wobby has respawned group ID 9 dynamic group vehicles.
[2023/5/30 - 12:21:32] Erka have made Erka the leader of the LSMD.
[2023/5/30 - 12:22:00] Fire Chief Erka (rank 9) da cho Davy Wobby rank 8 (Deputy Fire Chief) trong LSMD (9).
[2023/5/30 - 12:22:09] Fire Chief Erka (rank 9) da cho Bruce Andrews rank 7 (Assistant Chief) trong LSMD (9).
[2023/5/30 - 12:27:35] Fire Chief Erka da dua Davy Wobby's DIV den C.O.H trong LSMD (9).
[2023/5/30 - 12:27:50] Fire Chief Erka da dua Davy Wobby's DIV den D.O.H trong LSMD (9).
[2023/5/30 - 12:27:59] Fire Chief Erka da dua Davy Wobby's DIV den C.O.H trong LSMD (9).
[2023/5/30 - 12:28:15] Fire Chief Erka da dua Bruce Andrews's DIV den C.M.D trong LSMD (9).
[2023/5/30 - 12:36:14] Davy Wobby has respawned group ID 9 dynamic group vehicles.
[2023/5/30 - 12:50:13] Ong Trum Julius Koo (rank 9) da bi duoi Sigourney (rank 9) tu LSPD (1).
[2023/5/30 - 13:21:12] Gia Hung chap nhan Chief of Police Tieu Cuong's tham gia LSPD (1).
[2023/5/30 - 13:22:58] Jst have made Jst the leader of the LSPD.
[2023/5/30 - 14:00:00] Commissioner Julius Koo (rank 9) da bi duoi Jst (rank 9) tu LSPD (1).
[2023/5/30 - 14:26:24] Jst have made Jst the leader of the LSPD.
[2023/5/30 - 14:41:33] Erka have made Erka the leader of the LSPD.
[2023/5/30 - 14:44:34] Commissioner Julius Koo da dua Minh Huy's DIV den A.S.U trong LSPD (1).
[2023/5/30 - 14:44:36] Commissioner Julius Koo da duoi Minh Huy ra khoi bo phan LSPD (1).
[2023/5/30 - 14:44:39] Commissioner Julius Koo da dua Minh Huy's DIV den C.I trong LSPD (1).
[2023/5/30 - 14:44:53] Commissioner Julius Koo da dua Minh Huy's DIV den A.S.U trong LSPD (1).
[2023/5/30 - 14:44:58] Commissioner Julius Koo da dua Minh Huy's DIV den Spec Ops trong LSPD (1).
[2023/5/30 - 14:45:00] Commissioner Julius Koo da dua Minh Huy's DIV den C.I trong LSPD (1).
[2023/5/30 - 14:45:01] Commissioner Julius Koo da dua Minh Huy's DIV den Spec Ops trong LSPD (1).
[2023/5/30 - 14:45:02] Commissioner Julius Koo da dua Minh Huy's DIV den S.S.U trong LSPD (1).
[2023/5/30 - 14:45:03] Commissioner Julius Koo da dua Minh Huy's DIV den I.A trong LSPD (1).
[2023/5/30 - 14:45:04] Commissioner Julius Koo da dua Minh Huy's DIV den H.R trong LSPD (1).
[2023/5/30 - 14:45:06] Commissioner Julius Koo da duoi Minh Huy ra khoi bo phan LSPD (1).
[2023/5/30 - 14:45:08] Commissioner Julius Koo da dua Minh Huy's DIV den A.S.U trong LSPD (1).
[2023/5/30 - 14:45:16] Commissioner Julius Koo da dua Minh Huy's DIV den Patrol trong LSPD (1).
[2023/5/30 - 14:48:02] Julius Koo has respawned group ID 1 dynamic group vehicles.
[2023/5/30 - 14:57:19] Erka has respawned group ID 1 dynamic group vehicles.
[2023/5/30 - 14:58:07] Commissioner Julius Koo (rank 9) da bi duoi Erka (rank 9) tu LSPD (1).
[2023/5/30 - 14:59:23] Commissioner Julius Koo da dua Julius Koo's DIV den I.A trong LSPD (1).
[2023/5/30 - 15:00:13] Erka have made Erka the leader of the LSPD.
[2023/5/30 - 15:00:23] Commissioner Julius Koo (rank 9) da bi duoi Erka (rank 9) tu LSPD (1).
[2023/5/30 - 15:00:31] Erka have made Erka the leader of the LSPD.
[2023/5/30 - 15:00:37] Commissioner Erka (rank 9) da bi duoi Julius Koo (rank 9) tu LSPD (1).
[2023/5/30 - 15:01:19] Julius Koo chap nhan Commissioner Erka's tham gia LSPD (1).
[2023/5/30 - 15:01:23] Commissioner Erka (rank 9) da cho Julius Koo rank 7 (Chief of Police) trong LSPD (1).
[2023/5/30 - 15:13:18] Diminuto have made Diminuto the leader of the LSMD.
[2023/5/30 - 15:13:48] Erka have made Erka the leader of the LSMD.
[2023/5/30 - 15:16:12] Erka have made Erka the leader of the Taxi Company.
[2023/5/30 - 15:16:51] BacSi YeuEm have made BacSi YeuEm the leader of the LSMD.
[2023/5/30 - 15:25:48] BacSi YeuEm have made BacSi YeuEm the leader of the Taxi Company.
[2023/5/30 - 15:49:57] Erka have made Erka the leader of the LSPD.
[2023/5/30 - 15:49:59] Erka has respawned group ID 1 dynamic group vehicles.
[2023/5/30 - 15:50:14] Erka have made Erka the leader of the Taxi Company.
[2023/5/30 - 17:42:04] Diminuto have made Diminuto the leader of the LSPD.
[2023/5/30 - 17:42:18] Commissioner Julius Koo da dua Julius Koo's DIV den I.A trong LSPD (1).
[2023/5/30 - 17:43:08] Commissioner Julius Koo da dua Gia Hung's DIV den Patrol trong LSPD (1).
[2023/5/30 - 17:43:23] Commissioner Julius Koo (rank 9) da cho Gia Hung rank 1 (Officer) trong LSPD (1).
[2023/5/30 - 17:43:27] Commissioner Julius Koo (rank 9) da cho Bao Thien rank 1 (Officer) trong LSPD (1).
[2023/5/30 - 17:48:52] Diminuto have made Diminuto the leader of the LSPD.
[2023/5/30 - 18:51:31] Commissioner Julius Koo da dua Julius Koo's DIV den Patrol trong LSPD (1).
[2023/5/31 - 0:57:36] Erka have made Erka the leader of the LSMD.
[2023/5/31 - 0:58:20] Fire Chief Erka da dua Erka's DIV den C.M.D trong LSMD (9).
[2023/5/31 - 0:58:56] Erka has respawned group ID 9 dynamic group vehicles.
[2023/5/31 - 0:59:43] Erka has respawned group ID 9 dynamic group vehicles.
[2023/5/31 - 8:33:08] Erka have made Erka the leader of the LSPD.
[2023/5/31 - 9:58:29] Erka have made Erka the leader of the LSMD.
[2023/5/31 - 11:28:53] BacSi ThanThien have made BacSi ThanThien the leader of the LSMD.
[2023/5/31 - 11:28:55] Manuel KNguyen have made Manuel KNguyen the leader of the LSPD.
[2023/5/31 - 11:30:11] Manuel KNguyen have made Manuel KNguyen the leader of the Taxi Company.
[2023/5/31 - 12:05:02] NguoiTinh MuaDong has respawned group ID 9 dynamic group vehicles.
[2023/5/31 - 12:24:46] NguoiTinh MuaDong have made NguoiTinh MuaDong the leader of the LSPD.
[2023/5/31 - 12:26:11] Commissioner NguoiTinh MuaDong da dua NguoiTinh MuaDong's DIV den Patrol trong LSPD (1).
[2023/5/31 - 12:34:46] NguoiTinh MuaDong has respawned group ID 1 dynamic group vehicles.
[2023/5/31 - 12:36:01] Manuel KNguyen have made Manuel KNguyen the leader of the LSPD.
[2023/5/31 - 12:38:22] NguoiTinh MuaDong has respawned group ID 1 dynamic group vehicles.
[2023/5/31 - 15:02:01] Diminuto have made Diminuto the leader of the LSMD.
[2023/5/31 - 15:46:23] Mai Anh have made Mai Anh the leader of the Taxi Company.
[2023/5/31 - 16:23:33] Julius Koo has respawned group ID 1 dynamic group vehicles.
[2023/5/31 - 16:42:55] Julius Koo has respawned group ID 1 dynamic group vehicles.
[2023/5/31 - 16:44:05] Julius Koo has respawned group ID 1 dynamic group vehicles.
[2023/5/31 - 17:23:09] Mai Anh have made Mai Anh the leader of the LSPD.
[2023/5/31 - 17:24:39] Commissioner Julius Koo (rank 9) da bi duoi Mai Anh (rank 9) tu LSPD (1).
[2023/5/31 - 17:25:00] Mai Anh have made Mai Anh the leader of the LSPD.
[2023/5/31 - 17:25:11] Commissioner Julius Koo (rank 9) da bi duoi Mai Anh (rank 9) tu LSPD (1).
[2023/5/31 - 17:25:19] Mai Anh have made Mai Anh the leader of the LSPD.
[2023/5/31 - 17:44:34] Davy Wobby has respawned group ID 9 dynamic group vehicles.
[2023/5/31 - 17:45:28] Lucid Dream da bo LSPD khoi rank 9
[2023/5/31 - 18:12:15] Davy Wobby has respawned group ID 9 dynamic group vehicles.
[2023/5/31 - 18:12:35] Davy Wobby has respawned group ID 9 dynamic group vehicles.
[2023/5/31 - 18:12:37] Davy Wobby has respawned group ID 9 dynamic group vehicles.
[2023/5/31 - 18:24:27] Lucid Dream have made Lucid Dream the leader of the Taxi Company.
[2023/5/31 - 18:32:29] Diminuto have made Diminuto the leader of the LSPD.
[2023/5/31 - 18:59:11] Pandaz Edwads have made Pandaz Edwads the leader of the LSPD.
[2023/5/31 - 18:59:15] Pandaz Edwads has respawned group ID 1 dynamic group vehicles.
[2023/5/31 - 19:01:07] Commissioner Pandaz Edwads da dua Pandaz Edwads's DIV den Patrol trong LSPD (1).
[2023/5/31 - 19:04:57] Lucid Dream have made Lucid Dream the leader of the LSPD.
[2023/5/31 - 19:09:53] Richard Eric chap nhan Commissioner Julius Koo's tham gia LSPD (1).
[2023/5/31 - 19:13:28] Pandaz Edwads has respawned group ID 1 dynamic group vehicles.
[2023/5/31 - 20:11:13] Lucid Dream have made Lucid Dream the leader of the LSPD.
[2023/5/31 - 20:11:35] Commissioner Lucid Dream da dua Lucid Dream's DIV den Patrol trong LSPD (1).
[2023/5/31 - 22:47:02] Huynh Chuc have made Huynh Chuc the leader of the LSPD.
[2023/6/1 - 10:56:11] Erka has respawned group ID 1 dynamic group vehicles.
[2023/6/1 - 10:57:30] Erka have made Erka the leader of the LSPD.
[2023/6/1 - 10:59:14] Commissioner Erka da dua Erka's DIV den Patrol trong LSPD (1).
[2023/6/1 - 14:07:46] Jst has respawned group ID 1 dynamic group vehicles.
[2023/6/1 - 20:01:14] Ben Ben chap nhan Commissioner Erka's tham gia LSPD (1).
[2023/6/1 - 20:12:56] Anh Ha chap nhan Commissioner Khang Nguyen's tham gia LSPD (1).
[2023/6/2 - 8:50:52] Death Eye chap nhan Chief of Police Tieu Cuong's tham gia LSPD (1).
[2023/6/2 - 9:38:30] Chief of Police Tieu Cuong (rank 7) da bi duoi Death Eye (rank 0) tu LSPD (1).
[2023/6/2 - 10:09:02] Jst have made Jst the leader of the LSPD.
[2023/6/2 - 11:17:45] Erka da bo LSPD khoi rank 9
[2023/6/2 - 12:12:54] Julius Koo has respawned group ID 1 dynamic group vehicles.
[2023/6/2 - 12:36:53] Julius Koo has respawned group ID 1 dynamic group vehicles.
[2023/6/2 - 13:21:02] Commissioner Julius Koo (rank 9) da bi duoi Death Eye (rank 9) tu LSPD (1).
[2023/6/2 - 13:32:01] Jst have made Jst the leader of the LSPD.
[2023/6/2 - 13:43:02] Jst have made Jst the leader of the LSMD.
[2023/6/2 - 13:43:04] Jst has respawned group ID 9 dynamic group vehicles.
[2023/6/2 - 13:43:23] Jst have made Jst the leader of the LSPD.
[2023/6/2 - 13:44:53] Jst has respawned group ID 1 dynamic group vehicles.
[2023/6/2 - 13:45:33] Diminuto has respawned group ID 1 dynamic group vehicles.
[2023/6/2 - 13:46:18] Julius Koo has respawned group ID 1 dynamic group vehicles.
[2023/6/2 - 13:46:28] Julius Koo has respawned group ID 1 dynamic group vehicles.
[2023/6/2 - 13:46:57] Diminuto has respawned group ID 1 dynamic group vehicles.
[2023/6/2 - 13:47:34] Diminuto has respawned group ID 1 dynamic group vehicles.
[2023/6/2 - 13:47:40] Diminuto has respawned group ID 1 dynamic group vehicles.
[2023/6/2 - 13:54:40] Diminuto has respawned group ID 1 dynamic group vehicles.
[2023/6/2 - 13:55:37] Diminuto has respawned group ID 1 dynamic group vehicles.
[2023/6/2 - 13:55:45] Jst has respawned group ID 1 dynamic group vehicles.
[2023/6/2 - 13:57:00] Julius Koo has respawned group ID 1 dynamic group vehicles.
[2023/6/2 - 13:58:08] Julius Koo has respawned group ID 1 dynamic group vehicles.
[2023/6/2 - 13:58:37] Julius Koo has respawned group ID 1 dynamic group vehicles.
[2023/6/2 - 13:58:59] Julius Koo has respawned group ID 1 dynamic group vehicles.
[2023/6/2 - 13:59:00] Julius Koo has respawned group ID 1 dynamic group vehicles.
[2023/6/2 - 13:59:14] Julius Koo has respawned group ID 1 dynamic group vehicles.
[2023/6/2 - 13:59:44] Julius Koo has respawned group ID 1 dynamic group vehicles.
[2023/6/2 - 14:00:16] Julius Koo has respawned group ID 1 dynamic group vehicles.
[2023/6/2 - 14:02:03] Julius Koo has respawned group ID 1 dynamic group vehicles.
[2023/6/2 - 14:06:13] Julius Koo has respawned group ID 1 dynamic group vehicles.
[2023/6/2 - 14:06:17] Julius Koo has respawned group ID 1 dynamic group vehicles.
[2023/6/2 - 14:09:06] Julius Koo has respawned group ID 1 dynamic group vehicles.
[2023/6/2 - 14:13:57] Erka have made Erka the leader of the LSPD.
[2023/6/2 - 14:14:18] Julius Koo has respawned group ID 1 dynamic group vehicles.
[2023/6/2 - 14:14:41] Julius Koo has respawned group ID 1 dynamic group vehicles.
[2023/6/2 - 14:18:15] Julius Koo has respawned group ID 1 dynamic group vehicles.
[2023/6/2 - 14:18:39] Julius Koo has respawned group ID 1 dynamic group vehicles.
[2023/6/2 - 14:37:56] HinhSu Cuchi have made HinhSu Cuchi the leader of the LSPD.
[2023/6/2 - 15:15:29] VanVo SongToan has respawned group ID 1 dynamic group vehicles.
[2023/6/2 - 17:00:41] Julius Koo has respawned group ID 1 dynamic group vehicles.
[2023/6/2 - 17:45:28] Diminuto have made Diminuto the leader of the LSMD.
[2023/6/2 - 17:47:25] Diminuto have made Diminuto the leader of the LSMD.
[2023/6/2 - 17:47:32] Diminuto has respawned group ID 9 dynamic group vehicles.
[2023/6/2 - 17:48:48] Diminuto has respawned group ID 9 dynamic group vehicles.
[2023/6/2 - 17:48:50] Diminuto has respawned group ID 9 dynamic group vehicles.
[2023/6/2 - 17:48:55] Diminuto has respawned group ID 9 dynamic group vehicles.
[2023/6/3 - 20:03:13] Edward Snowden have made Edward Snowden the leader of the LSPD.
[2023/6/3 - 20:05:13] Edward Snowden have made Edward Snowden the leader of the LSPD.
[2023/6/3 - 20:20:24] Julius Koo has respawned group ID 1 dynamic group vehicles.
[2023/6/3 - 20:33:22] Commissioner Julius Koo da dua Julius Koo's DIV den I.A trong LSPD (1).
[2023/6/3 - 20:40:54] Julius Koo has respawned group ID 1 dynamic group vehicles.
[2023/6/3 - 20:42:07] Julius Koo has respawned group ID 1 dynamic group vehicles.
[2023/6/3 - 21:13:28] NHT da bo LSPD khoi rank 9
[2023/6/3 - 21:18:40] Khang Nguyen have made Khang Nguyen the leader of the LSMD.
[2023/6/3 - 21:20:00] NHT have made NHT the leader of the LSPD.
[2023/6/3 - 21:31:04] Diminuto Edwards have made Diminuto Edwards the leader of the LSPD.
[2023/6/3 - 21:59:44] Commissioner NHT da dua NHT's DIV den Patrol trong LSPD (1).
[2023/6/4 - 8:53:52] Commissioner Julius Koo da dua Julius Koo's DIV den Patrol trong LSPD (1).
[2023/6/4 - 9:24:42] Sigourney da bo LSPD khoi rank 9
[2023/6/4 - 12:57:55] Alexander Fukada have made Alexander Fukada the leader of the LSPD.
[2023/6/4 - 13:12:06] Alexander Fukada da bo LSPD khoi rank 9
[2023/6/4 - 13:16:07] Alexander Fukada have made Alexander Fukada the leader of the LSPD.
[2023/6/4 - 13:30:26] Julius Koo has respawned group ID 1 dynamic group vehicles.
[2023/6/4 - 13:41:40] Julius Koo has respawned group ID 1 dynamic group vehicles.
[2023/6/4 - 13:45:17] Commissioner Alexander Fukada da dua Anh Ha's DIV den Patrol trong LSPD (1).
[2023/6/4 - 13:46:17] Commissioner Alexander Fukada da dua Alexander Fukada's DIV den Patrol trong LSPD (1).
[2023/6/4 - 18:11:39] KhaNG nGUYEN have made KhaNG nGUYEN the leader of the LSPD.
[2023/6/5 - 19:18:21] Commissioner NHT (rank 9) da bi duoi Ben Ben (rank 0) tu LSPD (1).
[2023/6/5 - 19:18:36] NHT have made NHT the leader of the LSPD.
[2023/6/6 - 20:13:00] Khang Nguyen have made Khang Nguyen the leader of the LSPD.
[2023/6/7 - 3:13:54] Diminuto have made Diminuto the leader of the LSMD.
[2023/6/7 - 3:24:55] Diminuto have made Diminuto the leader of the LSMD.
[2023/6/7 - 3:24:58] Diminuto has respawned group ID 9 dynamic group vehicles.
[2023/6/7 - 3:29:06] Diminuto da bo LSMD khoi rank 9
[2023/6/7 - 3:32:11] Diminuto have made Diminuto the leader of the LSMD.
[2023/6/7 - 3:36:41] Diminuto da bo LSMD khoi rank 9
[2023/6/7 - 3:40:42] Diminuto have made Diminuto the leader of the LSMD.
[2023/6/7 - 3:41:02] Diminuto da bo LSMD khoi rank 9
[2023/6/7 - 3:41:33] Diminuto have made Diminuto the leader of the LSMD.
[2023/6/7 - 3:43:46] Fire Chief Diminuto da dua Diminuto's DIV den C.M.D trong LSMD (9).
[2023/6/7 - 3:46:10] Diminuto has respawned group ID 9 dynamic group vehicles.
[2023/6/7 - 3:46:46] Diminuto has respawned group ID 9 dynamic group vehicles.
[2023/6/7 - 3:47:11] Diminuto has respawned group ID 9 dynamic group vehicles.
[2023/6/7 - 3:47:31] Diminuto has respawned group ID 9 dynamic group vehicles.
[2023/6/7 - 3:49:03] Diminuto has respawned group ID 9 dynamic group vehicles.
[2023/6/7 - 20:47:41] Diminuto has respawned group ID 9 dynamic group vehicles.
[2023/6/9 - 16:31:15] Diminuto have made Diminuto the leader of the LSMD.
[2023/6/9 - 16:31:17] Diminuto has respawned group ID 9 dynamic group vehicles.
[2023/6/9 - 16:35:50] Diminuto has respawned group ID 9 dynamic group vehicles.
[2023/6/9 - 16:36:07] Davy Wobby has respawned group ID 9 dynamic group vehicles.
[2023/6/9 - 16:39:01] Diminuto has respawned group ID 9 dynamic group vehicles.
[2023/9/14 - 19:52:22] Diminuto have made Diminuto the leader of the LSMD.
[2023/9/14 - 19:57:57] Diminuto have made Diminuto the leader of the LSPD.
[2023/9/15 - 11:25:41] Diminuto have made Diminuto the leader of the LSPD.
[2023/9/15 - 12:12:45] Diminuto has respawned group ID 1 dynamic group vehicles.
[2023/9/15 - 19:15:52] Dai Ka have made Dai Ka the leader of the LSPD.
[2023/9/16 - 13:19:22] Diminuto E have made Diminuto E the leader of the LSPD.
[2023/9/16 - 13:19:25] Diminuto E have made Diminuto E the leader of the LSMD.
[2023/9/16 - 14:14:45] Tinh Doan have made Tinh Doan the leader of the Taxi Company.
[2023/9/16 - 14:24:11] Diminuto E have made Diminuto E the leader of the LSPD.
[2023/9/18 - 17:42:25] Diminuto E have made Diminuto E the leader of the LSPD.
[2023/9/18 - 17:47:52] Diminuto E da bo LSPD khoi rank 9
[2023/9/18 - 17:48:23] Diminuto E have made Diminuto E the leader of the LSPD.
[2023/9/18 - 17:56:57] Diminuto E have made Diminuto E the leader of the LSPD.
[2023/11/6 - 21:02:39] Diminuto ZZZ have made Diminuto ZZZ the leader of the LSPD.
