[2021/7/23 - 9:06:36] Miles has edited House ID 2's interior VW to 566656.
[2021/7/24 - 9:18:07] Miles has edited HouseID 99999999's Price to $.
[2021/8/2 - 21:30:47] Chiu Linh has edited HouseID 5's Interior. (Before:  0.000000, 0.000000, 0.000000 | After: 2066.241455, -1717.096923, 14.136316
[2021/8/2 - 21:30:59] Chiu Linh has edited HouseID 5's Exterior. (Before:  50000.000000, 50000.000000, 50000.000000 | After: 2066.241455, -1717.08569
[2021/8/2 - 21:37:45] Chiu Linh has edited HouseID 4's Interior. (Before:  243.717193, 304.982055, 999.148437 | After: 318.600311, 1114.479248, 1083.
[2021/8/2 - 21:42:26] Chiu Linh has edited HouseID 5's Interior. (Before:  2066.241455, -1717.096923, 14.136316 | After: 266.498443, 305.052764, 999.
[2021/8/2 - 21:43:19] Chiu Linh has edited HouseID 5's Level to 100.
[2021/8/3 - 0:10:14] LSG RP has edited HouseID 200000's Price to $.
[2021/8/3 - 0:11:09] LSG RP has edited HouseID 0's Price to $.
[2021/8/3 - 0:21:19] LSG RP has edited HouseID 5's Level to 5.
[2021/8/3 - 0:22:39] LSG RP has edited HouseID 5's Custom Interior.
[2021/8/3 - 0:22:40] LSG RP has edited HouseID 5's Custom Interior.
[2021/8/3 - 0:31:20] co rich has edited HouseID 4's Interior. (Before:  318.600311, 1114.479248, 1083.882812 | After: 343.823730, 304.854919, 999.14
[2021/8/3 - 0:31:56] co rich has edited HouseID 4's Interior. (Before:  343.823730, 304.854919, 999.148437 | After: 343.723052, 305.289916, 999.1484
[2021/8/3 - 12:00:43] Chiu Linh has edited HouseID 4's Exterior. (Before:  2067.049072, -1731.498168, 14.206629 | After: 2065.100097, -1703.528442, 1
[2021/8/3 - 12:03:15] Chiu Linh has edited HouseID 5's Exterior. (Before:  2066.241455, -1717.085693, 14.136320 | After: 2015.353027, -1732.575073, 1
[2021/8/3 - 21:01:42] Awery Weedies has edited HouseID 6's Exterior. (Before:  50000.000000, 50000.000000, 50000.000000 | After: 2067.049072, -1731.5
[2021/8/3 - 21:01:54] Awery Weedies has edited HouseID 6's Exterior. (Before:  2067.049072, -1731.524291, 14.206628 | After: 2067.049072, -1731.69238
[2021/8/3 - 21:02:17] Awery Weedies has edited HouseID 6's Level to 0.
[2021/8/3 - 21:03:46] Awery Weedies has edited HouseID 6's Interior. (Before:  0.000000, 0.000000, 0.000000 | After: 243.717239, 305.016479, 999.1484
[2021/8/3 - 21:06:30] Awery Weedies has edited HouseID 4's Interior. (Before:  343.723052, 305.289916, 999.148437 | After: 318.484741, 1114.479248, 1
[2021/8/3 - 22:11:06] Awery Weedies has edited HouseID 7's Exterior. (Before:  50000.000000, 50000.000000, 50000.000000 | After: 2066.241455, -1716.9
[2021/8/3 - 22:11:19] Awery Weedies has edited HouseID 7's Level to 1.
[2021/8/3 - 22:14:34] Awery Weedies has edited HouseID 7's Interior. (Before:  0.000000, 0.000000, 0.000000 | After: 243.717727, 304.977569, 999.1484
[2021/8/3 - 22:30:44] Awery Weedies has edited HouseID 8's Exterior. (Before:  50000.000000, 50000.000000, 50000.000000 | After: 2067.697509, -1628.7
[2021/8/3 - 22:30:57] Awery Weedies has edited HouseID 8's Level to 1.
[2021/8/3 - 22:32:00] Awery Weedies has edited HouseID 8's Interior. (Before:  0.000000, 0.000000, 0.000000 | After: 266.498443, 304.981384, 999.1484
[2021/8/3 - 22:43:13] Awery Weedies has edited HouseID 9's Exterior. (Before:  50000.000000, 50000.000000, 50000.000000 | After: 2067.561523, -1643.6
[2021/8/3 - 22:43:31] Awery Weedies has edited HouseID 9's Interior. (Before:  0.000000, 0.000000, 0.000000 | After: 266.498962, 305.039031, 999.1484
[2021/8/3 - 22:43:40] Awery Weedies has edited HouseID 9's Level to 1.
[2021/8/3 - 22:48:01] Awery Weedies has edited HouseID 4's Interior. (Before:  343.723052, 305.289916, 999.148437 | After: 2468.843505, -1698.394042,
[2021/8/4 - 13:42:06] Awery Weedies has edited HouseID 10's Exterior. (Before:  50000.000000, 50000.000000, 50000.000000 | After: 2066.735839, -1656.
[2021/8/4 - 13:42:25] Awery Weedies has edited HouseID 10's Interior. (Before:  0.000000, 0.000000, 0.000000 | After: 266.498901, 304.959075, 999.148
[2021/8/4 - 13:48:07] Awery Weedies has edited HouseID 11's Exterior. (Before:  50000.000000, 50000.000000, 50000.000000 | After: 2016.201782, -1717.
[2021/8/4 - 13:49:02] Awery Weedies has edited HouseID 11's Interior. (Before:  0.000000, 0.000000, 0.000000 | After: 266.498535, 305.114990, 999.148
[2021/8/4 - 13:49:56] Awery Weedies has edited HouseID 12's Exterior. (Before:  50000.000000, 50000.000000, 50000.000000 | After: 2018.243652, -1703.
[2021/8/4 - 13:50:09] Awery Weedies has edited HouseID 12's Interior. (Before:  0.000000, 0.000000, 0.000000 | After: 266.498443, 304.974792, 999.148
[2021/8/4 - 13:50:31] Awery Weedies has edited HouseID 13's Exterior. (Before:  50000.000000, 50000.000000, 50000.000000 | After: 2013.579223, -1656.
[2021/8/4 - 13:50:41] Awery Weedies has edited HouseID 13's Interior. (Before:  488.797607, 1405.033081, -64.517356 | After: 266.498443, 305.101654, 
[2021/8/4 - 13:50:52] Awery Weedies has edited HouseID 14's Exterior. (Before:  50000.000000, 50000.000000, 50000.000000 | After: 2016.544799, -1641.
[2021/8/4 - 13:51:04] Awery Weedies has edited HouseID 14's Interior. (Before:  0.000000, 0.000000, 0.000000 | After: 266.498443, 304.887329, 999.148
[2021/8/4 - 13:51:23] Awery Weedies has edited HouseID 15's Exterior. (Before:  50000.000000, 50000.000000, 50000.000000 | After: 2018.055786, -1630.
[2021/8/4 - 13:52:17] Awery Weedies has edited HouseID 15's Interior. (Before:  0.000000, 0.000000, 0.000000 | After: 266.498443, 305.037536, 999.148
[2021/8/4 - 20:34:14] Awery Weedies has edited HouseID 12's Level to 0.
[2021/8/4 - 22:38:30] LSG RP has edited HouseID 10's Exterior. (Before:  2066.735839, -1656.473022, 14.132809 | After: 2209.762207, -1240.243164, 24.
[2021/8/4 - 22:38:33] LSG RP has edited HouseID 10's Interior. (Before:  266.498901, 304.959075, 999.148437 | After: 2209.762207, -1240.243164, 24.48
[2021/8/4 - 22:38:38] LSG RP has edited HouseID 10000000's Price to $.
[2021/8/6 - 19:15:31] Chiu Linh has edited HouseID 8's Exterior. (Before:  2067.697509, -1628.791259, 14.206629 | After: 1980.991821, -1682.871337, 1
[2021/8/7 - 11:40:11] co rich has edited HouseID 1's Exterior. (Before:  2244.524902, -1637.636718, 16.237880 | After: 2065.140625, -1874.998168, 14.
[2021/8/7 - 15:23:38] co rich has edited HouseID 11's Exterior. (Before:  2016.201782, -1717.130126, 14.125000 | After: 2053.080810, -1774.498168, 15
[2021/8/7 - 15:27:00] co rich has edited HouseID 500000's Price to $.
[2021/8/7 - 15:28:58] co rich has edited HouseID 11's Interior. (Before:  266.498535, 305.114990, 999.148437 | After: 299.783203, 311.650695, 1003.30
[2021/8/7 - 15:29:12] co rich has edited HouseID 11's Custom Interior.
[2021/8/7 - 15:29:20] co rich has edited HouseID 11's Custom Interior.
[2021/8/7 - 15:29:26] co rich has edited HouseID 11's Custom Exterior.
[2021/8/7 - 15:29:28] co rich has edited HouseID 11's Custom Exterior.
[2021/8/7 - 15:29:57] co rich has edited HouseID 11's Interior. (Before:  299.783203, 311.650695, 1003.304687 | After: 299.783203, 311.650695, 1003.3
[2021/8/7 - 15:33:07] Huy 2k8 has edited HouseID 10000000's Price to $.
[2021/8/7 - 15:33:15] Huy 2k8 has edited HouseID 10000000's Price to $.
[2021/8/7 - 15:33:25] Huy 2k8 has edited HouseID 10000000's Price to $.
[2021/8/7 - 15:33:37] co rich has edited HouseID 11's Level to 2.
[2021/8/10 - 0:15:39] Quang Huy has edited HouseID 11's Exterior. (Before:  2053.080810, -1774.498168, 15.218489 | After: 2276.968261, -1776.350341, 
[2021/8/10 - 0:26:44] Quang Huy has edited HouseID 1's Exterior. (Before:  2065.140625, -1874.998168, 14.187500 | After: 2039.632934, -1806.062622, 1
[2021/8/10 - 0:26:53] Quang Huy has edited HouseID 1's Exterior. (Before:  2039.632934, -1806.062622, 14.510623 | After: 2040.089233, -1806.703002, 1
[2021/8/10 - 0:27:06] Quang Huy has edited HouseID 1's Exterior. (Before:  2040.089233, -1806.703002, 14.510623 | After: 1980.391479, -1718.886962, 1
[2021/8/10 - 0:28:51] Quang Huy has edited HouseID 11's Exterior. (Before:  2276.968261, -1776.350341, 14.201410 | After: 1987.570556, -1774.356445, 
[2021/8/10 - 12:15:19] Chiu Linh has edited HouseID 0's Price to $.
[2021/8/10 - 12:17:45] Chiu Linh has edited HouseID 13's Interior. (Before:  266.498443, 305.101654, 999.148437 | After: 243.717300, 305.036163, 999.1
[2021/8/10 - 12:22:37] Chiu Linh has edited HouseID 15's Interior. (Before:  266.498443, 305.037536, 999.148437 | After: 2468.843505, -1698.368164, 10
[2021/8/10 - 12:24:04] Chiu Linh has edited HouseID 14's Interior. (Before:  266.498443, 304.887329, 999.148437 | After: 2468.843505, -1698.361328, 10
[2021/8/10 - 12:26:59] Chiu Linh has edited HouseID 0's Price to $.
[2021/8/10 - 12:27:06] Chiu Linh has edited HouseID 14's Level to 0.
[2021/8/10 - 12:29:26] Chiu Linh has edited HouseID 13's Interior. (Before:  243.717300, 305.036163, 999.148437 | After: 243.720886, 304.867370, 999.1
[2021/8/10 - 12:29:42] Chiu Linh has edited HouseID 13's Level to 0.
[2021/8/10 - 13:07:54] Chiu Linh has edited HouseID 15's Exterior. (Before:  2018.055786, -1630.008911, 14.042570 | After: 2066.735839, -1656.450683, 
[2021/8/10 - 13:08:25] Chiu Linh has edited HouseID 15's Interior. (Before:  2468.843505, -1698.368164, 1013.507812 | After: 243.717254, 305.033813, 9
[2021/8/10 - 13:08:36] Chiu Linh has edited HouseID 0's Price to $.
[2021/8/10 - 13:08:40] Chiu Linh has edited HouseID 15's Level to 0.
[2021/8/10 - 13:09:00] Chiu Linh has edited HouseID 11's Exterior. (Before:  1987.570556, -1774.356445, 13.547849 | After: 2067.697509, -1628.851318, 
[2021/8/10 - 13:09:16] Chiu Linh has edited HouseID 11's Interior. (Before:  299.783203, 311.650695, 1003.304687 | After: 243.719116, 304.977569, 999.
[2021/8/10 - 13:09:24] Chiu Linh has edited HouseID 0's Price to $.
[2021/8/10 - 13:29:43] Chiu Linh has edited HouseID 16's Exterior. (Before:  50000.000000, 50000.000000, 50000.000000 | After: 1987.577880, -1774.3585
[2021/8/10 - 13:31:57] Chiu Linh has edited HouseID 16's Interior. (Before:  0.000000, 0.000000, 0.000000 | After: 2807.474853, -1174.757568, 1025.570
[2021/8/10 - 13:32:13] Chiu Linh has edited HouseID 16's Level to 0.
[2021/8/11 - 10:05:34] Chiu Linh has edited HouseID 17's Exterior. (Before:  50000.000000, 50000.000000, 50000.000000 | After: 2018.055786, -1629.9000
[2021/8/11 - 10:06:50] Chiu Linh has edited HouseID 17's Interior. (Before:  0.000000, 0.000000, 0.000000 | After: 266.498443, 305.114288, 999.148437)
[2021/8/11 - 10:18:56] Chiu Linh has edited HouseID 17's Level to 0.
[2021/8/11 - 10:20:18] Chiu Linh has edited HouseID 500000's Price to $.
[2021/8/12 - 3:27:33] Quang Huy has edited HouseID 16's Interior. (Before:  2807.474853, -1174.757568, 1025.570312 | After: 1261.244506, -785.416687,
[2021/8/12 - 3:27:40] Quang Huy has edited HouseID 16's Custom Interior.
[2021/8/12 - 3:27:41] Quang Huy has edited HouseID 16's Custom Interior.
[2021/8/16 - 15:24:26] Quang Huy has edited HouseID 3's Exterior. (Before:  2055.699218, -1801.046875, 15.187609 | After: 2075.310546, -1714.638183, 1
[2021/8/16 - 15:24:36] Quang Huy has edited HouseID 3's Exterior. (Before:  2075.310546, -1714.638183, 13.546875 | After: 2066.570068, -1720.966918, 1
[2021/8/18 - 16:01:23] Quang Huy has edited HouseID 2's Exterior. (Before:  2053.057861, -1819.348022, 15.187910 | After: 2051.267578, -1796.350952, 2
[2021/8/22 - 22:03:53] Awery Weedie has edited HouseID 1's Price to $.
[2021/8/22 - 22:04:58] Awery Weedie has edited HouseID 17's Exterior. (Before:  2018.055786, -1629.900024, 14.042570 | After: 2065.100097, -1703.45336
[2021/8/22 - 22:05:06] Awery Weedie has edited HouseID 17's Exterior. (Before:  2065.100097, -1703.453369, 14.148437 | After: 2067.252197, -1703.96765
[2021/8/22 - 22:05:13] Awery Weedie has edited HouseID 4's Exterior. (Before:  2065.100097, -1703.528442, 14.148440 | After: 2058.102783, -1698.353027
[2021/8/22 - 22:05:22] Awery Weedie has edited HouseID 17's Exterior. (Before:  2067.252197, -1703.967651, 14.148437 | After: 2065.100097, -1703.45397
[2021/8/22 - 22:05:32] Awery Weedie has edited HouseID 0's Price to $.
[2021/8/22 - 22:15:25] Awery Weedie has edited HouseID 6's Exterior. (Before:  2067.049072, -1731.692382, 14.206629 | After: 2056.677001, -1732.309326
[2021/8/22 - 22:15:45] Awery Weedie has edited HouseID 18's Exterior. (Before:  50000.000000, 50000.000000, 50000.000000 | After: 2067.049072, -1731.5
[2021/8/22 - 22:16:52] Awery Weedie has edited HouseID 18's Interior. (Before:  0.000000, 0.000000, 0.000000 | After: 243.721374, 304.950195, 999.1484
[2021/8/22 - 22:17:08] Awery Weedie has edited HouseID 18's Level to 0.
[2021/8/23 - 22:08:04] thuan pham has edited HouseID 19's Exterior. (Before:  50000.000000, 50000.000000, 50000.000000 | After: 1853.979736, -1914.388
[2021/8/23 - 22:08:24] thuan pham has edited HouseID 19's Level to 1.
[2021/8/23 - 22:08:53] thuan pham has edited HouseID 1's Price to $.
[2021/8/23 - 22:09:28] thuan pham has edited HouseID 20's Exterior. (Before:  50000.000000, 50000.000000, 50000.000000 | After: 1872.135253, -1912.004
[2021/8/23 - 22:11:24] thuan pham has edited HouseID 20's Interior. (Before:  0.000000, 0.000000, 0.000000 | After: 2283.040039, -1140.280029, 1050.89
[2021/8/23 - 22:11:34] thuan pham has edited HouseID 1's Price to $.
[2021/8/23 - 22:11:46] thuan pham has edited HouseID 20's Custom Interior.
[2021/8/23 - 22:11:50] thuan pham has edited HouseID 20's Custom Exterior.
[2021/8/23 - 22:11:57] thuan pham has edited HouseID 20's Level to 1.
[2021/8/23 - 22:12:03] thuan pham has edited HouseID 20's Level to 0.
[2021/8/23 - 22:12:13] thuan pham has edited HouseID 20's Custom Exterior.
[2021/8/23 - 22:12:18] thuan pham has edited HouseID 20's Custom Interior.
[2021/8/26 - 20:22:55] Awery Weedie has edited HouseID 23's Exterior. (Before:  50000.000000, 50000.000000, 50000.000000 | After: 1332.229858, -633.46
[2021/8/26 - 20:25:14] Awery Weedie has edited HouseID 23's Interior. (Before:  0.000000, 0.000000, 0.000000 | After: 2324.360839, -1149.546142, 1050.
[2021/8/26 - 20:25:40] Awery Weedie has edited HouseID 23's Level to 1.
[2021/12/27 - 16:50:01] Cycool has edited HouseID 24's Exterior. (Before:  50000.000000, 50000.000000, 50000.000000 | After: 1259.638671, -785.343017, 
[2021/12/27 - 16:50:08] Cycool has edited HouseID 24's Interior. (Before:  0.000000, 0.000000, 0.000000 | After: 1260.640014, -785.369995, 1091.906250)
[2021/12/27 - 16:50:19] Cycool has edited HouseID 46's Level to 1.
[2021/12/27 - 16:50:24] Cycool has edited HouseID 24's Level to 1.
[2021/12/27 - 16:50:33] Cycool has edited HouseID 24's Custom Exterior.
[2021/12/27 - 16:50:34] Cycool has edited HouseID 24's Custom Exterior.
[2021/12/30 - 11:37:19] Cris Pham has edited HouseID 8's Exterior. (Before:  1980.991821, -1682.871337, 17.053770 | After: 1981.190429, -1682.825195, 1
[2021/12/30 - 11:37:59] Cris Pham has edited HouseID 8's Interior. (Before:  266.498443, 304.981384, 999.148437 | After: 2365.166259, -1135.597412, 105
[2021/12/30 - 12:38:51] Lady Killer has edited HouseID 25's Exterior. (Before:  50000.000000, 50000.000000, 50000.000000 | After: 104.030334, -913.1533
[2021/12/30 - 12:39:10] Lady Killer has edited HouseID 25's Exterior. (Before:  104.030334, -913.153320, 3.418840 | After: 104.029098, -913.121337, 3.4
[2022/9/18 - 2:02:48] Tu Le has edited HouseID 24's Exterior. (Before:  50000.000000, 50000.000000, 50000.000000 | After: 2011.421997, -1681.142211, 
[2022/9/18 - 2:02:59] Tu Le has edited HouseID 1's Level to 2319376.
[2022/9/18 - 2:03:01] Tu Le has edited HouseID 10's Level to 1.
[2022/9/18 - 2:03:10] Tu Le has edited HouseID 24's Level to 1.
[2022/9/18 - 2:04:15] Tu Le has edited HouseID 24's Interior. (Before:  0.000000, 0.000000, 0.000000 | After: 1263.751831, -781.369934, 1091.906250)
[2023/5/29 - 22:22:42] Henny has edited HouseID 25's Exterior. (Before:  50000.000000, 50000.000000, 50000.000000 | After: 1442.405639, -628.835327, 9
[2023/5/29 - 22:22:51] Henny has edited HouseID 10000's Price to $.
[2023/5/29 - 22:22:52] Henny has edited HouseID 100001's Price to $.
[2023/5/29 - 22:23:23] Henny has edited HouseID 25's Level to 1.
[2023/5/29 - 22:29:49] Henny has edited HouseID 25's Interior. (Before:  0.000000, 0.000000, 0.000000 | After: 235.152664, 1186.685668, 1080.257812)
[2023/5/29 - 22:30:28] Henny has edited HouseID 1's Price to $.
[2023/5/29 - 22:33:18] Henny has edited HouseID 26's Exterior. (Before:  50000.000000, 50000.000000, 50000.000000 | After: 1454.351074, -609.385375, 9
[2023/5/29 - 22:34:15] Henny has edited HouseID 26's Interior. (Before:  0.000000, 0.000000, 0.000000 | After: 140.387283, 1365.917480, 1083.859375)
[2023/5/29 - 22:34:39] Henny has edited HouseID 1's Price to $.
[2023/5/29 - 22:34:55] Henny has edited HouseID 26's Level to 1.
[2023/5/29 - 23:19:24] Henny has edited HouseID 27's Exterior. (Before:  50000.000000, 50000.000000, 50000.000000 | After: 2807.915039, -1175.916259, 
[2023/5/29 - 23:19:59] Henny has edited HouseID 26's Interior. (Before:  140.387283, 1365.917480, 1083.859375 | After: 140.463851, 1365.919555, 1083.8
[2023/5/29 - 23:20:11] Henny has edited HouseID 26's Interior. (Before:  140.463851, 1365.919555, 1083.859375 | After: 140.452713, 1365.922485, 1083.8
[2023/5/29 - 23:21:30] Henny has edited HouseID 27's Interior. (Before:  0.000000, 0.000000, 0.000000 | After: 233.927246, 1063.717651, 1084.212280)
[2023/5/29 - 23:21:48] Henny has edited HouseID 27's Level to 1.
