[2021/2/28 - 2:28:43] Thinhh Van has IP Checked Dang An
[2021/3/1 - 7:10:27] Matthus Zeus has IP Checked Son GAU
[2021/8/2 - 13:06:52] co rich has IP Checked Duc Thinh XrfM
[2021/8/2 - 13:18:18] LSG RP has IP Checked co rich
[2021/8/2 - 13:41:38] LSG RP has IP Checked Bosix Tyller
[2021/8/2 - 13:41:41] LSG RP has IP Checked Justin Treadwll
[2021/8/4 - 16:19:49] LSG RP has IP Checked Pham Ngo
[2021/8/6 - 12:57:20] LSG RP has IP Checked Sela Cool
[2021/8/6 - 14:28:05] LSG RP has IP Checked LSA_kietgia
[2021/8/7 - 17:10:27] Huy 2k8 has IP Checked Vi Puscu
[2021/8/22 - 1:38:51] Quang Huy has IP Checked GOS Akina
[2021/8/22 - 1:39:20] Quang Huy has IP Checked GOS Akina
[2021/8/22 - 1:39:21] Quang Huy has IP Checked Tien AK
[2021/8/22 - 1:41:18] Quang Huy has IP Checked Tien AK
[2021/8/26 - 2:13:20] Quang Huy has IP Checked Rhagagea Quin
[2021/8/26 - 16:33:52] Quang Huy has IP Checked Phong_GoodBoy
[2021/8/26 - 16:50:05] Quang Huy has IP Checked Sir_Xuf
[2021/8/26 - 18:00:15] Quang Huy has IP Checked John_sun
[2021/8/28 - 19:46:39] Quang Huy has IP Checked Lionel Khem
[2021/8/28 - 19:47:30] Quang Huy has IP Checked Quang Huy
[2021/8/28 - 19:47:31] Quang Huy has IP Checked Lionel Khem
[2021/8/28 - 19:47:32] Quang Huy has IP Checked Peter Jasonz
[2021/8/28 - 19:47:34] Quang Huy has IP Checked zuu zuu
[2021/8/28 - 19:47:35] Quang Huy has IP Checked Petes williams
[2021/8/28 - 19:48:07] Quang Huy has IP Checked Chu Ling
[2021/8/29 - 23:59:13] Quang Huy has IP Checked Dang NgocTram
[2021/8/29 - 23:59:16] Quang Huy has IP Checked Le NhatLinh
[2021/8/29 - 23:59:21] Quang Huy has IP Checked Co Rich
[2021/8/30 - 0:02:03] Quang Huy has IP Checked Chu_Ling
[2021/8/30 - 0:02:10] Quang Huy has IP Checked Le NhatLinh
[2021/8/30 - 11:35:52] Quang Huy has IP Checked Win_Sugar
[2021/8/30 - 11:36:35] Quang Huy has IP Checked Sir_Xuf
[2021/8/31 - 19:05:05] Quang Huy has IP Checked QuAcK qUaCk
[2021/12/27 - 16:07:20] Bac Si has IP Checked Kevin_James
[2021/12/27 - 16:13:02] Quang Huy has IP Checked Hades_Kill
[2021/12/27 - 16:15:49] Quang Huy has IP Checked Steven_Jill
[2021/12/27 - 18:55:49] Quang Huy(AFK) has IP Checked Vo_VanTai
[2021/12/27 - 19:10:02] Quang Huy(AFK) has IP Checked ChienThan_HackTele
[2021/12/27 - 19:22:36] Quang Huy(AFK) has IP Checked LeMinh_Khoi
[2021/12/27 - 19:54:50] cris pham has IP Checked LeTan Huwng
[2021/12/27 - 19:54:55] cris pham has IP Checked LeTan Huwng
[2021/12/30 - 6:18:18] Linda Elizabeth has IP Checked Ngoc Tham
[2021/12/30 - 14:27:59] Miles Nguyen has IP Checked Linda Elizabeth
[2022/9/18 - 1:59:56] Xanh Chi Lon has IP Checked VanDinhDangDdosSeverTun
[2023/5/26 - 22:01:30] Jst has IP Checked Davy_Wobby
[2023/5/27 - 11:03:05] Jst has IP Checked xuan_dat
[2023/5/27 - 12:14:53] Jst has IP Checked Gia_Hung
[2023/5/27 - 12:54:45] Jst has IP Checked Louis_Zzz
[2023/5/29 - 21:57:42] Diminuto has IP Checked Thanh_Liem
[2023/5/29 - 21:57:45] Jst has IP Checked Thanh_Liem
[2023/5/29 - 23:12:21] Diminuto has IP Checked eric_yeuem
[2023/5/30 - 0:07:09] Jst has IP Checked nguyen_kim_tien
[2023/5/30 - 10:49:42] Diminuto has IP Checked Bao_Thien
[2023/5/30 - 10:50:19] Diminuto has IP Checked Bao_Thien
[2023/5/30 - 11:00:25] Diminuto has IP Checked rakan_ne
[2023/5/30 - 11:33:41] Henny has IP Checked Diminuto
[2023/5/30 - 14:15:24] Diminuto has IP Checked TruongAnh Ngoc
[2023/5/30 - 15:28:44] Diminuto has IP Checked gori gori
[2023/5/30 - 16:51:40] Diminuto has IP Checked Henny
[2023/5/30 - 20:24:51] Jst has IP Checked Diminuto
[2023/5/30 - 22:34:40] Diminuto has IP Checked Thanh_Hoai
[2023/5/30 - 23:02:32] Diminuto has IP Checked tham langae
[2023/5/31 - 11:36:48] Diminuto has IP Checked william_tome
[2023/5/31 - 11:40:50] BacSi ThanThien has IP Checked Khang loced
[2023/5/31 - 11:47:57] JST has IP Checked Khang_loced
[2023/5/31 - 11:48:38] JST has IP Checked rakan_ne
[2023/5/31 - 11:49:21] JST has IP Checked tham_langae
[2023/5/31 - 11:50:13] Diminuto has IP Checked rakan_ne
[2023/5/31 - 11:50:29] JST has IP Checked rakan_ne
[2023/5/31 - 11:50:34] Manuel KNguyen has IP Checked Diminuto
[2023/5/31 - 11:50:59] JST has IP Checked Khang_loced
[2023/5/31 - 11:51:21] JST has IP Checked JST
[2023/5/31 - 12:24:07] NguoiTinh MuaDong has IP Checked Manuel_KNguyen
[2023/5/31 - 14:13:17] TuanTu has IP Checked tod_Sup
[2023/5/31 - 14:23:38] TuanTu has IP Checked tod_Sup
[2023/5/31 - 14:49:30] Diminuto has IP Checked Manuel_KNguyen
[2023/5/31 - 15:00:25] Diminuto has IP Checked A_Bu
[2023/5/31 - 18:55:19] Diminuto has IP Checked Edward_Snowden
[2023/5/31 - 18:56:30] Diminuto has IP Checked Erka
[2023/5/31 - 18:57:48] Diminuto has IP Checked edward_nguyen
[2023/5/31 - 19:18:26] Diminuto has IP Checked Richard_Eric
[2023/5/31 - 22:46:56] Diminuto has IP Checked A_Bu
[2023/5/31 - 23:18:53] Anh5 has IP Checked yyy qqq
[2023/6/1 - 19:43:44] Jst has IP Checked rakan_ne
[2023/6/1 - 20:09:03] Diminuto Edison has IP Checked Ben_Ben
[2023/6/1 - 21:32:49] Diminuto Edison has IP Checked Tuan_Tu
[2023/6/2 - 10:19:19] Jst has IP Checked tham_langae
[2023/6/2 - 13:07:35] Jst has IP Checked ice_ui
[2023/6/2 - 13:15:48] Jst has IP Checked phong_kinzzz
[2023/6/2 - 13:37:53] Diminuto has IP Checked Jst
[2023/6/2 - 14:15:55] Diminuto has IP Checked Erka
[2023/6/2 - 16:14:41] NHT has IP Checked Diminuto
[2023/6/2 - 16:21:39] NHT has IP Checked Vincent_Marko
[2023/6/2 - 18:15:48] NHT has IP Checked William_Shirer
[2023/6/3 - 21:18:50] NHT has IP Checked tom_premium
[2023/6/3 - 21:19:04] Diminuto Edwards has IP Checked tom_premium
[2023/6/3 - 21:29:13] Diminuto Edwards has IP Checked tom_premium
[2023/6/4 - 1:30:04] Diminuto Edwards has IP Checked Diminuto_Edwards
[2023/6/4 - 14:32:59] Diminuto Edwards has IP Checked Huynh_NgocQuy
[2023/6/4 - 14:33:05] Diminuto Edwards has IP Checked Lion_Ronaldo
[2023/6/4 - 14:33:11] Diminuto Edwards has IP Checked Quang_Tran
[2023/6/6 - 21:17:34] Diminuto Edwards has IP Checked Kid_Huy
[2023/6/6 - 21:17:40] Diminuto Edwards has IP Checked Bao_Thien
[2023/6/6 - 21:30:05] Diminuto has IP Checked Te_HotLu
[2023/6/7 - 19:36:33] Diminuto has IP Checked Bao_Thien
[2023/6/9 - 17:28:31] Diminuto has IP Checked Gia_Linh
[2023/9/15 - 12:36:05] Diminuto has IP Checked Vincent_Marko
[2023/9/15 - 19:18:31] Diminuto Z has IP Checked Lil_Dylan
