[2021/3/15 - 9:29:43] Administrator ntv pool da dua giay phep lai xe taxi cho Van Dat.
[2021/7/21 - 14:56:40] Administrator Vixx has given a pilot license to Vixx.
[2021/7/24 - 21:38:12] Administrator miles has given a pilot license to miles.
[2021/8/9 - 0:30:31] Administrator Huy 2k8 has given a pilot license to binh sang.
[2021/8/9 - 0:30:36] Administrator Huy 2k8 has given a pilot license to Minh phan.
[2021/8/13 - 23:14:58] Administrator con Dy has given a pilot license to CL 22.
[2021/8/22 - 1:18:11] Administrator Quang Huy has given a pilot license to Quang Huy.
[2021/8/22 - 15:30:11] Administrator Zuu Zuu has given a driver's license to Zuu Zuu.
[2021/8/22 - 15:30:12] Administrator CL 22 has given a pilot license to CL 22.
[2021/8/22 - 15:30:17] Administrator Zuu Zuu has given a boating license to Zuu Zuu.
[2021/8/22 - 15:30:20] Administrator Zuu Zuu has given a pilot license to Zuu Zuu.
[2021/8/22 - 15:30:21] Administrator Zuu Zuu da dua giay phep lai xe taxi cho Zuu Zuu.
[2021/8/22 - 15:58:39] Administrator CL 22 has given a boating license to CL 22.
[2021/8/22 - 15:58:41] Administrator CL 22 da dua giay phep lai xe taxi cho CL 22.
[2021/8/23 - 0:40:49] Administrator Awery Weedie has given a pilot license to Awery Weedie.
[2021/8/24 - 20:44:45] Administrator co rit has given a pilot license to co rit.
[2021/8/24 - 20:50:56] Administrator Quang Huy has given a driver's license to Phat Dz.
[2021/8/24 - 20:51:04] Administrator Quang Huy has given a driver's license to Quang Huy.
[2021/8/24 - 21:35:50] Administrator Co Rich has given a driver's license to Rowan Atkinson.
[2021/8/24 - 21:35:51] Administrator Co Rich has given a boating license to Rowan Atkinson.
[2021/8/24 - 21:35:52] Administrator Co Rich has given a pilot license to Rowan Atkinson.
[2021/8/24 - 21:35:53] Administrator Co Rich da dua giay phep lai xe taxi cho Rowan Atkinson.
[2021/8/26 - 2:28:51] Administrator zuu zuu has given a pilot license to zuu zuu.
[2021/8/29 - 2:25:45] Administrator peter jasonz has given a driver's license to peter jasonz.
[2021/8/29 - 2:25:47] Administrator peter jasonz has given a boating license to peter jasonz.
[2021/8/29 - 2:25:48] Administrator peter jasonz da dua giay phep lai xe taxi cho peter jasonz.
[2021/8/29 - 22:57:09] Administrator Awery Weedie has given a driver's license to Awery Weedie.
[2021/8/29 - 22:57:10] Administrator Awery Weedie has given a boating license to Awery Weedie.
[2021/8/29 - 22:57:12] Administrator Awery Weedie da dua giay phep lai xe taxi cho Awery Weedie.
[2021/12/12 - 22:24:54] Administrator Quang Huy da dua giay phep lai xe taxi cho Quang Huy.
[2021/12/12 - 22:38:55] Administrator huy nghean da dua giay phep lai xe taxi cho huy nghean.
[2021/12/20 - 11:01:20] Administrator Brokest da dua giay phep lai xe taxi cho Brokest.
[2021/12/20 - 11:01:21] Administrator Brokest has given a pilot license to Brokest.
[2021/12/21 - 14:15:17] Administrator Matthus Akio has given a driver's license to Matthus Akio.
[2021/12/21 - 14:15:20] Administrator Matthus Akio has given a boating license to Matthus Akio.
[2021/12/21 - 14:15:23] Administrator Matthus Akio has given a pilot license to Matthus Akio.
[2021/12/27 - 16:35:29] Administrator Cycool has given a driver's license to insane bloody.
[2021/12/27 - 16:35:32] Administrator Cycool has given a driver's license to Dontavius Cladwell.
[2021/12/27 - 16:35:33] Administrator Cycool has given a driver's license to Lamont Burlay.
[2021/12/27 - 16:35:50] Administrator Cycool has given a pilot license to Dontavius Cladwell.
[2021/12/27 - 16:35:53] Administrator Cycool has given a pilot license to Jayden Stanfield.
[2021/12/28 - 12:10:53] Administrator Liv Javier da dua giay phep lai xe taxi cho Liv Javier.
[2021/12/29 - 13:11:10] Administrator Cris Pham da dua giay phep lai xe taxi cho Cris Pham.
[2021/12/29 - 14:04:10] Administrator Cycool has given a pilot license to insane bloody.
[2021/12/29 - 14:04:14] Administrator Cycool has given a pilot license to Athony Gordado.
[2022/9/20 - 0:03:47] Administrator Mai.Yeu.Khanh.Zy has given a pilot license to Mai.Yeu.Khanh.Zy.
[2023/5/23 - 17:26:48] Administrator Pandaz Edwards has given a pilot license to Pandaz Edwards.
[2023/5/25 - 19:16:31] Administrator Phat NeCon has given a driver's license to Phat NeCon.
[2023/5/25 - 19:16:31] Administrator Phat NeCon has given a boating license to Phat NeCon.
[2023/5/25 - 19:16:32] Administrator Phat NeCon has given a pilot license to Phat NeCon.
[2023/5/25 - 19:16:32] Administrator Phat NeCon da dua giay phep lai xe taxi cho Phat NeCon.
