[2021/5/21 - 23:56:40] Ntv pool created a Infernus (411) for Ntv pool.
[2021/5/22 - 1:08:16] Ntv pool created a Sultan (560) for Ntv pool.
[2021/6/1 - 22:10:44] Ntv Pooll created a NRG-500 (522) for Ntv Pooll.
[2021/6/22 - 18:15:20] NTV NTV created a Flatbed (455) for NTV NTV.
[2021/6/23 - 15:00:31] ntv ntv created a Infernus (411) for ntv ntv.
[2021/6/23 - 15:14:33] ntv ntv created a NRG-500 (522) for ntv ntv.
[2021/6/23 - 15:14:45] ntv ntv created a NRG-500 (522) for ntv ntv.
[2021/6/23 - 15:16:47] ntv ntv created a Sultan (560) for ntv ntv.
[2021/6/23 - 15:24:34] ntv ntv created a NRG-500 (522) for ntv ntv.
[2021/6/23 - 15:36:12] ntv ntv created a NRG-500 (522) for ntv ntv.
[2021/6/26 - 11:43:59] NTV NTV created a NRG-500 (522) for NTV NTV.
[2021/6/27 - 22:10:10] ntv ntv created a Infernus (411) for ntv ntv.
[2021/6/27 - 22:10:31] ntv ntv created a Manana (410) for ntv ntv.
[2021/6/27 - 22:15:49] ntv ntv created a Manana (410) for ntv ntv.
[2021/7/3 - 16:07:45] NTV NTV created a Infernus (411) for NTV NTV.
[2021/7/4 - 16:42:40] NTV NTV created a Infernus (411) for NTV NTV.
[2021/7/24 - 17:56:34] Weedie created a Clover (542) for Weedie.
[2021/7/25 - 1:53:21] Ntv Ntv created a Tahoma (566) for Ntv Ntv.
[2021/7/25 - 3:43:37] Vixx created a Tahoma (566) for Vixx.
[2021/7/25 - 3:57:44] Vixx created a Tahoma (566) for Vixx.
[2021/7/25 - 4:17:35] Vixx created a Tahoma (566) for Vixx.
[2021/7/25 - 4:21:20] Vixx created a Tahoma (566) for Vixx.
[2021/7/25 - 21:59:01] Vixx created a NRG-500 (522) for Vixx.
[2021/7/25 - 22:47:11] Vixx created a Tahoma (566) for Vixx.
[2021/7/25 - 22:47:17] Vixx created a Tahoma (566) for Vixx.
[2021/7/25 - 22:59:51] Vixx created a Tahoma (566) for Vixx.
[2021/7/25 - 22:59:59] Vixx created a Tahoma (566) for Vixx.
[2021/7/25 - 23:00:08] Vixx created a Tahoma (566) for Vixx.
[2021/7/25 - 23:32:44] Vixx created a Tahoma (566) for Vixx.
[2021/7/26 - 8:26:38] Vixx created a Tahoma (566) for Vixx.
[2021/7/26 - 8:38:37] Vixx created a Tahoma (566) for Vixx.
[2021/7/26 - 8:50:11] Vixx created a Infernus (411) for Vixx.
[2021/7/26 - 8:52:47] Vixx created a Infernus (411) for Vixx.
[2021/7/26 - 9:04:24] Vixx created a Infernus (411) for Vixx.
[2021/7/26 - 9:06:54] Vixx created a Infernus (411) for Vixx.
[2021/7/26 - 9:09:15] Vixx created a Infernus (411) for Vixx.
[2021/7/30 - 22:09:52] Vixx created a Sultan (560) for Vixx.
[2021/7/30 - 22:10:57] Vixx created a Sultan (560) for Vixx.
[2021/7/30 - 22:17:46] Vixx created a Tahoma (566) for Vixx.
[2021/7/30 - 22:20:59] Vixx created a Tahoma (566) for Vixx.
[2021/7/30 - 22:25:06] Vixx created a Tahoma (566) for Vixx.
[2021/7/30 - 22:27:09] Vixx created a Tahoma (566) for Vixx.
[2021/8/2 - 23:50:47] LSG RP created a Savanna (567) for LSG RP.
[2021/8/2 - 23:52:34] LSG RP created a Elegy (562) for YangHo The Sun.
[2021/8/3 - 12:29:01] Chiu Linh created a Savanna (567) for Chiu Linh.
[2021/8/3 - 12:35:26] Chiu Linh created a Turismo (451) for Chiu Linh.
[2021/8/3 - 21:07:21] Awery Weedies created a Freeway (463) for Nguyen Tri Manh.
[2021/8/3 - 21:10:02] Awery Weedies created a Previon (436) for Nguyen Tri Manh.
[2021/8/3 - 21:28:32] Awery Weedies created a Previon (436) for Tai Cute.
[2021/8/3 - 21:36:15] Awery Weedies created a Previon (436) for Duy Le.
[2021/8/3 - 21:41:48] Awery Weedies created a Previon (436) for Vu Hieu.
[2021/8/3 - 21:46:35] Awery Weedies created a Previon (436) for YangHo The Sun.
[2021/8/3 - 22:19:57] Awery Weedies created a Previon (436) for Yangho Player.
[2021/8/3 - 22:29:04] Awery Weedies created a Previon (436) for nghia pham.
[2021/8/3 - 22:37:28] Awery Weedies created a Previon (436) for Eric Catona.
[2021/8/4 - 20:15:46] Awery Weedies created a FCR-900 (521) for Chu Ling.
[2021/8/4 - 20:16:32] Awery Weedies created a NRG-500 (522) for Chu Ling.
[2021/8/5 - 15:57:44] LSG RP created a Mountain Bike (510) for Mac Lenin.
[2021/8/6 - 13:03:52] Chiu Linh created a Infernus (411) for Chiu Linh.
[2021/8/6 - 13:17:45] Chiu Linh created a Hotring Racer (494) for Chiu Linh.
[2021/8/6 - 13:24:20] Chiu Linh created a Bullet (541) for Chiu Linh.
[2021/8/7 - 22:13:15] Chiu Linh created a NRG-500 (522) for Long Nani.
[2021/8/8 - 9:55:37] Thanh Vi created a Huntley (579) for Thanh Vi.
[2021/8/8 - 11:27:30] Chiu Linh created a Infernus (411) for Long Nani.
[2021/8/9 - 12:08:00] Chiu Linh created a Infernus (411) for Chu Ling.
[2021/8/9 - 19:25:23] Chiu Linh created a Freeway (463) for Chiu Linh.
[2021/8/9 - 19:28:09] Chiu Linh created a Remington (534) for Chiu Linh.
[2021/8/10 - 18:39:48] Chiu Linh created a Previon (436) for Duck Emcee.
[2021/8/16 - 16:08:21] Yeu ling created a Elegy (562) for Yeu ling.
[2021/8/16 - 16:08:28] Yeu ling created a Elegy (562) for Yeu ling.
[2021/8/16 - 16:11:34] Yeu ling created a Elegy (562) for Yeu ling.
[2021/8/16 - 16:13:44] Yeu ling created a Faggio (462) for Yeu ling.
[2021/8/16 - 16:13:49] Yeu ling created a Faggio (462) for Yeu ling.
[2021/8/16 - 16:16:48] Yeu ling created a Faggio (462) for Yeu ling.
[2021/8/19 - 20:03:46] Test Account1 created a Freeway (463) for Duck Emcee.
[2021/8/19 - 20:07:45] Test Account1 created a Clover (542) for nghia pham.
[2021/8/19 - 21:04:39] Test Account1 created a Slamvan (535) for Duck Emcee.
[2021/8/19 - 21:18:34] Test Account1 created a Jester (559) for Test Account1.
[2021/8/21 - 16:26:46] Quang Huy created a Buffalo (402) for nghia pham.
[2021/8/21 - 16:26:49] Quang Huy created a Bullet (541) for nghia pham.
[2021/8/21 - 16:30:49] Test Account1 created a Mesa (500) for Yangho The Sun.
[2021/8/21 - 16:30:57] Quang Huy created a Freeway (463) for Duck Emcee.
[2021/8/21 - 16:31:04] Quang Huy created a Bullet (541) for Duck Emcee.
[2021/8/21 - 17:32:24] Test Account1 created a Stafford (580) for Test Account1.
[2021/8/21 - 18:12:40] Quang Huy created a NRG-500 (522) for Test Account.
[2021/8/21 - 20:38:26] Quang Huy created a Blista Compact (496) for nghia pham.
[2021/8/21 - 20:38:39] Quang Huy created a Buffalo (402) for nghia pham.
[2021/8/21 - 20:39:30] Quang Huy created a Bullet (541) for nghia pham.
[2021/8/21 - 20:39:48] Quang Huy created a Clover (542) for nghia pham.
[2021/8/21 - 20:39:51] Quang Huy created a Sandking (495) for nghia pham.
[2021/8/21 - 20:50:48] Nhu Quynh created a Bullet (541) for Duck Emcee.
[2021/8/21 - 20:51:06] Nhu Quynh created a Stafford (580) for Duck Emcee.
[2021/8/21 - 20:51:17] Nhu Quynh created a Sanchez (468) for Duck Emcee.
[2021/8/21 - 20:51:32] Nhu Quynh created a Slamvan (535) for Duck Emcee.
[2021/8/21 - 20:52:00] Nhu Quynh created a Freeway (463) for Duck Emcee.
[2021/8/21 - 22:15:25] Quang Huy created a Sultan (560) for Quang Huy.
[2021/8/22 - 14:37:47] Awery Weedie created a NRG-500 (522) for Toc Soi.
[2021/8/22 - 14:37:57] Awery Weedie created a Infernus (411) for Toc Soi.
[2021/8/22 - 14:38:39] Awery Weedie created a Sultan (560) for Toc Soi.
[2021/8/22 - 14:38:50] Awery Weedie created a Mesa (500) for Toc Soi.
[2021/8/22 - 14:39:21] Awery Weedie created a Intruder (546) for Toc Soi.
[2021/8/22 - 14:59:50] Awery Weedie created a NRG-500 (522) for John Antonio.
[2021/8/22 - 18:04:39] Awery Weedie created a FBI Rancher (490) for Awery Weedie.
[2021/8/22 - 18:22:25] Quang Huy created a Sadler (543) for Juni Vn.
[2021/8/22 - 20:01:05] Quang Huy created a Sadler (543) for Juni Vn.
[2021/8/22 - 22:41:00] Awery Weedie created a Infernus (411) for John Antonio.
[2021/8/23 - 13:56:47] Awery Weedie created a Sanchez (468) for Phong GoodBoy.
[2021/8/23 - 14:00:50] Awery Weedie created a Sanchez (468) for khem manh.
[2021/8/23 - 14:04:53] Awery Weedie created a Windsor (555) for Awery Weedie.
[2021/8/23 - 21:06:35] Awery Weedie created a Bullet (541) for An Gold.
[2021/8/23 - 21:59:23] Awery Weedie created a Bullet (541) for An Gold.
[2021/8/24 - 11:26:49] Awery Weedie created a Sanchez (468) for Phat Dz.
[2021/8/24 - 19:29:31] Awery Weedie created a Previon (436) for Eric Catona.
[2021/8/24 - 21:19:39] Thanh Vi created a NRG-500 (522) for Thanh Vi.
[2021/8/25 - 16:12:14] Quang Huy created a PCJ-600 (461) for Meo Con.
[2021/8/28 - 13:01:33] Awery Weedie created a Sultan (560) for Lionel Khem.
[2021/9/1 - 12:23:29] Awery Weedie created a Sanchez (468) for Bich Kay.
[2021/9/9 - 1:39:11] Quang Huy created a Infernus (411) for Quang Huy.
[2021/9/9 - 1:39:18] Quang Huy created a NRG-500 (522) for Quang Huy.
[2021/9/9 - 1:39:42] Quang Huy created a Bobcat (422) for Quang Huy.
[2021/9/9 - 1:40:43] Quang Huy created a Bullet (541) for Quang Huy.
[2021/9/9 - 1:40:56] Quang Huy created a Freeway (463) for Quang Huy.
[2021/9/9 - 1:41:06] Quang Huy created a Buffalo (402) for Quang Huy.
[2021/12/27 - 19:42:18] Quang Huy(AFK) created a Freeway (463) for Duck Emce.
[2021/12/27 - 20:12:32] Liv Javier created a Bullet (541) for Duck Emce.
[2021/12/29 - 19:50:36] Miles Nguyen created a Admiral (445) for Ngoc Tham.
[2022/9/18 - 3:29:49] Script Z created a FBI Rancher (490) for Script Z.
[2022/9/18 - 20:13:30] Pandaz created a NRG-500 (522) for Pandaz.
[2022/9/18 - 20:14:14] Pandaz created a NRG-500 (522) for Pandaz.
[2022/9/18 - 21:55:22] Pandaz created a Infernus (411) for Pandaz.
[2022/9/19 - 1:26:40] Bi An created a Infernus (411) for Bi An.
[2022/9/19 - 1:26:58] Bi An created a Mountain Bike (510) for Bi An.
[2022/9/19 - 1:27:10] Bi An created a Sultan (560) for Bi An.
[2022/9/19 - 1:27:27] Bi An created a Patriot (470) for Bi An.
[2022/9/23 - 7:54:47] Pandaz created a Trashmaster (408) for Pandaz.
[2022/9/23 - 7:54:55] Pandaz created a Infernus (411) for Pandaz.
[2022/9/23 - 7:57:48] Pandaz created a Infernus (411) for Pandaz.
[2022/9/23 - 8:05:38] Pandaz created a Infernus (411) for Pandaz.
[2023/5/23 - 11:20:23] Pandaz Edwards created a Sultan (560) for Khang Nguyen.
[2023/5/23 - 15:26:01] Khang Nguyen created a DFT-30 (578) for Khang Nguyen.
[2023/5/23 - 15:46:38] Khang Nguyen created a Linerunner (403) for Khang Nguyen.
[2023/5/23 - 15:51:38] Khang Nguyen created a Sandking (495) for Khang Nguyen.
[2023/5/23 - 15:54:23] Khang Nguyen created a Police Car (LSPD) (596) for Khang Nguyen.
[2023/5/23 - 15:55:02] Khang Nguyen created a Police Car (LSPD) (596) for Khang Nguyen.
[2023/5/23 - 15:58:14] Khang Nguyen created a Duneride (573) for Khang Nguyen.
[2023/5/23 - 16:00:13] Khang Nguyen created a Firetruck (544) for Khang Nguyen.
[2023/5/23 - 16:10:58] Khang Nguyen created a Turismo (451) for Khang Nguyen.
[2023/5/23 - 16:15:03] Khang Nguyen created a Cheetah (415) for Khang Nguyen.
[2023/5/23 - 16:23:21] Khang Nguyen created a FBI Rancher (490) for Khang Nguyen.
[2023/5/23 - 16:25:23] Khang Nguyen created a Enforcer (427) for Khang Nguyen.
[2023/5/23 - 16:25:43] Khang Nguyen created a Enforcer (427) for Khang Nguyen.
[2023/5/23 - 16:26:02] Khang Nguyen created a Securicar (428) for Khang Nguyen.
[2023/5/23 - 16:28:21] Khang Nguyen created a Bandito (568) for Khang Nguyen.
[2023/5/23 - 16:31:08] Khang Nguyen created a Jester (559) for Khang Nguyen.
[2023/5/23 - 18:24:00] Manuel created a Hotknife (434) for L Quang.
[2023/5/23 - 18:25:34] Manuel created a Elegy (562) for Davy Wobby.
[2023/5/23 - 18:26:41] Manuel created a Elegy (562) for L Quang.
[2023/5/25 - 1:08:07] PhNgThi ThuyUyen created a Sultan (560) for PhNgThi ThuyUyen.
[2023/5/26 - 21:42:22] diminuto created a NRG-500 (522) for diminuto.
[2023/5/26 - 21:44:11] diminuto created a Elegy (562) for Davy Wobby.
[2023/5/29 - 20:46:11] Diminuto created a Pizzaboy (448) for Bao Thien.
[2023/5/29 - 20:46:30] Diminuto created a Pizzaboy (448) for Bruce Andrews.
[2023/5/29 - 20:58:17] Erka created a Pizzaboy (448) for Death Eye.
[2023/5/29 - 21:02:03] Diminuto created a Pizzaboy (448) for Davy Wobby.
[2023/5/29 - 21:31:59] Diminuto created a Patriot (470) for Ben Ben.
[2023/5/29 - 21:32:27] Diminuto created a NRG-500 (522) for Ben Ben.
[2023/5/29 - 21:32:36] Diminuto created a Bullet (541) for Ben Ben.
[2023/5/29 - 21:37:23] Diminuto created a Pizzaboy (448) for Louis Vinci.
[2023/5/29 - 22:01:32] Diminuto created a BF Injection (424) for Bao Thien.
[2023/5/29 - 22:03:12] Erka created a Patriot (470) for Thien Beoi.
[2023/5/29 - 22:04:00] Erka created a Bullet (541) for Thien Beoi.
[2023/5/29 - 22:04:51] Diminuto created a Cheetah (415) for Thien Beoi.
[2023/5/29 - 22:06:13] Diminuto created a NRG-500 (522) for Thien Beoi.
[2023/5/29 - 22:06:21] Diminuto created a Sultan (560) for Thien Beoi.
[2023/5/29 - 22:18:09] Diminuto created a NRG-500 (522) for DaiTuong EL.
[2023/5/29 - 22:28:39] Diminuto created a Patriot (470) for edward nguyen.
[2023/5/29 - 22:28:46] Diminuto created a NRG-500 (522) for edward nguyen.
[2023/5/29 - 22:29:06] Diminuto created a Infernus (411) for edward nguyen.
[2023/5/30 - 0:16:07] Erka created a Sanchez (468) for hoa cuc.
[2023/5/30 - 0:17:27] Erka created a Buffalo (402) for hoa cuc.
[2023/5/30 - 0:21:13] Jst created a Sultan (560) for Jst.
[2023/5/30 - 17:07:05] Erka created a Sandking (495) for Erka.
[2023/5/30 - 17:07:16] Erka created a Sandking (495) for Erka.
[2023/5/30 - 17:07:29] Erka created a Sandking (495) for Erka.
[2023/6/1 - 12:10:19] Erka created a Merit (551) for Erka.
[2023/6/1 - 12:13:09] Erka created a Huntley (579) for Erka.
[2023/6/3 - 2:04:35] Khang Nguyen created a NRG-500 (522) for Khang Nguyen.
[2023/6/3 - 2:04:48] Khang Nguyen created a NRG-500 (522) for Khang Nguyen.
[2023/6/3 - 2:05:39] Khang Nguyen created a NRG-500 (522) for Khang Nguyen.
[2023/6/3 - 2:05:54] Khang Nguyen created a NRG-500 (522) for Khang Nguyen.
[2023/6/3 - 2:06:17] Khang Nguyen created a Sanchez (468) for Khang Nguyen.
[2023/6/3 - 2:06:33] Khang Nguyen created a PCJ-600 (461) for Khang Nguyen.
[2023/6/3 - 2:06:53] Khang Nguyen created a Stratum (561) for Khang Nguyen.
[2023/6/3 - 2:07:06] Khang Nguyen created a FCR-900 (521) for Khang Nguyen.
[2023/6/7 - 2:24:31] Diminuto created a RC Bandit (441) for Diminuto.
[2023/9/14 - 20:06:26] trum sv created a Premier (426) for trum sv.
[2023/9/14 - 20:06:50] trum sv created a Premier (426) for trum sv.
[2023/9/14 - 20:07:21] trum sv created a Tahoma (566) for trum sv.
[2023/9/14 - 20:08:40] trum sv created a Premier (426) for trum sv.
[2023/9/14 - 20:18:16] Diminuto created a Sultan (560) for Diminuto.
[2023/9/14 - 20:27:22] Diminuto created a Sultan (560) for Diminuto.
[2023/9/14 - 20:38:45] Diminuto created a NRG-500 (522) for Diminuto.
[2023/9/15 - 13:49:16] MU created a Speeder (452) for MU.
[2023/9/16 - 15:40:22] Diminuto E created a NRG-500 (522) for Diminuto E.
