[2021/8/9 - 20:26:51] Su kien doi qua Free Fire: Huy 2k8 da nhan duoc 10000$ tu hop qua VIP
[2021/8/9 - 20:27:14] Su kien doi qua Free Fire: Huy 2k8 da nhan duoc 10000$ tu hop qua VIP
[2021/8/9 - 20:27:52] Su kien doi qua Free Fire: Huy 2k8 da nhan duoc mot can nha loai vua tu hop qua VIP
[2021/8/9 - 20:28:26] Su kien doi qua Free Fire: Huy 2k8 da mo hop qua vang va khong nhan duoc gi
[2021/8/9 - 20:28:41] Su kien doi qua Free Fire: Huy 2k8 da nhan duoc 1000$ tu hop qua vang
[2021/8/9 - 20:29:00] Su kien doi qua Free Fire: Huy 2k8 da mo hop qua vang va nhan duoc hop qua vang
[2021/8/9 - 20:29:17] Su kien doi qua Free Fire: Huy 2k8 da mo hop qua vang va nhan duoc mot can nha loai nho
[2021/8/9 - 21:40:06] Su kien doi qua Free Fire: Vu Hieu khong mo duoc gi tu hop qua thuong
[2021/8/9 - 21:40:26] Su kien doi qua Free Fire: Vu Hieu da nhan duoc mot hop qua thuong tu hop qua thuong
[2021/8/9 - 21:40:41] Su kien doi qua Free Fire: Vu Hieu da nhan duoc 500$ tu hop qua thuong
[2021/8/9 - 21:41:09] Su kien doi qua Free Fire: Vu Hieu da mo hop qua vang va nhan duoc mot can nha loai nho
[2021/8/9 - 21:41:40] Su kien doi qua Free Fire: Vu Hieu da nhan duoc 10000$ tu hop qua VIP
[2021/8/9 - 21:42:01] Su kien doi qua Free Fire: Vu Hieu da nhan duoc mot chiec Sadler tu hop qua thuong
[2021/8/9 - 21:42:53] Su kien doi qua Free Fire: Vu Hieu da nhan duoc mot chiec Sadler tu hop qua thuong
[2021/8/9 - 21:43:09] Su kien doi qua Free Fire: Vu Hieu da nhan duoc mot chiec Sadler tu hop qua thuong
[2021/8/9 - 21:47:32] Su kien doi qua Free Fire: nghia pham da nhan duoc 500$ tu hop qua thuong
[2021/8/9 - 22:01:02] Su kien doi qua Free Fire: Duck Emcee da nhan duoc mot chiec Sadler tu hop qua thuong
[2021/8/9 - 22:55:53] Su kien doi qua Free Fire: nghia pham da nhan duoc mot chiec Sadler tu hop qua thuong
[2021/8/9 - 22:57:14] Su kien doi qua Free Fire: nghia pham da mo hop qua vang va nhan duoc hop qua vang
[2021/8/9 - 22:57:56] Su kien doi qua Free Fire: nghia pham da mo hop qua vang va nhan duoc mot can nha loai nho
[2021/8/9 - 23:06:02] Su kien doi qua Free Fire: nghia pham da nhan duoc 500$ tu hop qua thuong
[2021/8/9 - 23:55:08] Su kien doi qua Free Fire: Duck Emcee da mo hop qua vang va nhan duoc mot can nha loai vua
[2021/8/9 - 23:59:21] Su kien doi qua Free Fire: Duck Emcee da nhan duoc 1000$ tu hop qua vang
[2021/8/10 - 0:00:12] Su kien doi qua Free Fire: Duck Emcee da nhan duoc 500$ tu hop qua thuong
[2021/8/10 - 0:00:31] Su kien doi qua Free Fire: Duck Emcee da nhan duoc 500$ tu hop qua thuong
[2021/8/10 - 1:19:34] Su kien doi qua Free Fire: binh sang da nhan duoc 500$ tu hop qua thuong
[2021/8/10 - 1:19:53] Su kien doi qua Free Fire: binh sang da mo hop qua vang va khong nhan duoc gi
[2021/8/10 - 3:19:43] Su kien doi qua Free Fire: Minh phan da nhan duoc 500$ tu hop qua thuong
[2021/8/10 - 7:11:32] Su kien doi qua Free Fire: Tai Cute da mo hop qua vang va nhan duoc mot can nha loai nho
[2021/8/10 - 12:06:24] Su kien doi qua Free Fire: Vu Hieu da nhan duoc mot can nha loai to tu hop qua VIP
[2021/8/10 - 12:16:30] Su kien doi qua Free Fire: Vu Hieu da nhan duoc 500$ tu hop qua thuong
[2021/8/10 - 13:11:31] Su kien doi qua Free Fire: Tai Cute da nhan duoc 10000$ tu hop qua VIP
[2021/8/10 - 13:13:35] Su kien doi qua Free Fire: Tai Cute da mo hop qua vang va nhan duoc hop qua vang
[2021/8/10 - 13:13:56] Su kien doi qua Free Fire: Tai Cute da nhan duoc 1000$ tu hop qua vang
[2021/8/10 - 13:14:25] Su kien doi qua Free Fire: Tai Cute da nhan duoc mot chiec Sadler tu hop qua thuong
[2021/8/10 - 13:16:09] Su kien doi qua Free Fire: Tai Cute da nhan duoc mot chiec Sadler tu hop qua thuong
[2021/8/10 - 13:16:57] Su kien doi qua Free Fire: Tai Cute da nhan duoc mot chiec Sadler tu hop qua thuong
[2021/8/10 - 15:55:49] Su kien doi qua Free Fire: Nguyen Tri Manh da nhan duoc 10000$ tu hop qua VIP
[2021/8/10 - 16:26:55] Su kien doi qua Free Fire: Vu Hieu da nhan duoc 1000$ tu hop qua vang
[2021/8/10 - 21:17:03] Su kien doi qua Free Fire: Duck Emcee da mo hop qua vang va khong nhan duoc gi
[2021/8/11 - 10:23:10] Su kien doi qua Free Fire: Vu Hieu da mo hop qua vang va nhan duoc mot can nha loai nho
[2021/8/13 - 16:57:30] Su kien doi qua Free Fire: Duck Emcee da nhan duoc mot can nha custom tu hop qua VIP
[2021/8/21 - 22:02:01] Su kien doi qua Free Fire: Vu Hieu da nhan duoc 500$ tu hop qua thuong
[2021/8/21 - 22:02:30] Su kien doi qua Free Fire: Vu Hieu da nhan duoc mot chiec Sadler tu hop qua thuong
[2021/8/21 - 22:05:33] Su kien doi qua Free Fire: Vu Hieu da nhan duoc mot chiec Sadler tu hop qua thuong
[2021/8/22 - 9:11:25] Su kien doi qua Free Fire: Vu Hieu da nhan duoc 1000$ tu hop qua vang
[2021/8/22 - 21:48:19] Su kien doi qua Free Fire: Bich Kay da mo hop qua vang va nhan duoc hop qua vang
[2021/8/22 - 21:48:38] Su kien doi qua Free Fire: Bich Kay da mo hop qua vang va nhan duoc mot can nha loai vua
[2021/8/22 - 22:10:41] Su kien doi qua Free Fire: Bich Kay da mo hop qua vang va nhan duoc hop qua vang
[2021/8/22 - 22:10:54] Su kien doi qua Free Fire: Bich Kay da mo hop qua vang va nhan duoc mot can nha loai nho
[2021/8/23 - 12:23:14] Su kien doi qua Free Fire: Andy Johnson da nhan duoc mot chiec Sadler tu hop qua thuong
[2021/8/23 - 17:24:44] Su kien doi qua Free Fire: Andy Johnson da mo hop qua vang va nhan duoc mot can nha loai nho
[2021/8/23 - 22:04:27] Su kien doi qua Free Fire: Huu Tung da mo hop qua vang va nhan duoc hop qua vang
[2021/8/23 - 22:05:08] Su kien doi qua Free Fire: Huu Tung da mo hop qua vang va nhan duoc mot can nha loai nho
[2021/8/23 - 23:05:29] Su kien doi qua Free Fire: Huu Tung da nhan duoc 500$ tu hop qua thuong
[2021/8/24 - 12:50:36] Su kien doi qua Free Fire: Andy Johnson da nhan duoc 500$ tu hop qua thuong
[2021/8/24 - 12:55:36] Su kien doi qua Free Fire: Andy Johnson da mo hop qua vang va nhan duoc mot can nha loai nho
[2021/8/25 - 6:47:41] Su kien doi qua Free Fire: Cosa nostra da nhan duoc mot can nha loai to tu hop qua VIP
[2021/8/25 - 13:46:32] Su kien doi qua Free Fire: Hoang Anhhh da mo hop qua vang va khong nhan duoc gi
