[2021/5/22 - 1:02:20] Ntv pool da moded xe rims 1080
[2021/5/22 - 1:19:43] Ntv pool da moded xe rims 1073
[2021/5/22 - 1:20:04] Ntv pool da moded xe rims 1073
[2021/5/22 - 1:20:14] Ntv pool da moded xe rims 1025
[2021/5/22 - 1:21:32] Ntv pool da moded xe rims 1025
[2021/5/22 - 1:22:31] Ntv pool da moded xe rims 1025
[2021/5/22 - 1:22:35] Ntv pool da moded xe rims 1073
[2021/5/22 - 1:22:36] Ntv pool da moded xe rims 0
[2021/5/22 - 1:25:20] Ntv pool da moded xe rims 1073
[2021/5/22 - 1:25:21] Ntv pool da moded xe rims 0
[2021/5/22 - 1:25:21] Ntv pool da moded xe rims 0
[2021/5/22 - 1:25:23] Ntv pool da moded xe rims 0
[2021/5/22 - 1:25:23] Ntv pool da moded xe rims 0
[2021/5/22 - 1:25:27] Ntv pool da moded xe rims 1073
[2021/5/22 - 1:25:28] Ntv pool da moded xe rims 0
[2021/5/22 - 1:25:32] Ntv pool da moded xe rims 1025
[2021/5/22 - 1:25:33] Ntv pool da moded xe rims 0
[2021/7/24 - 17:57:59] Weedie da moded xe rims 1080
[2021/8/3 - 12:38:09] Chiu Linh da moded xe rims 1080
[2021/8/6 - 13:07:13] Chiu Linh da moded xe rims 1080
[2021/8/6 - 13:25:40] Chiu Linh da moded xe rims 1083
[2021/8/6 - 13:25:52] Chiu Linh da moded xe rims 1077
[2021/8/6 - 13:25:56] Chiu Linh da moded xe rims 1080
[2021/8/9 - 12:10:08] Chu Ling da moded xe rims 1080
[2021/8/9 - 19:29:14] Chiu Linh da moded xe rims 1083
[2021/8/9 - 19:29:23] Chiu Linh da moded xe rims 1082
[2021/8/9 - 19:29:25] Chiu Linh da moded xe rims 1084
[2021/8/9 - 19:29:29] Chiu Linh da moded xe rims 1085
[2021/8/9 - 19:29:31] Chiu Linh da moded xe rims 1096
[2021/8/9 - 19:29:47] Chiu Linh da moded xe rims 1097
[2021/8/9 - 19:29:49] Chiu Linh da moded xe rims 1098
[2021/8/9 - 19:29:52] Chiu Linh da moded xe rims 1096
[2021/8/9 - 19:29:54] Chiu Linh da moded xe rims 1085
[2021/8/9 - 19:29:56] Chiu Linh da moded xe rims 1084
[2021/8/13 - 7:25:17] Nguyen Tri Manh da moded xe rims 1083
[2021/8/22 - 18:05:20] Awery Weedie da moded xe rims 1080
[2021/8/23 - 14:05:04] Awery Weedie da moded xe rims 1080
[2023/9/14 - 20:08:51] trum sv da moded xe rims 1085
[2023/9/14 - 20:08:53] trum sv da moded xe rims 1096
[2023/9/14 - 20:08:54] trum sv da moded xe rims 1097
[2023/9/14 - 20:08:56] trum sv da moded xe rims 1084
