[2021/2/23 - 6:54:19] [CUA HANG HET HAN] ntv poolll cua hang id 1 da xoa bo hop dong su dung cua ban.
[2021/2/24 - 3:37:28] [CUA HANG HET HAN] John vjppro cua hang id 3 da xoa bo hop dong su dung cua ban.
[2021/2/26 - 4:17:31] [CUA HANG HET HAN] Miles Nguyen cua hang id 6 da xoa bo hop dong su dung cua ban.
[2021/7/22 - 4:23:05] [CUA HANG HET HAN] George Reginald cua hang id 7 da xoa bo hop dong su dung cua ban.
[2021/8/23 - 20:03:31] [CUA HANG HET HAN] zuu zuu cua hang id 3 da xoa bo hop dong su dung cua ban.
[2022/9/18 - 2:32:59] [SHOPBUSINESS] Script Z has changed BusinessID 0's Exterior to X:1591.883666 Y:-2175.156250 Z:13.577866
[2022/9/18 - 2:33:16] [SHOPBUSINESS] Script Z has changed BusinessID 0's Type to Tram xang (1).
[2022/9/18 - 2:33:18] [SHOPBUSINESS] Script Z has changed BusinessID 0's Type to Tram xang (1).
[2022/9/18 - 2:33:22] [SHOPBUSINESS] Script Z has changed BusinessID 0's Type to Shop quan ao (2).
[2022/9/18 - 2:33:25] [SHOPBUSINESS] Script Z has changed BusinessID 0's Type to Nha hang (3).
[2022/9/18 - 2:33:27] [SHOPBUSINESS] Script Z has changed BusinessID 0's Type to Shop vu khi (4).
[2022/9/18 - 2:33:29] [SHOPBUSINESS] Script Z has changed BusinessID 0's Type to Dai ly xe moi (5).
[2022/9/18 - 2:33:31] [SHOPBUSINESS] Script Z has changed BusinessID 0's Type to Dai ly xe cu (6).
[2022/9/18 - 2:33:33] [SHOPBUSINESS] Script Z has changed BusinessID 0's Type to Tram sua xe (7).
[2022/9/18 - 2:34:15] [SHOPBUSINESS] Script Z has changed BusinessID 0's Type to 24/7 (8).
[2022/9/18 - 2:34:17] [SHOPBUSINESS] Script Z has changed BusinessID 0's Type to Bar (9).
[2022/9/18 - 2:34:19] [SHOPBUSINESS] Script Z has changed BusinessID 0's Type to Club (10).
[2022/9/18 - 2:34:21] [SHOPBUSINESS] Script Z has changed BusinessID 0's Type to Shop nguoi lon (11).
[2022/9/18 - 2:34:23] [SHOPBUSINESS] Script Z has changed BusinessID 0's Type to Gym (12).
[2022/9/18 - 2:34:25] [SHOPBUSINESS] Script Z has changed BusinessID 0's Type to Khong xac dinh (13).
[2022/9/18 - 2:34:27] [SHOPBUSINESS] Script Z has changed BusinessID 0's Type to Khong xac dinh (14).
[2022/9/18 - 2:34:29] [SHOPBUSINESS] Script Z has changed BusinessID 0's Type to Tram sua xe (7).
[2022/9/18 - 4:03:14] [CUA HANG HET HAN] Script Z cua hang id 5 da xoa bo hop dong su dung cua ban.
