[2021/2/27 - 7:36:54] ntv test has deleted Text Label 3.
[2021/7/21 - 15:15:35] Anthony Pham has edited Text Label ID 3's position.
[2021/7/21 - 15:15:55] Anthony Pham has edited Text Label ID 3's text to SHOP CAR CLASS.
[2021/7/22 - 6:34:44] Anthony Pham has edited Text Label ID 3's PickupModel.
[2021/7/22 - 6:35:55] Anthony Pham has edited Text Label ID 3's PickupModel.
[2021/7/22 - 6:36:00] Anthony Pham has edited Text Label ID 3's PickupModel.
[2021/7/22 - 6:36:06] Anthony Pham has edited Text Label ID 3's PickupModel.
[2021/7/22 - 6:36:26] Anthony Pham has edited Text Label ID 3's PickupModel.
[2021/7/22 - 6:36:52] Anthony Pham has edited Text Label ID 3's PickupModel.
[2021/7/22 - 6:37:04] Anthony Pham has edited Text Label ID 3's PickupModel.
[2021/7/22 - 6:37:12] Anthony Pham has edited Text Label ID 3's PickupModel.
[2021/7/22 - 6:37:15] Anthony Pham has edited Text Label ID 3's PickupModel.
[2021/7/22 - 6:37:18] Anthony Pham has edited Text Label ID 3's PickupModel.
[2021/7/22 - 6:37:24] Anthony Pham has edited Text Label ID 3's PickupModel.
[2021/7/22 - 6:37:29] Anthony Pham has edited Text Label ID 3's PickupModel.
[2021/7/22 - 6:37:33] Anthony Pham has edited Text Label ID 3's PickupModel.
[2021/7/22 - 6:37:45] Anthony Pham has edited Text Label ID 3's PickupModel.
[2021/7/22 - 6:37:48] Anthony Pham has edited Text Label ID 3's PickupModel.
[2021/7/22 - 6:37:51] Anthony Pham has edited Text Label ID 3's PickupModel.
[2021/7/22 - 6:37:58] Anthony Pham has edited Text Label ID 3's PickupModel.
[2021/7/22 - 6:38:04] Anthony Pham has edited Text Label ID 3's PickupModel.
[2021/7/22 - 6:38:10] Anthony Pham has edited Text Label ID 3's PickupModel.
[2021/7/22 - 6:38:14] Anthony Pham has edited Text Label ID 3's PickupModel.
[2021/7/22 - 6:38:25] Anthony Pham has edited Text Label ID 3's PickupModel.
[2021/7/22 - 6:38:29] Anthony Pham has edited Text Label ID 3's PickupModel.
[2021/7/22 - 6:38:36] Anthony Pham has edited Text Label ID 3's PickupModel.
[2021/7/22 - 6:38:44] Anthony Pham has edited Text Label ID 3's PickupModel.
[2021/7/22 - 6:38:53] Anthony Pham has edited Text Label ID 3's PickupModel.
[2021/7/22 - 6:39:00] Anthony Pham has edited Text Label ID 3's PickupModel.
[2021/7/22 - 6:39:30] Anthony Pham has edited Text Label ID 3's PickupModel.
[2021/7/22 - 6:39:33] Anthony Pham has edited Text Label ID 3's PickupModel.
[2021/7/22 - 6:39:35] Anthony Pham has edited Text Label ID 3's PickupModel.
[2021/7/22 - 6:39:40] Anthony Pham has edited Text Label ID 3's PickupModel.
[2021/7/22 - 6:39:42] Anthony Pham has edited Text Label ID 3's PickupModel.
[2021/7/22 - 6:39:47] Anthony Pham has edited Text Label ID 3's PickupModel.
[2021/7/22 - 6:39:50] Anthony Pham has edited Text Label ID 3's PickupModel.
[2021/7/22 - 6:39:52] Anthony Pham has edited Text Label ID 3's PickupModel.
[2021/7/22 - 6:39:57] Anthony Pham has edited Text Label ID 3's PickupModel.
[2021/7/22 - 6:39:59] Anthony Pham has edited Text Label ID 3's PickupModel.
[2021/7/22 - 6:40:02] Anthony Pham has edited Text Label ID 3's PickupModel.
[2021/7/22 - 6:40:18] Anthony Pham has edited Text Label ID 4's position.
[2021/7/22 - 6:40:31] Anthony Pham has edited Text Label ID 4's PickupModel.
[2021/7/22 - 6:40:39] Anthony Pham has edited Text Label ID 4's color.
[2021/7/22 - 6:40:41] Anthony Pham has edited Text Label ID 4's color.
[2021/7/22 - 6:40:43] Anthony Pham has edited Text Label ID 4's color.
[2021/7/22 - 6:40:45] Anthony Pham has edited Text Label ID 4's color.
[2021/7/22 - 6:40:48] Anthony Pham has edited Text Label ID 4's color.
[2021/7/22 - 6:40:50] Anthony Pham has edited Text Label ID 4's color.
[2021/7/22 - 6:57:58] Anthony Pham has edited Text Label ID 3's text to 1.
[2021/7/22 - 6:58:39] Anthony Pham has edited Text Label ID 3's text to SHOP CAR CLASS.
[2021/8/3 - 15:22:25] LSG RP has edited Text Label ID 14's position.
[2021/8/3 - 15:22:33] LSG RP has edited Text Label ID 14's text to Loi ra ((/ra)).
[2021/8/3 - 15:22:42] LSG RP has edited Text Label ID 14's PickupModel.
[2021/8/3 - 15:22:46] LSG RP has edited Text Label ID 14's PickupModel.
[2021/8/3 - 15:22:49] LSG RP has edited Text Label ID 14's PickupModel.
[2021/8/3 - 15:22:51] LSG RP has edited Text Label ID 14's PickupModel.
[2021/8/3 - 15:22:52] LSG RP has edited Text Label ID 14's PickupModel.
[2021/8/3 - 15:22:53] LSG RP has edited Text Label ID 14's PickupModel.
[2021/8/3 - 15:22:57] LSG RP has edited Text Label ID 14's PickupModel.
[2021/8/3 - 15:23:00] LSG RP has edited Text Label ID 14's PickupModel.
[2021/8/3 - 15:23:06] LSG RP has edited Text Label ID 14's PickupModel.
[2021/8/3 - 15:23:12] LSG RP has edited Text Label ID 14's PickupModel.
[2021/8/3 - 19:00:28] Awery Weedies has edited Text Label ID 9's text to Trucker khong /bocvac , Se mat xe .
[2021/8/3 - 21:48:12] LSG RP has edited Text Label ID 15's position.
[2021/8/3 - 21:48:17] LSG RP has edited Text Label ID 15's PickupModel.
[2021/8/3 - 21:48:23] LSG RP has edited Text Label ID 15's text to Loi ra ((/ra)).
[2021/8/7 - 0:06:23] Huy 2k8 has edited Text Label ID 16's position.
[2021/8/7 - 0:06:36] Huy 2k8 has edited Text Label ID 16's text to ((/mocua)) de mo cua ra.
[2021/8/7 - 0:06:40] Huy 2k8 has edited Text Label ID 16's position.
[2021/8/7 - 0:06:45] Huy 2k8 has edited Text Label ID 16's position.
[2021/8/7 - 0:06:50] Huy 2k8 has edited Text Label ID 16's PickupModel.
[2021/8/8 - 19:33:00] Huy 2k8 has edited Text Label ID 6's text to Khu vuc dang thi cong.
[2021/8/22 - 19:36:23] Quang Huy has edited Text Label ID 17's position.
[2021/8/22 - 19:36:29] Quang Huy has edited Text Label ID 17's text to ((/buycar)).
[2021/8/22 - 19:36:35] Quang Huy has edited Text Label ID 17's PickupModel.
[2021/8/22 - 19:36:38] Quang Huy has edited Text Label ID 17's PickupModel.
[2021/8/22 - 19:36:41] Quang Huy has edited Text Label ID 17's PickupModel.
[2021/8/22 - 19:36:44] Quang Huy has edited Text Label ID 17's PickupModel.
[2021/8/22 - 19:36:46] Quang Huy has edited Text Label ID 17's PickupModel.
[2021/8/22 - 19:36:49] Quang Huy has edited Text Label ID 17's PickupModel.
[2021/8/22 - 19:36:51] Quang Huy has edited Text Label ID 17's PickupModel.
[2021/8/22 - 19:36:53] Quang Huy has edited Text Label ID 17's PickupModel.
[2021/8/22 - 19:36:55] Quang Huy has edited Text Label ID 17's PickupModel.
[2021/8/22 - 19:36:58] Quang Huy has edited Text Label ID 17's PickupModel.
[2021/8/22 - 19:37:01] Quang Huy has edited Text Label ID 17's PickupModel.
[2021/8/22 - 19:37:03] Quang Huy has edited Text Label ID 17's PickupModel.
[2021/8/22 - 19:37:05] Quang Huy has edited Text Label ID 17's PickupModel.
[2021/8/22 - 19:37:07] Quang Huy has edited Text Label ID 17's PickupModel.
[2021/8/22 - 19:37:09] Quang Huy has edited Text Label ID 17's PickupModel.
[2021/8/22 - 20:50:35] Awery Weedie has edited Text Label ID 18's position.
[2021/8/22 - 20:51:05] Awery Weedie has edited Text Label ID 18's text to Khu Dat - Gangster Scrip.
[2021/8/22 - 20:51:25] Awery Weedie has edited Text Label ID 18's text to Khu Dat - Crips Gangster.
[2021/8/22 - 20:51:44] Awery Weedie has edited Text Label ID 18's PickupModel.
[2021/8/22 - 20:51:48] Awery Weedie has edited Text Label ID 18's PickupModel.
[2021/8/22 - 20:51:52] Awery Weedie has edited Text Label ID 18's PickupModel.
[2021/8/23 - 17:28:18] Quang Huy has edited Text Label ID 17's PickupModel.
[2021/8/23 - 17:28:20] Quang Huy has edited Text Label ID 17's PickupModel.
[2021/8/23 - 17:28:22] Quang Huy has edited Text Label ID 17's PickupModel.
[2021/8/23 - 17:28:24] Quang Huy has edited Text Label ID 17's PickupModel.
[2021/8/23 - 17:28:27] Quang Huy has edited Text Label ID 17's PickupModel.
[2021/8/23 - 17:28:29] Quang Huy has edited Text Label ID 17's PickupModel.
[2021/8/23 - 17:28:30] Quang Huy has edited Text Label ID 17's PickupModel.
[2021/8/23 - 17:28:32] Quang Huy has edited Text Label ID 17's PickupModel.
[2021/8/23 - 17:28:34] Quang Huy has edited Text Label ID 17's PickupModel.
[2021/8/23 - 17:28:35] Quang Huy has edited Text Label ID 17's PickupModel.
[2021/8/23 - 17:28:37] Quang Huy has edited Text Label ID 17's PickupModel.
[2021/8/23 - 17:28:40] Quang Huy has edited Text Label ID 17's PickupModel.
[2021/8/23 - 17:28:43] Quang Huy has edited Text Label ID 17's PickupModel.
[2021/8/23 - 17:28:46] Quang Huy has edited Text Label ID 17's PickupModel.
[2021/8/23 - 17:28:49] Quang Huy has edited Text Label ID 17's PickupModel.
[2021/8/23 - 17:28:51] Quang Huy has edited Text Label ID 17's PickupModel.
[2021/8/23 - 17:28:53] Quang Huy has edited Text Label ID 17's PickupModel.
[2021/8/23 - 17:28:56] Quang Huy has edited Text Label ID 17's PickupModel.
[2021/8/23 - 17:28:59] Quang Huy has edited Text Label ID 17's PickupModel.
[2021/8/23 - 17:29:01] Quang Huy has edited Text Label ID 17's PickupModel.
[2021/8/23 - 17:29:03] Quang Huy has edited Text Label ID 17's PickupModel.
[2021/8/23 - 17:29:06] Quang Huy has edited Text Label ID 17's PickupModel.
[2021/8/24 - 18:09:37] Quang Huy has edited Text Label ID 19's position.
[2021/8/24 - 18:09:51] Quang Huy has edited Text Label ID 19's position.
[2021/8/24 - 18:09:55] Quang Huy has edited Text Label ID 19's text to day nha duck.
[2021/8/24 - 20:45:58] Khanh Ngoc has edited Text Label ID 19's text to Dich Vu Sua Xe - Duck LH :.
[2021/8/24 - 20:48:12] Khanh Ngoc has edited Text Label ID 19's text to Dich Vu Sua Xe - Duck LH : 527583.
[2021/8/24 - 20:59:54] Quang Huy has deleted Text Label 19.
[2021/8/27 - 15:45:57] Quang Huy has deleted Text Label 3.
[2021/8/27 - 15:47:02] Quang Huy has edited Text Label ID 3's position.
[2021/8/27 - 15:47:06] Quang Huy has edited Text Label ID 3's PickupModel.
[2021/8/27 - 15:47:12] Quang Huy has edited Text Label ID 3's text to Loi ra ((/ra).
[2021/8/27 - 15:47:14] Quang Huy has edited Text Label ID 3's text to Loi ra ((/ra)).
[2021/8/29 - 19:35:25] Awery Weedie has edited Text Label ID 19's position.
[2021/8/29 - 19:36:01] Awery Weedie has edited Text Label ID 19's text to Khu Dat - DuckEskaylation.
[2021/8/29 - 19:36:18] Awery Weedie has edited Text Label ID 19's PickupModel.
[2021/8/29 - 19:36:20] Awery Weedie has edited Text Label ID 19's PickupModel.
[2021/8/29 - 19:36:22] Awery Weedie has edited Text Label ID 19's PickupModel.
[2021/8/29 - 19:36:26] Awery Weedie has edited Text Label ID 19's PickupModel.
[2021/8/29 - 19:36:29] Awery Weedie has edited Text Label ID 19's PickupModel.
[2021/8/29 - 19:36:33] Awery Weedie has edited Text Label ID 19's PickupModel.
[2021/8/29 - 19:36:36] Awery Weedie has edited Text Label ID 19's PickupModel.
[2021/8/29 - 19:36:40] Awery Weedie has edited Text Label ID 19's PickupModel.
[2021/8/29 - 19:36:54] Awery Weedie has edited Text Label ID 19's PickupModel.
[2021/8/29 - 19:36:59] Awery Weedie has edited Text Label ID 19's PickupModel.
[2021/8/29 - 19:37:03] Awery Weedie has edited Text Label ID 19's PickupModel.
[2021/8/29 - 19:37:13] Awery Weedie has edited Text Label ID 19's PickupModel.
[2021/8/29 - 19:37:16] Awery Weedie has edited Text Label ID 19's PickupModel.
[2021/8/29 - 19:37:19] Awery Weedie has edited Text Label ID 19's PickupModel.
[2021/8/29 - 19:37:22] Awery Weedie has edited Text Label ID 19's PickupModel.
[2021/8/29 - 19:37:25] Awery Weedie has edited Text Label ID 19's PickupModel.
[2021/8/29 - 19:37:28] Awery Weedie has edited Text Label ID 19's PickupModel.
[2021/8/29 - 19:37:35] Awery Weedie has edited Text Label ID 19's PickupModel.
[2021/8/30 - 9:00:41] Awery Weedie has edited Text Label ID 20's position.
[2021/8/30 - 9:00:52] Awery Weedie has edited Text Label ID 20's PickupModel.
[2021/8/30 - 9:01:08] Awery Weedie has edited Text Label ID 20's text to Khu Dat - LSMD.
[2021/12/27 - 16:21:27] zong zuu has edited Text Label ID 6's text to Dang dong cua.
[2021/12/27 - 16:21:43] zong zuu has edited Text Label ID 6's position.
[2022/9/18 - 22:02:43] Pandaz has edited Text Label ID 200's position.
[2022/9/18 - 22:02:52] Pandaz has edited Text Label ID 200's PickupModel.
[2022/9/18 - 22:02:54] Pandaz has edited Text Label ID 200's PickupModel.
[2022/9/18 - 22:02:57] Pandaz has edited Text Label ID 200's PickupModel.
[2022/9/18 - 22:02:59] Pandaz has edited Text Label ID 200's PickupModel.
[2022/9/18 - 22:03:01] Pandaz has edited Text Label ID 200's PickupModel.
[2022/9/18 - 22:03:03] Pandaz has edited Text Label ID 200's PickupModel.
[2022/9/18 - 22:03:04] Pandaz has edited Text Label ID 200's PickupModel.
[2022/9/18 - 22:03:06] Pandaz has edited Text Label ID 200's PickupModel.
[2022/9/18 - 22:03:08] Pandaz has edited Text Label ID 200's PickupModel.
[2022/9/18 - 22:03:10] Pandaz has edited Text Label ID 200's PickupModel.
[2022/9/18 - 22:03:14] Pandaz has edited Text Label ID 200's PickupModel.
[2022/9/18 - 22:03:17] Pandaz has edited Text Label ID 200's PickupModel.
[2022/9/18 - 22:03:19] Pandaz has edited Text Label ID 200's PickupModel.
[2022/9/18 - 22:03:22] Pandaz has edited Text Label ID 200's PickupModel.
[2022/9/18 - 22:03:33] Pandaz has edited Text Label ID 200's PickupModel.
[2022/9/18 - 22:03:35] Pandaz has edited Text Label ID 200's PickupModel.
[2022/9/18 - 22:03:37] Pandaz has edited Text Label ID 200's PickupModel.
[2022/9/18 - 22:03:40] Pandaz has edited Text Label ID 200's PickupModel.
[2022/9/18 - 22:03:42] Pandaz has edited Text Label ID 200's PickupModel.
[2022/9/18 - 22:03:44] Pandaz has edited Text Label ID 200's PickupModel.
[2022/9/18 - 22:03:47] Pandaz has edited Text Label ID 200's PickupModel.
[2022/9/18 - 22:03:49] Pandaz has edited Text Label ID 200's PickupModel.
[2022/9/18 - 22:03:59] Pandaz has edited Text Label ID 20's position.
[2022/9/18 - 22:04:10] Pandaz has edited Text Label ID 200's position.
[2022/9/18 - 22:04:19] Pandaz has deleted Text Label 20.
[2022/9/18 - 22:04:24] Pandaz has edited Text Label ID 200's position.
[2022/9/18 - 22:04:27] Pandaz has edited Text Label ID 200's position.
[2023/5/29 - 22:19:54] Henny has edited Text Label ID 1's position.
[2023/5/29 - 22:36:08] Diminuto has edited Text Label ID 1's text to Khu Dat : Thien Beoi.
[2023/5/29 - 22:36:16] Diminuto has edited Text Label ID 1's PickupModel.
[2023/5/29 - 22:36:22] Diminuto has edited Text Label ID 1's PickupModel.
[2023/5/29 - 22:36:27] Diminuto has edited Text Label ID 1's PickupModel.
[2023/5/29 - 22:36:30] Diminuto has edited Text Label ID 1's PickupModel.
[2023/5/29 - 22:36:32] Diminuto has edited Text Label ID 1's PickupModel.
[2023/5/29 - 22:36:34] Diminuto has edited Text Label ID 1's PickupModel.
[2023/5/29 - 22:36:37] Diminuto has edited Text Label ID 1's PickupModel.
[2023/5/29 - 22:36:40] Diminuto has edited Text Label ID 1's PickupModel.
[2023/5/29 - 22:36:43] Diminuto has edited Text Label ID 1's PickupModel.
[2023/5/29 - 22:36:46] Diminuto has edited Text Label ID 1's PickupModel.
[2023/5/29 - 22:36:49] Diminuto has edited Text Label ID 1's PickupModel.
[2023/5/29 - 22:37:17] Henny has edited Text Label ID 1's text to Khu Dat So Huu : Thien_Beoi.
[2023/5/29 - 23:16:28] Henny has edited Text Label ID 2's position.
[2023/5/29 - 23:16:56] Henny has edited Text Label ID 2's text to Khu Dat So Huu : DaiTuong_EL.
[2023/5/29 - 23:17:20] Henny has edited Text Label ID 2's PickupModel.
[2023/5/31 - 15:41:18] Diminuto has edited Text Label ID 22's position.
[2023/5/31 - 15:41:24] Diminuto has edited Text Label ID 22's text to Khu Dat : David Thien.
[2023/5/31 - 15:41:28] Diminuto has edited Text Label ID 22's text to Khu Dat : Bao Thien.
[2023/5/31 - 15:41:38] Diminuto has edited Text Label ID 22's PickupModel.
[2023/5/31 - 15:41:45] Diminuto has edited Text Label ID 22's PickupModel.
[2023/5/31 - 15:41:48] Diminuto has edited Text Label ID 22's PickupModel.
[2023/5/31 - 15:41:50] Diminuto has edited Text Label ID 22's PickupModel.
[2023/5/31 - 15:41:53] Diminuto has edited Text Label ID 22's PickupModel.
[2023/5/31 - 15:41:58] Diminuto has edited Text Label ID 22's PickupModel.
[2023/5/31 - 15:42:02] Diminuto has edited Text Label ID 22's PickupModel.
[2023/5/31 - 15:42:05] Diminuto has edited Text Label ID 22's PickupModel.
[2023/5/31 - 15:42:09] Diminuto has edited Text Label ID 22's PickupModel.
[2023/5/31 - 15:42:12] Diminuto has edited Text Label ID 22's PickupModel.
[2023/5/31 - 15:42:18] Diminuto has edited Text Label ID 22's PickupModel.
[2023/5/31 - 15:42:24] Diminuto has edited Text Label ID 22's PickupModel.
[2023/5/31 - 15:42:27] Diminuto has edited Text Label ID 22's PickupModel.
[2023/5/31 - 15:42:30] Diminuto has edited Text Label ID 22's PickupModel.
[2023/5/31 - 15:42:33] Diminuto has edited Text Label ID 22's PickupModel.
[2023/6/3 - 8:56:13] NHT has edited Text Label ID 23's position.
[2023/6/3 - 8:56:25] NHT has edited Text Label ID 23's PickupModel.
[2023/6/3 - 8:56:28] NHT has edited Text Label ID 23's PickupModel.
[2023/6/3 - 8:56:29] NHT has edited Text Label ID 23's PickupModel.
[2023/6/3 - 8:56:32] NHT has edited Text Label ID 23's PickupModel.
[2023/6/3 - 8:56:34] NHT has edited Text Label ID 23's PickupModel.
[2023/6/3 - 8:56:35] NHT has edited Text Label ID 23's PickupModel.
[2023/6/3 - 8:56:37] NHT has edited Text Label ID 23's PickupModel.
[2023/6/3 - 8:56:41] NHT has edited Text Label ID 23's PickupModel.
[2023/6/3 - 8:57:03] NHT has edited Text Label ID 23's PickupModel.
[2023/6/5 - 11:35:13] NHT has deleted Text Label 11.
