[2021/2/23 - 10:46:02] ntv pool has given ntv ntv object 356
[2021/2/24 - 4:06:36] miles nguyen has given miles nguyen object 18963
[2021/2/24 - 4:15:14] miles nguyen has given miles nguyen object 3471
[2021/2/24 - 4:17:00] miles nguyen has given miles nguyen object 19142
[2021/2/26 - 6:34:39] miles nguyen has given miles nguyen object 11735
[2021/2/26 - 6:40:54] miles nguyen has given miles nguyen object 2706
[2021/2/26 - 6:45:50] miles nguyen has given miles nguyen object 1242
[2021/2/26 - 6:48:48] miles nguyen has given miles nguyen object 18637
[2021/2/26 - 6:52:11] miles nguyen has given miles nguyen object 18945
[2021/2/26 - 6:57:17] miles nguyen has given miles nguyen object 19777
[2021/2/28 - 6:19:02] miles nguyen has given miles nguyen object 19559
[2021/2/28 - 6:21:05] miles nguyen has given miles nguyen object 19590
[2021/2/28 - 6:31:40] miles nguyen has given miles nguyen object 19833
[2021/2/28 - 7:44:43] miles nguyen has given miles nguyen object 19625
[2021/2/28 - 7:49:35] miles nguyen has given miles nguyen object 19314
[2021/2/28 - 7:52:36] miles nguyen has given miles nguyen object 19099
[2021/5/19 - 16:34:40] ntv pool has given ntv pool object 337
[2021/5/19 - 19:09:23] ntv pool has given ntv pool object 19631
[2021/5/19 - 19:18:10] ntv pool has given ntv pool object 18912
[2021/5/20 - 21:22:28] ntv pool has given ntv pool object 337
[2021/5/21 - 22:29:57] Ntv pool has given Ntv pool object 19627
[2021/8/3 - 11:55:08] Chiu Linh has given Chiu Linh object 355
[2021/8/3 - 12:08:12] Chiu Linh has given Chiu Linh object 19940
[2021/8/3 - 12:08:29] Chiu Linh has given Chiu Linh object 19904
[2021/8/3 - 12:10:38] Chiu Linh has given Chiu Linh object 19558
[2021/8/3 - 12:12:19] Chiu Linh has given Chiu Linh object 19472
[2021/8/3 - 12:16:04] Chiu Linh has given Chiu Linh object 19028
[2022/9/18 - 4:29:39] Ong Dia has given Ong Dia object 19313
[2022/9/18 - 4:29:42] Ong Dia has given Ong Dia object 19313
[2022/9/18 - 4:29:43] Ong Dia has given Ong Dia object 19313
[2022/9/18 - 4:29:44] Ong Dia has given Ong Dia object 19313
[2022/9/18 - 4:29:46] Ong Dia has given Ong Dia object 19313
[2023/5/29 - 1:28:11] Diminuto has given Diminuto object -2007
[2023/5/29 - 1:44:13] Diminuto has given Diminuto object -1000
[2023/5/29 - 13:59:24] Diminuto has given Diminuto object -1001
[2023/5/29 - 21:24:35] Diminuto has given Diminuto object -1000
[2023/5/29 - 21:26:06] Diminuto has given Erka object -1000
[2023/5/29 - 21:29:10] Diminuto has given Ben Ben object -1001
[2023/5/29 - 21:29:32] Diminuto has given Jst object -1000
[2023/5/29 - 22:55:24] Diminuto has given Alie object -1000
[2023/5/31 - 18:09:27] Diminuto has given Diminuto object -1001
[2023/5/31 - 19:15:52] Lucid Dream has given Lucid Dream object -1001
[2023/6/2 - 22:08:21] NHT has given NHT object -1001
