[2021/7/21 - 14:19:52] Vixx da thay doi ten cua ho thanh vixxx.
[2022/9/18 - 1:40:59]    Pandaz Edwards's Level has been set to 3. by Pandaz Edwards
[2022/9/18 - 1:41:14]    Tu Le's Level has been set to 21. by Tu Le
[2022/9/18 - 1:53:35]    Xanh Chi Lon's ArmorUpgrade has been set to 1. by Xanh Chi Lon
[2022/9/18 - 1:54:27]    Xanh Chi Lon's Level has been set to 10. by Xanh Chi Lon
[2022/9/18 - 3:08:48]    Marcus Vilpando's Level has been set to 10. by Marcus Vilpando
[2022/9/18 - 3:18:40]    Marcus Vilpando's Level has been set to 10. by Marcus Vilpando
[2022/9/18 - 3:45:15]    Marcus Vilpando's Level has been set to 5. by Marcus Vilpando
[2022/9/18 - 3:53:02]    Script Z's ArmorUpgrade has been set to 1. by Script Z
[2022/9/18 - 3:53:14]    Script Z's ArmorUpgrade has been set to 1. by Script Z
[2022/9/18 - 3:53:23]    Script Z's ArmorUpgrade has been set to 3. by Script Z
[2022/9/18 - 3:53:31]    Script Z's Level has been set to 3. by Script Z
[2022/9/18 - 3:57:46]    Invalid stat code. by Script Z
[2022/9/18 - 4:18:04]    Ong Dia's Level has been set to 10. by Ong Dia
[2022/9/18 - 6:23:26]    Thanh Tamm's Level has been set to 21. by Thanh Tamm
[2022/9/18 - 6:48:16]    Invalid stat code. by Bi An
[2022/9/18 - 6:48:21]    Invalid stat code. by Bi An
[2022/9/18 - 6:48:29]    Invalid stat code. by Bi An
[2022/9/18 - 6:48:36]    Bi An's Level has been set to 30. by Bi An
[2022/9/18 - 19:35:24]    GenZ's Level has been set to 213. by GenZ
[2022/9/18 - 19:35:25]    GenZ's Level has been set to 21. by GenZ
[2022/9/18 - 22:00:35]    L Wangg's Level has been set to 20. by L Wangg
[2022/9/19 - 23:45:10]    Yeu SODA's Level has been set to 20. by Yeu SODA
[2022/9/30 - 19:16:07]    Pandaz Edwards's Level has been set to 30. by Pandaz Edwards
