[2021/7/22 - 6:03:25] [VIP NAMECHANGES] George Reginald da thay doi ten cua ho thanh Quoc_Anh.
[2021/7/22 - 6:03:34] [VIP NAMECHANGES] Quoc Anh da thay doi ten cua ho thanh George_Reginald.
[2021/7/23 - 23:48:37] [VIP NAMECHANGES] Vixx da thay doi ten cua ho thanh beheo_heo.
[2021/7/23 - 23:49:07] [VIP NAMECHANGES] George Reginald da thay doi ten cua ho thanh Jason_Materz.
[2021/7/23 - 23:52:24] [VIP NAMECHANGES] Jason Materz da thay doi ten cua ho thanh George_Reginald.
[2021/7/23 - 23:52:40] [VIP NAMECHANGES] beheo heo da thay doi ten cua ho thanh Vixx.
[2021/8/2 - 13:43:59] [VIP NAMECHANGES] LSG RP da thay doi ten cua ho thanh Quang_Teo.
[2021/8/2 - 14:12:26] [VIP NAMECHANGES] Quang Teo da thay doi ten cua ho thanh LSG_RP.
[2021/8/3 - 11:11:06] [VIP NAMECHANGES] Chiu Linh da thay doi ten cua ho thanh Gorun_Faqiw.
[2021/8/3 - 11:34:54] [VIP NAMECHANGES] Gorun Faqiw da thay doi ten cua ho thanh Chiu_Linh.
[2021/8/3 - 14:19:31] [VIP NAMECHANGES] LSG RP da thay doi ten cua ho thanh Quang_Teo.
[2021/8/3 - 14:22:55] [VIP NAMECHANGES] Chiu Linh da thay doi ten cua ho thanh Gorun_Faqiw.
[2021/8/3 - 15:21:07] [VIP NAMECHANGES] Quang Teo da thay doi ten cua ho thanh LSGRP.
[2021/8/3 - 15:21:15] [VIP NAMECHANGES] LSGRP da thay doi ten cua ho thanh LSG_RP.
[2021/8/3 - 17:18:46] [VIP NAMECHANGES] Gorun Faqiw da thay doi ten cua ho thanh Awery_Weedi.
[2021/8/3 - 17:18:53] [VIP NAMECHANGES] Awery Weedi da thay doi ten cua ho thanh Awery_Weedies.
[2021/8/5 - 15:57:17] [VIP NAMECHANGES] Awery Weedies da thay doi ten cua ho thanh Chiu_Linh.
[2021/8/6 - 19:08:07] [VIP NAMECHANGES] LSG RP da thay doi ten cua ho thanh Huy_2k8.
[2021/8/6 - 19:18:26] [VIP NAMECHANGES] Chiu Linh da thay doi ten cua ho thanh 2010.
[2021/8/6 - 19:30:41] [VIP NAMECHANGES] 2010 da thay doi ten cua ho thanh Chiu_Linh.
[2021/8/7 - 15:50:05] [VIP NAMECHANGES] Chiu Linh da thay doi ten cua ho thanh Gorun_Faqiw.
[2021/8/7 - 15:58:52] [VIP NAMECHANGES] Gorun Faqiw da thay doi ten cua ho thanh Chiu Linh.
[2021/8/7 - 15:58:55] [VIP NAMECHANGES] Gorun Faqiw da thay doi ten cua ho thanh Chiu_Linh.
[2021/8/9 - 12:58:51] [VIP NAMECHANGES] Chiu Linh da thay doi ten cua ho thanh Gorun_Faqiw.
[2021/8/9 - 13:57:01] [VIP NAMECHANGES] Gorun Faqiw da thay doi ten cua ho thanh Chiu_Linh.
[2021/8/9 - 13:59:37] [VIP NAMECHANGES] Chiu Linh da thay doi ten cua ho thanh Gorun_Faqiw.
[2021/8/9 - 13:59:51] [VIP NAMECHANGES] Gorun Faqiw da thay doi ten cua ho thanh Chiu_Linh.
[2021/8/9 - 22:01:17] [VIP NAMECHANGES] Huy 2k8 da thay doi ten cua ho thanh Quang_Huy.
[2021/8/10 - 22:24:56] [VIP NAMECHANGES] Co Rich da thay doi ten cua ho thanh CanhSat_Truong.
[2021/8/10 - 22:34:12] [VIP NAMECHANGES] binh sang da thay doi ten cua ho thanh Gorun_Faqiw.
[2021/8/10 - 22:34:37] [VIP NAMECHANGES] Gorun Faqiw da thay doi ten cua ho thanh binh_sang.
[2021/8/10 - 22:34:57] [VIP NAMECHANGES] Chiu Linh da thay doi ten cua ho thanh Gorun_Faqiw.
[2021/8/10 - 22:45:25] [VIP NAMECHANGES] Gorun Faqiw da thay doi ten cua ho thanh Chiu_Linh.
[2021/8/10 - 23:22:57] [VIP NAMECHANGES] CanhSat Truong da thay doi ten cua ho thanh Geogre_ReginaI.
[2021/8/10 - 23:26:09] [VIP NAMECHANGES] Geogre ReginaI da thay doi ten cua ho thanh Co_Rich.
[2021/8/11 - 15:10:47] [VIP NAMECHANGES] Chiu Linh da thay doi ten cua ho thanh Gorun_Faqiw.
[2021/8/11 - 15:25:06] [VIP NAMECHANGES] co rich da thay doi ten cua ho thanh Peter_Jasonz.
[2021/8/11 - 15:39:52] [VIP NAMECHANGES] Gorun Faqiw da thay doi ten cua ho thanh Liv_Javier.
[2021/8/11 - 15:50:27] [VIP NAMECHANGES] Liv Javier da thay doi ten cua ho thanh Chiu_Linh.
[2021/8/11 - 15:50:40] [VIP NAMECHANGES] Peter Jasonz da thay doi ten cua ho thanh Co_Rich.
[2021/8/11 - 15:50:46] [VIP NAMECHANGES] Co Rich da thay doi ten cua ho thanh Admin.
[2021/8/11 - 15:50:57] [VIP NAMECHANGES] Admin da thay doi ten cua ho thanh Peter_Jasonz.
[2021/8/11 - 17:27:13] [VIP NAMECHANGES] Peter Jasonz da thay doi ten cua ho thanh Co_Rich.
[2021/8/12 - 0:02:19] [VIP NAMECHANGES] Co Rich da thay doi ten cua ho thanh Peter_Jasonz.
[2021/8/12 - 0:07:44] [VIP NAMECHANGES] Chiu Linh da thay doi ten cua ho thanh Gorun_Faqiw.
[2021/8/12 - 0:14:04] [VIP NAMECHANGES] Gorun Faqiw da thay doi ten cua ho thanh Awery_Cycu.
[2021/8/12 - 0:57:15] [VIP NAMECHANGES] Peter Jasonz da thay doi ten cua ho thanh Yangho_Moon.
[2021/8/12 - 0:57:21] [VIP NAMECHANGES] Yangho Moon da thay doi ten cua ho thanh Yangho_The_Moon.
[2021/8/12 - 1:06:55] [VIP NAMECHANGES] Awery Cycu da thay doi ten cua ho thanh YangHo_The_SaoHoa.
[2021/8/12 - 2:12:09] [VIP NAMECHANGES] Chu Ling da thay doi ten cua ho thanh yangho_tung.
[2021/8/12 - 11:21:22] [VIP NAMECHANGES] YangHo The SaoHoa da thay doi ten cua ho thanh Chiu_Linh.
[2021/8/12 - 13:32:55] [VIP NAMECHANGES] Yangho tung da thay doi ten cua ho thanh Chu_Ling.
[2021/8/12 - 16:26:17] [VIP NAMECHANGES] Chiu Linh da thay doi ten cua ho thanh Soc_Trang.
[2021/8/12 - 16:49:46] [VIP NAMECHANGES] yangho the moon da thay doi ten cua ho thanh Viet_Kieu.
[2021/8/12 - 16:55:05] [VIP NAMECHANGES] Soc Trang da thay doi ten cua ho thanh Chiu_Linh.
[2021/8/12 - 20:57:27] [VIP NAMECHANGES] viet kieu da thay doi ten cua ho thanh corich.
[2021/8/13 - 20:05:44] [VIP NAMECHANGES] Chu Ling da thay doi ten cua ho thanh CL_22.
[2021/8/13 - 20:59:03] [VIP NAMECHANGES] Corich da thay doi ten cua ho thanh CR 07.
[2021/8/13 - 20:59:08] [VIP NAMECHANGES] Corich da thay doi ten cua ho thanh CR_07.
[2021/8/13 - 21:07:01] [VIP NAMECHANGES] CR 07 da thay doi ten cua ho thanh ong_but.
[2021/8/13 - 21:18:27] [VIP NAMECHANGES] ong but da thay doi ten cua ho thanh CR_07.
[2021/8/13 - 22:50:30] [VIP NAMECHANGES] CR 07 da thay doi ten cua ho thanh Giangho_real.
[2021/8/13 - 22:56:58] [VIP NAMECHANGES] Giangho real da thay doi ten cua ho thanh dy~_saigon.
[2021/8/13 - 22:57:07] [VIP NAMECHANGES] Giangho real da thay doi ten cua ho thanh con_dy.
[2021/8/13 - 23:46:05] [VIP NAMECHANGES] CL 22 da thay doi ten cua ho thanh Yeu_Ling.
[2021/8/18 - 14:32:48] [VIP NAMECHANGES] con dy da thay doi ten cua ho thanh Corich.
[2021/8/19 - 20:19:15] [VIP NAMECHANGES] Yeu Ling da thay doi ten cua ho thanh Chu_Ling.
[2021/8/19 - 21:20:52] [VIP NAMECHANGES] corich da thay doi ten cua ho thanh anhwe.
[2021/8/19 - 21:21:25] [VIP NAMECHANGES] anhwe da thay doi ten cua ho thanh Weedie.
[2021/8/19 - 21:21:33] [VIP NAMECHANGES] Weedie da thay doi ten cua ho thanh W99die.
[2021/8/19 - 21:21:46] [VIP NAMECHANGES] W99die da thay doi ten cua ho thanh W33di9.
[2021/8/19 - 21:21:50] [VIP NAMECHANGES] W33di9 da thay doi ten cua ho thanh Weedie.
[2021/8/19 - 21:25:00] [VIP NAMECHANGES] Weedie da thay doi ten cua ho thanh AnhZi_cá.
[2021/8/19 - 21:25:07] [VIP NAMECHANGES] Weedie da thay doi ten cua ho thanh AnhZi_ca.
[2021/8/19 - 21:54:49] [VIP NAMECHANGES] AnhZi ca da thay doi ten cua ho thanh Cris.
[2021/8/20 - 14:21:38] [VIP NAMECHANGES] Chu Ling da thay doi ten cua ho thanh CL_22.
[2021/8/21 - 15:07:24] [VIP NAMECHANGES] CL 22 da thay doi ten cua ho thanh Chu_Linh.
[2021/8/30 - 19:18:00] [VIP NAMECHANGES] Quang Huy da thay doi ten cua ho thanh Hieu_QN.
[2021/9/9 - 1:52:02] [VIP NAMECHANGES] Quang Huy da thay doi ten cua ho thanh MCK_Rapper.
[2021/9/9 - 1:53:08] [VIP NAMECHANGES] MCK Rapper da thay doi ten cua ho thanh Quang_Huy.
[2021/12/20 - 10:22:29] [VIP NAMECHANGES] Keith Way da thay doi ten cua ho thanh Arashi.
[2021/12/20 - 10:22:39] [VIP NAMECHANGES] Arashi da thay doi ten cua ho thanh Anh_Ba.
[2021/12/20 - 10:23:32] [VIP NAMECHANGES] Anh Ba da thay doi ten cua ho thanh Laos.
[2021/12/20 - 10:54:14] [VIP NAMECHANGES] Laos da thay doi ten cua ho thanh Foden.
[2021/12/20 - 10:55:57] [VIP NAMECHANGES] Foden da thay doi ten cua ho thanh Broken.
[2021/12/20 - 10:56:01] [VIP NAMECHANGES] Broken da thay doi ten cua ho thanh Brokest.
[2021/12/22 - 21:00:17] [VIP NAMECHANGES] Brokest da thay doi ten cua ho thanh Tayvon.
[2022/9/18 - 2:13:08] [VIP NAMECHANGES] Chu Bay da thay doi ten cua ho thanh Support.
[2022/9/18 - 2:16:11] [VIP NAMECHANGES] Support da thay doi ten cua ho thanh TestSeverCuaTun~.
[2022/9/18 - 2:16:14] [VIP NAMECHANGES] Support da thay doi ten cua ho thanh TestSeverCuaTun.
[2022/9/18 - 3:47:18] [VIP NAMECHANGES] Tu Le da thay doi ten cua ho thanh Justin.
[2022/9/18 - 3:47:47] [VIP NAMECHANGES] Justin da thay doi ten cua ho thanh Script_lo?.
[2022/9/18 - 3:47:49] [VIP NAMECHANGES] Justin da thay doi ten cua ho thanh Script_lo.
[2022/9/18 - 3:47:53] [VIP NAMECHANGES] Script lo da thay doi ten cua ho thanh Script_X.
[2022/9/18 - 6:01:39] [VIP NAMECHANGES] Script X da thay doi ten cua ho thanh Liv.
[2022/9/18 - 6:07:41] [VIP NAMECHANGES] Liv da thay doi ten cua ho thanh Bi_An.
[2022/9/18 - 6:24:31] [VIP NAMECHANGES] Thanh Tamm da thay doi ten cua ho thanh Tay_Du_Ki.
[2022/9/18 - 6:37:34] [VIP NAMECHANGES] Tay Du Ki da thay doi ten cua ho thanh Nhat_Huy.
[2022/9/18 - 6:38:10] [VIP NAMECHANGES] Nhat Huy da thay doi ten cua ho thanh z.
[2022/9/18 - 7:23:59] [VIP NAMECHANGES] Pandaz S da thay doi ten cua ho thanh Pandaz.
[2023/5/23 - 17:09:14] [VIP NAMECHANGES] Khang Nguyen da thay doi ten cua ho thanh Manuel.
[2023/5/24 - 15:43:35] [VIP NAMECHANGES] Manuel da thay doi ten cua ho thanh Gnahk.
[2023/5/26 - 16:59:43] [VIP NAMECHANGES] Gnahk da thay doi ten cua ho thanh Manuel.
[2023/5/26 - 20:12:35] [VIP NAMECHANGES] PhNgThi ThuyUyen da thay doi ten cua ho thanh diminuto.
[2023/5/28 - 13:04:50] [VIP NAMECHANGES] Diminuto da thay doi ten cua ho thanh Pandaz_Edwardss.
[2023/5/28 - 13:05:07] [VIP NAMECHANGES] Pandaz Edwardss da thay doi ten cua ho thanh Diminuto.
[2023/6/1 - 20:05:53] [VIP NAMECHANGES] Erka da thay doi ten cua ho thanh Khang_Nguyen.
[2023/6/1 - 21:52:02] [VIP NAMECHANGES] Khang Nguyen da thay doi ten cua ho thanh Erka.
[2023/6/2 - 9:42:06] [VIP NAMECHANGES] Erka da thay doi ten cua ho thanh Manuel_KNguyen.
[2023/6/2 - 9:44:16] [VIP NAMECHANGES] Manuel KNguyen da thay doi ten cua ho thanh Khang Nguyen.
[2023/6/2 - 9:44:24] [VIP NAMECHANGES] Manuel KNguyen da thay doi ten cua ho thanh Khang_Nguyen.
[2023/6/2 - 9:49:11] [VIP NAMECHANGES] Khang Nguyen da thay doi ten cua ho thanh Erka.
[2023/6/2 - 14:20:42] [VIP NAMECHANGES] Jst da thay doi ten cua ho thanh HinhSu_Cuchi.
[2023/6/2 - 14:53:10] [VIP NAMECHANGES] HinhSu CuChi da thay doi ten cua ho thanh NHT.
[2023/6/2 - 15:04:36] [VIP NAMECHANGES] Erka da thay doi ten cua ho thanh VanVo_SongToan.
[2023/6/2 - 15:50:19] [VIP NAMECHANGES] VanVo SongToan da thay doi ten cua ho thanh ThayGiao_SinhHoc.
[2023/6/2 - 16:04:34] [VIP NAMECHANGES] ThayGiao SinhHoc da thay doi ten cua ho thanh ChaCua_Marko.
[2023/6/2 - 16:08:56] [VIP NAMECHANGES] ChaCua Marko da thay doi ten cua ho thanh Erka.
[2023/6/2 - 22:21:35] [VIP NAMECHANGES] Erka da thay doi ten cua ho thanh Khang_Nguyen.
[2023/6/3 - 22:11:39] [VIP NAMECHANGES] NHT da thay doi ten cua ho thanh Alexander_Fukada.
[2023/6/4 - 13:53:06] [VIP NAMECHANGES] Alexander Fukada da thay doi ten cua ho thanh Kai_Won.
